<?xml version="1.0" encoding="UTF-8"?>
<testsuite name="tetris.FullGameTests" tests="5" skipped="0" failures="5" errors="0" timestamp="2021-10-02T20:12:45" hostname="davemeister" time="0.065">
  <properties/>
  <testcase name="testGame5x9" classname="tetris.FullGameTests" time="0.013">
    <failure message="org.scalatest.exceptions.TestFailedException: didPass was false&#10;--------------------------------------------------------------------------------&#10;This is what went wrong:&#10;&#10;step=0, rand=0, actions=&lt;&gt;&#10;Want  | Got ✓&#10;-------------&#10;..... | .....&#10;.IIII | .IIII&#10;..... | .....&#10;..... | .....&#10;..... | .....&#10;..... | .....&#10;..... | .....&#10;..... | .....&#10;..... | .....&#10;&#10;step=1, rand=0, actions=&lt;RotateRight&gt;&#10;Want  | Got ✓&#10;-------------&#10;...I. | ...I.&#10;...I. | ...I.&#10;...I. | ...I.&#10;...I. | ...I.&#10;..... | .....&#10;..... | .....&#10;..... | .....&#10;..... | .....&#10;..... | .....&#10;&#10;step=2, rand=0, actions=&lt;Down&gt;&#10;Want  | Got ✗&#10;-------------&#10;..... | ...I.&#10;...I. | ...I.&#10;...I. | ...I.&#10;...I. | ...I.&#10;...I. | .....&#10;..... | .....&#10;..... | .....&#10;..... | .....&#10;..... | .....&#10;&#10;step=3, rand=0, actions=&lt;Down&gt;&#10;Want  | Got ✗&#10;-------------&#10;..... | ...I.&#10;..... | ...I.&#10;...I. | ...I.&#10;...I. | ...I.&#10;...I. | .....&#10;...I. | .....&#10;..... | .....&#10;..... | .....&#10;..... | .....&#10;&#10;step=4, rand=0, actions=&lt;Down&gt;&#10;Want  | Got ✗&#10;-------------&#10;..... | ...I.&#10;..... | ...I.&#10;..... | ...I.&#10;...I. | ...I.&#10;...I. | .....&#10;...I. | .....&#10;...I. | .....&#10;..... | .....&#10;..... | .....&#10;&#10;step=5, rand=0, actions=&lt;Down&gt;&#10;Want  | Got ✗&#10;-------------&#10;..... | ...I.&#10;..... | ...I.&#10;..... | ...I.&#10;..... | ...I.&#10;...I. | .....&#10;...I. | .....&#10;...I. | .....&#10;...I. | .....&#10;..... | .....&#10;&#10;step=6, rand=0, actions=&lt;Down&gt;&#10;Want  | Got ✗&#10;-------------&#10;..... | ...I.&#10;..... | ...I.&#10;..... | ...I.&#10;..... | ...I.&#10;..... | .....&#10;...I. | .....&#10;...I. | .....&#10;...I. | .....&#10;...I. | .....&#10;&#10;step=7, rand=0, actions=&lt;Down&gt;&#10;Want  | Got ✗&#10;-------------&#10;..... | ...I.&#10;.IIII | ...I.&#10;..... | ...I.&#10;..... | ...I.&#10;..... | .....&#10;...I. | .....&#10;...I. | .....&#10;...I. | .....&#10;...I. | .....&#10;&#10;step=8, rand=0, actions=&lt;RotateRight&gt;&#10;Want  | Got ✗&#10;-------------&#10;...I. | .....&#10;...I. | .....&#10;...I. | .IIII&#10;...I. | .....&#10;..... | .....&#10;...I. | .....&#10;...I. | .....&#10;...I. | .....&#10;...I. | .....&#10;&#10;step=9, rand=0, actions=&lt;Left&gt;&#10;Want  | Got ✗&#10;-------------&#10;..I.. | .....&#10;..I.. | .....&#10;..I.. | .IIII&#10;..I.. | .....&#10;..... | .....&#10;...I. | .....&#10;...I. | .....&#10;...I. | .....&#10;...I. | .....&#10;&#10;step=10, rand=0, actions=&lt;Down&gt;&#10;Want  | Got ✗&#10;-------------&#10;..... | .....&#10;..I.. | .....&#10;..I.. | .IIII&#10;..I.. | .....&#10;..I.. | .....&#10;...I. | .....&#10;...I. | .....&#10;...I. | .....&#10;...I. | .....&#10;&#10;step=11, rand=0, actions=&lt;Down&gt;&#10;Want  | Got ✗&#10;-------------&#10;..... | .....&#10;..... | .....&#10;..I.. | .IIII&#10;..I.. | .....&#10;..I.. | .....&#10;..II. | .....&#10;...I. | .....&#10;...I. | .....&#10;...I. | .....&#10;&#10;step=12, rand=0, actions=&lt;Down&gt;&#10;Want  | Got ✗&#10;-------------&#10;..... | .....&#10;..... | .....&#10;..... | .IIII&#10;..I.. | .....&#10;..I.. | .....&#10;..II. | .....&#10;..II. | .....&#10;...I. | .....&#10;...I. | .....&#10;&#10;step=13, rand=0, actions=&lt;Down&gt;&#10;Want  | Got ✗&#10;-------------&#10;..... | .....&#10;..... | .....&#10;..... | .IIII&#10;..... | .....&#10;..I.. | .....&#10;..II. | .....&#10;..II. | .....&#10;..II. | .....&#10;...I. | .....&#10;&#10;step=14, rand=0, actions=&lt;Down&gt;&#10;Want  | Got ✗&#10;-------------&#10;..... | .....&#10;..... | .....&#10;..... | .IIII&#10;..... | .....&#10;..... | .....&#10;..II. | .....&#10;..II. | .....&#10;..II. | .....&#10;..II. | .....&#10;&#10;step=15, rand=3, actions=&lt;Down&gt;&#10;Want  | Got ✗&#10;-------------&#10;..OO. | .....&#10;..OO. | .....&#10;..... | .IIII&#10;..... | .....&#10;..... | .....&#10;..II. | .....&#10;..II. | .....&#10;..II. | .....&#10;..II. | .....&#10;&#10;step=16, rand=3, actions=&lt;Left&gt;&#10;Want  | Got ✗&#10;-------------&#10;.OO.. | .....&#10;.OO.. | .....&#10;..... | .IIII&#10;..... | .....&#10;..... | .....&#10;..II. | .....&#10;..II. | .....&#10;..II. | .....&#10;..II. | .....&#10;&#10;step=17, rand=3, actions=&lt;Left&gt;&#10;Want  | Got ✗&#10;-------------&#10;OO... | .....&#10;OO... | .....&#10;..... | .IIII&#10;..... | .....&#10;..... | .....&#10;..II. | .....&#10;..II. | .....&#10;..II. | .....&#10;..II. | .....&#10;&#10;step=18, rand=3, actions=&lt;Down&gt;&#10;Want  | Got ✗&#10;-------------&#10;..... | .....&#10;OO... | .....&#10;OO... | .IIII&#10;..... | .....&#10;..... | .....&#10;..II. | .....&#10;..II. | .....&#10;..II. | .....&#10;..II. | .....&#10;&#10;step=19, rand=3, actions=&lt;Down&gt;&#10;Want  | Got ✗&#10;-------------&#10;..... | .....&#10;..... | .....&#10;OO... | .IIII&#10;OO... | .....&#10;..... | .....&#10;..II. | .....&#10;..II. | .....&#10;..II. | .....&#10;..II. | .....&#10;&#10;step=20, rand=3, actions=&lt;Down&gt;&#10;Want  | Got ✗&#10;-------------&#10;..... | .....&#10;..... | .....&#10;..... | .IIII&#10;OO... | .....&#10;OO... | .....&#10;..II. | .....&#10;..II. | .....&#10;..II. | .....&#10;..II. | .....&#10;&#10;step=21, rand=3, actions=&lt;Down&gt;&#10;Want  | Got ✗&#10;-------------&#10;..... | .....&#10;..... | .....&#10;..... | .IIII&#10;..... | .....&#10;OO... | .....&#10;OOII. | .....&#10;..II. | .....&#10;..II. | .....&#10;..II. | .....&#10;&#10;step=22, rand=3, actions=&lt;Down&gt;&#10;Want  | Got ✗&#10;-------------&#10;..... | .....&#10;..... | .....&#10;..... | .IIII&#10;..... | .....&#10;..... | .....&#10;OOII. | .....&#10;OOII. | .....&#10;..II. | .....&#10;..II. | .....&#10;&#10;step=23, rand=3, actions=&lt;Down&gt;&#10;Want  | Got ✗&#10;-------------&#10;..... | .....&#10;..... | .....&#10;..... | .IIII&#10;..... | .....&#10;..... | .....&#10;..II. | .....&#10;OOII. | .....&#10;OOII. | .....&#10;..II. | .....&#10;&#10;step=24, rand=3, actions=&lt;Down&gt;&#10;Want  | Got ✗&#10;-------------&#10;..... | .....&#10;..... | .....&#10;..... | .IIII&#10;..... | .....&#10;..... | .....&#10;..II. | .....&#10;..II. | .....&#10;OOII. | .....&#10;OOII. | .....&#10;&#10;step=25, rand=0, actions=&lt;Down&gt;&#10;Want  | Got ✗&#10;-------------&#10;..... | .....&#10;.IIII | .....&#10;..... | .IIII&#10;..... | .....&#10;..... | .....&#10;..II. | .....&#10;..II. | .....&#10;OOII. | .....&#10;OOII. | .....&#10;&#10;step=26, rand=0, actions=&lt;RotateRight&gt;&#10;Want  | Got ✗&#10;-------------&#10;...I. | ..I..&#10;...I. | ..I..&#10;...I. | ..I..&#10;...I. | ..I..&#10;..... | .....&#10;..II. | .....&#10;..II. | .....&#10;OOII. | .....&#10;OOII. | .....&#10;&#10;step=27, rand=0, actions=&lt;Left&gt;&#10;Want  | Got ✗&#10;-------------&#10;..I.. | ..I..&#10;..I.. | ..I..&#10;..I.. | ..I..&#10;..I.. | ..I..&#10;..... | .....&#10;..II. | .....&#10;..II. | .....&#10;OOII. | .....&#10;OOII. | .....&#10;&#10;step=28, rand=0, actions=&lt;Left&gt;&#10;Want  | Got ✗&#10;-------------&#10;.I... | ..I..&#10;.I... | ..I..&#10;.I... | ..I..&#10;.I... | ..I..&#10;..... | .....&#10;..II. | .....&#10;..II. | .....&#10;OOII. | .....&#10;OOII. | .....&#10;&#10;step=29, rand=0, actions=&lt;Left&gt;&#10;Want  | Got ✗&#10;-------------&#10;I.... | ..I..&#10;I.... | ..I..&#10;I.... | ..I..&#10;I.... | ..I..&#10;..... | .....&#10;..II. | .....&#10;..II. | .....&#10;OOII. | .....&#10;OOII. | .....&#10;&#10;step=30, rand=0, actions=&lt;Down&gt;&#10;Want  | Got ✗&#10;-------------&#10;..... | ..I..&#10;I.... | ..I..&#10;I.... | ..I..&#10;I.... | ..I..&#10;I.... | .....&#10;..II. | .....&#10;..II. | .....&#10;OOII. | .....&#10;OOII. | .....&#10;&#10;step=31, rand=0, actions=&lt;Down&gt;&#10;Want  | Got ✗&#10;-------------&#10;..... | ..I..&#10;..... | ..I..&#10;I.... | ..I..&#10;I.... | ..I..&#10;I.... | .....&#10;I.II. | .....&#10;..II. | .....&#10;OOII. | .....&#10;OOII. | .....&#10;&#10;step=32, rand=0, actions=&lt;Down&gt;&#10;Want  | Got ✗&#10;-------------&#10;..... | ..I..&#10;..... | ..I..&#10;..... | ..I..&#10;I.... | ..I..&#10;I.... | .....&#10;I.II. | .....&#10;I.II. | .....&#10;OOII. | .....&#10;OOII. | .....&#10;&#10;step=33, rand=1, actions=&lt;Down&gt;&#10;Want  | Got ✗&#10;-------------&#10;.J... | ..I..&#10;.JJJ. | ..I..&#10;..... | ..I..&#10;I.... | ..I..&#10;I.... | .....&#10;I.II. | .....&#10;I.II. | .....&#10;OOII. | .....&#10;OOII. | .....&#10;&#10;step=34, rand=1, actions=&lt;RotateRight&gt;&#10;Want  | Got ✗&#10;-------------&#10;..JJ. | .....&#10;..J.. | .IIII&#10;..J.. | .....&#10;I.... | .....&#10;I.... | .....&#10;I.II. | .....&#10;I.II. | .....&#10;OOII. | .....&#10;OOII. | .....&#10;&#10;step=35, rand=1, actions=&lt;Left&gt;&#10;Want  | Got ✗&#10;-------------&#10;.JJ.. | .....&#10;.J... | .IIII&#10;.J... | .....&#10;I.... | .....&#10;I.... | .....&#10;I.II. | .....&#10;I.II. | .....&#10;OOII. | .....&#10;OOII. | .....&#10;&#10;step=36, rand=1, actions=&lt;Down&gt;&#10;Want  | Got ✗&#10;-------------&#10;..... | .....&#10;.JJ.. | .IIII&#10;.J... | .....&#10;IJ... | .....&#10;I.... | .....&#10;I.II. | .....&#10;I.II. | .....&#10;OOII. | .....&#10;OOII. | .....&#10;&#10;step=37, rand=1, actions=&lt;Down&gt;&#10;Want  | Got ✗&#10;-------------&#10;..... | .....&#10;..... | .IIII&#10;.JJ.. | .....&#10;IJ... | .....&#10;IJ... | .....&#10;I.II. | .....&#10;I.II. | .....&#10;OOII. | .....&#10;OOII. | .....&#10;&#10;step=38, rand=1, actions=&lt;Down&gt;&#10;Want  | Got ✗&#10;-------------&#10;..... | .....&#10;..... | .IIII&#10;..... | .....&#10;IJJ.. | .....&#10;IJ... | .....&#10;IJII. | .....&#10;I.II. | .....&#10;OOII. | .....&#10;OOII. | .....&#10;&#10;step=39, rand=1, actions=&lt;Down&gt;&#10;Want  | Got ✗&#10;-------------&#10;..... | .....&#10;..... | .IIII&#10;..... | .....&#10;I.... | .....&#10;IJJ.. | .....&#10;IJII. | .....&#10;IJII. | .....&#10;OOII. | .....&#10;OOII. | .....&#10;&#10;step=40, rand=4, actions=&lt;Down&gt;&#10;Want  | Got ✗&#10;-------------&#10;..SS. | .....&#10;.SS.. | .IIII&#10;..... | .....&#10;I.... | .....&#10;IJJ.. | .....&#10;IJII. | .....&#10;IJII. | .....&#10;OOII. | .....&#10;OOII. | .....&#10;&#10;step=41, rand=4, actions=&lt;RotateRight&gt;&#10;Want  | Got ✗&#10;-------------&#10;..S.. | ...I.&#10;..SS. | ...I.&#10;...S. | ...I.&#10;I.... | ...I.&#10;IJJ.. | .....&#10;IJII. | .....&#10;IJII. | .....&#10;OOII. | .....&#10;OOII. | .....&#10;&#10;step=42, rand=4, actions=&lt;Right&gt;&#10;Want  | Got ✗&#10;-------------&#10;...S. | ...I.&#10;...SS | ...I.&#10;....S | ...I.&#10;I.... | ...I.&#10;IJJ.. | .....&#10;IJII. | .....&#10;IJII. | .....&#10;OOII. | .....&#10;OOII. | .....&#10;&#10;step=43, rand=4, actions=&lt;Down&gt;&#10;Want  | Got ✗&#10;-------------&#10;..... | ...I.&#10;...S. | ...I.&#10;...SS | ...I.&#10;I...S | ...I.&#10;IJJ.. | .....&#10;IJII. | .....&#10;IJII. | .....&#10;OOII. | .....&#10;OOII. | .....&#10;&#10;step=44, rand=4, actions=&lt;Down&gt;&#10;Want  | Got ✗&#10;-------------&#10;..... | ...I.&#10;..... | ...I.&#10;...S. | ...I.&#10;I..SS | ...I.&#10;IJJ.S | .....&#10;IJII. | .....&#10;IJII. | .....&#10;OOII. | .....&#10;OOII. | .....&#10;&#10;step=45, rand=4, actions=&lt;Down&gt;&#10;Want  | Got ✗&#10;-------------&#10;..... | ...I.&#10;..... | ...I.&#10;..... | ...I.&#10;I..S. | ...I.&#10;IJJSS | .....&#10;IJIIS | .....&#10;IJII. | .....&#10;OOII. | .....&#10;OOII. | .....&#10;&#10;step=46, rand=2, actions=&lt;Down&gt;&#10;Want  | Got ✗&#10;-------------&#10;...L. | ...I.&#10;.LLL. | ...I.&#10;..... | ...I.&#10;..... | ...I.&#10;..... | .....&#10;I..S. | .....&#10;IJII. | .....&#10;OOII. | .....&#10;OOII. | .....&#10;&#10;step=47, rand=2, actions=&lt;RotateRight&gt;&#10;Want  | Got ✗&#10;-------------&#10;..L.. | .....&#10;..L.. | .....&#10;..LL. | .IIII&#10;..... | .....&#10;..... | .....&#10;I..S. | .....&#10;IJII. | .....&#10;OOII. | .....&#10;OOII. | .....&#10;&#10;step=48, rand=2, actions=&lt;Left&gt;&#10;Want  | Got ✗&#10;-------------&#10;.L... | .....&#10;.L... | .....&#10;.LL.. | .IIII&#10;..... | .....&#10;..... | .....&#10;I..S. | .....&#10;IJII. | .....&#10;OOII. | .....&#10;OOII. | .....&#10;&#10;step=49, rand=2, actions=&lt;Down&gt;&#10;Want  | Got ✗&#10;-------------&#10;..... | .....&#10;.L... | .....&#10;.L... | .IIII&#10;.LL.. | .....&#10;..... | .....&#10;I..S. | .....&#10;IJII. | .....&#10;OOII. | .....&#10;OOII. | .....&#10;&#10;step=50, rand=2, actions=&lt;Down&gt;&#10;Want  | Got ✗&#10;-------------&#10;..... | .....&#10;..... | .....&#10;.L... | .IIII&#10;.L... | .....&#10;.LL.. | .....&#10;I..S. | .....&#10;IJII. | .....&#10;OOII. | .....&#10;OOII. | .....&#10;&#10;step=51, rand=2, actions=&lt;Down&gt;&#10;Want  | Got ✗&#10;-------------&#10;..... | .....&#10;..... | .....&#10;..... | .IIII&#10;.L... | .....&#10;.L... | .....&#10;ILLS. | .....&#10;IJII. | .....&#10;OOII. | .....&#10;OOII. | .....&#10;&#10;step=52, rand=1, actions=&lt;Down&gt;&#10;Want  | Got ✗&#10;-------------&#10;.J... | .....&#10;.JJJ. | .....&#10;..... | .IIII&#10;.L... | .....&#10;.L... | .....&#10;ILLS. | .....&#10;IJII. | .....&#10;OOII. | .....&#10;OOII. | .....&#10;&#10;step=53, rand=1, actions=&lt;RotateRight&gt;&#10;Want  | Got ✗&#10;-------------&#10;..JJ. | ..I..&#10;..J.. | ..I..&#10;..J.. | ..I..&#10;.L... | ..I..&#10;.L... | .....&#10;ILLS. | .....&#10;IJII. | .....&#10;OOII. | .....&#10;OOII. | .....&#10;&#10;step=54, rand=1, actions=&lt;Left&gt;&#10;Want  | Got ✗&#10;-------------&#10;.JJ.. | ..I..&#10;.J... | ..I..&#10;.J... | ..I..&#10;.L... | ..I..&#10;.L... | .....&#10;ILLS. | .....&#10;IJII. | .....&#10;OOII. | .....&#10;OOII. | .....&#10;&#10;step=55, rand=1, actions=&lt;Left&gt;&#10;Want  | Got ✗&#10;-------------&#10;JJ... | ..I..&#10;J.... | ..I..&#10;J.... | ..I..&#10;.L... | ..I..&#10;.L... | .....&#10;ILLS. | .....&#10;IJII. | .....&#10;OOII. | .....&#10;OOII. | .....&#10;&#10;step=56, rand=1, actions=&lt;Down&gt;&#10;Want  | Got ✗&#10;-------------&#10;..... | ..I..&#10;JJ... | ..I..&#10;J.... | ..I..&#10;JL... | ..I..&#10;.L... | .....&#10;ILLS. | .....&#10;IJII. | .....&#10;OOII. | .....&#10;OOII. | .....&#10;&#10;step=57, rand=1, actions=&lt;Down&gt;&#10;Want  | Got ✗&#10;-------------&#10;..... | ..I..&#10;..... | ..I..&#10;JJ... | ..I..&#10;JL... | ..I..&#10;JL... | .....&#10;ILLS. | .....&#10;IJII. | .....&#10;OOII. | .....&#10;OOII. | .....&#10;&#10;step=58, rand=4, actions=&lt;Down&gt;&#10;Want  | Got ✗&#10;-------------&#10;..SS. | ..I..&#10;.SS.. | ..I..&#10;JJ... | ..I..&#10;JL... | ..I..&#10;JL... | .....&#10;ILLS. | .....&#10;IJII. | .....&#10;OOII. | .....&#10;OOII. | .....&#10;&#10;step=59, rand=4, actions=&lt;Right&gt;&#10;Want  | Got ✗&#10;-------------&#10;...SS | ..I..&#10;..SS. | ..I..&#10;JJ... | ..I..&#10;JL... | ..I..&#10;JL... | .....&#10;ILLS. | .....&#10;IJII. | .....&#10;OOII. | .....&#10;OOII. | .....&#10;&#10;step=60, rand=4, actions=&lt;RotateRight&gt;&#10;Want  | Got ✗&#10;-------------&#10;...S. | .....&#10;...SS | .IIII&#10;JJ..S | .....&#10;JL... | .....&#10;JL... | .....&#10;ILLS. | .....&#10;IJII. | .....&#10;OOII. | .....&#10;OOII. | .....&#10;&#10;step=61, rand=4, actions=&lt;Right&gt;&#10;Want  | Got ✗&#10;-------------&#10;...S. | .....&#10;...SS | .IIII&#10;JJ..S | .....&#10;JL... | .....&#10;JL... | .....&#10;ILLS. | .....&#10;IJII. | .....&#10;OOII. | .....&#10;OOII. | .....&#10;&#10;step=62, rand=4, actions=&lt;Down&gt;&#10;Want  | Got ✗&#10;-------------&#10;..... | .....&#10;...S. | .IIII&#10;JJ.SS | .....&#10;JL..S | .....&#10;JL... | .....&#10;ILLS. | .....&#10;IJII. | .....&#10;OOII. | .....&#10;OOII. | .....&#10;&#10;step=63, rand=4, actions=&lt;Down&gt;&#10;Want  | Got ✗&#10;-------------&#10;..... | .....&#10;..... | .IIII&#10;JJ.S. | .....&#10;JL.SS | .....&#10;JL..S | .....&#10;ILLS. | .....&#10;IJII. | .....&#10;OOII. | .....&#10;OOII. | .....&#10;&#10;step=64, rand=4, actions=&lt;Down&gt;&#10;Want  | Got ✗&#10;-------------&#10;..... | .....&#10;..... | .IIII&#10;JJ... | .....&#10;JL.S. | .....&#10;JL.SS | .....&#10;ILLSS | .....&#10;IJII. | .....&#10;OOII. | .....&#10;OOII. | .....&#10;&#10;step=65, rand=6, actions=&lt;Down&gt;&#10;Want  | Got ✗&#10;-------------&#10;.ZZ.. | .....&#10;..ZZ. | .IIII&#10;..... | .....&#10;JJ... | .....&#10;JL.S. | .....&#10;JL.SS | .....&#10;IJII. | .....&#10;OOII. | .....&#10;OOII. | .....&#10;&#10;step=66, rand=6, actions=&lt;Right&gt;&#10;Want  | Got ✗&#10;-------------&#10;..ZZ. | .....&#10;...ZZ | .IIII&#10;..... | .....&#10;JJ... | .....&#10;JL.S. | .....&#10;JL.SS | .....&#10;IJII. | .....&#10;OOII. | .....&#10;OOII. | .....&#10;&#10;step=67, rand=6, actions=&lt;RotateRight&gt;&#10;Want  | Got ✗&#10;-------------&#10;....Z | ...I.&#10;...ZZ | ...I.&#10;...Z. | ...I.&#10;JJ... | ...I.&#10;JL.S. | .....&#10;JL.SS | .....&#10;IJII. | .....&#10;OOII. | .....&#10;OOII. | .....&#10;&#10;step=68, rand=6, actions=&lt;Left&gt;&#10;Want  | Got ✗&#10;-------------&#10;...Z. | ...I.&#10;..ZZ. | ...I.&#10;..Z.. | ...I.&#10;JJ... | ...I.&#10;JL.S. | .....&#10;JL.SS | .....&#10;IJII. | .....&#10;OOII. | .....&#10;OOII. | .....&#10;&#10;step=69, rand=6, actions=&lt;Down&gt;&#10;Want  | Got ✗&#10;-------------&#10;..... | ...I.&#10;...Z. | ...I.&#10;..ZZ. | ...I.&#10;JJZ.. | ...I.&#10;JL.S. | .....&#10;JL.SS | .....&#10;IJII. | .....&#10;OOII. | .....&#10;OOII. | .....&#10;&#10;step=70, rand=6, actions=&lt;Down&gt;&#10;Want  | Got ✗&#10;-------------&#10;..... | ...I.&#10;..... | ...I.&#10;...Z. | ...I.&#10;JJZZ. | ...I.&#10;JLZS. | .....&#10;JL.SS | .....&#10;IJII. | .....&#10;OOII. | .....&#10;OOII. | .....&#10;&#10;step=71, rand=3, actions=&lt;Down&gt;&#10;Want  | Got ✗&#10;-------------&#10;..OO. | ...I.&#10;..OO. | ...I.&#10;...Z. | ...I.&#10;JJZZ. | ...I.&#10;JLZS. | .....&#10;JL.SS | .....&#10;IJII. | .....&#10;OOII. | .....&#10;OOII. | .....&#10;&#10;step=72, rand=3, actions=&lt;Left&gt;&#10;Want  | Got ✗&#10;-------------&#10;.OO.. | ...I.&#10;.OO.. | ...I.&#10;...Z. | ...I.&#10;JJZZ. | ...I.&#10;JLZS. | .....&#10;JL.SS | .....&#10;IJII. | .....&#10;OOII. | .....&#10;OOII. | .....&#10;&#10;step=73, rand=3, actions=&lt;Down&gt;&#10;Want  | Got ✗&#10;-------------&#10;..... | ...I.&#10;.OO.. | ...I.&#10;.OOZ. | ...I.&#10;JJZZ. | ...I.&#10;JLZS. | .....&#10;JL.SS | .....&#10;IJII. | .....&#10;OOII. | .....&#10;OOII. | .....&#10;&#10;step=74, rand=1, actions=&lt;Down&gt;&#10;Want              | Got ✗&#10;-------------------------&#10;GameOverDisplay() | ...I.&#10;                  | ...I.&#10;                  | ...I.&#10;                  | ...I.&#10;                  | .....&#10;                  | .....&#10;                  | .....&#10;                  | .....&#10;                  | .....&#10;&#10;" type="org.scalatest.exceptions.TestFailedException">org.scalatest.exceptions.TestFailedException: didPass was false
--------------------------------------------------------------------------------
This is what went wrong:

step=0, rand=0, actions=&lt;&gt;
Want  | Got ✓
-------------
..... | .....
.IIII | .IIII
..... | .....
..... | .....
..... | .....
..... | .....
..... | .....
..... | .....
..... | .....

step=1, rand=0, actions=&lt;RotateRight&gt;
Want  | Got ✓
-------------
...I. | ...I.
...I. | ...I.
...I. | ...I.
...I. | ...I.
..... | .....
..... | .....
..... | .....
..... | .....
..... | .....

step=2, rand=0, actions=&lt;Down&gt;
Want  | Got ✗
-------------
..... | ...I.
...I. | ...I.
...I. | ...I.
...I. | ...I.
...I. | .....
..... | .....
..... | .....
..... | .....
..... | .....

step=3, rand=0, actions=&lt;Down&gt;
Want  | Got ✗
-------------
..... | ...I.
..... | ...I.
...I. | ...I.
...I. | ...I.
...I. | .....
...I. | .....
..... | .....
..... | .....
..... | .....

step=4, rand=0, actions=&lt;Down&gt;
Want  | Got ✗
-------------
..... | ...I.
..... | ...I.
..... | ...I.
...I. | ...I.
...I. | .....
...I. | .....
...I. | .....
..... | .....
..... | .....

step=5, rand=0, actions=&lt;Down&gt;
Want  | Got ✗
-------------
..... | ...I.
..... | ...I.
..... | ...I.
..... | ...I.
...I. | .....
...I. | .....
...I. | .....
...I. | .....
..... | .....

step=6, rand=0, actions=&lt;Down&gt;
Want  | Got ✗
-------------
..... | ...I.
..... | ...I.
..... | ...I.
..... | ...I.
..... | .....
...I. | .....
...I. | .....
...I. | .....
...I. | .....

step=7, rand=0, actions=&lt;Down&gt;
Want  | Got ✗
-------------
..... | ...I.
.IIII | ...I.
..... | ...I.
..... | ...I.
..... | .....
...I. | .....
...I. | .....
...I. | .....
...I. | .....

step=8, rand=0, actions=&lt;RotateRight&gt;
Want  | Got ✗
-------------
...I. | .....
...I. | .....
...I. | .IIII
...I. | .....
..... | .....
...I. | .....
...I. | .....
...I. | .....
...I. | .....

step=9, rand=0, actions=&lt;Left&gt;
Want  | Got ✗
-------------
..I.. | .....
..I.. | .....
..I.. | .IIII
..I.. | .....
..... | .....
...I. | .....
...I. | .....
...I. | .....
...I. | .....

step=10, rand=0, actions=&lt;Down&gt;
Want  | Got ✗
-------------
..... | .....
..I.. | .....
..I.. | .IIII
..I.. | .....
..I.. | .....
...I. | .....
...I. | .....
...I. | .....
...I. | .....

step=11, rand=0, actions=&lt;Down&gt;
Want  | Got ✗
-------------
..... | .....
..... | .....
..I.. | .IIII
..I.. | .....
..I.. | .....
..II. | .....
...I. | .....
...I. | .....
...I. | .....

step=12, rand=0, actions=&lt;Down&gt;
Want  | Got ✗
-------------
..... | .....
..... | .....
..... | .IIII
..I.. | .....
..I.. | .....
..II. | .....
..II. | .....
...I. | .....
...I. | .....

step=13, rand=0, actions=&lt;Down&gt;
Want  | Got ✗
-------------
..... | .....
..... | .....
..... | .IIII
..... | .....
..I.. | .....
..II. | .....
..II. | .....
..II. | .....
...I. | .....

step=14, rand=0, actions=&lt;Down&gt;
Want  | Got ✗
-------------
..... | .....
..... | .....
..... | .IIII
..... | .....
..... | .....
..II. | .....
..II. | .....
..II. | .....
..II. | .....

step=15, rand=3, actions=&lt;Down&gt;
Want  | Got ✗
-------------
..OO. | .....
..OO. | .....
..... | .IIII
..... | .....
..... | .....
..II. | .....
..II. | .....
..II. | .....
..II. | .....

step=16, rand=3, actions=&lt;Left&gt;
Want  | Got ✗
-------------
.OO.. | .....
.OO.. | .....
..... | .IIII
..... | .....
..... | .....
..II. | .....
..II. | .....
..II. | .....
..II. | .....

step=17, rand=3, actions=&lt;Left&gt;
Want  | Got ✗
-------------
OO... | .....
OO... | .....
..... | .IIII
..... | .....
..... | .....
..II. | .....
..II. | .....
..II. | .....
..II. | .....

step=18, rand=3, actions=&lt;Down&gt;
Want  | Got ✗
-------------
..... | .....
OO... | .....
OO... | .IIII
..... | .....
..... | .....
..II. | .....
..II. | .....
..II. | .....
..II. | .....

step=19, rand=3, actions=&lt;Down&gt;
Want  | Got ✗
-------------
..... | .....
..... | .....
OO... | .IIII
OO... | .....
..... | .....
..II. | .....
..II. | .....
..II. | .....
..II. | .....

step=20, rand=3, actions=&lt;Down&gt;
Want  | Got ✗
-------------
..... | .....
..... | .....
..... | .IIII
OO... | .....
OO... | .....
..II. | .....
..II. | .....
..II. | .....
..II. | .....

step=21, rand=3, actions=&lt;Down&gt;
Want  | Got ✗
-------------
..... | .....
..... | .....
..... | .IIII
..... | .....
OO... | .....
OOII. | .....
..II. | .....
..II. | .....
..II. | .....

step=22, rand=3, actions=&lt;Down&gt;
Want  | Got ✗
-------------
..... | .....
..... | .....
..... | .IIII
..... | .....
..... | .....
OOII. | .....
OOII. | .....
..II. | .....
..II. | .....

step=23, rand=3, actions=&lt;Down&gt;
Want  | Got ✗
-------------
..... | .....
..... | .....
..... | .IIII
..... | .....
..... | .....
..II. | .....
OOII. | .....
OOII. | .....
..II. | .....

step=24, rand=3, actions=&lt;Down&gt;
Want  | Got ✗
-------------
..... | .....
..... | .....
..... | .IIII
..... | .....
..... | .....
..II. | .....
..II. | .....
OOII. | .....
OOII. | .....

step=25, rand=0, actions=&lt;Down&gt;
Want  | Got ✗
-------------
..... | .....
.IIII | .....
..... | .IIII
..... | .....
..... | .....
..II. | .....
..II. | .....
OOII. | .....
OOII. | .....

step=26, rand=0, actions=&lt;RotateRight&gt;
Want  | Got ✗
-------------
...I. | ..I..
...I. | ..I..
...I. | ..I..
...I. | ..I..
..... | .....
..II. | .....
..II. | .....
OOII. | .....
OOII. | .....

step=27, rand=0, actions=&lt;Left&gt;
Want  | Got ✗
-------------
..I.. | ..I..
..I.. | ..I..
..I.. | ..I..
..I.. | ..I..
..... | .....
..II. | .....
..II. | .....
OOII. | .....
OOII. | .....

step=28, rand=0, actions=&lt;Left&gt;
Want  | Got ✗
-------------
.I... | ..I..
.I... | ..I..
.I... | ..I..
.I... | ..I..
..... | .....
..II. | .....
..II. | .....
OOII. | .....
OOII. | .....

step=29, rand=0, actions=&lt;Left&gt;
Want  | Got ✗
-------------
I.... | ..I..
I.... | ..I..
I.... | ..I..
I.... | ..I..
..... | .....
..II. | .....
..II. | .....
OOII. | .....
OOII. | .....

step=30, rand=0, actions=&lt;Down&gt;
Want  | Got ✗
-------------
..... | ..I..
I.... | ..I..
I.... | ..I..
I.... | ..I..
I.... | .....
..II. | .....
..II. | .....
OOII. | .....
OOII. | .....

step=31, rand=0, actions=&lt;Down&gt;
Want  | Got ✗
-------------
..... | ..I..
..... | ..I..
I.... | ..I..
I.... | ..I..
I.... | .....
I.II. | .....
..II. | .....
OOII. | .....
OOII. | .....

step=32, rand=0, actions=&lt;Down&gt;
Want  | Got ✗
-------------
..... | ..I..
..... | ..I..
..... | ..I..
I.... | ..I..
I.... | .....
I.II. | .....
I.II. | .....
OOII. | .....
OOII. | .....

step=33, rand=1, actions=&lt;Down&gt;
Want  | Got ✗
-------------
.J... | ..I..
.JJJ. | ..I..
..... | ..I..
I.... | ..I..
I.... | .....
I.II. | .....
I.II. | .....
OOII. | .....
OOII. | .....

step=34, rand=1, actions=&lt;RotateRight&gt;
Want  | Got ✗
-------------
..JJ. | .....
..J.. | .IIII
..J.. | .....
I.... | .....
I.... | .....
I.II. | .....
I.II. | .....
OOII. | .....
OOII. | .....

step=35, rand=1, actions=&lt;Left&gt;
Want  | Got ✗
-------------
.JJ.. | .....
.J... | .IIII
.J... | .....
I.... | .....
I.... | .....
I.II. | .....
I.II. | .....
OOII. | .....
OOII. | .....

step=36, rand=1, actions=&lt;Down&gt;
Want  | Got ✗
-------------
..... | .....
.JJ.. | .IIII
.J... | .....
IJ... | .....
I.... | .....
I.II. | .....
I.II. | .....
OOII. | .....
OOII. | .....

step=37, rand=1, actions=&lt;Down&gt;
Want  | Got ✗
-------------
..... | .....
..... | .IIII
.JJ.. | .....
IJ... | .....
IJ... | .....
I.II. | .....
I.II. | .....
OOII. | .....
OOII. | .....

step=38, rand=1, actions=&lt;Down&gt;
Want  | Got ✗
-------------
..... | .....
..... | .IIII
..... | .....
IJJ.. | .....
IJ... | .....
IJII. | .....
I.II. | .....
OOII. | .....
OOII. | .....

step=39, rand=1, actions=&lt;Down&gt;
Want  | Got ✗
-------------
..... | .....
..... | .IIII
..... | .....
I.... | .....
IJJ.. | .....
IJII. | .....
IJII. | .....
OOII. | .....
OOII. | .....

step=40, rand=4, actions=&lt;Down&gt;
Want  | Got ✗
-------------
..SS. | .....
.SS.. | .IIII
..... | .....
I.... | .....
IJJ.. | .....
IJII. | .....
IJII. | .....
OOII. | .....
OOII. | .....

step=41, rand=4, actions=&lt;RotateRight&gt;
Want  | Got ✗
-------------
..S.. | ...I.
..SS. | ...I.
...S. | ...I.
I.... | ...I.
IJJ.. | .....
IJII. | .....
IJII. | .....
OOII. | .....
OOII. | .....

step=42, rand=4, actions=&lt;Right&gt;
Want  | Got ✗
-------------
...S. | ...I.
...SS | ...I.
....S | ...I.
I.... | ...I.
IJJ.. | .....
IJII. | .....
IJII. | .....
OOII. | .....
OOII. | .....

step=43, rand=4, actions=&lt;Down&gt;
Want  | Got ✗
-------------
..... | ...I.
...S. | ...I.
...SS | ...I.
I...S | ...I.
IJJ.. | .....
IJII. | .....
IJII. | .....
OOII. | .....
OOII. | .....

step=44, rand=4, actions=&lt;Down&gt;
Want  | Got ✗
-------------
..... | ...I.
..... | ...I.
...S. | ...I.
I..SS | ...I.
IJJ.S | .....
IJII. | .....
IJII. | .....
OOII. | .....
OOII. | .....

step=45, rand=4, actions=&lt;Down&gt;
Want  | Got ✗
-------------
..... | ...I.
..... | ...I.
..... | ...I.
I..S. | ...I.
IJJSS | .....
IJIIS | .....
IJII. | .....
OOII. | .....
OOII. | .....

step=46, rand=2, actions=&lt;Down&gt;
Want  | Got ✗
-------------
...L. | ...I.
.LLL. | ...I.
..... | ...I.
..... | ...I.
..... | .....
I..S. | .....
IJII. | .....
OOII. | .....
OOII. | .....

step=47, rand=2, actions=&lt;RotateRight&gt;
Want  | Got ✗
-------------
..L.. | .....
..L.. | .....
..LL. | .IIII
..... | .....
..... | .....
I..S. | .....
IJII. | .....
OOII. | .....
OOII. | .....

step=48, rand=2, actions=&lt;Left&gt;
Want  | Got ✗
-------------
.L... | .....
.L... | .....
.LL.. | .IIII
..... | .....
..... | .....
I..S. | .....
IJII. | .....
OOII. | .....
OOII. | .....

step=49, rand=2, actions=&lt;Down&gt;
Want  | Got ✗
-------------
..... | .....
.L... | .....
.L... | .IIII
.LL.. | .....
..... | .....
I..S. | .....
IJII. | .....
OOII. | .....
OOII. | .....

step=50, rand=2, actions=&lt;Down&gt;
Want  | Got ✗
-------------
..... | .....
..... | .....
.L... | .IIII
.L... | .....
.LL.. | .....
I..S. | .....
IJII. | .....
OOII. | .....
OOII. | .....

step=51, rand=2, actions=&lt;Down&gt;
Want  | Got ✗
-------------
..... | .....
..... | .....
..... | .IIII
.L... | .....
.L... | .....
ILLS. | .....
IJII. | .....
OOII. | .....
OOII. | .....

step=52, rand=1, actions=&lt;Down&gt;
Want  | Got ✗
-------------
.J... | .....
.JJJ. | .....
..... | .IIII
.L... | .....
.L... | .....
ILLS. | .....
IJII. | .....
OOII. | .....
OOII. | .....

step=53, rand=1, actions=&lt;RotateRight&gt;
Want  | Got ✗
-------------
..JJ. | ..I..
..J.. | ..I..
..J.. | ..I..
.L... | ..I..
.L... | .....
ILLS. | .....
IJII. | .....
OOII. | .....
OOII. | .....

step=54, rand=1, actions=&lt;Left&gt;
Want  | Got ✗
-------------
.JJ.. | ..I..
.J... | ..I..
.J... | ..I..
.L... | ..I..
.L... | .....
ILLS. | .....
IJII. | .....
OOII. | .....
OOII. | .....

step=55, rand=1, actions=&lt;Left&gt;
Want  | Got ✗
-------------
JJ... | ..I..
J.... | ..I..
J.... | ..I..
.L... | ..I..
.L... | .....
ILLS. | .....
IJII. | .....
OOII. | .....
OOII. | .....

step=56, rand=1, actions=&lt;Down&gt;
Want  | Got ✗
-------------
..... | ..I..
JJ... | ..I..
J.... | ..I..
JL... | ..I..
.L... | .....
ILLS. | .....
IJII. | .....
OOII. | .....
OOII. | .....

step=57, rand=1, actions=&lt;Down&gt;
Want  | Got ✗
-------------
..... | ..I..
..... | ..I..
JJ... | ..I..
JL... | ..I..
JL... | .....
ILLS. | .....
IJII. | .....
OOII. | .....
OOII. | .....

step=58, rand=4, actions=&lt;Down&gt;
Want  | Got ✗
-------------
..SS. | ..I..
.SS.. | ..I..
JJ... | ..I..
JL... | ..I..
JL... | .....
ILLS. | .....
IJII. | .....
OOII. | .....
OOII. | .....

step=59, rand=4, actions=&lt;Right&gt;
Want  | Got ✗
-------------
...SS | ..I..
..SS. | ..I..
JJ... | ..I..
JL... | ..I..
JL... | .....
ILLS. | .....
IJII. | .....
OOII. | .....
OOII. | .....

step=60, rand=4, actions=&lt;RotateRight&gt;
Want  | Got ✗
-------------
...S. | .....
...SS | .IIII
JJ..S | .....
JL... | .....
JL... | .....
ILLS. | .....
IJII. | .....
OOII. | .....
OOII. | .....

step=61, rand=4, actions=&lt;Right&gt;
Want  | Got ✗
-------------
...S. | .....
...SS | .IIII
JJ..S | .....
JL... | .....
JL... | .....
ILLS. | .....
IJII. | .....
OOII. | .....
OOII. | .....

step=62, rand=4, actions=&lt;Down&gt;
Want  | Got ✗
-------------
..... | .....
...S. | .IIII
JJ.SS | .....
JL..S | .....
JL... | .....
ILLS. | .....
IJII. | .....
OOII. | .....
OOII. | .....

step=63, rand=4, actions=&lt;Down&gt;
Want  | Got ✗
-------------
..... | .....
..... | .IIII
JJ.S. | .....
JL.SS | .....
JL..S | .....
ILLS. | .....
IJII. | .....
OOII. | .....
OOII. | .....

step=64, rand=4, actions=&lt;Down&gt;
Want  | Got ✗
-------------
..... | .....
..... | .IIII
JJ... | .....
JL.S. | .....
JL.SS | .....
ILLSS | .....
IJII. | .....
OOII. | .....
OOII. | .....

step=65, rand=6, actions=&lt;Down&gt;
Want  | Got ✗
-------------
.ZZ.. | .....
..ZZ. | .IIII
..... | .....
JJ... | .....
JL.S. | .....
JL.SS | .....
IJII. | .....
OOII. | .....
OOII. | .....

step=66, rand=6, actions=&lt;Right&gt;
Want  | Got ✗
-------------
..ZZ. | .....
...ZZ | .IIII
..... | .....
JJ... | .....
JL.S. | .....
JL.SS | .....
IJII. | .....
OOII. | .....
OOII. | .....

step=67, rand=6, actions=&lt;RotateRight&gt;
Want  | Got ✗
-------------
....Z | ...I.
...ZZ | ...I.
...Z. | ...I.
JJ... | ...I.
JL.S. | .....
JL.SS | .....
IJII. | .....
OOII. | .....
OOII. | .....

step=68, rand=6, actions=&lt;Left&gt;
Want  | Got ✗
-------------
...Z. | ...I.
..ZZ. | ...I.
..Z.. | ...I.
JJ... | ...I.
JL.S. | .....
JL.SS | .....
IJII. | .....
OOII. | .....
OOII. | .....

step=69, rand=6, actions=&lt;Down&gt;
Want  | Got ✗
-------------
..... | ...I.
...Z. | ...I.
..ZZ. | ...I.
JJZ.. | ...I.
JL.S. | .....
JL.SS | .....
IJII. | .....
OOII. | .....
OOII. | .....

step=70, rand=6, actions=&lt;Down&gt;
Want  | Got ✗
-------------
..... | ...I.
..... | ...I.
...Z. | ...I.
JJZZ. | ...I.
JLZS. | .....
JL.SS | .....
IJII. | .....
OOII. | .....
OOII. | .....

step=71, rand=3, actions=&lt;Down&gt;
Want  | Got ✗
-------------
..OO. | ...I.
..OO. | ...I.
...Z. | ...I.
JJZZ. | ...I.
JLZS. | .....
JL.SS | .....
IJII. | .....
OOII. | .....
OOII. | .....

step=72, rand=3, actions=&lt;Left&gt;
Want  | Got ✗
-------------
.OO.. | ...I.
.OO.. | ...I.
...Z. | ...I.
JJZZ. | ...I.
JLZS. | .....
JL.SS | .....
IJII. | .....
OOII. | .....
OOII. | .....

step=73, rand=3, actions=&lt;Down&gt;
Want  | Got ✗
-------------
..... | ...I.
.OO.. | ...I.
.OOZ. | ...I.
JJZZ. | ...I.
JLZS. | .....
JL.SS | .....
IJII. | .....
OOII. | .....
OOII. | .....

step=74, rand=1, actions=&lt;Down&gt;
Want              | Got ✗
-------------------------
GameOverDisplay() | ...I.
                  | ...I.
                  | ...I.
                  | ...I.
                  | .....
                  | .....
                  | .....
                  | .....
                  | .....


	at org.scalatest.Assertions.newAssertionFailedException(Assertions.scala:530)
	at org.scalatest.Assertions.newAssertionFailedException$(Assertions.scala:529)
	at org.scalatest.FunSuite.newAssertionFailedException(FunSuite.scala:1560)
	at org.scalatest.Assertions$AssertionsHelper.macroAssert(Assertions.scala:503)
	at generic.GameTestSuite.checkGame(GameTestSuite.scala:298)
	at tetris.TetrisTestSuiteBase.checkGame(TetrisTestSuiteBase.scala:103)
	at tetris.FullGameTests.$anonfun$new$1(FullGameTests.scala:5740)
	at scala.runtime.java8.JFunction0$mcV$sp.apply(JFunction0$mcV$sp.scala:18)
	at infrastructure.TestBase.$anonfun$test$1(TestBase.scala:36)
	at org.scalatest.OutcomeOf.outcomeOf(OutcomeOf.scala:85)
	at org.scalatest.OutcomeOf.outcomeOf$(OutcomeOf.scala:83)
	at org.scalatest.OutcomeOf$.outcomeOf(OutcomeOf.scala:104)
	at org.scalatest.Transformer.apply(Transformer.scala:22)
	at org.scalatest.Transformer.apply(Transformer.scala:20)
	at org.scalatest.FunSuiteLike$$anon$1.apply(FunSuiteLike.scala:186)
	at org.scalatest.TestSuite.withFixture(TestSuite.scala:196)
	at org.scalatest.TestSuite.withFixture$(TestSuite.scala:195)
	at infrastructure.TestBase.org$scalatest$concurrent$TimeLimitedTests$$super$withFixture(TestBase.scala:9)
	at org.scalatest.concurrent.TimeLimitedTests.$anonfun$withFixture$3(TimeLimitedTests.scala:154)
	at org.scalatest.enablers.Timed$$anon$1.timeoutAfter(Timed.scala:127)
	at org.scalatest.concurrent.TimeLimits.failAfterImpl(TimeLimits.scala:239)
	at org.scalatest.concurrent.TimeLimits.failAfterImpl$(TimeLimits.scala:233)
	at org.scalatest.concurrent.TimeLimits$.failAfterImpl(TimeLimits.scala:305)
	at org.scalatest.concurrent.TimeLimitedTests.withFixture(TimeLimitedTests.scala:153)
	at org.scalatest.concurrent.TimeLimitedTests.withFixture$(TimeLimitedTests.scala:150)
	at infrastructure.TestBase.withFixture(TestBase.scala:9)
	at org.scalatest.FunSuiteLike.invokeWithFixture$1(FunSuiteLike.scala:184)
	at org.scalatest.FunSuiteLike.$anonfun$runTest$1(FunSuiteLike.scala:196)
	at org.scalatest.SuperEngine.runTestImpl(Engine.scala:286)
	at org.scalatest.FunSuiteLike.runTest(FunSuiteLike.scala:196)
	at org.scalatest.FunSuiteLike.runTest$(FunSuiteLike.scala:178)
	at org.scalatest.FunSuite.runTest(FunSuite.scala:1560)
	at org.scalatest.FunSuiteLike.$anonfun$runTests$1(FunSuiteLike.scala:229)
	at org.scalatest.SuperEngine.$anonfun$runTestsInBranch$1(Engine.scala:393)
	at scala.collection.immutable.List.foreach(List.scala:333)
	at org.scalatest.SuperEngine.traverseSubNodes$1(Engine.scala:381)
	at org.scalatest.SuperEngine.runTestsInBranch(Engine.scala:376)
	at org.scalatest.SuperEngine.runTestsImpl(Engine.scala:458)
	at org.scalatest.FunSuiteLike.runTests(FunSuiteLike.scala:229)
	at org.scalatest.FunSuiteLike.runTests$(FunSuiteLike.scala:228)
	at org.scalatest.FunSuite.runTests(FunSuite.scala:1560)
	at org.scalatest.Suite.run(Suite.scala:1124)
	at org.scalatest.Suite.run$(Suite.scala:1106)
	at org.scalatest.FunSuite.org$scalatest$FunSuiteLike$$super$run(FunSuite.scala:1560)
	at org.scalatest.FunSuiteLike.$anonfun$run$1(FunSuiteLike.scala:233)
	at org.scalatest.SuperEngine.runImpl(Engine.scala:518)
	at org.scalatest.FunSuiteLike.run(FunSuiteLike.scala:233)
	at org.scalatest.FunSuiteLike.run$(FunSuiteLike.scala:232)
	at infrastructure.TestBase.run(TestBase.scala:26)
	at org.scalatest.Suite.callExecuteOnSuite$1(Suite.scala:1187)
	at org.scalatest.Suite.$anonfun$runNestedSuites$1(Suite.scala:1234)
	at scala.collection.ArrayOps$.foreach$extension(ArrayOps.scala:1323)
	at org.scalatest.Suite.runNestedSuites(Suite.scala:1232)
	at org.scalatest.Suite.runNestedSuites$(Suite.scala:1166)
	at org.scalatest.Suites.runNestedSuites(Suites.scala:56)
	at org.scalatest.Suite.run(Suite.scala:1121)
	at org.scalatest.Suite.run$(Suite.scala:1106)
	at tetris.TetrisTestSuitesBase.runDirect(TetrisTestSuitesBase.scala:20)
	at tetris.TetrisTestSuitesBase.runWithScoreCounter(TetrisTestSuitesBase.scala:14)
	at tetris.TetrisTestSuite3.run(TetrisTestSuite3.scala:25)
	at org.scalatestplus.junit.JUnitRunner.run(JUnitRunner.scala:99)
	at org.junit.runner.JUnitCore.run(JUnitCore.java:137)
	at org.junit.runner.JUnitCore.run(JUnitCore.java:115)
	at org.junit.vintage.engine.execution.RunnerExecutor.execute(RunnerExecutor.java:43)
	at java.util.stream.ForEachOps$ForEachOp$OfRef.accept(ForEachOps.java:183)
	at java.util.stream.ReferencePipeline$3$1.accept(ReferencePipeline.java:193)
	at java.util.Iterator.forEachRemaining(Iterator.java:116)
	at java.util.Spliterators$IteratorSpliterator.forEachRemaining(Spliterators.java:1801)
	at java.util.stream.AbstractPipeline.copyInto(AbstractPipeline.java:482)
	at java.util.stream.AbstractPipeline.wrapAndCopyInto(AbstractPipeline.java:472)
	at java.util.stream.ForEachOps$ForEachOp.evaluateSequential(ForEachOps.java:150)
	at java.util.stream.ForEachOps$ForEachOp$OfRef.evaluateSequential(ForEachOps.java:173)
	at java.util.stream.AbstractPipeline.evaluate(AbstractPipeline.java:234)
	at java.util.stream.ReferencePipeline.forEach(ReferencePipeline.java:485)
	at org.junit.vintage.engine.VintageTestEngine.executeAllChildren(VintageTestEngine.java:82)
	at org.junit.vintage.engine.VintageTestEngine.execute(VintageTestEngine.java:73)
	at org.junit.platform.launcher.core.DefaultLauncher.execute(DefaultLauncher.java:220)
	at org.junit.platform.launcher.core.DefaultLauncher.lambda$execute$6(DefaultLauncher.java:188)
	at org.junit.platform.launcher.core.DefaultLauncher.withInterceptedStreams(DefaultLauncher.java:202)
	at org.junit.platform.launcher.core.DefaultLauncher.execute(DefaultLauncher.java:181)
	at org.junit.platform.launcher.core.DefaultLauncher.execute(DefaultLauncher.java:128)
	at org.gradle.api.internal.tasks.testing.junitplatform.JUnitPlatformTestClassProcessor$CollectAllTestClassesExecutor.processAllTestClasses(JUnitPlatformTestClassProcessor.java:102)
	at org.gradle.api.internal.tasks.testing.junitplatform.JUnitPlatformTestClassProcessor$CollectAllTestClassesExecutor.access$000(JUnitPlatformTestClassProcessor.java:82)
	at org.gradle.api.internal.tasks.testing.junitplatform.JUnitPlatformTestClassProcessor.stop(JUnitPlatformTestClassProcessor.java:78)
	at org.gradle.api.internal.tasks.testing.SuiteTestClassProcessor.stop(SuiteTestClassProcessor.java:61)
	at sun.reflect.NativeMethodAccessorImpl.invoke0(Native Method)
	at sun.reflect.NativeMethodAccessorImpl.invoke(NativeMethodAccessorImpl.java:62)
	at sun.reflect.DelegatingMethodAccessorImpl.invoke(DelegatingMethodAccessorImpl.java:43)
	at java.lang.reflect.Method.invoke(Method.java:498)
	at org.gradle.internal.dispatch.ReflectionDispatch.dispatch(ReflectionDispatch.java:35)
	at org.gradle.internal.dispatch.ReflectionDispatch.dispatch(ReflectionDispatch.java:24)
	at org.gradle.internal.dispatch.ContextClassLoaderDispatch.dispatch(ContextClassLoaderDispatch.java:32)
	at org.gradle.internal.dispatch.ProxyDispatchAdapter$DispatchingInvocationHandler.invoke(ProxyDispatchAdapter.java:93)
	at com.sun.proxy.$Proxy2.stop(Unknown Source)
	at org.gradle.api.internal.tasks.testing.worker.TestWorker.stop(TestWorker.java:132)
	at sun.reflect.NativeMethodAccessorImpl.invoke0(Native Method)
	at sun.reflect.NativeMethodAccessorImpl.invoke(NativeMethodAccessorImpl.java:62)
	at sun.reflect.DelegatingMethodAccessorImpl.invoke(DelegatingMethodAccessorImpl.java:43)
	at java.lang.reflect.Method.invoke(Method.java:498)
	at org.gradle.internal.dispatch.ReflectionDispatch.dispatch(ReflectionDispatch.java:35)
	at org.gradle.internal.dispatch.ReflectionDispatch.dispatch(ReflectionDispatch.java:24)
	at org.gradle.internal.remote.internal.hub.MessageHubBackedObjectConnection$DispatchWrapper.dispatch(MessageHubBackedObjectConnection.java:175)
	at org.gradle.internal.remote.internal.hub.MessageHubBackedObjectConnection$DispatchWrapper.dispatch(MessageHubBackedObjectConnection.java:157)
	at org.gradle.internal.remote.internal.hub.MessageHub$Handler.run(MessageHub.java:404)
	at org.gradle.internal.concurrent.ExecutorPolicy$CatchAndRecordFailures.onExecute(ExecutorPolicy.java:63)
	at org.gradle.internal.concurrent.ManagedExecutorImpl$1.run(ManagedExecutorImpl.java:46)
	at java.util.concurrent.ThreadPoolExecutor.runWorker(ThreadPoolExecutor.java:1149)
	at java.util.concurrent.ThreadPoolExecutor$Worker.run(ThreadPoolExecutor.java:624)
	at org.gradle.internal.concurrent.ThreadFactoryImpl$ManagedThreadRunnable.run(ThreadFactoryImpl.java:55)
	at java.lang.Thread.run(Thread.java:748)
</failure>
  </testcase>
  <testcase name="testGame8x11" classname="tetris.FullGameTests" time="0.031">
    <failure message="org.scalatest.exceptions.TestFailedException: didPass was false&#10;--------------------------------------------------------------------------------&#10;This is what went wrong:&#10;&#10;step=0, rand=2, actions=&lt;&gt;&#10;Want     | Got ✗   &#10;-------------------&#10;....L... | ...LL...&#10;..LLL... | ...L....&#10;........ | ...L....&#10;........ | ........&#10;........ | ........&#10;........ | ........&#10;........ | ........&#10;........ | ........&#10;........ | ........&#10;........ | ........&#10;........ | ........&#10;&#10;step=1, rand=2, actions=&lt;Right&gt;&#10;Want     | Got ✗   &#10;-------------------&#10;.....L.. | ...LL...&#10;...LLL.. | ...L....&#10;........ | ...L....&#10;........ | ........&#10;........ | ........&#10;........ | ........&#10;........ | ........&#10;........ | ........&#10;........ | ........&#10;........ | ........&#10;........ | ........&#10;&#10;step=2, rand=2, actions=&lt;Right&gt;&#10;Want     | Got ✗   &#10;-------------------&#10;......L. | ...LL...&#10;....LLL. | ...L....&#10;........ | ...L....&#10;........ | ........&#10;........ | ........&#10;........ | ........&#10;........ | ........&#10;........ | ........&#10;........ | ........&#10;........ | ........&#10;........ | ........&#10;&#10;step=3, rand=2, actions=&lt;Down&gt;&#10;Want     | Got ✗   &#10;-------------------&#10;........ | ...LL...&#10;......L. | ...L....&#10;....LLL. | ...L....&#10;........ | ........&#10;........ | ........&#10;........ | ........&#10;........ | ........&#10;........ | ........&#10;........ | ........&#10;........ | ........&#10;........ | ........&#10;&#10;step=4, rand=2, actions=&lt;Down&gt;&#10;Want     | Got ✗   &#10;-------------------&#10;........ | ...LL...&#10;........ | ...L....&#10;......L. | ...L....&#10;....LLL. | ........&#10;........ | ........&#10;........ | ........&#10;........ | ........&#10;........ | ........&#10;........ | ........&#10;........ | ........&#10;........ | ........&#10;&#10;step=5, rand=2, actions=&lt;Down&gt;&#10;Want     | Got ✗   &#10;-------------------&#10;........ | ...LL...&#10;........ | ...L....&#10;........ | ...L....&#10;......L. | ........&#10;....LLL. | ........&#10;........ | ........&#10;........ | ........&#10;........ | ........&#10;........ | ........&#10;........ | ........&#10;........ | ........&#10;&#10;step=6, rand=2, actions=&lt;Down&gt;&#10;Want     | Got ✗   &#10;-------------------&#10;........ | ...LL...&#10;........ | ...L....&#10;........ | ...L....&#10;........ | ........&#10;......L. | ........&#10;....LLL. | ........&#10;........ | ........&#10;........ | ........&#10;........ | ........&#10;........ | ........&#10;........ | ........&#10;&#10;step=7, rand=2, actions=&lt;Down&gt;&#10;Want     | Got ✗   &#10;-------------------&#10;........ | ...LL...&#10;........ | ...L....&#10;........ | ...L....&#10;........ | ........&#10;........ | ........&#10;......L. | ........&#10;....LLL. | ........&#10;........ | ........&#10;........ | ........&#10;........ | ........&#10;........ | ........&#10;&#10;step=8, rand=2, actions=&lt;Down&gt;&#10;Want     | Got ✗   &#10;-------------------&#10;........ | ...LL...&#10;........ | ...L....&#10;........ | ...L....&#10;........ | ........&#10;........ | ........&#10;........ | ........&#10;......L. | ........&#10;....LLL. | ........&#10;........ | ........&#10;........ | ........&#10;........ | ........&#10;&#10;step=9, rand=2, actions=&lt;Down&gt;&#10;Want     | Got ✗   &#10;-------------------&#10;........ | ...LL...&#10;........ | ...L....&#10;........ | ...L....&#10;........ | ........&#10;........ | ........&#10;........ | ........&#10;........ | ........&#10;......L. | ........&#10;....LLL. | ........&#10;........ | ........&#10;........ | ........&#10;&#10;step=10, rand=2, actions=&lt;Down&gt;&#10;Want     | Got ✗   &#10;-------------------&#10;........ | ...LL...&#10;........ | ...L....&#10;........ | ...L....&#10;........ | ........&#10;........ | ........&#10;........ | ........&#10;........ | ........&#10;........ | ........&#10;......L. | ........&#10;....LLL. | ........&#10;........ | ........&#10;&#10;step=11, rand=2, actions=&lt;Down&gt;&#10;Want     | Got ✗   &#10;-------------------&#10;........ | ...LL...&#10;........ | ...L....&#10;........ | ...L....&#10;........ | ........&#10;........ | ........&#10;........ | ........&#10;........ | ........&#10;........ | ........&#10;........ | ........&#10;......L. | ........&#10;....LLL. | ........&#10;&#10;step=12, rand=6, actions=&lt;Down&gt;&#10;Want     | Got ✗   &#10;-------------------&#10;..ZZ.... | ...LL...&#10;...ZZ... | ...L....&#10;........ | ...L....&#10;........ | ........&#10;........ | ........&#10;........ | ........&#10;........ | ........&#10;........ | ........&#10;........ | ........&#10;......L. | ........&#10;....LLL. | ........&#10;&#10;step=13, rand=6, actions=&lt;RotateRight&gt;&#10;Want     | Got ✗   &#10;-------------------&#10;....Z... | ........&#10;...ZZ... | ..LLL...&#10;...Z.... | ....L...&#10;........ | ........&#10;........ | ........&#10;........ | ........&#10;........ | ........&#10;........ | ........&#10;........ | ........&#10;......L. | ........&#10;....LLL. | ........&#10;&#10;step=14, rand=6, actions=&lt;Down&gt;&#10;Want     | Got ✗   &#10;-------------------&#10;........ | ........&#10;....Z... | ..LLL...&#10;...ZZ... | ....L...&#10;...Z.... | ........&#10;........ | ........&#10;........ | ........&#10;........ | ........&#10;........ | ........&#10;........ | ........&#10;......L. | ........&#10;....LLL. | ........&#10;&#10;step=15, rand=6, actions=&lt;Down&gt;&#10;Want     | Got ✗   &#10;-------------------&#10;........ | ........&#10;........ | ..LLL...&#10;....Z... | ....L...&#10;...ZZ... | ........&#10;...Z.... | ........&#10;........ | ........&#10;........ | ........&#10;........ | ........&#10;........ | ........&#10;......L. | ........&#10;....LLL. | ........&#10;&#10;step=16, rand=6, actions=&lt;Down&gt;&#10;Want     | Got ✗   &#10;-------------------&#10;........ | ........&#10;........ | ..LLL...&#10;........ | ....L...&#10;....Z... | ........&#10;...ZZ... | ........&#10;...Z.... | ........&#10;........ | ........&#10;........ | ........&#10;........ | ........&#10;......L. | ........&#10;....LLL. | ........&#10;&#10;step=17, rand=6, actions=&lt;Down&gt;&#10;Want     | Got ✗   &#10;-------------------&#10;........ | ........&#10;........ | ..LLL...&#10;........ | ....L...&#10;........ | ........&#10;....Z... | ........&#10;...ZZ... | ........&#10;...Z.... | ........&#10;........ | ........&#10;........ | ........&#10;......L. | ........&#10;....LLL. | ........&#10;&#10;step=18, rand=6, actions=&lt;Down&gt;&#10;Want     | Got ✗   &#10;-------------------&#10;........ | ........&#10;........ | ..LLL...&#10;........ | ....L...&#10;........ | ........&#10;........ | ........&#10;....Z... | ........&#10;...ZZ... | ........&#10;...Z.... | ........&#10;........ | ........&#10;......L. | ........&#10;....LLL. | ........&#10;&#10;step=19, rand=6, actions=&lt;Down&gt;&#10;Want     | Got ✗   &#10;-------------------&#10;........ | ........&#10;........ | ..LLL...&#10;........ | ....L...&#10;........ | ........&#10;........ | ........&#10;........ | ........&#10;....Z... | ........&#10;...ZZ... | ........&#10;...Z.... | ........&#10;......L. | ........&#10;....LLL. | ........&#10;&#10;step=20, rand=6, actions=&lt;Down&gt;&#10;Want     | Got ✗   &#10;-------------------&#10;........ | ........&#10;........ | ..LLL...&#10;........ | ....L...&#10;........ | ........&#10;........ | ........&#10;........ | ........&#10;........ | ........&#10;....Z... | ........&#10;...ZZ... | ........&#10;...Z..L. | ........&#10;....LLL. | ........&#10;&#10;step=21, rand=6, actions=&lt;Down&gt;&#10;Want     | Got ✗   &#10;-------------------&#10;........ | ........&#10;........ | ..LLL...&#10;........ | ....L...&#10;........ | ........&#10;........ | ........&#10;........ | ........&#10;........ | ........&#10;........ | ........&#10;....Z... | ........&#10;...ZZ.L. | ........&#10;...ZLLL. | ........&#10;&#10;step=22, rand=4, actions=&lt;Down&gt;&#10;Want     | Got ✗   &#10;-------------------&#10;...SS... | ........&#10;..SS.... | ..LLL...&#10;........ | ....L...&#10;........ | ........&#10;........ | ........&#10;........ | ........&#10;........ | ........&#10;........ | ........&#10;....Z... | ........&#10;...ZZ.L. | ........&#10;...ZLLL. | ........&#10;&#10;step=23, rand=4, actions=&lt;Left&gt;&#10;Want     | Got ✗   &#10;-------------------&#10;..SS.... | ........&#10;.SS..... | ..LLL...&#10;........ | ....L...&#10;........ | ........&#10;........ | ........&#10;........ | ........&#10;........ | ........&#10;........ | ........&#10;....Z... | ........&#10;...ZZ.L. | ........&#10;...ZLLL. | ........&#10;&#10;step=24, rand=4, actions=&lt;RotateRight&gt;&#10;Want     | Got ✗   &#10;-------------------&#10;..S..... | ...L....&#10;..SS.... | ...L....&#10;...S.... | ..LL....&#10;........ | ........&#10;........ | ........&#10;........ | ........&#10;........ | ........&#10;........ | ........&#10;....Z... | ........&#10;...ZZ.L. | ........&#10;...ZLLL. | ........&#10;&#10;step=25, rand=4, actions=&lt;Left&gt;&#10;Want     | Got ✗   &#10;-------------------&#10;.S...... | ...L....&#10;.SS..... | ...L....&#10;..S..... | ..LL....&#10;........ | ........&#10;........ | ........&#10;........ | ........&#10;........ | ........&#10;........ | ........&#10;....Z... | ........&#10;...ZZ.L. | ........&#10;...ZLLL. | ........&#10;&#10;step=26, rand=4, actions=&lt;Down&gt;&#10;Want     | Got ✗   &#10;-------------------&#10;........ | ...L....&#10;.S...... | ...L....&#10;.SS..... | ..LL....&#10;..S..... | ........&#10;........ | ........&#10;........ | ........&#10;........ | ........&#10;........ | ........&#10;....Z... | ........&#10;...ZZ.L. | ........&#10;...ZLLL. | ........&#10;&#10;step=27, rand=4, actions=&lt;Down&gt;&#10;Want     | Got ✗   &#10;-------------------&#10;........ | ...L....&#10;........ | ...L....&#10;.S...... | ..LL....&#10;.SS..... | ........&#10;..S..... | ........&#10;........ | ........&#10;........ | ........&#10;........ | ........&#10;....Z... | ........&#10;...ZZ.L. | ........&#10;...ZLLL. | ........&#10;&#10;step=28, rand=4, actions=&lt;Down&gt;&#10;Want     | Got ✗   &#10;-------------------&#10;........ | ...L....&#10;........ | ...L....&#10;........ | ..LL....&#10;.S...... | ........&#10;.SS..... | ........&#10;..S..... | ........&#10;........ | ........&#10;........ | ........&#10;....Z... | ........&#10;...ZZ.L. | ........&#10;...ZLLL. | ........&#10;&#10;step=29, rand=4, actions=&lt;Down&gt;&#10;Want     | Got ✗   &#10;-------------------&#10;........ | ...L....&#10;........ | ...L....&#10;........ | ..LL....&#10;........ | ........&#10;.S...... | ........&#10;.SS..... | ........&#10;..S..... | ........&#10;........ | ........&#10;....Z... | ........&#10;...ZZ.L. | ........&#10;...ZLLL. | ........&#10;&#10;step=30, rand=4, actions=&lt;Down&gt;&#10;Want     | Got ✗   &#10;-------------------&#10;........ | ...L....&#10;........ | ...L....&#10;........ | ..LL....&#10;........ | ........&#10;........ | ........&#10;.S...... | ........&#10;.SS..... | ........&#10;..S..... | ........&#10;....Z... | ........&#10;...ZZ.L. | ........&#10;...ZLLL. | ........&#10;&#10;step=31, rand=4, actions=&lt;Down&gt;&#10;Want     | Got ✗   &#10;-------------------&#10;........ | ...L....&#10;........ | ...L....&#10;........ | ..LL....&#10;........ | ........&#10;........ | ........&#10;........ | ........&#10;.S...... | ........&#10;.SS..... | ........&#10;..S.Z... | ........&#10;...ZZ.L. | ........&#10;...ZLLL. | ........&#10;&#10;step=32, rand=4, actions=&lt;Down&gt;&#10;Want     | Got ✗   &#10;-------------------&#10;........ | ...L....&#10;........ | ...L....&#10;........ | ..LL....&#10;........ | ........&#10;........ | ........&#10;........ | ........&#10;........ | ........&#10;.S...... | ........&#10;.SS.Z... | ........&#10;..SZZ.L. | ........&#10;...ZLLL. | ........&#10;&#10;step=33, rand=4, actions=&lt;Down&gt;&#10;Want     | Got ✗   &#10;-------------------&#10;........ | ...L....&#10;........ | ...L....&#10;........ | ..LL....&#10;........ | ........&#10;........ | ........&#10;........ | ........&#10;........ | ........&#10;........ | ........&#10;.S..Z... | ........&#10;.SSZZ.L. | ........&#10;..SZLLL. | ........&#10;&#10;step=34, rand=0, actions=&lt;Down&gt;&#10;Want     | Got ✗   &#10;-------------------&#10;........ | ...L....&#10;..IIII.. | ...L....&#10;........ | ..LL....&#10;........ | ........&#10;........ | ........&#10;........ | ........&#10;........ | ........&#10;........ | ........&#10;.S..Z... | ........&#10;.SSZZ.L. | ........&#10;..SZLLL. | ........&#10;&#10;step=35, rand=0, actions=&lt;RotateRight&gt;&#10;Want     | Got ✗   &#10;-------------------&#10;....I... | ..L.....&#10;....I... | ..LLL...&#10;....I... | ........&#10;....I... | ........&#10;........ | ........&#10;........ | ........&#10;........ | ........&#10;........ | ........&#10;.S..Z... | ........&#10;.SSZZ.L. | ........&#10;..SZLLL. | ........&#10;&#10;step=36, rand=0, actions=&lt;Left&gt;&#10;Want     | Got ✗   &#10;-------------------&#10;...I.... | ..L.....&#10;...I.... | ..LLL...&#10;...I.... | ........&#10;...I.... | ........&#10;........ | ........&#10;........ | ........&#10;........ | ........&#10;........ | ........&#10;.S..Z... | ........&#10;.SSZZ.L. | ........&#10;..SZLLL. | ........&#10;&#10;step=37, rand=0, actions=&lt;Left&gt;&#10;Want     | Got ✗   &#10;-------------------&#10;..I..... | ..L.....&#10;..I..... | ..LLL...&#10;..I..... | ........&#10;..I..... | ........&#10;........ | ........&#10;........ | ........&#10;........ | ........&#10;........ | ........&#10;.S..Z... | ........&#10;.SSZZ.L. | ........&#10;..SZLLL. | ........&#10;&#10;step=38, rand=0, actions=&lt;Left&gt;&#10;Want     | Got ✗   &#10;-------------------&#10;.I...... | ..L.....&#10;.I...... | ..LLL...&#10;.I...... | ........&#10;.I...... | ........&#10;........ | ........&#10;........ | ........&#10;........ | ........&#10;........ | ........&#10;.S..Z... | ........&#10;.SSZZ.L. | ........&#10;..SZLLL. | ........&#10;&#10;step=39, rand=0, actions=&lt;Left&gt;&#10;Want     | Got ✗   &#10;-------------------&#10;I....... | ..L.....&#10;I....... | ..LLL...&#10;I....... | ........&#10;I....... | ........&#10;........ | ........&#10;........ | ........&#10;........ | ........&#10;........ | ........&#10;.S..Z... | ........&#10;.SSZZ.L. | ........&#10;..SZLLL. | ........&#10;&#10;step=40, rand=0, actions=&lt;Left&gt;&#10;Want     | Got ✗   &#10;-------------------&#10;I....... | ..L.....&#10;I....... | ..LLL...&#10;I....... | ........&#10;I....... | ........&#10;........ | ........&#10;........ | ........&#10;........ | ........&#10;........ | ........&#10;.S..Z... | ........&#10;.SSZZ.L. | ........&#10;..SZLLL. | ........&#10;&#10;step=41, rand=0, actions=&lt;Down&gt;&#10;Want     | Got ✗   &#10;-------------------&#10;........ | ..L.....&#10;I....... | ..LLL...&#10;I....... | ........&#10;I....... | ........&#10;I....... | ........&#10;........ | ........&#10;........ | ........&#10;........ | ........&#10;.S..Z... | ........&#10;.SSZZ.L. | ........&#10;..SZLLL. | ........&#10;&#10;step=42, rand=0, actions=&lt;Down&gt;&#10;Want     | Got ✗   &#10;-------------------&#10;........ | ..L.....&#10;........ | ..LLL...&#10;I....... | ........&#10;I....... | ........&#10;I....... | ........&#10;I....... | ........&#10;........ | ........&#10;........ | ........&#10;.S..Z... | ........&#10;.SSZZ.L. | ........&#10;..SZLLL. | ........&#10;&#10;step=43, rand=0, actions=&lt;Down&gt;&#10;Want     | Got ✗   &#10;-------------------&#10;........ | ..L.....&#10;........ | ..LLL...&#10;........ | ........&#10;I....... | ........&#10;I....... | ........&#10;I....... | ........&#10;I....... | ........&#10;........ | ........&#10;.S..Z... | ........&#10;.SSZZ.L. | ........&#10;..SZLLL. | ........&#10;&#10;step=44, rand=0, actions=&lt;Down&gt;&#10;Want     | Got ✗   &#10;-------------------&#10;........ | ..L.....&#10;........ | ..LLL...&#10;........ | ........&#10;........ | ........&#10;I....... | ........&#10;I....... | ........&#10;I....... | ........&#10;I....... | ........&#10;.S..Z... | ........&#10;.SSZZ.L. | ........&#10;..SZLLL. | ........&#10;&#10;step=45, rand=0, actions=&lt;Down&gt;&#10;Want     | Got ✗   &#10;-------------------&#10;........ | ..L.....&#10;........ | ..LLL...&#10;........ | ........&#10;........ | ........&#10;........ | ........&#10;I....... | ........&#10;I....... | ........&#10;I....... | ........&#10;IS..Z... | ........&#10;.SSZZ.L. | ........&#10;..SZLLL. | ........&#10;&#10;step=46, rand=0, actions=&lt;Down&gt;&#10;Want     | Got ✗   &#10;-------------------&#10;........ | ..L.....&#10;........ | ..LLL...&#10;........ | ........&#10;........ | ........&#10;........ | ........&#10;........ | ........&#10;I....... | ........&#10;I....... | ........&#10;IS..Z... | ........&#10;ISSZZ.L. | ........&#10;..SZLLL. | ........&#10;&#10;step=47, rand=0, actions=&lt;Down&gt;&#10;Want     | Got ✗   &#10;-------------------&#10;........ | ..L.....&#10;........ | ..LLL...&#10;........ | ........&#10;........ | ........&#10;........ | ........&#10;........ | ........&#10;........ | ........&#10;I....... | ........&#10;IS..Z... | ........&#10;ISSZZ.L. | ........&#10;I.SZLLL. | ........&#10;&#10;step=48, rand=3, actions=&lt;Down&gt;&#10;Want     | Got ✗   &#10;-------------------&#10;...OO... | ..L.....&#10;...OO... | ..LLL...&#10;........ | ........&#10;........ | ........&#10;........ | ........&#10;........ | ........&#10;........ | ........&#10;I....... | ........&#10;IS..Z... | ........&#10;ISSZZ.L. | ........&#10;I.SZLLL. | ........&#10;&#10;step=49, rand=3, actions=&lt;Left&gt;&#10;Want     | Got ✗   &#10;-------------------&#10;..OO.... | ..L.....&#10;..OO.... | ..LLL...&#10;........ | ........&#10;........ | ........&#10;........ | ........&#10;........ | ........&#10;........ | ........&#10;I....... | ........&#10;IS..Z... | ........&#10;ISSZZ.L. | ........&#10;I.SZLLL. | ........&#10;&#10;step=50, rand=3, actions=&lt;Down&gt;&#10;Want     | Got ✗   &#10;-------------------&#10;........ | ..L.....&#10;..OO.... | ..LLL...&#10;..OO.... | ........&#10;........ | ........&#10;........ | ........&#10;........ | ........&#10;........ | ........&#10;I....... | ........&#10;IS..Z... | ........&#10;ISSZZ.L. | ........&#10;I.SZLLL. | ........&#10;&#10;step=51, rand=3, actions=&lt;Left&gt;&#10;Want     | Got ✗   &#10;-------------------&#10;........ | ..L.....&#10;.OO..... | ..LLL...&#10;.OO..... | ........&#10;........ | ........&#10;........ | ........&#10;........ | ........&#10;........ | ........&#10;I....... | ........&#10;IS..Z... | ........&#10;ISSZZ.L. | ........&#10;I.SZLLL. | ........&#10;&#10;step=52, rand=3, actions=&lt;Down&gt;&#10;Want     | Got ✗   &#10;-------------------&#10;........ | ..L.....&#10;........ | ..LLL...&#10;.OO..... | ........&#10;.OO..... | ........&#10;........ | ........&#10;........ | ........&#10;........ | ........&#10;I....... | ........&#10;IS..Z... | ........&#10;ISSZZ.L. | ........&#10;I.SZLLL. | ........&#10;&#10;step=53, rand=3, actions=&lt;Down&gt;&#10;Want     | Got ✗   &#10;-------------------&#10;........ | ..L.....&#10;........ | ..LLL...&#10;........ | ........&#10;.OO..... | ........&#10;.OO..... | ........&#10;........ | ........&#10;........ | ........&#10;I....... | ........&#10;IS..Z... | ........&#10;ISSZZ.L. | ........&#10;I.SZLLL. | ........&#10;&#10;step=54, rand=3, actions=&lt;Down&gt;&#10;Want     | Got ✗   &#10;-------------------&#10;........ | ..L.....&#10;........ | ..LLL...&#10;........ | ........&#10;........ | ........&#10;.OO..... | ........&#10;.OO..... | ........&#10;........ | ........&#10;I....... | ........&#10;IS..Z... | ........&#10;ISSZZ.L. | ........&#10;I.SZLLL. | ........&#10;&#10;step=55, rand=3, actions=&lt;Down&gt;&#10;Want     | Got ✗   &#10;-------------------&#10;........ | ..L.....&#10;........ | ..LLL...&#10;........ | ........&#10;........ | ........&#10;........ | ........&#10;.OO..... | ........&#10;.OO..... | ........&#10;I....... | ........&#10;IS..Z... | ........&#10;ISSZZ.L. | ........&#10;I.SZLLL. | ........&#10;&#10;step=56, rand=3, actions=&lt;Right&gt;&#10;Want     | Got ✗   &#10;-------------------&#10;........ | ..L.....&#10;........ | ..LLL...&#10;........ | ........&#10;........ | ........&#10;........ | ........&#10;..OO.... | ........&#10;..OO.... | ........&#10;I....... | ........&#10;IS..Z... | ........&#10;ISSZZ.L. | ........&#10;I.SZLLL. | ........&#10;&#10;step=57, rand=3, actions=&lt;Down&gt;&#10;Want     | Got ✗   &#10;-------------------&#10;........ | ..L.....&#10;........ | ..LLL...&#10;........ | ........&#10;........ | ........&#10;........ | ........&#10;........ | ........&#10;..OO.... | ........&#10;I.OO.... | ........&#10;IS..Z... | ........&#10;ISSZZ.L. | ........&#10;I.SZLLL. | ........&#10;&#10;step=58, rand=3, actions=&lt;Down&gt;&#10;Want     | Got ✗   &#10;-------------------&#10;........ | ..L.....&#10;........ | ..LLL...&#10;........ | ........&#10;........ | ........&#10;........ | ........&#10;........ | ........&#10;........ | ........&#10;I.OO.... | ........&#10;ISOOZ... | ........&#10;ISSZZ.L. | ........&#10;I.SZLLL. | ........&#10;&#10;step=59, rand=3, actions=&lt;Down&gt;&#10;Want     | Got ✗   &#10;-------------------&#10;...OO... | ..L.....&#10;...OO... | ..LLL...&#10;........ | ........&#10;........ | ........&#10;........ | ........&#10;........ | ........&#10;........ | ........&#10;I.OO.... | ........&#10;ISOOZ... | ........&#10;ISSZZ.L. | ........&#10;I.SZLLL. | ........&#10;&#10;step=60, rand=3, actions=&lt;Left&gt;&#10;Want     | Got ✗   &#10;-------------------&#10;..OO.... | ..L.....&#10;..OO.... | ..LLL...&#10;........ | ........&#10;........ | ........&#10;........ | ........&#10;........ | ........&#10;........ | ........&#10;I.OO.... | ........&#10;ISOOZ... | ........&#10;ISSZZ.L. | ........&#10;I.SZLLL. | ........&#10;&#10;step=61, rand=3, actions=&lt;Down&gt;&#10;Want     | Got ✗   &#10;-------------------&#10;........ | ..L.....&#10;..OO.... | ..LLL...&#10;..OO.... | ........&#10;........ | ........&#10;........ | ........&#10;........ | ........&#10;........ | ........&#10;I.OO.... | ........&#10;ISOOZ... | ........&#10;ISSZZ.L. | ........&#10;I.SZLLL. | ........&#10;&#10;step=62, rand=3, actions=&lt;Down&gt;&#10;Want     | Got ✗   &#10;-------------------&#10;........ | ..L.....&#10;........ | ..LLL...&#10;..OO.... | ........&#10;..OO.... | ........&#10;........ | ........&#10;........ | ........&#10;........ | ........&#10;I.OO.... | ........&#10;ISOOZ... | ........&#10;ISSZZ.L. | ........&#10;I.SZLLL. | ........&#10;&#10;step=63, rand=3, actions=&lt;Down&gt;&#10;Want     | Got ✗   &#10;-------------------&#10;........ | ..L.....&#10;........ | ..LLL...&#10;........ | ........&#10;..OO.... | ........&#10;..OO.... | ........&#10;........ | ........&#10;........ | ........&#10;I.OO.... | ........&#10;ISOOZ... | ........&#10;ISSZZ.L. | ........&#10;I.SZLLL. | ........&#10;&#10;step=64, rand=3, actions=&lt;Down&gt;&#10;Want     | Got ✗   &#10;-------------------&#10;........ | ..L.....&#10;........ | ..LLL...&#10;........ | ........&#10;........ | ........&#10;..OO.... | ........&#10;..OO.... | ........&#10;........ | ........&#10;I.OO.... | ........&#10;ISOOZ... | ........&#10;ISSZZ.L. | ........&#10;I.SZLLL. | ........&#10;&#10;step=65, rand=3, actions=&lt;Down&gt;&#10;Want     | Got ✗   &#10;-------------------&#10;........ | ..L.....&#10;........ | ..LLL...&#10;........ | ........&#10;........ | ........&#10;........ | ........&#10;..OO.... | ........&#10;..OO.... | ........&#10;I.OO.... | ........&#10;ISOOZ... | ........&#10;ISSZZ.L. | ........&#10;I.SZLLL. | ........&#10;&#10;step=66, rand=2, actions=&lt;Down&gt;&#10;Want     | Got ✗   &#10;-------------------&#10;....L... | ..L.....&#10;..LLL... | ..LLL...&#10;........ | ........&#10;........ | ........&#10;........ | ........&#10;..OO.... | ........&#10;..OO.... | ........&#10;I.OO.... | ........&#10;ISOOZ... | ........&#10;ISSZZ.L. | ........&#10;I.SZLLL. | ........&#10;&#10;step=67, rand=2, actions=&lt;RotateRight&gt;&#10;Want     | Got ✗   &#10;-------------------&#10;...L.... | ...LL...&#10;...L.... | ...L....&#10;...LL... | ...L....&#10;........ | ........&#10;........ | ........&#10;..OO.... | ........&#10;..OO.... | ........&#10;I.OO.... | ........&#10;ISOOZ... | ........&#10;ISSZZ.L. | ........&#10;I.SZLLL. | ........&#10;&#10;step=68, rand=2, actions=&lt;Right&gt;&#10;Want     | Got ✗   &#10;-------------------&#10;....L... | ...LL...&#10;....L... | ...L....&#10;....LL.. | ...L....&#10;........ | ........&#10;........ | ........&#10;..OO.... | ........&#10;..OO.... | ........&#10;I.OO.... | ........&#10;ISOOZ... | ........&#10;ISSZZ.L. | ........&#10;I.SZLLL. | ........&#10;&#10;step=69, rand=2, actions=&lt;Right&gt;&#10;Want     | Got ✗   &#10;-------------------&#10;.....L.. | ...LL...&#10;.....L.. | ...L....&#10;.....LL. | ...L....&#10;........ | ........&#10;........ | ........&#10;..OO.... | ........&#10;..OO.... | ........&#10;I.OO.... | ........&#10;ISOOZ... | ........&#10;ISSZZ.L. | ........&#10;I.SZLLL. | ........&#10;&#10;step=70, rand=2, actions=&lt;RotateRight&gt;&#10;Want     | Got ✗   &#10;-------------------&#10;........ | ........&#10;....LLL. | ..LLL...&#10;....L... | ....L...&#10;........ | ........&#10;........ | ........&#10;..OO.... | ........&#10;..OO.... | ........&#10;I.OO.... | ........&#10;ISOOZ... | ........&#10;ISSZZ.L. | ........&#10;I.SZLLL. | ........&#10;&#10;step=71, rand=2, actions=&lt;RotateRight&gt;&#10;Want     | Got ✗   &#10;-------------------&#10;....LL.. | ...L....&#10;.....L.. | ...L....&#10;.....L.. | ..LL....&#10;........ | ........&#10;........ | ........&#10;..OO.... | ........&#10;..OO.... | ........&#10;I.OO.... | ........&#10;ISOOZ... | ........&#10;ISSZZ.L. | ........&#10;I.SZLLL. | ........&#10;&#10;step=72, rand=2, actions=&lt;Right&gt;&#10;Want     | Got ✗   &#10;-------------------&#10;.....LL. | ...L....&#10;......L. | ...L....&#10;......L. | ..LL....&#10;........ | ........&#10;........ | ........&#10;..OO.... | ........&#10;..OO.... | ........&#10;I.OO.... | ........&#10;ISOOZ... | ........&#10;ISSZZ.L. | ........&#10;I.SZLLL. | ........&#10;&#10;step=73, rand=2, actions=&lt;Right&gt;&#10;Want     | Got ✗   &#10;-------------------&#10;......LL | ...L....&#10;.......L | ...L....&#10;.......L | ..LL....&#10;........ | ........&#10;........ | ........&#10;..OO.... | ........&#10;..OO.... | ........&#10;I.OO.... | ........&#10;ISOOZ... | ........&#10;ISSZZ.L. | ........&#10;I.SZLLL. | ........&#10;&#10;step=74, rand=2, actions=&lt;Down&gt;&#10;Want     | Got ✗   &#10;-------------------&#10;........ | ...L....&#10;......LL | ...L....&#10;.......L | ..LL....&#10;.......L | ........&#10;........ | ........&#10;..OO.... | ........&#10;..OO.... | ........&#10;I.OO.... | ........&#10;ISOOZ... | ........&#10;ISSZZ.L. | ........&#10;I.SZLLL. | ........&#10;&#10;step=75, rand=2, actions=&lt;Down&gt;&#10;Want     | Got ✗   &#10;-------------------&#10;........ | ...L....&#10;........ | ...L....&#10;......LL | ..LL....&#10;.......L | ........&#10;.......L | ........&#10;..OO.... | ........&#10;..OO.... | ........&#10;I.OO.... | ........&#10;ISOOZ... | ........&#10;ISSZZ.L. | ........&#10;I.SZLLL. | ........&#10;&#10;step=76, rand=2, actions=&lt;Down&gt;&#10;Want     | Got ✗   &#10;-------------------&#10;........ | ...L....&#10;........ | ...L....&#10;........ | ..LL....&#10;......LL | ........&#10;.......L | ........&#10;..OO...L | ........&#10;..OO.... | ........&#10;I.OO.... | ........&#10;ISOOZ... | ........&#10;ISSZZ.L. | ........&#10;I.SZLLL. | ........&#10;&#10;step=77, rand=2, actions=&lt;Down&gt;&#10;Want     | Got ✗   &#10;-------------------&#10;........ | ...L....&#10;........ | ...L....&#10;........ | ..LL....&#10;........ | ........&#10;......LL | ........&#10;..OO...L | ........&#10;..OO...L | ........&#10;I.OO.... | ........&#10;ISOOZ... | ........&#10;ISSZZ.L. | ........&#10;I.SZLLL. | ........&#10;&#10;step=78, rand=2, actions=&lt;Down&gt;&#10;Want     | Got ✗   &#10;-------------------&#10;........ | ...L....&#10;........ | ...L....&#10;........ | ..LL....&#10;........ | ........&#10;........ | ........&#10;..OO..LL | ........&#10;..OO...L | ........&#10;I.OO...L | ........&#10;ISOOZ... | ........&#10;ISSZZ.L. | ........&#10;I.SZLLL. | ........&#10;&#10;step=79, rand=2, actions=&lt;Down&gt;&#10;Want     | Got ✗   &#10;-------------------&#10;........ | ...L....&#10;........ | ...L....&#10;........ | ..LL....&#10;........ | ........&#10;........ | ........&#10;..OO.... | ........&#10;..OO..LL | ........&#10;I.OO...L | ........&#10;ISOOZ..L | ........&#10;ISSZZ.L. | ........&#10;I.SZLLL. | ........&#10;&#10;step=80, rand=2, actions=&lt;Down&gt;&#10;Want     | Got ✗   &#10;-------------------&#10;........ | ...L....&#10;........ | ...L....&#10;........ | ..LL....&#10;........ | ........&#10;........ | ........&#10;..OO.... | ........&#10;..OO.... | ........&#10;I.OO..LL | ........&#10;ISOOZ..L | ........&#10;ISSZZ.LL | ........&#10;I.SZLLL. | ........&#10;&#10;step=81, rand=2, actions=&lt;Down&gt;&#10;Want     | Got ✗   &#10;-------------------&#10;........ | ...L....&#10;........ | ...L....&#10;........ | ..LL....&#10;........ | ........&#10;........ | ........&#10;..OO.... | ........&#10;..OO.... | ........&#10;I.OO.... | ........&#10;ISOOZ.LL | ........&#10;ISSZZ.LL | ........&#10;I.SZLLLL | ........&#10;&#10;step=82, rand=5, actions=&lt;Down&gt;&#10;Want     | Got ✗   &#10;-------------------&#10;...T.... | ...L....&#10;..TTT... | ...L....&#10;........ | ..LL....&#10;........ | ........&#10;........ | ........&#10;..OO.... | ........&#10;..OO.... | ........&#10;I.OO.... | ........&#10;ISOOZ.LL | ........&#10;ISSZZ.LL | ........&#10;I.SZLLLL | ........&#10;&#10;step=83, rand=5, actions=&lt;Right&gt;&#10;Want     | Got ✗   &#10;-------------------&#10;....T... | ...L....&#10;...TTT.. | ...L....&#10;........ | ..LL....&#10;........ | ........&#10;........ | ........&#10;..OO.... | ........&#10;..OO.... | ........&#10;I.OO.... | ........&#10;ISOOZ.LL | ........&#10;ISSZZ.LL | ........&#10;I.SZLLLL | ........&#10;&#10;step=84, rand=5, actions=&lt;Right&gt;&#10;Want     | Got ✗   &#10;-------------------&#10;.....T.. | ...L....&#10;....TTT. | ...L....&#10;........ | ..LL....&#10;........ | ........&#10;........ | ........&#10;..OO.... | ........&#10;..OO.... | ........&#10;I.OO.... | ........&#10;ISOOZ.LL | ........&#10;ISSZZ.LL | ........&#10;I.SZLLLL | ........&#10;&#10;step=85, rand=5, actions=&lt;RotateRight&gt;&#10;Want     | Got ✗   &#10;-------------------&#10;.....T.. | ..L.....&#10;.....TT. | ..LLL...&#10;.....T.. | ........&#10;........ | ........&#10;........ | ........&#10;..OO.... | ........&#10;..OO.... | ........&#10;I.OO.... | ........&#10;ISOOZ.LL | ........&#10;ISSZZ.LL | ........&#10;I.SZLLLL | ........&#10;&#10;step=86, rand=5, actions=&lt;RotateRight&gt;&#10;Want     | Got ✗   &#10;-------------------&#10;........ | ...LL...&#10;....TTT. | ...L....&#10;.....T.. | ...L....&#10;........ | ........&#10;........ | ........&#10;..OO.... | ........&#10;..OO.... | ........&#10;I.OO.... | ........&#10;ISOOZ.LL | ........&#10;ISSZZ.LL | ........&#10;I.SZLLLL | ........&#10;&#10;step=87, rand=5, actions=&lt;Down&gt;&#10;Want     | Got ✗   &#10;-------------------&#10;........ | ...LL...&#10;........ | ...L....&#10;....TTT. | ...L....&#10;.....T.. | ........&#10;........ | ........&#10;..OO.... | ........&#10;..OO.... | ........&#10;I.OO.... | ........&#10;ISOOZ.LL | ........&#10;ISSZZ.LL | ........&#10;I.SZLLLL | ........&#10;&#10;step=88, rand=5, actions=&lt;Down&gt;&#10;Want     | Got ✗   &#10;-------------------&#10;........ | ...LL...&#10;........ | ...L....&#10;........ | ...L....&#10;....TTT. | ........&#10;.....T.. | ........&#10;..OO.... | ........&#10;..OO.... | ........&#10;I.OO.... | ........&#10;ISOOZ.LL | ........&#10;ISSZZ.LL | ........&#10;I.SZLLLL | ........&#10;&#10;step=89, rand=5, actions=&lt;Down&gt;&#10;Want     | Got ✗   &#10;-------------------&#10;........ | ...LL...&#10;........ | ...L....&#10;........ | ...L....&#10;........ | ........&#10;....TTT. | ........&#10;..OO.T.. | ........&#10;..OO.... | ........&#10;I.OO.... | ........&#10;ISOOZ.LL | ........&#10;ISSZZ.LL | ........&#10;I.SZLLLL | ........&#10;&#10;step=90, rand=5, actions=&lt;Down&gt;&#10;Want     | Got ✗   &#10;-------------------&#10;........ | ...LL...&#10;........ | ...L....&#10;........ | ...L....&#10;........ | ........&#10;........ | ........&#10;..OOTTT. | ........&#10;..OO.T.. | ........&#10;I.OO.... | ........&#10;ISOOZ.LL | ........&#10;ISSZZ.LL | ........&#10;I.SZLLLL | ........&#10;&#10;step=91, rand=5, actions=&lt;Down&gt;&#10;Want     | Got ✗   &#10;-------------------&#10;........ | ...LL...&#10;........ | ...L....&#10;........ | ...L....&#10;........ | ........&#10;........ | ........&#10;..OO.... | ........&#10;..OOTTT. | ........&#10;I.OO.T.. | ........&#10;ISOOZ.LL | ........&#10;ISSZZ.LL | ........&#10;I.SZLLLL | ........&#10;&#10;step=92, rand=5, actions=&lt;Down&gt;&#10;Want     | Got ✗   &#10;-------------------&#10;........ | ...LL...&#10;........ | ...L....&#10;........ | ...L....&#10;........ | ........&#10;........ | ........&#10;..OO.... | ........&#10;..OO.... | ........&#10;I.OOTTT. | ........&#10;ISOOZTLL | ........&#10;ISSZZ.LL | ........&#10;I.SZLLLL | ........&#10;&#10;step=93, rand=4, actions=&lt;Down&gt;&#10;Want     | Got ✗   &#10;-------------------&#10;...SS... | ...LL...&#10;..SS.... | ...L....&#10;........ | ...L....&#10;........ | ........&#10;........ | ........&#10;........ | ........&#10;..OO.... | ........&#10;..OO.... | ........&#10;I.OOTTT. | ........&#10;ISSZZ.LL | ........&#10;I.SZLLLL | ........&#10;&#10;step=94, rand=4, actions=&lt;Right&gt;&#10;Want     | Got ✗   &#10;-------------------&#10;....SS.. | ...LL...&#10;...SS... | ...L....&#10;........ | ...L....&#10;........ | ........&#10;........ | ........&#10;........ | ........&#10;..OO.... | ........&#10;..OO.... | ........&#10;I.OOTTT. | ........&#10;ISSZZ.LL | ........&#10;I.SZLLLL | ........&#10;&#10;step=95, rand=4, actions=&lt;RotateRight&gt;&#10;Want     | Got ✗   &#10;-------------------&#10;....S... | ........&#10;....SS.. | ..LLL...&#10;.....S.. | ....L...&#10;........ | ........&#10;........ | ........&#10;........ | ........&#10;..OO.... | ........&#10;..OO.... | ........&#10;I.OOTTT. | ........&#10;ISSZZ.LL | ........&#10;I.SZLLLL | ........&#10;&#10;step=96, rand=4, actions=&lt;Right&gt;&#10;Want     | Got ✗   &#10;-------------------&#10;.....S.. | ........&#10;.....SS. | ..LLL...&#10;......S. | ....L...&#10;........ | ........&#10;........ | ........&#10;........ | ........&#10;..OO.... | ........&#10;..OO.... | ........&#10;I.OOTTT. | ........&#10;ISSZZ.LL | ........&#10;I.SZLLLL | ........&#10;&#10;step=97, rand=4, actions=&lt;Right&gt;&#10;Want     | Got ✗   &#10;-------------------&#10;......S. | ........&#10;......SS | ..LLL...&#10;.......S | ....L...&#10;........ | ........&#10;........ | ........&#10;........ | ........&#10;..OO.... | ........&#10;..OO.... | ........&#10;I.OOTTT. | ........&#10;ISSZZ.LL | ........&#10;I.SZLLLL | ........&#10;&#10;step=98, rand=4, actions=&lt;Down&gt;&#10;Want     | Got ✗   &#10;-------------------&#10;........ | ........&#10;......S. | ..LLL...&#10;......SS | ....L...&#10;.......S | ........&#10;........ | ........&#10;........ | ........&#10;..OO.... | ........&#10;..OO.... | ........&#10;I.OOTTT. | ........&#10;ISSZZ.LL | ........&#10;I.SZLLLL | ........&#10;&#10;step=99, rand=4, actions=&lt;Down&gt;&#10;Want     | Got ✗   &#10;-------------------&#10;........ | ........&#10;........ | ..LLL...&#10;......S. | ....L...&#10;......SS | ........&#10;.......S | ........&#10;........ | ........&#10;..OO.... | ........&#10;..OO.... | ........&#10;I.OOTTT. | ........&#10;ISSZZ.LL | ........&#10;I.SZLLLL | ........&#10;&#10;step=100, rand=4, actions=&lt;Down&gt;&#10;Want     | Got ✗   &#10;-------------------&#10;........ | ........&#10;........ | ..LLL...&#10;........ | ....L...&#10;......S. | ........&#10;......SS | ........&#10;.......S | ........&#10;..OO.... | ........&#10;..OO.... | ........&#10;I.OOTTT. | ........&#10;ISSZZ.LL | ........&#10;I.SZLLLL | ........&#10;&#10;step=101, rand=4, actions=&lt;Down&gt;&#10;Want     | Got ✗   &#10;-------------------&#10;........ | ........&#10;........ | ..LLL...&#10;........ | ....L...&#10;........ | ........&#10;......S. | ........&#10;......SS | ........&#10;..OO...S | ........&#10;..OO.... | ........&#10;I.OOTTT. | ........&#10;ISSZZ.LL | ........&#10;I.SZLLLL | ........&#10;&#10;step=102, rand=4, actions=&lt;Down&gt;&#10;Want     | Got ✗   &#10;-------------------&#10;........ | ........&#10;........ | ..LLL...&#10;........ | ....L...&#10;........ | ........&#10;........ | ........&#10;......S. | ........&#10;..OO..SS | ........&#10;..OO...S | ........&#10;I.OOTTT. | ........&#10;ISSZZ.LL | ........&#10;I.SZLLLL | ........&#10;&#10;step=103, rand=4, actions=&lt;Down&gt;&#10;Want     | Got ✗   &#10;-------------------&#10;........ | ........&#10;........ | ..LLL...&#10;........ | ....L...&#10;........ | ........&#10;........ | ........&#10;........ | ........&#10;..OO..S. | ........&#10;..OO..SS | ........&#10;I.OOTTTS | ........&#10;ISSZZ.LL | ........&#10;I.SZLLLL | ........&#10;&#10;step=104, rand=5, actions=&lt;Down&gt;&#10;Want     | Got ✗   &#10;-------------------&#10;...T.... | ........&#10;..TTT... | ..LLL...&#10;........ | ....L...&#10;........ | ........&#10;........ | ........&#10;........ | ........&#10;..OO..S. | ........&#10;..OO..SS | ........&#10;I.OOTTTS | ........&#10;ISSZZ.LL | ........&#10;I.SZLLLL | ........&#10;&#10;step=105, rand=5, actions=&lt;Left&gt;&#10;Want     | Got ✗   &#10;-------------------&#10;..T..... | ........&#10;.TTT.... | ..LLL...&#10;........ | ....L...&#10;........ | ........&#10;........ | ........&#10;........ | ........&#10;..OO..S. | ........&#10;..OO..SS | ........&#10;I.OOTTTS | ........&#10;ISSZZ.LL | ........&#10;I.SZLLLL | ........&#10;&#10;step=106, rand=5, actions=&lt;RotateRight&gt;&#10;Want     | Got ✗   &#10;-------------------&#10;..T..... | ...L....&#10;..TT.... | ...L....&#10;..T..... | ..LL....&#10;........ | ........&#10;........ | ........&#10;........ | ........&#10;..OO..S. | ........&#10;..OO..SS | ........&#10;I.OOTTTS | ........&#10;ISSZZ.LL | ........&#10;I.SZLLLL | ........&#10;&#10;step=107, rand=5, actions=&lt;Left&gt;&#10;Want     | Got ✗   &#10;-------------------&#10;.T...... | ...L....&#10;.TT..... | ...L....&#10;.T...... | ..LL....&#10;........ | ........&#10;........ | ........&#10;........ | ........&#10;..OO..S. | ........&#10;..OO..SS | ........&#10;I.OOTTTS | ........&#10;ISSZZ.LL | ........&#10;I.SZLLLL | ........&#10;&#10;step=108, rand=5, actions=&lt;RotateRight&gt;&#10;Want     | Got ✗   &#10;-------------------&#10;........ | ..L.....&#10;TTT..... | ..LLL...&#10;.T...... | ........&#10;........ | ........&#10;........ | ........&#10;........ | ........&#10;..OO..S. | ........&#10;..OO..SS | ........&#10;I.OOTTTS | ........&#10;ISSZZ.LL | ........&#10;I.SZLLLL | ........&#10;&#10;step=109, rand=5, actions=&lt;RotateRight&gt;&#10;Want     | Got ✗   &#10;-------------------&#10;.T...... | ...LL...&#10;TT...... | ...L....&#10;.T...... | ...L....&#10;........ | ........&#10;........ | ........&#10;........ | ........&#10;..OO..S. | ........&#10;..OO..SS | ........&#10;I.OOTTTS | ........&#10;ISSZZ.LL | ........&#10;I.SZLLLL | ........&#10;&#10;step=110, rand=5, actions=&lt;Down&gt;&#10;Want     | Got ✗   &#10;-------------------&#10;........ | ...LL...&#10;.T...... | ...L....&#10;TT...... | ...L....&#10;.T...... | ........&#10;........ | ........&#10;........ | ........&#10;..OO..S. | ........&#10;..OO..SS | ........&#10;I.OOTTTS | ........&#10;ISSZZ.LL | ........&#10;I.SZLLLL | ........&#10;&#10;step=111, rand=5, actions=&lt;Down&gt;&#10;Want     | Got ✗   &#10;-------------------&#10;........ | ...LL...&#10;........ | ...L....&#10;.T...... | ...L....&#10;TT...... | ........&#10;.T...... | ........&#10;........ | ........&#10;..OO..S. | ........&#10;..OO..SS | ........&#10;I.OOTTTS | ........&#10;ISSZZ.LL | ........&#10;I.SZLLLL | ........&#10;&#10;step=112, rand=5, actions=&lt;Down&gt;&#10;Want     | Got ✗   &#10;-------------------&#10;........ | ...LL...&#10;........ | ...L....&#10;........ | ...L....&#10;.T...... | ........&#10;TT...... | ........&#10;.T...... | ........&#10;..OO..S. | ........&#10;..OO..SS | ........&#10;I.OOTTTS | ........&#10;ISSZZ.LL | ........&#10;I.SZLLLL | ........&#10;&#10;step=113, rand=5, actions=&lt;Down&gt;&#10;Want     | Got ✗   &#10;-------------------&#10;........ | ...LL...&#10;........ | ...L....&#10;........ | ...L....&#10;........ | ........&#10;.T...... | ........&#10;TT...... | ........&#10;.TOO..S. | ........&#10;..OO..SS | ........&#10;I.OOTTTS | ........&#10;ISSZZ.LL | ........&#10;I.SZLLLL | ........&#10;&#10;step=114, rand=5, actions=&lt;Down&gt;&#10;Want     | Got ✗   &#10;-------------------&#10;........ | ...LL...&#10;........ | ...L....&#10;........ | ...L....&#10;........ | ........&#10;........ | ........&#10;.T...... | ........&#10;TTOO..S. | ........&#10;.TOO..SS | ........&#10;I.OOTTTS | ........&#10;ISSZZ.LL | ........&#10;I.SZLLLL | ........&#10;&#10;step=115, rand=5, actions=&lt;Down&gt;&#10;Want     | Got ✗   &#10;-------------------&#10;........ | ...LL...&#10;........ | ...L....&#10;........ | ...L....&#10;........ | ........&#10;........ | ........&#10;........ | ........&#10;.TOO..S. | ........&#10;TTOO..SS | ........&#10;ITOOTTTS | ........&#10;ISSZZ.LL | ........&#10;I.SZLLLL | ........&#10;&#10;step=116, rand=4, actions=&lt;Down&gt;&#10;Want     | Got ✗   &#10;-------------------&#10;...SS... | ...LL...&#10;..SS.... | ...L....&#10;........ | ...L....&#10;........ | ........&#10;........ | ........&#10;........ | ........&#10;........ | ........&#10;.TOO..S. | ........&#10;TTOO..SS | ........&#10;ISSZZ.LL | ........&#10;I.SZLLLL | ........&#10;&#10;step=117, rand=4, actions=&lt;RotateRight&gt;&#10;Want     | Got ✗   &#10;-------------------&#10;...S.... | ........&#10;...SS... | ..LLL...&#10;....S... | ....L...&#10;........ | ........&#10;........ | ........&#10;........ | ........&#10;........ | ........&#10;.TOO..S. | ........&#10;TTOO..SS | ........&#10;ISSZZ.LL | ........&#10;I.SZLLLL | ........&#10;&#10;step=118, rand=4, actions=&lt;Right&gt;&#10;Want     | Got ✗   &#10;-------------------&#10;....S... | ........&#10;....SS.. | ..LLL...&#10;.....S.. | ....L...&#10;........ | ........&#10;........ | ........&#10;........ | ........&#10;........ | ........&#10;.TOO..S. | ........&#10;TTOO..SS | ........&#10;ISSZZ.LL | ........&#10;I.SZLLLL | ........&#10;&#10;step=119, rand=4, actions=&lt;Down&gt;&#10;Want     | Got ✗   &#10;-------------------&#10;........ | ........&#10;....S... | ..LLL...&#10;....SS.. | ....L...&#10;.....S.. | ........&#10;........ | ........&#10;........ | ........&#10;........ | ........&#10;.TOO..S. | ........&#10;TTOO..SS | ........&#10;ISSZZ.LL | ........&#10;I.SZLLLL | ........&#10;&#10;step=120, rand=4, actions=&lt;Down&gt;&#10;Want     | Got ✗   &#10;-------------------&#10;........ | ........&#10;........ | ..LLL...&#10;....S... | ....L...&#10;....SS.. | ........&#10;.....S.. | ........&#10;........ | ........&#10;........ | ........&#10;.TOO..S. | ........&#10;TTOO..SS | ........&#10;ISSZZ.LL | ........&#10;I.SZLLLL | ........&#10;&#10;step=121, rand=4, actions=&lt;Down&gt;&#10;Want     | Got ✗   &#10;-------------------&#10;........ | ........&#10;........ | ..LLL...&#10;........ | ....L...&#10;....S... | ........&#10;....SS.. | ........&#10;.....S.. | ........&#10;........ | ........&#10;.TOO..S. | ........&#10;TTOO..SS | ........&#10;ISSZZ.LL | ........&#10;I.SZLLLL | ........&#10;&#10;step=122, rand=4, actions=&lt;Down&gt;&#10;Want     | Got ✗   &#10;-------------------&#10;........ | ........&#10;........ | ..LLL...&#10;........ | ....L...&#10;........ | ........&#10;....S... | ........&#10;....SS.. | ........&#10;.....S.. | ........&#10;.TOO..S. | ........&#10;TTOO..SS | ........&#10;ISSZZ.LL | ........&#10;I.SZLLLL | ........&#10;&#10;step=123, rand=4, actions=&lt;Down&gt;&#10;Want     | Got ✗   &#10;-------------------&#10;........ | ........&#10;........ | ..LLL...&#10;........ | ....L...&#10;........ | ........&#10;........ | ........&#10;....S... | ........&#10;....SS.. | ........&#10;.TOO.SS. | ........&#10;TTOO..SS | ........&#10;ISSZZ.LL | ........&#10;I.SZLLLL | ........&#10;&#10;step=124, rand=4, actions=&lt;Down&gt;&#10;Want     | Got ✗   &#10;-------------------&#10;........ | ........&#10;........ | ..LLL...&#10;........ | ....L...&#10;........ | ........&#10;........ | ........&#10;........ | ........&#10;....S... | ........&#10;.TOOSSS. | ........&#10;TTOO.SSS | ........&#10;ISSZZ.LL | ........&#10;I.SZLLLL | ........&#10;&#10;step=125, rand=4, actions=&lt;Down&gt;&#10;Want     | Got ✗   &#10;-------------------&#10;........ | ........&#10;........ | ..LLL...&#10;........ | ....L...&#10;........ | ........&#10;........ | ........&#10;........ | ........&#10;........ | ........&#10;.TOOS.S. | ........&#10;TTOOSSSS | ........&#10;ISSZZSLL | ........&#10;I.SZLLLL | ........&#10;&#10;step=126, rand=3, actions=&lt;Down&gt;&#10;Want     | Got ✗   &#10;-------------------&#10;...OO... | ........&#10;...OO... | ..LLL...&#10;........ | ....L...&#10;........ | ........&#10;........ | ........&#10;........ | ........&#10;........ | ........&#10;........ | ........&#10;........ | ........&#10;.TOOS.S. | ........&#10;I.SZLLLL | ........&#10;&#10;step=127, rand=3, actions=&lt;Left&gt;&#10;Want     | Got ✗   &#10;-------------------&#10;..OO.... | ........&#10;..OO.... | ..LLL...&#10;........ | ....L...&#10;........ | ........&#10;........ | ........&#10;........ | ........&#10;........ | ........&#10;........ | ........&#10;........ | ........&#10;.TOOS.S. | ........&#10;I.SZLLLL | ........&#10;&#10;step=128, rand=3, actions=&lt;Left&gt;&#10;Want     | Got ✗   &#10;-------------------&#10;.OO..... | ........&#10;.OO..... | ..LLL...&#10;........ | ....L...&#10;........ | ........&#10;........ | ........&#10;........ | ........&#10;........ | ........&#10;........ | ........&#10;........ | ........&#10;.TOOS.S. | ........&#10;I.SZLLLL | ........&#10;&#10;step=129, rand=3, actions=&lt;Down&gt;&#10;Want     | Got ✗   &#10;-------------------&#10;........ | ........&#10;.OO..... | ..LLL...&#10;.OO..... | ....L...&#10;........ | ........&#10;........ | ........&#10;........ | ........&#10;........ | ........&#10;........ | ........&#10;........ | ........&#10;.TOOS.S. | ........&#10;I.SZLLLL | ........&#10;&#10;step=130, rand=3, actions=&lt;Right&gt;&#10;Want     | Got ✗   &#10;-------------------&#10;........ | ........&#10;..OO.... | ..LLL...&#10;..OO.... | ....L...&#10;........ | ........&#10;........ | ........&#10;........ | ........&#10;........ | ........&#10;........ | ........&#10;........ | ........&#10;.TOOS.S. | ........&#10;I.SZLLLL | ........&#10;&#10;step=131, rand=3, actions=&lt;Down&gt;&#10;Want     | Got ✗   &#10;-------------------&#10;........ | ........&#10;........ | ..LLL...&#10;..OO.... | ....L...&#10;..OO.... | ........&#10;........ | ........&#10;........ | ........&#10;........ | ........&#10;........ | ........&#10;........ | ........&#10;.TOOS.S. | ........&#10;I.SZLLLL | ........&#10;&#10;step=132, rand=3, actions=&lt;Down&gt;&#10;Want     | Got ✗   &#10;-------------------&#10;........ | ........&#10;........ | ..LLL...&#10;........ | ....L...&#10;..OO.... | ........&#10;..OO.... | ........&#10;........ | ........&#10;........ | ........&#10;........ | ........&#10;........ | ........&#10;.TOOS.S. | ........&#10;I.SZLLLL | ........&#10;&#10;step=133, rand=3, actions=&lt;Down&gt;&#10;Want     | Got ✗   &#10;-------------------&#10;........ | ........&#10;........ | ..LLL...&#10;........ | ....L...&#10;........ | ........&#10;..OO.... | ........&#10;..OO.... | ........&#10;........ | ........&#10;........ | ........&#10;........ | ........&#10;.TOOS.S. | ........&#10;I.SZLLLL | ........&#10;&#10;step=134, rand=3, actions=&lt;Down&gt;&#10;Want     | Got ✗   &#10;-------------------&#10;........ | ........&#10;........ | ..LLL...&#10;........ | ....L...&#10;........ | ........&#10;........ | ........&#10;..OO.... | ........&#10;..OO.... | ........&#10;........ | ........&#10;........ | ........&#10;.TOOS.S. | ........&#10;I.SZLLLL | ........&#10;&#10;step=135, rand=3, actions=&lt;Down&gt;&#10;Want     | Got ✗   &#10;-------------------&#10;........ | ........&#10;........ | ..LLL...&#10;........ | ....L...&#10;........ | ........&#10;........ | ........&#10;........ | ........&#10;..OO.... | ........&#10;..OO.... | ........&#10;........ | ........&#10;.TOOS.S. | ........&#10;I.SZLLLL | ........&#10;&#10;step=136, rand=3, actions=&lt;Down&gt;&#10;Want     | Got ✗   &#10;-------------------&#10;........ | ........&#10;........ | ..LLL...&#10;........ | ....L...&#10;........ | ........&#10;........ | ........&#10;........ | ........&#10;........ | ........&#10;..OO.... | ........&#10;..OO.... | ........&#10;.TOOS.S. | ........&#10;I.SZLLLL | ........&#10;&#10;step=137, rand=2, actions=&lt;Down&gt;&#10;Want     | Got ✗   &#10;-------------------&#10;....L... | ........&#10;..LLL... | ..LLL...&#10;........ | ....L...&#10;........ | ........&#10;........ | ........&#10;........ | ........&#10;........ | ........&#10;..OO.... | ........&#10;..OO.... | ........&#10;.TOOS.S. | ........&#10;I.SZLLLL | ........&#10;&#10;step=138, rand=2, actions=&lt;RotateRight&gt;&#10;Want     | Got ✗   &#10;-------------------&#10;...L.... | ...L....&#10;...L.... | ...L....&#10;...LL... | ..LL....&#10;........ | ........&#10;........ | ........&#10;........ | ........&#10;........ | ........&#10;..OO.... | ........&#10;..OO.... | ........&#10;.TOOS.S. | ........&#10;I.SZLLLL | ........&#10;&#10;step=139, rand=2, actions=&lt;RotateRight&gt;&#10;Want     | Got ✗   &#10;-------------------&#10;........ | ..L.....&#10;..LLL... | ..LLL...&#10;..L..... | ........&#10;........ | ........&#10;........ | ........&#10;........ | ........&#10;........ | ........&#10;..OO.... | ........&#10;..OO.... | ........&#10;.TOOS.S. | ........&#10;I.SZLLLL | ........&#10;&#10;step=140, rand=2, actions=&lt;RotateRight&gt;&#10;Want     | Got ✗   &#10;-------------------&#10;..LL.... | ...LL...&#10;...L.... | ...L....&#10;...L.... | ...L....&#10;........ | ........&#10;........ | ........&#10;........ | ........&#10;........ | ........&#10;..OO.... | ........&#10;..OO.... | ........&#10;.TOOS.S. | ........&#10;I.SZLLLL | ........&#10;&#10;step=141, rand=2, actions=&lt;Right&gt;&#10;Want     | Got ✗   &#10;-------------------&#10;...LL... | ...LL...&#10;....L... | ...L....&#10;....L... | ...L....&#10;........ | ........&#10;........ | ........&#10;........ | ........&#10;........ | ........&#10;..OO.... | ........&#10;..OO.... | ........&#10;.TOOS.S. | ........&#10;I.SZLLLL | ........&#10;&#10;step=142, rand=2, actions=&lt;Down&gt;&#10;Want     | Got ✗   &#10;-------------------&#10;........ | ...LL...&#10;...LL... | ...L....&#10;....L... | ...L....&#10;....L... | ........&#10;........ | ........&#10;........ | ........&#10;........ | ........&#10;..OO.... | ........&#10;..OO.... | ........&#10;.TOOS.S. | ........&#10;I.SZLLLL | ........&#10;&#10;step=143, rand=2, actions=&lt;Down&gt;&#10;Want     | Got ✗   &#10;-------------------&#10;........ | ...LL...&#10;........ | ...L....&#10;...LL... | ...L....&#10;....L... | ........&#10;....L... | ........&#10;........ | ........&#10;........ | ........&#10;..OO.... | ........&#10;..OO.... | ........&#10;.TOOS.S. | ........&#10;I.SZLLLL | ........&#10;&#10;step=144, rand=2, actions=&lt;Down&gt;&#10;Want     | Got ✗   &#10;-------------------&#10;........ | ...LL...&#10;........ | ...L....&#10;........ | ...L....&#10;...LL... | ........&#10;....L... | ........&#10;....L... | ........&#10;........ | ........&#10;..OO.... | ........&#10;..OO.... | ........&#10;.TOOS.S. | ........&#10;I.SZLLLL | ........&#10;&#10;step=145, rand=2, actions=&lt;Down&gt;&#10;Want     | Got ✗   &#10;-------------------&#10;........ | ...LL...&#10;........ | ...L....&#10;........ | ...L....&#10;........ | ........&#10;...LL... | ........&#10;....L... | ........&#10;....L... | ........&#10;..OO.... | ........&#10;..OO.... | ........&#10;.TOOS.S. | ........&#10;I.SZLLLL | ........&#10;&#10;step=146, rand=2, actions=&lt;Down&gt;&#10;Want     | Got ✗   &#10;-------------------&#10;........ | ...LL...&#10;........ | ...L....&#10;........ | ...L....&#10;........ | ........&#10;........ | ........&#10;...LL... | ........&#10;....L... | ........&#10;..OOL... | ........&#10;..OO.... | ........&#10;.TOOS.S. | ........&#10;I.SZLLLL | ........&#10;&#10;step=147, rand=2, actions=&lt;Down&gt;&#10;Want     | Got ✗   &#10;-------------------&#10;........ | ...LL...&#10;........ | ...L....&#10;........ | ...L....&#10;........ | ........&#10;........ | ........&#10;........ | ........&#10;...LL... | ........&#10;..OOL... | ........&#10;..OOL... | ........&#10;.TOOS.S. | ........&#10;I.SZLLLL | ........&#10;&#10;step=148, rand=1, actions=&lt;Down&gt;&#10;Want     | Got ✗   &#10;-------------------&#10;..J..... | ...LL...&#10;..JJJ... | ...L....&#10;........ | ...L....&#10;........ | ........&#10;........ | ........&#10;........ | ........&#10;...LL... | ........&#10;..OOL... | ........&#10;..OOL... | ........&#10;.TOOS.S. | ........&#10;I.SZLLLL | ........&#10;&#10;step=149, rand=1, actions=&lt;RotateRight&gt;&#10;Want     | Got ✗   &#10;-------------------&#10;...JJ... | ........&#10;...J.... | ..LLL...&#10;...J.... | ....L...&#10;........ | ........&#10;........ | ........&#10;........ | ........&#10;...LL... | ........&#10;..OOL... | ........&#10;..OOL... | ........&#10;.TOOS.S. | ........&#10;I.SZLLLL | ........&#10;&#10;step=150, rand=1, actions=&lt;Right&gt;&#10;Want     | Got ✗   &#10;-------------------&#10;....JJ.. | ........&#10;....J... | ..LLL...&#10;....J... | ....L...&#10;........ | ........&#10;........ | ........&#10;........ | ........&#10;...LL... | ........&#10;..OOL... | ........&#10;..OOL... | ........&#10;.TOOS.S. | ........&#10;I.SZLLLL | ........&#10;&#10;step=151, rand=1, actions=&lt;RotateRight&gt;&#10;Want     | Got ✗   &#10;-------------------&#10;........ | ...L....&#10;...JJJ.. | ...L....&#10;.....J.. | ..LL....&#10;........ | ........&#10;........ | ........&#10;........ | ........&#10;...LL... | ........&#10;..OOL... | ........&#10;..OOL... | ........&#10;.TOOS.S. | ........&#10;I.SZLLLL | ........&#10;&#10;step=152, rand=1, actions=&lt;Right&gt;&#10;Want     | Got ✗   &#10;-------------------&#10;........ | ...L....&#10;....JJJ. | ...L....&#10;......J. | ..LL....&#10;........ | ........&#10;........ | ........&#10;........ | ........&#10;...LL... | ........&#10;..OOL... | ........&#10;..OOL... | ........&#10;.TOOS.S. | ........&#10;I.SZLLLL | ........&#10;&#10;step=153, rand=1, actions=&lt;Right&gt;&#10;Want     | Got ✗   &#10;-------------------&#10;........ | ...L....&#10;.....JJJ | ...L....&#10;.......J | ..LL....&#10;........ | ........&#10;........ | ........&#10;........ | ........&#10;...LL... | ........&#10;..OOL... | ........&#10;..OOL... | ........&#10;.TOOS.S. | ........&#10;I.SZLLLL | ........&#10;&#10;step=154, rand=1, actions=&lt;Right&gt;&#10;Want     | Got ✗   &#10;-------------------&#10;........ | ...L....&#10;.....JJJ | ...L....&#10;.......J | ..LL....&#10;........ | ........&#10;........ | ........&#10;........ | ........&#10;...LL... | ........&#10;..OOL... | ........&#10;..OOL... | ........&#10;.TOOS.S. | ........&#10;I.SZLLLL | ........&#10;&#10;step=155, rand=1, actions=&lt;Down&gt;&#10;Want     | Got ✗   &#10;-------------------&#10;........ | ...L....&#10;........ | ...L....&#10;.....JJJ | ..LL....&#10;.......J | ........&#10;........ | ........&#10;........ | ........&#10;...LL... | ........&#10;..OOL... | ........&#10;..OOL... | ........&#10;.TOOS.S. | ........&#10;I.SZLLLL | ........&#10;&#10;step=156, rand=1, actions=&lt;Down&gt;&#10;Want     | Got ✗   &#10;-------------------&#10;........ | ...L....&#10;........ | ...L....&#10;........ | ..LL....&#10;.....JJJ | ........&#10;.......J | ........&#10;........ | ........&#10;...LL... | ........&#10;..OOL... | ........&#10;..OOL... | ........&#10;.TOOS.S. | ........&#10;I.SZLLLL | ........&#10;&#10;step=157, rand=1, actions=&lt;Down&gt;&#10;Want     | Got ✗   &#10;-------------------&#10;........ | ...L....&#10;........ | ...L....&#10;........ | ..LL....&#10;........ | ........&#10;.....JJJ | ........&#10;.......J | ........&#10;...LL... | ........&#10;..OOL... | ........&#10;..OOL... | ........&#10;.TOOS.S. | ........&#10;I.SZLLLL | ........&#10;&#10;step=158, rand=1, actions=&lt;Down&gt;&#10;Want     | Got ✗   &#10;-------------------&#10;........ | ...L....&#10;........ | ...L....&#10;........ | ..LL....&#10;........ | ........&#10;........ | ........&#10;.....JJJ | ........&#10;...LL..J | ........&#10;..OOL... | ........&#10;..OOL... | ........&#10;.TOOS.S. | ........&#10;I.SZLLLL | ........&#10;&#10;step=159, rand=1, actions=&lt;Down&gt;&#10;Want     | Got ✗   &#10;-------------------&#10;........ | ...L....&#10;........ | ...L....&#10;........ | ..LL....&#10;........ | ........&#10;........ | ........&#10;........ | ........&#10;...LLJJJ | ........&#10;..OOL..J | ........&#10;..OOL... | ........&#10;.TOOS.S. | ........&#10;I.SZLLLL | ........&#10;&#10;step=160, rand=1, actions=&lt;Down&gt;&#10;Want     | Got ✗   &#10;-------------------&#10;........ | ...L....&#10;........ | ...L....&#10;........ | ..LL....&#10;........ | ........&#10;........ | ........&#10;........ | ........&#10;...LL... | ........&#10;..OOLJJJ | ........&#10;..OOL..J | ........&#10;.TOOS.S. | ........&#10;I.SZLLLL | ........&#10;&#10;step=161, rand=1, actions=&lt;Down&gt;&#10;Want     | Got ✗   &#10;-------------------&#10;........ | ...L....&#10;........ | ...L....&#10;........ | ..LL....&#10;........ | ........&#10;........ | ........&#10;........ | ........&#10;...LL... | ........&#10;..OOL... | ........&#10;..OOLJJJ | ........&#10;.TOOS.SJ | ........&#10;I.SZLLLL | ........&#10;&#10;step=162, rand=5, actions=&lt;Down&gt;&#10;Want     | Got ✗   &#10;-------------------&#10;...T.... | ...L....&#10;..TTT... | ...L....&#10;........ | ..LL....&#10;........ | ........&#10;........ | ........&#10;........ | ........&#10;...LL... | ........&#10;..OOL... | ........&#10;..OOLJJJ | ........&#10;.TOOS.SJ | ........&#10;I.SZLLLL | ........&#10;&#10;step=163, rand=5, actions=&lt;Left&gt;&#10;Want     | Got ✗   &#10;-------------------&#10;..T..... | ...L....&#10;.TTT.... | ...L....&#10;........ | ..LL....&#10;........ | ........&#10;........ | ........&#10;........ | ........&#10;...LL... | ........&#10;..OOL... | ........&#10;..OOLJJJ | ........&#10;.TOOS.SJ | ........&#10;I.SZLLLL | ........&#10;&#10;step=164, rand=5, actions=&lt;RotateRight&gt;&#10;Want     | Got ✗   &#10;-------------------&#10;..T..... | ..L.....&#10;..TT.... | ..LLL...&#10;..T..... | ........&#10;........ | ........&#10;........ | ........&#10;........ | ........&#10;...LL... | ........&#10;..OOL... | ........&#10;..OOLJJJ | ........&#10;.TOOS.SJ | ........&#10;I.SZLLLL | ........&#10;&#10;step=165, rand=5, actions=&lt;Left&gt;&#10;Want     | Got ✗   &#10;-------------------&#10;.T...... | ..L.....&#10;.TT..... | ..LLL...&#10;.T...... | ........&#10;........ | ........&#10;........ | ........&#10;........ | ........&#10;...LL... | ........&#10;..OOL... | ........&#10;..OOLJJJ | ........&#10;.TOOS.SJ | ........&#10;I.SZLLLL | ........&#10;&#10;step=166, rand=5, actions=&lt;Left&gt;&#10;Want     | Got ✗   &#10;-------------------&#10;T....... | ..L.....&#10;TT...... | ..LLL...&#10;T....... | ........&#10;........ | ........&#10;........ | ........&#10;........ | ........&#10;...LL... | ........&#10;..OOL... | ........&#10;..OOLJJJ | ........&#10;.TOOS.SJ | ........&#10;I.SZLLLL | ........&#10;&#10;step=167, rand=5, actions=&lt;Down&gt;&#10;Want     | Got ✗   &#10;-------------------&#10;........ | ..L.....&#10;T....... | ..LLL...&#10;TT...... | ........&#10;T....... | ........&#10;........ | ........&#10;........ | ........&#10;...LL... | ........&#10;..OOL... | ........&#10;..OOLJJJ | ........&#10;.TOOS.SJ | ........&#10;I.SZLLLL | ........&#10;&#10;step=168, rand=5, actions=&lt;Down&gt;&#10;Want     | Got ✗   &#10;-------------------&#10;........ | ..L.....&#10;........ | ..LLL...&#10;T....... | ........&#10;TT...... | ........&#10;T....... | ........&#10;........ | ........&#10;...LL... | ........&#10;..OOL... | ........&#10;..OOLJJJ | ........&#10;.TOOS.SJ | ........&#10;I.SZLLLL | ........&#10;&#10;step=169, rand=5, actions=&lt;Down&gt;&#10;Want     | Got ✗   &#10;-------------------&#10;........ | ..L.....&#10;........ | ..LLL...&#10;........ | ........&#10;T....... | ........&#10;TT...... | ........&#10;T....... | ........&#10;...LL... | ........&#10;..OOL... | ........&#10;..OOLJJJ | ........&#10;.TOOS.SJ | ........&#10;I.SZLLLL | ........&#10;&#10;step=170, rand=5, actions=&lt;Down&gt;&#10;Want     | Got ✗   &#10;-------------------&#10;........ | ..L.....&#10;........ | ..LLL...&#10;........ | ........&#10;........ | ........&#10;T....... | ........&#10;TT...... | ........&#10;T..LL... | ........&#10;..OOL... | ........&#10;..OOLJJJ | ........&#10;.TOOS.SJ | ........&#10;I.SZLLLL | ........&#10;&#10;step=171, rand=5, actions=&lt;Down&gt;&#10;Want     | Got ✗   &#10;-------------------&#10;........ | ..L.....&#10;........ | ..LLL...&#10;........ | ........&#10;........ | ........&#10;........ | ........&#10;T....... | ........&#10;TT.LL... | ........&#10;T.OOL... | ........&#10;..OOLJJJ | ........&#10;.TOOS.SJ | ........&#10;I.SZLLLL | ........&#10;&#10;step=172, rand=5, actions=&lt;Down&gt;&#10;Want     | Got ✗   &#10;-------------------&#10;........ | ..L.....&#10;........ | ..LLL...&#10;........ | ........&#10;........ | ........&#10;........ | ........&#10;........ | ........&#10;T..LL... | ........&#10;TTOOL... | ........&#10;T.OOLJJJ | ........&#10;.TOOS.SJ | ........&#10;I.SZLLLL | ........&#10;&#10;step=173, rand=5, actions=&lt;Down&gt;&#10;Want     | Got ✗   &#10;-------------------&#10;........ | ..L.....&#10;........ | ..LLL...&#10;........ | ........&#10;........ | ........&#10;........ | ........&#10;........ | ........&#10;...LL... | ........&#10;T.OOL... | ........&#10;TTOOLJJJ | ........&#10;TTOOS.SJ | ........&#10;I.SZLLLL | ........&#10;&#10;step=174, rand=1, actions=&lt;Down&gt;&#10;Want     | Got ✗   &#10;-------------------&#10;..J..... | ..L.....&#10;..JJJ... | ..LLL...&#10;........ | ........&#10;........ | ........&#10;........ | ........&#10;........ | ........&#10;........ | ........&#10;...LL... | ........&#10;T.OOL... | ........&#10;TTOOS.SJ | ........&#10;I.SZLLLL | ........&#10;&#10;step=175, rand=1, actions=&lt;RotateRight&gt;&#10;Want     | Got ✗   &#10;-------------------&#10;...JJ... | ...LL...&#10;...J.... | ...L....&#10;...J.... | ...L....&#10;........ | ........&#10;........ | ........&#10;........ | ........&#10;........ | ........&#10;...LL... | ........&#10;T.OOL... | ........&#10;TTOOS.SJ | ........&#10;I.SZLLLL | ........&#10;&#10;step=176, rand=1, actions=&lt;RotateRight&gt;&#10;Want     | Got ✗   &#10;-------------------&#10;........ | ........&#10;..JJJ... | ..LLL...&#10;....J... | ....L...&#10;........ | ........&#10;........ | ........&#10;........ | ........&#10;........ | ........&#10;...LL... | ........&#10;T.OOL... | ........&#10;TTOOS.SJ | ........&#10;I.SZLLLL | ........&#10;&#10;step=177, rand=1, actions=&lt;RotateRight&gt;&#10;Want     | Got ✗   &#10;-------------------&#10;...J.... | ...L....&#10;...J.... | ...L....&#10;..JJ.... | ..LL....&#10;........ | ........&#10;........ | ........&#10;........ | ........&#10;........ | ........&#10;...LL... | ........&#10;T.OOL... | ........&#10;TTOOS.SJ | ........&#10;I.SZLLLL | ........&#10;&#10;step=178, rand=1, actions=&lt;Right&gt;&#10;Want     | Got ✗   &#10;-------------------&#10;....J... | ...L....&#10;....J... | ...L....&#10;...JJ... | ..LL....&#10;........ | ........&#10;........ | ........&#10;........ | ........&#10;........ | ........&#10;...LL... | ........&#10;T.OOL... | ........&#10;TTOOS.SJ | ........&#10;I.SZLLLL | ........&#10;&#10;step=179, rand=1, actions=&lt;Right&gt;&#10;Want     | Got ✗   &#10;-------------------&#10;.....J.. | ...L....&#10;.....J.. | ...L....&#10;....JJ.. | ..LL....&#10;........ | ........&#10;........ | ........&#10;........ | ........&#10;........ | ........&#10;...LL... | ........&#10;T.OOL... | ........&#10;TTOOS.SJ | ........&#10;I.SZLLLL | ........&#10;&#10;step=180, rand=1, actions=&lt;Right&gt;&#10;Want     | Got ✗   &#10;-------------------&#10;......J. | ...L....&#10;......J. | ...L....&#10;.....JJ. | ..LL....&#10;........ | ........&#10;........ | ........&#10;........ | ........&#10;........ | ........&#10;...LL... | ........&#10;T.OOL... | ........&#10;TTOOS.SJ | ........&#10;I.SZLLLL | ........&#10;&#10;step=181, rand=1, actions=&lt;Right&gt;&#10;Want     | Got ✗   &#10;-------------------&#10;.......J | ...L....&#10;.......J | ...L....&#10;......JJ | ..LL....&#10;........ | ........&#10;........ | ........&#10;........ | ........&#10;........ | ........&#10;...LL... | ........&#10;T.OOL... | ........&#10;TTOOS.SJ | ........&#10;I.SZLLLL | ........&#10;&#10;step=182, rand=1, actions=&lt;Down&gt;&#10;Want     | Got ✗   &#10;-------------------&#10;........ | ...L....&#10;.......J | ...L....&#10;.......J | ..LL....&#10;......JJ | ........&#10;........ | ........&#10;........ | ........&#10;........ | ........&#10;...LL... | ........&#10;T.OOL... | ........&#10;TTOOS.SJ | ........&#10;I.SZLLLL | ........&#10;&#10;step=183, rand=1, actions=&lt;Down&gt;&#10;Want     | Got ✗   &#10;-------------------&#10;........ | ...L....&#10;........ | ...L....&#10;.......J | ..LL....&#10;.......J | ........&#10;......JJ | ........&#10;........ | ........&#10;........ | ........&#10;...LL... | ........&#10;T.OOL... | ........&#10;TTOOS.SJ | ........&#10;I.SZLLLL | ........&#10;&#10;step=184, rand=1, actions=&lt;Down&gt;&#10;Want     | Got ✗   &#10;-------------------&#10;........ | ...L....&#10;........ | ...L....&#10;........ | ..LL....&#10;.......J | ........&#10;.......J | ........&#10;......JJ | ........&#10;........ | ........&#10;...LL... | ........&#10;T.OOL... | ........&#10;TTOOS.SJ | ........&#10;I.SZLLLL | ........&#10;&#10;step=185, rand=1, actions=&lt;Down&gt;&#10;Want     | Got ✗   &#10;-------------------&#10;........ | ...L....&#10;........ | ...L....&#10;........ | ..LL....&#10;........ | ........&#10;.......J | ........&#10;.......J | ........&#10;......JJ | ........&#10;...LL... | ........&#10;T.OOL... | ........&#10;TTOOS.SJ | ........&#10;I.SZLLLL | ........&#10;&#10;step=186, rand=1, actions=&lt;Down&gt;&#10;Want     | Got ✗   &#10;-------------------&#10;........ | ...L....&#10;........ | ...L....&#10;........ | ..LL....&#10;........ | ........&#10;........ | ........&#10;.......J | ........&#10;.......J | ........&#10;...LL.JJ | ........&#10;T.OOL... | ........&#10;TTOOS.SJ | ........&#10;I.SZLLLL | ........&#10;&#10;step=187, rand=1, actions=&lt;Down&gt;&#10;Want     | Got ✗   &#10;-------------------&#10;........ | ...L....&#10;........ | ...L....&#10;........ | ..LL....&#10;........ | ........&#10;........ | ........&#10;........ | ........&#10;.......J | ........&#10;...LL..J | ........&#10;T.OOL.JJ | ........&#10;TTOOS.SJ | ........&#10;I.SZLLLL | ........&#10;&#10;step=188, rand=4, actions=&lt;Down&gt;&#10;Want     | Got ✗   &#10;-------------------&#10;...SS... | ...L....&#10;..SS.... | ...L....&#10;........ | ..LL....&#10;........ | ........&#10;........ | ........&#10;........ | ........&#10;.......J | ........&#10;...LL..J | ........&#10;T.OOL.JJ | ........&#10;TTOOS.SJ | ........&#10;I.SZLLLL | ........&#10;&#10;step=189, rand=4, actions=&lt;RotateRight&gt;&#10;Want     | Got ✗   &#10;-------------------&#10;...S.... | ..L.....&#10;...SS... | ..LLL...&#10;....S... | ........&#10;........ | ........&#10;........ | ........&#10;........ | ........&#10;.......J | ........&#10;...LL..J | ........&#10;T.OOL.JJ | ........&#10;TTOOS.SJ | ........&#10;I.SZLLLL | ........&#10;&#10;step=190, rand=4, actions=&lt;Left&gt;&#10;Want     | Got ✗   &#10;-------------------&#10;..S..... | ..L.....&#10;..SS.... | ..LLL...&#10;...S.... | ........&#10;........ | ........&#10;........ | ........&#10;........ | ........&#10;.......J | ........&#10;...LL..J | ........&#10;T.OOL.JJ | ........&#10;TTOOS.SJ | ........&#10;I.SZLLLL | ........&#10;&#10;step=191, rand=4, actions=&lt;Left&gt;&#10;Want     | Got ✗   &#10;-------------------&#10;.S...... | ..L.....&#10;.SS..... | ..LLL...&#10;..S..... | ........&#10;........ | ........&#10;........ | ........&#10;........ | ........&#10;.......J | ........&#10;...LL..J | ........&#10;T.OOL.JJ | ........&#10;TTOOS.SJ | ........&#10;I.SZLLLL | ........&#10;&#10;step=192, rand=4, actions=&lt;Left&gt;&#10;Want     | Got ✗   &#10;-------------------&#10;S....... | ..L.....&#10;SS...... | ..LLL...&#10;.S...... | ........&#10;........ | ........&#10;........ | ........&#10;........ | ........&#10;.......J | ........&#10;...LL..J | ........&#10;T.OOL.JJ | ........&#10;TTOOS.SJ | ........&#10;I.SZLLLL | ........&#10;&#10;step=193, rand=4, actions=&lt;Down&gt;&#10;Want     | Got ✗   &#10;-------------------&#10;........ | ..L.....&#10;S....... | ..LLL...&#10;SS...... | ........&#10;.S...... | ........&#10;........ | ........&#10;........ | ........&#10;.......J | ........&#10;...LL..J | ........&#10;T.OOL.JJ | ........&#10;TTOOS.SJ | ........&#10;I.SZLLLL | ........&#10;&#10;step=194, rand=4, actions=&lt;Down&gt;&#10;Want     | Got ✗   &#10;-------------------&#10;........ | ..L.....&#10;........ | ..LLL...&#10;S....... | ........&#10;SS...... | ........&#10;.S...... | ........&#10;........ | ........&#10;.......J | ........&#10;...LL..J | ........&#10;T.OOL.JJ | ........&#10;TTOOS.SJ | ........&#10;I.SZLLLL | ........&#10;&#10;step=195, rand=4, actions=&lt;Down&gt;&#10;Want     | Got ✗   &#10;-------------------&#10;........ | ..L.....&#10;........ | ..LLL...&#10;........ | ........&#10;S....... | ........&#10;SS...... | ........&#10;.S...... | ........&#10;.......J | ........&#10;...LL..J | ........&#10;T.OOL.JJ | ........&#10;TTOOS.SJ | ........&#10;I.SZLLLL | ........&#10;&#10;step=196, rand=4, actions=&lt;Down&gt;&#10;Want     | Got ✗   &#10;-------------------&#10;........ | ..L.....&#10;........ | ..LLL...&#10;........ | ........&#10;........ | ........&#10;S....... | ........&#10;SS...... | ........&#10;.S.....J | ........&#10;...LL..J | ........&#10;T.OOL.JJ | ........&#10;TTOOS.SJ | ........&#10;I.SZLLLL | ........&#10;&#10;step=197, rand=4, actions=&lt;Down&gt;&#10;Want     | Got ✗   &#10;-------------------&#10;........ | ..L.....&#10;........ | ..LLL...&#10;........ | ........&#10;........ | ........&#10;........ | ........&#10;S....... | ........&#10;SS.....J | ........&#10;.S.LL..J | ........&#10;T.OOL.JJ | ........&#10;TTOOS.SJ | ........&#10;I.SZLLLL | ........&#10;&#10;step=198, rand=4, actions=&lt;Down&gt;&#10;Want     | Got ✗   &#10;-------------------&#10;........ | ..L.....&#10;........ | ..LLL...&#10;........ | ........&#10;........ | ........&#10;........ | ........&#10;........ | ........&#10;S......J | ........&#10;SS.LL..J | ........&#10;TSOOL.JJ | ........&#10;TTOOS.SJ | ........&#10;I.SZLLLL | ........&#10;&#10;step=199, rand=6, actions=&lt;Down&gt;&#10;Want     | Got ✗   &#10;-------------------&#10;..ZZ.... | ..L.....&#10;...ZZ... | ..LLL...&#10;........ | ........&#10;........ | ........&#10;........ | ........&#10;........ | ........&#10;S......J | ........&#10;SS.LL..J | ........&#10;TSOOL.JJ | ........&#10;TTOOS.SJ | ........&#10;I.SZLLLL | ........&#10;&#10;step=200, rand=6, actions=&lt;RotateRight&gt;&#10;Want     | Got ✗   &#10;-------------------&#10;....Z... | ...LL...&#10;...ZZ... | ...L....&#10;...Z.... | ...L....&#10;........ | ........&#10;........ | ........&#10;........ | ........&#10;S......J | ........&#10;SS.LL..J | ........&#10;TSOOL.JJ | ........&#10;TTOOS.SJ | ........&#10;I.SZLLLL | ........&#10;&#10;step=201, rand=6, actions=&lt;Left&gt;&#10;Want     | Got ✗   &#10;-------------------&#10;...Z.... | ...LL...&#10;..ZZ.... | ...L....&#10;..Z..... | ...L....&#10;........ | ........&#10;........ | ........&#10;........ | ........&#10;S......J | ........&#10;SS.LL..J | ........&#10;TSOOL.JJ | ........&#10;TTOOS.SJ | ........&#10;I.SZLLLL | ........&#10;&#10;step=202, rand=6, actions=&lt;Down&gt;&#10;Want     | Got ✗   &#10;-------------------&#10;........ | ...LL...&#10;...Z.... | ...L....&#10;..ZZ.... | ...L....&#10;..Z..... | ........&#10;........ | ........&#10;........ | ........&#10;S......J | ........&#10;SS.LL..J | ........&#10;TSOOL.JJ | ........&#10;TTOOS.SJ | ........&#10;I.SZLLLL | ........&#10;&#10;step=203, rand=6, actions=&lt;Down&gt;&#10;Want     | Got ✗   &#10;-------------------&#10;........ | ...LL...&#10;........ | ...L....&#10;...Z.... | ...L....&#10;..ZZ.... | ........&#10;..Z..... | ........&#10;........ | ........&#10;S......J | ........&#10;SS.LL..J | ........&#10;TSOOL.JJ | ........&#10;TTOOS.SJ | ........&#10;I.SZLLLL | ........&#10;&#10;step=204, rand=6, actions=&lt;Down&gt;&#10;Want     | Got ✗   &#10;-------------------&#10;........ | ...LL...&#10;........ | ...L....&#10;........ | ...L....&#10;...Z.... | ........&#10;..ZZ.... | ........&#10;..Z..... | ........&#10;S......J | ........&#10;SS.LL..J | ........&#10;TSOOL.JJ | ........&#10;TTOOS.SJ | ........&#10;I.SZLLLL | ........&#10;&#10;step=205, rand=6, actions=&lt;Down&gt;&#10;Want     | Got ✗   &#10;-------------------&#10;........ | ...LL...&#10;........ | ...L....&#10;........ | ...L....&#10;........ | ........&#10;...Z.... | ........&#10;..ZZ.... | ........&#10;S.Z....J | ........&#10;SS.LL..J | ........&#10;TSOOL.JJ | ........&#10;TTOOS.SJ | ........&#10;I.SZLLLL | ........&#10;&#10;step=206, rand=6, actions=&lt;Down&gt;&#10;Want     | Got ✗   &#10;-------------------&#10;........ | ...LL...&#10;........ | ...L....&#10;........ | ...L....&#10;........ | ........&#10;........ | ........&#10;...Z.... | ........&#10;S.ZZ...J | ........&#10;SSZLL..J | ........&#10;TSOOL.JJ | ........&#10;TTOOS.SJ | ........&#10;I.SZLLLL | ........&#10;&#10;step=207, rand=6, actions=&lt;Down&gt;&#10;Want     | Got ✗   &#10;-------------------&#10;..ZZ.... | ...LL...&#10;...ZZ... | ...L....&#10;........ | ...L....&#10;........ | ........&#10;........ | ........&#10;...Z.... | ........&#10;S.ZZ...J | ........&#10;SSZLL..J | ........&#10;TSOOL.JJ | ........&#10;TTOOS.SJ | ........&#10;I.SZLLLL | ........&#10;&#10;step=208, rand=6, actions=&lt;RotateRight&gt;&#10;Want     | Got ✗   &#10;-------------------&#10;....Z... | ........&#10;...ZZ... | ..LLL...&#10;...Z.... | ....L...&#10;........ | ........&#10;........ | ........&#10;...Z.... | ........&#10;S.ZZ...J | ........&#10;SSZLL..J | ........&#10;TSOOL.JJ | ........&#10;TTOOS.SJ | ........&#10;I.SZLLLL | ........&#10;&#10;step=209, rand=6, actions=&lt;Left&gt;&#10;Want     | Got ✗   &#10;-------------------&#10;...Z.... | ........&#10;..ZZ.... | ..LLL...&#10;..Z..... | ....L...&#10;........ | ........&#10;........ | ........&#10;...Z.... | ........&#10;S.ZZ...J | ........&#10;SSZLL..J | ........&#10;TSOOL.JJ | ........&#10;TTOOS.SJ | ........&#10;I.SZLLLL | ........&#10;&#10;step=210, rand=6, actions=&lt;Left&gt;&#10;Want     | Got ✗   &#10;-------------------&#10;..Z..... | ........&#10;.ZZ..... | ..LLL...&#10;.Z...... | ....L...&#10;........ | ........&#10;........ | ........&#10;...Z.... | ........&#10;S.ZZ...J | ........&#10;SSZLL..J | ........&#10;TSOOL.JJ | ........&#10;TTOOS.SJ | ........&#10;I.SZLLLL | ........&#10;&#10;step=211, rand=6, actions=&lt;Down&gt;&#10;Want     | Got ✗   &#10;-------------------&#10;........ | ........&#10;..Z..... | ..LLL...&#10;.ZZ..... | ....L...&#10;.Z...... | ........&#10;........ | ........&#10;...Z.... | ........&#10;S.ZZ...J | ........&#10;SSZLL..J | ........&#10;TSOOL.JJ | ........&#10;TTOOS.SJ | ........&#10;I.SZLLLL | ........&#10;&#10;step=212, rand=6, actions=&lt;Down&gt;&#10;Want     | Got ✗   &#10;-------------------&#10;........ | ........&#10;........ | ..LLL...&#10;..Z..... | ....L...&#10;.ZZ..... | ........&#10;.Z...... | ........&#10;...Z.... | ........&#10;S.ZZ...J | ........&#10;SSZLL..J | ........&#10;TSOOL.JJ | ........&#10;TTOOS.SJ | ........&#10;I.SZLLLL | ........&#10;&#10;step=213, rand=6, actions=&lt;Down&gt;&#10;Want     | Got ✗   &#10;-------------------&#10;........ | ........&#10;........ | ..LLL...&#10;........ | ....L...&#10;..Z..... | ........&#10;.ZZ..... | ........&#10;.Z.Z.... | ........&#10;S.ZZ...J | ........&#10;SSZLL..J | ........&#10;TSOOL.JJ | ........&#10;TTOOS.SJ | ........&#10;I.SZLLLL | ........&#10;&#10;step=214, rand=6, actions=&lt;Down&gt;&#10;Want     | Got ✗   &#10;-------------------&#10;........ | ........&#10;........ | ..LLL...&#10;........ | ....L...&#10;........ | ........&#10;..Z..... | ........&#10;.ZZZ.... | ........&#10;SZZZ...J | ........&#10;SSZLL..J | ........&#10;TSOOL.JJ | ........&#10;TTOOS.SJ | ........&#10;I.SZLLLL | ........&#10;&#10;step=215, rand=5, actions=&lt;Down&gt;&#10;Want     | Got ✗   &#10;-------------------&#10;...T.... | ........&#10;..TTT... | ..LLL...&#10;........ | ....L...&#10;........ | ........&#10;..Z..... | ........&#10;.ZZZ.... | ........&#10;SZZZ...J | ........&#10;SSZLL..J | ........&#10;TSOOL.JJ | ........&#10;TTOOS.SJ | ........&#10;I.SZLLLL | ........&#10;&#10;step=216, rand=5, actions=&lt;Right&gt;&#10;Want     | Got ✗   &#10;-------------------&#10;....T... | ........&#10;...TTT.. | ..LLL...&#10;........ | ....L...&#10;........ | ........&#10;..Z..... | ........&#10;.ZZZ.... | ........&#10;SZZZ...J | ........&#10;SSZLL..J | ........&#10;TSOOL.JJ | ........&#10;TTOOS.SJ | ........&#10;I.SZLLLL | ........&#10;&#10;step=217, rand=5, actions=&lt;Left&gt;&#10;Want     | Got ✗   &#10;-------------------&#10;...T.... | ........&#10;..TTT... | ..LLL...&#10;........ | ....L...&#10;........ | ........&#10;..Z..... | ........&#10;.ZZZ.... | ........&#10;SZZZ...J | ........&#10;SSZLL..J | ........&#10;TSOOL.JJ | ........&#10;TTOOS.SJ | ........&#10;I.SZLLLL | ........&#10;&#10;step=218, rand=5, actions=&lt;RotateRight&gt;&#10;Want     | Got ✗   &#10;-------------------&#10;...T.... | ...L....&#10;...TT... | ...L....&#10;...T.... | ..LL....&#10;........ | ........&#10;..Z..... | ........&#10;.ZZZ.... | ........&#10;SZZZ...J | ........&#10;SSZLL..J | ........&#10;TSOOL.JJ | ........&#10;TTOOS.SJ | ........&#10;I.SZLLLL | ........&#10;&#10;step=219, rand=5, actions=&lt;Left&gt;&#10;Want     | Got ✗   &#10;-------------------&#10;..T..... | ...L....&#10;..TT.... | ...L....&#10;..T..... | ..LL....&#10;........ | ........&#10;..Z..... | ........&#10;.ZZZ.... | ........&#10;SZZZ...J | ........&#10;SSZLL..J | ........&#10;TSOOL.JJ | ........&#10;TTOOS.SJ | ........&#10;I.SZLLLL | ........&#10;&#10;step=220, rand=5, actions=&lt;Left&gt;&#10;Want     | Got ✗   &#10;-------------------&#10;.T...... | ...L....&#10;.TT..... | ...L....&#10;.T...... | ..LL....&#10;........ | ........&#10;..Z..... | ........&#10;.ZZZ.... | ........&#10;SZZZ...J | ........&#10;SSZLL..J | ........&#10;TSOOL.JJ | ........&#10;TTOOS.SJ | ........&#10;I.SZLLLL | ........&#10;&#10;step=221, rand=5, actions=&lt;Left&gt;&#10;Want     | Got ✗   &#10;-------------------&#10;T....... | ...L....&#10;TT...... | ...L....&#10;T....... | ..LL....&#10;........ | ........&#10;..Z..... | ........&#10;.ZZZ.... | ........&#10;SZZZ...J | ........&#10;SSZLL..J | ........&#10;TSOOL.JJ | ........&#10;TTOOS.SJ | ........&#10;I.SZLLLL | ........&#10;&#10;step=222, rand=5, actions=&lt;Down&gt;&#10;Want     | Got ✗   &#10;-------------------&#10;........ | ...L....&#10;T....... | ...L....&#10;TT...... | ..LL....&#10;T....... | ........&#10;..Z..... | ........&#10;.ZZZ.... | ........&#10;SZZZ...J | ........&#10;SSZLL..J | ........&#10;TSOOL.JJ | ........&#10;TTOOS.SJ | ........&#10;I.SZLLLL | ........&#10;&#10;step=223, rand=5, actions=&lt;Down&gt;&#10;Want     | Got ✗   &#10;-------------------&#10;........ | ...L....&#10;........ | ...L....&#10;T....... | ..LL....&#10;TT...... | ........&#10;T.Z..... | ........&#10;.ZZZ.... | ........&#10;SZZZ...J | ........&#10;SSZLL..J | ........&#10;TSOOL.JJ | ........&#10;TTOOS.SJ | ........&#10;I.SZLLLL | ........&#10;&#10;step=224, rand=5, actions=&lt;Down&gt;&#10;Want     | Got ✗   &#10;-------------------&#10;........ | ...L....&#10;........ | ...L....&#10;........ | ..LL....&#10;T....... | ........&#10;TTZ..... | ........&#10;TZZZ.... | ........&#10;SZZZ...J | ........&#10;SSZLL..J | ........&#10;TSOOL.JJ | ........&#10;TTOOS.SJ | ........&#10;I.SZLLLL | ........&#10;&#10;step=225, rand=3, actions=&lt;Down&gt;&#10;Want     | Got ✗   &#10;-------------------&#10;...OO... | ...L....&#10;...OO... | ...L....&#10;........ | ..LL....&#10;T....... | ........&#10;TTZ..... | ........&#10;TZZZ.... | ........&#10;SZZZ...J | ........&#10;SSZLL..J | ........&#10;TSOOL.JJ | ........&#10;TTOOS.SJ | ........&#10;I.SZLLLL | ........&#10;&#10;step=226, rand=3, actions=&lt;Right&gt;&#10;Want     | Got ✗   &#10;-------------------&#10;....OO.. | ...L....&#10;....OO.. | ...L....&#10;........ | ..LL....&#10;T....... | ........&#10;TTZ..... | ........&#10;TZZZ.... | ........&#10;SZZZ...J | ........&#10;SSZLL..J | ........&#10;TSOOL.JJ | ........&#10;TTOOS.SJ | ........&#10;I.SZLLLL | ........&#10;&#10;step=227, rand=3, actions=&lt;Right&gt;&#10;Want     | Got ✗   &#10;-------------------&#10;.....OO. | ...L....&#10;.....OO. | ...L....&#10;........ | ..LL....&#10;T....... | ........&#10;TTZ..... | ........&#10;TZZZ.... | ........&#10;SZZZ...J | ........&#10;SSZLL..J | ........&#10;TSOOL.JJ | ........&#10;TTOOS.SJ | ........&#10;I.SZLLLL | ........&#10;&#10;step=228, rand=3, actions=&lt;Left&gt;&#10;Want     | Got ✗   &#10;-------------------&#10;....OO.. | ...L....&#10;....OO.. | ...L....&#10;........ | ..LL....&#10;T....... | ........&#10;TTZ..... | ........&#10;TZZZ.... | ........&#10;SZZZ...J | ........&#10;SSZLL..J | ........&#10;TSOOL.JJ | ........&#10;TTOOS.SJ | ........&#10;I.SZLLLL | ........&#10;&#10;step=229, rand=3, actions=&lt;Right&gt;&#10;Want     | Got ✗   &#10;-------------------&#10;.....OO. | ...L....&#10;.....OO. | ...L....&#10;........ | ..LL....&#10;T....... | ........&#10;TTZ..... | ........&#10;TZZZ.... | ........&#10;SZZZ...J | ........&#10;SSZLL..J | ........&#10;TSOOL.JJ | ........&#10;TTOOS.SJ | ........&#10;I.SZLLLL | ........&#10;&#10;step=230, rand=3, actions=&lt;Down&gt;&#10;Want     | Got ✗   &#10;-------------------&#10;........ | ...L....&#10;.....OO. | ...L....&#10;.....OO. | ..LL....&#10;T....... | ........&#10;TTZ..... | ........&#10;TZZZ.... | ........&#10;SZZZ...J | ........&#10;SSZLL..J | ........&#10;TSOOL.JJ | ........&#10;TTOOS.SJ | ........&#10;I.SZLLLL | ........&#10;&#10;step=231, rand=3, actions=&lt;Down&gt;&#10;Want     | Got ✗   &#10;-------------------&#10;........ | ...L....&#10;........ | ...L....&#10;.....OO. | ..LL....&#10;T....OO. | ........&#10;TTZ..... | ........&#10;TZZZ.... | ........&#10;SZZZ...J | ........&#10;SSZLL..J | ........&#10;TSOOL.JJ | ........&#10;TTOOS.SJ | ........&#10;I.SZLLLL | ........&#10;&#10;step=232, rand=3, actions=&lt;Down&gt;&#10;Want     | Got ✗   &#10;-------------------&#10;........ | ...L....&#10;........ | ...L....&#10;........ | ..LL....&#10;T....OO. | ........&#10;TTZ..OO. | ........&#10;TZZZ.... | ........&#10;SZZZ...J | ........&#10;SSZLL..J | ........&#10;TSOOL.JJ | ........&#10;TTOOS.SJ | ........&#10;I.SZLLLL | ........&#10;&#10;step=233, rand=3, actions=&lt;Down&gt;&#10;Want     | Got ✗   &#10;-------------------&#10;........ | ...L....&#10;........ | ...L....&#10;........ | ..LL....&#10;T....... | ........&#10;TTZ..OO. | ........&#10;TZZZ.OO. | ........&#10;SZZZ...J | ........&#10;SSZLL..J | ........&#10;TSOOL.JJ | ........&#10;TTOOS.SJ | ........&#10;I.SZLLLL | ........&#10;&#10;step=234, rand=3, actions=&lt;Down&gt;&#10;Want     | Got ✗   &#10;-------------------&#10;........ | ...L....&#10;........ | ...L....&#10;........ | ..LL....&#10;T....... | ........&#10;TTZ..... | ........&#10;TZZZ.OO. | ........&#10;SZZZ.OOJ | ........&#10;SSZLL..J | ........&#10;TSOOL.JJ | ........&#10;TTOOS.SJ | ........&#10;I.SZLLLL | ........&#10;&#10;step=235, rand=3, actions=&lt;Down&gt;&#10;Want     | Got ✗   &#10;-------------------&#10;........ | ...L....&#10;........ | ...L....&#10;........ | ..LL....&#10;T....... | ........&#10;TTZ..... | ........&#10;TZZZ.... | ........&#10;SZZZ.OOJ | ........&#10;SSZLLOOJ | ........&#10;TSOOL.JJ | ........&#10;TTOOS.SJ | ........&#10;I.SZLLLL | ........&#10;&#10;step=236, rand=3, actions=&lt;Right&gt;&#10;Want     | Got ✗   &#10;-------------------&#10;........ | ...L....&#10;........ | ...L....&#10;........ | ..LL....&#10;T....... | ........&#10;TTZ..... | ........&#10;TZZZ.... | ........&#10;SZZZ.OOJ | ........&#10;SSZLLOOJ | ........&#10;TSOOL.JJ | ........&#10;TTOOS.SJ | ........&#10;I.SZLLLL | ........&#10;&#10;step=237, rand=6, actions=&lt;Down&gt;&#10;Want     | Got ✗   &#10;-------------------&#10;..ZZ.... | ...L....&#10;...ZZ... | ...L....&#10;........ | ..LL....&#10;........ | ........&#10;T....... | ........&#10;TTZ..... | ........&#10;TZZZ.... | ........&#10;SZZZ.OOJ | ........&#10;TSOOL.JJ | ........&#10;TTOOS.SJ | ........&#10;I.SZLLLL | ........&#10;&#10;step=238, rand=6, actions=&lt;RotateRight&gt;&#10;Want     | Got ✗   &#10;-------------------&#10;....Z... | ..L.....&#10;...ZZ... | ..LLL...&#10;...Z.... | ........&#10;........ | ........&#10;T....... | ........&#10;TTZ..... | ........&#10;TZZZ.... | ........&#10;SZZZ.OOJ | ........&#10;TSOOL.JJ | ........&#10;TTOOS.SJ | ........&#10;I.SZLLLL | ........&#10;&#10;step=239, rand=6, actions=&lt;Right&gt;&#10;Want     | Got ✗   &#10;-------------------&#10;.....Z.. | ..L.....&#10;....ZZ.. | ..LLL...&#10;....Z... | ........&#10;........ | ........&#10;T....... | ........&#10;TTZ..... | ........&#10;TZZZ.... | ........&#10;SZZZ.OOJ | ........&#10;TSOOL.JJ | ........&#10;TTOOS.SJ | ........&#10;I.SZLLLL | ........&#10;&#10;step=240, rand=6, actions=&lt;Right&gt;&#10;Want     | Got ✗   &#10;-------------------&#10;......Z. | ..L.....&#10;.....ZZ. | ..LLL...&#10;.....Z.. | ........&#10;........ | ........&#10;T....... | ........&#10;TTZ..... | ........&#10;TZZZ.... | ........&#10;SZZZ.OOJ | ........&#10;TSOOL.JJ | ........&#10;TTOOS.SJ | ........&#10;I.SZLLLL | ........&#10;&#10;step=241, rand=6, actions=&lt;Left&gt;&#10;Want     | Got ✗   &#10;-------------------&#10;.....Z.. | ..L.....&#10;....ZZ.. | ..LLL...&#10;....Z... | ........&#10;........ | ........&#10;T....... | ........&#10;TTZ..... | ........&#10;TZZZ.... | ........&#10;SZZZ.OOJ | ........&#10;TSOOL.JJ | ........&#10;TTOOS.SJ | ........&#10;I.SZLLLL | ........&#10;&#10;step=242, rand=6, actions=&lt;Down&gt;&#10;Want     | Got ✗   &#10;-------------------&#10;........ | ..L.....&#10;.....Z.. | ..LLL...&#10;....ZZ.. | ........&#10;....Z... | ........&#10;T....... | ........&#10;TTZ..... | ........&#10;TZZZ.... | ........&#10;SZZZ.OOJ | ........&#10;TSOOL.JJ | ........&#10;TTOOS.SJ | ........&#10;I.SZLLLL | ........&#10;&#10;step=243, rand=6, actions=&lt;Down&gt;&#10;Want     | Got ✗   &#10;-------------------&#10;........ | ..L.....&#10;........ | ..LLL...&#10;.....Z.. | ........&#10;....ZZ.. | ........&#10;T...Z... | ........&#10;TTZ..... | ........&#10;TZZZ.... | ........&#10;SZZZ.OOJ | ........&#10;TSOOL.JJ | ........&#10;TTOOS.SJ | ........&#10;I.SZLLLL | ........&#10;&#10;step=244, rand=6, actions=&lt;Down&gt;&#10;Want     | Got ✗   &#10;-------------------&#10;........ | ..L.....&#10;........ | ..LLL...&#10;........ | ........&#10;.....Z.. | ........&#10;T...ZZ.. | ........&#10;TTZ.Z... | ........&#10;TZZZ.... | ........&#10;SZZZ.OOJ | ........&#10;TSOOL.JJ | ........&#10;TTOOS.SJ | ........&#10;I.SZLLLL | ........&#10;&#10;step=245, rand=6, actions=&lt;Down&gt;&#10;Want     | Got ✗   &#10;-------------------&#10;........ | ..L.....&#10;........ | ..LLL...&#10;........ | ........&#10;........ | ........&#10;T....Z.. | ........&#10;TTZ.ZZ.. | ........&#10;TZZZZ... | ........&#10;SZZZ.OOJ | ........&#10;TSOOL.JJ | ........&#10;TTOOS.SJ | ........&#10;I.SZLLLL | ........&#10;&#10;step=246, rand=6, actions=&lt;Down&gt;&#10;Want     | Got ✗   &#10;-------------------&#10;........ | ..L.....&#10;........ | ..LLL...&#10;........ | ........&#10;........ | ........&#10;T....... | ........&#10;TTZ..Z.. | ........&#10;TZZZZZ.. | ........&#10;SZZZZOOJ | ........&#10;TSOOL.JJ | ........&#10;TTOOS.SJ | ........&#10;I.SZLLLL | ........&#10;&#10;step=247, rand=5, actions=&lt;Down&gt;&#10;Want     | Got ✗   &#10;-------------------&#10;...T.... | ..L.....&#10;..TTT... | ..LLL...&#10;........ | ........&#10;........ | ........&#10;........ | ........&#10;T....... | ........&#10;TTZ..Z.. | ........&#10;TZZZZZ.. | ........&#10;TSOOL.JJ | ........&#10;TTOOS.SJ | ........&#10;I.SZLLLL | ........&#10;&#10;step=248, rand=5, actions=&lt;RotateRight&gt;&#10;Want     | Got ✗   &#10;-------------------&#10;...T.... | ...LL...&#10;...TT... | ...L....&#10;...T.... | ...L....&#10;........ | ........&#10;........ | ........&#10;T....... | ........&#10;TTZ..Z.. | ........&#10;TZZZZZ.. | ........&#10;TSOOL.JJ | ........&#10;TTOOS.SJ | ........&#10;I.SZLLLL | ........&#10;&#10;step=249, rand=5, actions=&lt;RotateRight&gt;&#10;Want     | Got ✗   &#10;-------------------&#10;........ | ........&#10;..TTT... | ..LLL...&#10;...T.... | ....L...&#10;........ | ........&#10;........ | ........&#10;T....... | ........&#10;TTZ..Z.. | ........&#10;TZZZZZ.. | ........&#10;TSOOL.JJ | ........&#10;TTOOS.SJ | ........&#10;I.SZLLLL | ........&#10;&#10;step=250, rand=5, actions=&lt;RotateRight&gt;&#10;Want     | Got ✗   &#10;-------------------&#10;...T.... | ...L....&#10;..TT.... | ...L....&#10;...T.... | ..LL....&#10;........ | ........&#10;........ | ........&#10;T....... | ........&#10;TTZ..Z.. | ........&#10;TZZZZZ.. | ........&#10;TSOOL.JJ | ........&#10;TTOOS.SJ | ........&#10;I.SZLLLL | ........&#10;&#10;step=251, rand=5, actions=&lt;RotateRight&gt;&#10;Want     | Got ✗   &#10;-------------------&#10;...T.... | ..L.....&#10;..TTT... | ..LLL...&#10;........ | ........&#10;........ | ........&#10;........ | ........&#10;T....... | ........&#10;TTZ..Z.. | ........&#10;TZZZZZ.. | ........&#10;TSOOL.JJ | ........&#10;TTOOS.SJ | ........&#10;I.SZLLLL | ........&#10;&#10;step=252, rand=5, actions=&lt;RotateRight&gt;&#10;Want     | Got ✗   &#10;-------------------&#10;...T.... | ...LL...&#10;...TT... | ...L....&#10;...T.... | ...L....&#10;........ | ........&#10;........ | ........&#10;T....... | ........&#10;TTZ..Z.. | ........&#10;TZZZZZ.. | ........&#10;TSOOL.JJ | ........&#10;TTOOS.SJ | ........&#10;I.SZLLLL | ........&#10;&#10;step=253, rand=5, actions=&lt;Right&gt;&#10;Want     | Got ✗   &#10;-------------------&#10;....T... | ...LL...&#10;....TT.. | ...L....&#10;....T... | ...L....&#10;........ | ........&#10;........ | ........&#10;T....... | ........&#10;TTZ..Z.. | ........&#10;TZZZZZ.. | ........&#10;TSOOL.JJ | ........&#10;TTOOS.SJ | ........&#10;I.SZLLLL | ........&#10;&#10;step=254, rand=5, actions=&lt;Down&gt;&#10;Want     | Got ✗   &#10;-------------------&#10;........ | ...LL...&#10;....T... | ...L....&#10;....TT.. | ...L....&#10;....T... | ........&#10;........ | ........&#10;T....... | ........&#10;TTZ..Z.. | ........&#10;TZZZZZ.. | ........&#10;TSOOL.JJ | ........&#10;TTOOS.SJ | ........&#10;I.SZLLLL | ........&#10;&#10;step=255, rand=5, actions=&lt;Down&gt;&#10;Want     | Got ✗   &#10;-------------------&#10;........ | ...LL...&#10;........ | ...L....&#10;....T... | ...L....&#10;....TT.. | ........&#10;....T... | ........&#10;T....... | ........&#10;TTZ..Z.. | ........&#10;TZZZZZ.. | ........&#10;TSOOL.JJ | ........&#10;TTOOS.SJ | ........&#10;I.SZLLLL | ........&#10;&#10;step=256, rand=5, actions=&lt;Down&gt;&#10;Want     | Got ✗   &#10;-------------------&#10;........ | ...LL...&#10;........ | ...L....&#10;........ | ...L....&#10;....T... | ........&#10;....TT.. | ........&#10;T...T... | ........&#10;TTZ..Z.. | ........&#10;TZZZZZ.. | ........&#10;TSOOL.JJ | ........&#10;TTOOS.SJ | ........&#10;I.SZLLLL | ........&#10;&#10;step=257, rand=5, actions=&lt;Down&gt;&#10;Want     | Got ✗   &#10;-------------------&#10;........ | ...LL...&#10;........ | ...L....&#10;........ | ...L....&#10;........ | ........&#10;....T... | ........&#10;T...TT.. | ........&#10;TTZ.TZ.. | ........&#10;TZZZZZ.. | ........&#10;TSOOL.JJ | ........&#10;TTOOS.SJ | ........&#10;I.SZLLLL | ........&#10;&#10;step=258, rand=5, actions=&lt;Down&gt;&#10;Want     | Got ✗   &#10;-------------------&#10;...T.... | ...LL...&#10;..TTT... | ...L....&#10;........ | ...L....&#10;........ | ........&#10;....T... | ........&#10;T...TT.. | ........&#10;TTZ.TZ.. | ........&#10;TZZZZZ.. | ........&#10;TSOOL.JJ | ........&#10;TTOOS.SJ | ........&#10;I.SZLLLL | ........&#10;&#10;step=259, rand=5, actions=&lt;RotateRight&gt;&#10;Want     | Got ✗   &#10;-------------------&#10;...T.... | ........&#10;...TT... | ..LLL...&#10;...T.... | ....L...&#10;........ | ........&#10;....T... | ........&#10;T...TT.. | ........&#10;TTZ.TZ.. | ........&#10;TZZZZZ.. | ........&#10;TSOOL.JJ | ........&#10;TTOOS.SJ | ........&#10;I.SZLLLL | ........&#10;&#10;step=260, rand=5, actions=&lt;RotateRight&gt;&#10;Want     | Got ✗   &#10;-------------------&#10;........ | ...L....&#10;..TTT... | ...L....&#10;...T.... | ..LL....&#10;........ | ........&#10;....T... | ........&#10;T...TT.. | ........&#10;TTZ.TZ.. | ........&#10;TZZZZZ.. | ........&#10;TSOOL.JJ | ........&#10;TTOOS.SJ | ........&#10;I.SZLLLL | ........&#10;&#10;step=261, rand=5, actions=&lt;RotateRight&gt;&#10;Want     | Got ✗   &#10;-------------------&#10;...T.... | ..L.....&#10;..TT.... | ..LLL...&#10;...T.... | ........&#10;........ | ........&#10;....T... | ........&#10;T...TT.. | ........&#10;TTZ.TZ.. | ........&#10;TZZZZZ.. | ........&#10;TSOOL.JJ | ........&#10;TTOOS.SJ | ........&#10;I.SZLLLL | ........&#10;&#10;step=262, rand=5, actions=&lt;Down&gt;&#10;Want     | Got ✗   &#10;-------------------&#10;........ | ..L.....&#10;...T.... | ..LLL...&#10;..TT.... | ........&#10;...T.... | ........&#10;....T... | ........&#10;T...TT.. | ........&#10;TTZ.TZ.. | ........&#10;TZZZZZ.. | ........&#10;TSOOL.JJ | ........&#10;TTOOS.SJ | ........&#10;I.SZLLLL | ........&#10;&#10;step=263, rand=5, actions=&lt;Down&gt;&#10;Want     | Got ✗   &#10;-------------------&#10;........ | ..L.....&#10;........ | ..LLL...&#10;...T.... | ........&#10;..TT.... | ........&#10;...TT... | ........&#10;T...TT.. | ........&#10;TTZ.TZ.. | ........&#10;TZZZZZ.. | ........&#10;TSOOL.JJ | ........&#10;TTOOS.SJ | ........&#10;I.SZLLLL | ........&#10;&#10;step=264, rand=5, actions=&lt;Down&gt;&#10;Want     | Got ✗   &#10;-------------------&#10;........ | ..L.....&#10;........ | ..LLL...&#10;........ | ........&#10;...T.... | ........&#10;..TTT... | ........&#10;T..TTT.. | ........&#10;TTZ.TZ.. | ........&#10;TZZZZZ.. | ........&#10;TSOOL.JJ | ........&#10;TTOOS.SJ | ........&#10;I.SZLLLL | ........&#10;&#10;step=265, rand=5, actions=&lt;Down&gt;&#10;Want     | Got ✗   &#10;-------------------&#10;........ | ..L.....&#10;........ | ..LLL...&#10;........ | ........&#10;........ | ........&#10;...TT... | ........&#10;T.TTTT.. | ........&#10;TTZTTZ.. | ........&#10;TZZZZZ.. | ........&#10;TSOOL.JJ | ........&#10;TTOOS.SJ | ........&#10;I.SZLLLL | ........&#10;&#10;step=266, rand=6, actions=&lt;Down&gt;&#10;Want     | Got ✗   &#10;-------------------&#10;..ZZ.... | ..L.....&#10;...ZZ... | ..LLL...&#10;........ | ........&#10;........ | ........&#10;...TT... | ........&#10;T.TTTT.. | ........&#10;TTZTTZ.. | ........&#10;TZZZZZ.. | ........&#10;TSOOL.JJ | ........&#10;TTOOS.SJ | ........&#10;I.SZLLLL | ........&#10;&#10;step=267, rand=6, actions=&lt;RotateRight&gt;&#10;Want     | Got ✗   &#10;-------------------&#10;....Z... | ...LL...&#10;...ZZ... | ...L....&#10;...Z.... | ...L....&#10;........ | ........&#10;...TT... | ........&#10;T.TTTT.. | ........&#10;TTZTTZ.. | ........&#10;TZZZZZ.. | ........&#10;TSOOL.JJ | ........&#10;TTOOS.SJ | ........&#10;I.SZLLLL | ........&#10;&#10;step=268, rand=6, actions=&lt;Left&gt;&#10;Want     | Got ✗   &#10;-------------------&#10;...Z.... | ...LL...&#10;..ZZ.... | ...L....&#10;..Z..... | ...L....&#10;........ | ........&#10;...TT... | ........&#10;T.TTTT.. | ........&#10;TTZTTZ.. | ........&#10;TZZZZZ.. | ........&#10;TSOOL.JJ | ........&#10;TTOOS.SJ | ........&#10;I.SZLLLL | ........&#10;&#10;step=269, rand=6, actions=&lt;Left&gt;&#10;Want     | Got ✗   &#10;-------------------&#10;..Z..... | ...LL...&#10;.ZZ..... | ...L....&#10;.Z...... | ...L....&#10;........ | ........&#10;...TT... | ........&#10;T.TTTT.. | ........&#10;TTZTTZ.. | ........&#10;TZZZZZ.. | ........&#10;TSOOL.JJ | ........&#10;TTOOS.SJ | ........&#10;I.SZLLLL | ........&#10;&#10;step=270, rand=6, actions=&lt;Down&gt;&#10;Want     | Got ✗   &#10;-------------------&#10;........ | ...LL...&#10;..Z..... | ...L....&#10;.ZZ..... | ...L....&#10;.Z...... | ........&#10;...TT... | ........&#10;T.TTTT.. | ........&#10;TTZTTZ.. | ........&#10;TZZZZZ.. | ........&#10;TSOOL.JJ | ........&#10;TTOOS.SJ | ........&#10;I.SZLLLL | ........&#10;&#10;step=271, rand=6, actions=&lt;Down&gt;&#10;Want     | Got ✗   &#10;-------------------&#10;........ | ...LL...&#10;........ | ...L....&#10;..Z..... | ...L....&#10;.ZZ..... | ........&#10;.Z.TT... | ........&#10;T.TTTT.. | ........&#10;TTZTTZ.. | ........&#10;TZZZZZ.. | ........&#10;TSOOL.JJ | ........&#10;TTOOS.SJ | ........&#10;I.SZLLLL | ........&#10;&#10;step=272, rand=6, actions=&lt;Down&gt;&#10;Want     | Got ✗   &#10;-------------------&#10;........ | ...LL...&#10;........ | ...L....&#10;........ | ...L....&#10;..Z..... | ........&#10;.ZZTT... | ........&#10;TZTTTT.. | ........&#10;TTZTTZ.. | ........&#10;TZZZZZ.. | ........&#10;TSOOL.JJ | ........&#10;TTOOS.SJ | ........&#10;I.SZLLLL | ........&#10;&#10;step=273, rand=0, actions=&lt;Down&gt;&#10;Want     | Got ✗   &#10;-------------------&#10;........ | ...LL...&#10;..IIII.. | ...L....&#10;........ | ...L....&#10;..Z..... | ........&#10;.ZZTT... | ........&#10;TZTTTT.. | ........&#10;TTZTTZ.. | ........&#10;TZZZZZ.. | ........&#10;TSOOL.JJ | ........&#10;TTOOS.SJ | ........&#10;I.SZLLLL | ........&#10;&#10;step=274, rand=0, actions=&lt;RotateRight&gt;&#10;Want     | Got ✗   &#10;-------------------&#10;....I... | ........&#10;....I... | ..LLL...&#10;....I... | ....L...&#10;..Z.I... | ........&#10;.ZZTT... | ........&#10;TZTTTT.. | ........&#10;TTZTTZ.. | ........&#10;TZZZZZ.. | ........&#10;TSOOL.JJ | ........&#10;TTOOS.SJ | ........&#10;I.SZLLLL | ........&#10;&#10;step=275, rand=0, actions=&lt;Right&gt;&#10;Want     | Got ✗   &#10;-------------------&#10;.....I.. | ........&#10;.....I.. | ..LLL...&#10;.....I.. | ....L...&#10;..Z..I.. | ........&#10;.ZZTT... | ........&#10;TZTTTT.. | ........&#10;TTZTTZ.. | ........&#10;TZZZZZ.. | ........&#10;TSOOL.JJ | ........&#10;TTOOS.SJ | ........&#10;I.SZLLLL | ........&#10;&#10;step=276, rand=0, actions=&lt;Right&gt;&#10;Want     | Got ✗   &#10;-------------------&#10;......I. | ........&#10;......I. | ..LLL...&#10;......I. | ....L...&#10;..Z...I. | ........&#10;.ZZTT... | ........&#10;TZTTTT.. | ........&#10;TTZTTZ.. | ........&#10;TZZZZZ.. | ........&#10;TSOOL.JJ | ........&#10;TTOOS.SJ | ........&#10;I.SZLLLL | ........&#10;&#10;step=277, rand=0, actions=&lt;Right&gt;&#10;Want     | Got ✗   &#10;-------------------&#10;.......I | ........&#10;.......I | ..LLL...&#10;.......I | ....L...&#10;..Z....I | ........&#10;.ZZTT... | ........&#10;TZTTTT.. | ........&#10;TTZTTZ.. | ........&#10;TZZZZZ.. | ........&#10;TSOOL.JJ | ........&#10;TTOOS.SJ | ........&#10;I.SZLLLL | ........&#10;&#10;step=278, rand=0, actions=&lt;Left&gt;&#10;Want     | Got ✗   &#10;-------------------&#10;......I. | ........&#10;......I. | ..LLL...&#10;......I. | ....L...&#10;..Z...I. | ........&#10;.ZZTT... | ........&#10;TZTTTT.. | ........&#10;TTZTTZ.. | ........&#10;TZZZZZ.. | ........&#10;TSOOL.JJ | ........&#10;TTOOS.SJ | ........&#10;I.SZLLLL | ........&#10;&#10;step=279, rand=0, actions=&lt;Down&gt;&#10;Want     | Got ✗   &#10;-------------------&#10;........ | ........&#10;......I. | ..LLL...&#10;......I. | ....L...&#10;..Z...I. | ........&#10;.ZZTT.I. | ........&#10;TZTTTT.. | ........&#10;TTZTTZ.. | ........&#10;TZZZZZ.. | ........&#10;TSOOL.JJ | ........&#10;TTOOS.SJ | ........&#10;I.SZLLLL | ........&#10;&#10;step=280, rand=0, actions=&lt;Down&gt;&#10;Want     | Got ✗   &#10;-------------------&#10;........ | ........&#10;........ | ..LLL...&#10;......I. | ....L...&#10;..Z...I. | ........&#10;.ZZTT.I. | ........&#10;TZTTTTI. | ........&#10;TTZTTZ.. | ........&#10;TZZZZZ.. | ........&#10;TSOOL.JJ | ........&#10;TTOOS.SJ | ........&#10;I.SZLLLL | ........&#10;&#10;step=281, rand=0, actions=&lt;Down&gt;&#10;Want     | Got ✗   &#10;-------------------&#10;........ | ........&#10;........ | ..LLL...&#10;........ | ....L...&#10;..Z...I. | ........&#10;.ZZTT.I. | ........&#10;TZTTTTI. | ........&#10;TTZTTZI. | ........&#10;TZZZZZ.. | ........&#10;TSOOL.JJ | ........&#10;TTOOS.SJ | ........&#10;I.SZLLLL | ........&#10;&#10;step=282, rand=0, actions=&lt;Down&gt;&#10;Want     | Got ✗   &#10;-------------------&#10;........ | ........&#10;........ | ..LLL...&#10;........ | ....L...&#10;..Z..... | ........&#10;.ZZTT.I. | ........&#10;TZTTTTI. | ........&#10;TTZTTZI. | ........&#10;TZZZZZI. | ........&#10;TSOOL.JJ | ........&#10;TTOOS.SJ | ........&#10;I.SZLLLL | ........&#10;&#10;step=283, rand=6, actions=&lt;Down&gt;&#10;Want     | Got ✗   &#10;-------------------&#10;..ZZ.... | ........&#10;...ZZ... | ..LLL...&#10;........ | ....L...&#10;..Z..... | ........&#10;.ZZTT.I. | ........&#10;TZTTTTI. | ........&#10;TTZTTZI. | ........&#10;TZZZZZI. | ........&#10;TSOOL.JJ | ........&#10;TTOOS.SJ | ........&#10;I.SZLLLL | ........&#10;&#10;step=284, rand=6, actions=&lt;Right&gt;&#10;Want     | Got ✗   &#10;-------------------&#10;...ZZ... | ........&#10;....ZZ.. | ..LLL...&#10;........ | ....L...&#10;..Z..... | ........&#10;.ZZTT.I. | ........&#10;TZTTTTI. | ........&#10;TTZTTZI. | ........&#10;TZZZZZI. | ........&#10;TSOOL.JJ | ........&#10;TTOOS.SJ | ........&#10;I.SZLLLL | ........&#10;&#10;step=285, rand=6, actions=&lt;Right&gt;&#10;Want     | Got ✗   &#10;-------------------&#10;....ZZ.. | ........&#10;.....ZZ. | ..LLL...&#10;........ | ....L...&#10;..Z..... | ........&#10;.ZZTT.I. | ........&#10;TZTTTTI. | ........&#10;TTZTTZI. | ........&#10;TZZZZZI. | ........&#10;TSOOL.JJ | ........&#10;TTOOS.SJ | ........&#10;I.SZLLLL | ........&#10;&#10;step=286, rand=6, actions=&lt;Left&gt;&#10;Want     | Got ✗   &#10;-------------------&#10;...ZZ... | ........&#10;....ZZ.. | ..LLL...&#10;........ | ....L...&#10;..Z..... | ........&#10;.ZZTT.I. | ........&#10;TZTTTTI. | ........&#10;TTZTTZI. | ........&#10;TZZZZZI. | ........&#10;TSOOL.JJ | ........&#10;TTOOS.SJ | ........&#10;I.SZLLLL | ........&#10;&#10;step=287, rand=6, actions=&lt;Left&gt;&#10;Want     | Got ✗   &#10;-------------------&#10;..ZZ.... | ........&#10;...ZZ... | ..LLL...&#10;........ | ....L...&#10;..Z..... | ........&#10;.ZZTT.I. | ........&#10;TZTTTTI. | ........&#10;TTZTTZI. | ........&#10;TZZZZZI. | ........&#10;TSOOL.JJ | ........&#10;TTOOS.SJ | ........&#10;I.SZLLLL | ........&#10;&#10;step=288, rand=6, actions=&lt;Left&gt;&#10;Want     | Got ✗   &#10;-------------------&#10;.ZZ..... | ........&#10;..ZZ.... | ..LLL...&#10;........ | ....L...&#10;..Z..... | ........&#10;.ZZTT.I. | ........&#10;TZTTTTI. | ........&#10;TTZTTZI. | ........&#10;TZZZZZI. | ........&#10;TSOOL.JJ | ........&#10;TTOOS.SJ | ........&#10;I.SZLLLL | ........&#10;&#10;step=289, rand=6, actions=&lt;Left&gt;&#10;Want     | Got ✗   &#10;-------------------&#10;ZZ...... | ........&#10;.ZZ..... | ..LLL...&#10;........ | ....L...&#10;..Z..... | ........&#10;.ZZTT.I. | ........&#10;TZTTTTI. | ........&#10;TTZTTZI. | ........&#10;TZZZZZI. | ........&#10;TSOOL.JJ | ........&#10;TTOOS.SJ | ........&#10;I.SZLLLL | ........&#10;&#10;step=290, rand=6, actions=&lt;RotateRight&gt;&#10;Want     | Got ✗   &#10;-------------------&#10;..Z..... | ...L....&#10;.ZZ..... | ...L....&#10;.Z...... | ..LL....&#10;..Z..... | ........&#10;.ZZTT.I. | ........&#10;TZTTTTI. | ........&#10;TTZTTZI. | ........&#10;TZZZZZI. | ........&#10;TSOOL.JJ | ........&#10;TTOOS.SJ | ........&#10;I.SZLLLL | ........&#10;&#10;step=291, rand=6, actions=&lt;Left&gt;&#10;Want     | Got ✗   &#10;-------------------&#10;.Z...... | ...L....&#10;ZZ...... | ...L....&#10;Z....... | ..LL....&#10;..Z..... | ........&#10;.ZZTT.I. | ........&#10;TZTTTTI. | ........&#10;TTZTTZI. | ........&#10;TZZZZZI. | ........&#10;TSOOL.JJ | ........&#10;TTOOS.SJ | ........&#10;I.SZLLLL | ........&#10;&#10;step=292, rand=6, actions=&lt;Left&gt;&#10;Want     | Got ✗   &#10;-------------------&#10;.Z...... | ...L....&#10;ZZ...... | ...L....&#10;Z....... | ..LL....&#10;..Z..... | ........&#10;.ZZTT.I. | ........&#10;TZTTTTI. | ........&#10;TTZTTZI. | ........&#10;TZZZZZI. | ........&#10;TSOOL.JJ | ........&#10;TTOOS.SJ | ........&#10;I.SZLLLL | ........&#10;&#10;step=293, rand=6, actions=&lt;Down&gt;&#10;Want     | Got ✗   &#10;-------------------&#10;........ | ...L....&#10;.Z...... | ...L....&#10;ZZ...... | ..LL....&#10;Z.Z..... | ........&#10;.ZZTT.I. | ........&#10;TZTTTTI. | ........&#10;TTZTTZI. | ........&#10;TZZZZZI. | ........&#10;TSOOL.JJ | ........&#10;TTOOS.SJ | ........&#10;I.SZLLLL | ........&#10;&#10;step=294, rand=6, actions=&lt;Down&gt;&#10;Want     | Got ✗   &#10;-------------------&#10;........ | ...L....&#10;........ | ...L....&#10;.Z...... | ..LL....&#10;ZZZ..... | ........&#10;ZZZTT.I. | ........&#10;TZTTTTI. | ........&#10;TTZTTZI. | ........&#10;TZZZZZI. | ........&#10;TSOOL.JJ | ........&#10;TTOOS.SJ | ........&#10;I.SZLLLL | ........&#10;&#10;step=295, rand=4, actions=&lt;Down&gt;&#10;Want     | Got ✗   &#10;-------------------&#10;...SS... | ...L....&#10;..SS.... | ...L....&#10;.Z...... | ..LL....&#10;ZZZ..... | ........&#10;ZZZTT.I. | ........&#10;TZTTTTI. | ........&#10;TTZTTZI. | ........&#10;TZZZZZI. | ........&#10;TSOOL.JJ | ........&#10;TTOOS.SJ | ........&#10;I.SZLLLL | ........&#10;&#10;step=296, rand=4, actions=&lt;RotateRight&gt;&#10;Want     | Got ✗   &#10;-------------------&#10;...S.... | ..L.....&#10;...SS... | ..LLL...&#10;.Z..S... | ........&#10;ZZZ..... | ........&#10;ZZZTT.I. | ........&#10;TZTTTTI. | ........&#10;TTZTTZI. | ........&#10;TZZZZZI. | ........&#10;TSOOL.JJ | ........&#10;TTOOS.SJ | ........&#10;I.SZLLLL | ........&#10;&#10;step=297, rand=4, actions=&lt;Right&gt;&#10;Want     | Got ✗   &#10;-------------------&#10;....S... | ..L.....&#10;....SS.. | ..LLL...&#10;.Z...S.. | ........&#10;ZZZ..... | ........&#10;ZZZTT.I. | ........&#10;TZTTTTI. | ........&#10;TTZTTZI. | ........&#10;TZZZZZI. | ........&#10;TSOOL.JJ | ........&#10;TTOOS.SJ | ........&#10;I.SZLLLL | ........&#10;&#10;step=298, rand=4, actions=&lt;Down&gt;&#10;Want     | Got ✗   &#10;-------------------&#10;........ | ..L.....&#10;....S... | ..LLL...&#10;.Z..SS.. | ........&#10;ZZZ..S.. | ........&#10;ZZZTT.I. | ........&#10;TZTTTTI. | ........&#10;TTZTTZI. | ........&#10;TZZZZZI. | ........&#10;TSOOL.JJ | ........&#10;TTOOS.SJ | ........&#10;I.SZLLLL | ........&#10;&#10;step=299, rand=4, actions=&lt;Down&gt;&#10;Want     | Got ✗   &#10;-------------------&#10;........ | ..L.....&#10;........ | ..LLL...&#10;.Z..S... | ........&#10;ZZZ.SS.. | ........&#10;ZZZTTSI. | ........&#10;TZTTTTI. | ........&#10;TTZTTZI. | ........&#10;TZZZZZI. | ........&#10;TSOOL.JJ | ........&#10;TTOOS.SJ | ........&#10;I.SZLLLL | ........&#10;&#10;step=300, rand=3, actions=&lt;Down&gt;&#10;Want     | Got ✗   &#10;-------------------&#10;...OO... | ..L.....&#10;...OO... | ..LLL...&#10;.Z..S... | ........&#10;ZZZ.SS.. | ........&#10;ZZZTTSI. | ........&#10;TZTTTTI. | ........&#10;TTZTTZI. | ........&#10;TZZZZZI. | ........&#10;TSOOL.JJ | ........&#10;TTOOS.SJ | ........&#10;I.SZLLLL | ........&#10;&#10;step=301, rand=3, actions=&lt;Right&gt;&#10;Want     | Got ✗   &#10;-------------------&#10;....OO.. | ..L.....&#10;....OO.. | ..LLL...&#10;.Z..S... | ........&#10;ZZZ.SS.. | ........&#10;ZZZTTSI. | ........&#10;TZTTTTI. | ........&#10;TTZTTZI. | ........&#10;TZZZZZI. | ........&#10;TSOOL.JJ | ........&#10;TTOOS.SJ | ........&#10;I.SZLLLL | ........&#10;&#10;step=302, rand=3, actions=&lt;Right&gt;&#10;Want     | Got ✗   &#10;-------------------&#10;.....OO. | ..L.....&#10;.....OO. | ..LLL...&#10;.Z..S... | ........&#10;ZZZ.SS.. | ........&#10;ZZZTTSI. | ........&#10;TZTTTTI. | ........&#10;TTZTTZI. | ........&#10;TZZZZZI. | ........&#10;TSOOL.JJ | ........&#10;TTOOS.SJ | ........&#10;I.SZLLLL | ........&#10;&#10;step=303, rand=3, actions=&lt;Right&gt;&#10;Want     | Got ✗   &#10;-------------------&#10;......OO | ..L.....&#10;......OO | ..LLL...&#10;.Z..S... | ........&#10;ZZZ.SS.. | ........&#10;ZZZTTSI. | ........&#10;TZTTTTI. | ........&#10;TTZTTZI. | ........&#10;TZZZZZI. | ........&#10;TSOOL.JJ | ........&#10;TTOOS.SJ | ........&#10;I.SZLLLL | ........&#10;&#10;step=304, rand=3, actions=&lt;Down&gt;&#10;Want     | Got ✗   &#10;-------------------&#10;........ | ..L.....&#10;......OO | ..LLL...&#10;.Z..S.OO | ........&#10;ZZZ.SS.. | ........&#10;ZZZTTSI. | ........&#10;TZTTTTI. | ........&#10;TTZTTZI. | ........&#10;TZZZZZI. | ........&#10;TSOOL.JJ | ........&#10;TTOOS.SJ | ........&#10;I.SZLLLL | ........&#10;&#10;step=305, rand=3, actions=&lt;Down&gt;&#10;Want     | Got ✗   &#10;-------------------&#10;........ | ..L.....&#10;........ | ..LLL...&#10;.Z..S.OO | ........&#10;ZZZ.SSOO | ........&#10;ZZZTTSI. | ........&#10;TZTTTTI. | ........&#10;TTZTTZI. | ........&#10;TZZZZZI. | ........&#10;TSOOL.JJ | ........&#10;TTOOS.SJ | ........&#10;I.SZLLLL | ........&#10;&#10;step=306, rand=3, actions=&lt;Down&gt;&#10;Want     | Got ✗   &#10;-------------------&#10;...OO... | ..L.....&#10;...OO... | ..LLL...&#10;.Z..S.OO | ........&#10;ZZZ.SSOO | ........&#10;ZZZTTSI. | ........&#10;TZTTTTI. | ........&#10;TTZTTZI. | ........&#10;TZZZZZI. | ........&#10;TSOOL.JJ | ........&#10;TTOOS.SJ | ........&#10;I.SZLLLL | ........&#10;&#10;step=307, rand=3, actions=&lt;Left&gt;&#10;Want     | Got ✗   &#10;-------------------&#10;..OO.... | ..L.....&#10;..OO.... | ..LLL...&#10;.Z..S.OO | ........&#10;ZZZ.SSOO | ........&#10;ZZZTTSI. | ........&#10;TZTTTTI. | ........&#10;TTZTTZI. | ........&#10;TZZZZZI. | ........&#10;TSOOL.JJ | ........&#10;TTOOS.SJ | ........&#10;I.SZLLLL | ........&#10;&#10;step=308, rand=3, actions=&lt;Left&gt;&#10;Want     | Got ✗   &#10;-------------------&#10;.OO..... | ..L.....&#10;.OO..... | ..LLL...&#10;.Z..S.OO | ........&#10;ZZZ.SSOO | ........&#10;ZZZTTSI. | ........&#10;TZTTTTI. | ........&#10;TTZTTZI. | ........&#10;TZZZZZI. | ........&#10;TSOOL.JJ | ........&#10;TTOOS.SJ | ........&#10;I.SZLLLL | ........&#10;&#10;step=309, rand=3, actions=&lt;Right&gt;&#10;Want     | Got ✗   &#10;-------------------&#10;..OO.... | ..L.....&#10;..OO.... | ..LLL...&#10;.Z..S.OO | ........&#10;ZZZ.SSOO | ........&#10;ZZZTTSI. | ........&#10;TZTTTTI. | ........&#10;TTZTTZI. | ........&#10;TZZZZZI. | ........&#10;TSOOL.JJ | ........&#10;TTOOS.SJ | ........&#10;I.SZLLLL | ........&#10;&#10;step=310, rand=3, actions=&lt;Down&gt;&#10;Want     | Got ✗   &#10;-------------------&#10;........ | ..L.....&#10;..OO.... | ..LLL...&#10;.ZOOS.OO | ........&#10;ZZZ.SSOO | ........&#10;ZZZTTSI. | ........&#10;TZTTTTI. | ........&#10;TTZTTZI. | ........&#10;TZZZZZI. | ........&#10;TSOOL.JJ | ........&#10;TTOOS.SJ | ........&#10;I.SZLLLL | ........&#10;&#10;step=311, rand=1, actions=&lt;Down&gt;&#10;Want              | Got ✗   &#10;----------------------------&#10;GameOverDisplay() | ..L.....&#10;                  | ..LLL...&#10;                  | ........&#10;                  | ........&#10;                  | ........&#10;                  | ........&#10;                  | ........&#10;                  | ........&#10;                  | ........&#10;                  | ........&#10;                  | ........&#10;&#10;" type="org.scalatest.exceptions.TestFailedException">org.scalatest.exceptions.TestFailedException: didPass was false
--------------------------------------------------------------------------------
This is what went wrong:

step=0, rand=2, actions=&lt;&gt;
Want     | Got ✗   
-------------------
....L... | ...LL...
..LLL... | ...L....
........ | ...L....
........ | ........
........ | ........
........ | ........
........ | ........
........ | ........
........ | ........
........ | ........
........ | ........

step=1, rand=2, actions=&lt;Right&gt;
Want     | Got ✗   
-------------------
.....L.. | ...LL...
...LLL.. | ...L....
........ | ...L....
........ | ........
........ | ........
........ | ........
........ | ........
........ | ........
........ | ........
........ | ........
........ | ........

step=2, rand=2, actions=&lt;Right&gt;
Want     | Got ✗   
-------------------
......L. | ...LL...
....LLL. | ...L....
........ | ...L....
........ | ........
........ | ........
........ | ........
........ | ........
........ | ........
........ | ........
........ | ........
........ | ........

step=3, rand=2, actions=&lt;Down&gt;
Want     | Got ✗   
-------------------
........ | ...LL...
......L. | ...L....
....LLL. | ...L....
........ | ........
........ | ........
........ | ........
........ | ........
........ | ........
........ | ........
........ | ........
........ | ........

step=4, rand=2, actions=&lt;Down&gt;
Want     | Got ✗   
-------------------
........ | ...LL...
........ | ...L....
......L. | ...L....
....LLL. | ........
........ | ........
........ | ........
........ | ........
........ | ........
........ | ........
........ | ........
........ | ........

step=5, rand=2, actions=&lt;Down&gt;
Want     | Got ✗   
-------------------
........ | ...LL...
........ | ...L....
........ | ...L....
......L. | ........
....LLL. | ........
........ | ........
........ | ........
........ | ........
........ | ........
........ | ........
........ | ........

step=6, rand=2, actions=&lt;Down&gt;
Want     | Got ✗   
-------------------
........ | ...LL...
........ | ...L....
........ | ...L....
........ | ........
......L. | ........
....LLL. | ........
........ | ........
........ | ........
........ | ........
........ | ........
........ | ........

step=7, rand=2, actions=&lt;Down&gt;
Want     | Got ✗   
-------------------
........ | ...LL...
........ | ...L....
........ | ...L....
........ | ........
........ | ........
......L. | ........
....LLL. | ........
........ | ........
........ | ........
........ | ........
........ | ........

step=8, rand=2, actions=&lt;Down&gt;
Want     | Got ✗   
-------------------
........ | ...LL...
........ | ...L....
........ | ...L....
........ | ........
........ | ........
........ | ........
......L. | ........
....LLL. | ........
........ | ........
........ | ........
........ | ........

step=9, rand=2, actions=&lt;Down&gt;
Want     | Got ✗   
-------------------
........ | ...LL...
........ | ...L....
........ | ...L....
........ | ........
........ | ........
........ | ........
........ | ........
......L. | ........
....LLL. | ........
........ | ........
........ | ........

step=10, rand=2, actions=&lt;Down&gt;
Want     | Got ✗   
-------------------
........ | ...LL...
........ | ...L....
........ | ...L....
........ | ........
........ | ........
........ | ........
........ | ........
........ | ........
......L. | ........
....LLL. | ........
........ | ........

step=11, rand=2, actions=&lt;Down&gt;
Want     | Got ✗   
-------------------
........ | ...LL...
........ | ...L....
........ | ...L....
........ | ........
........ | ........
........ | ........
........ | ........
........ | ........
........ | ........
......L. | ........
....LLL. | ........

step=12, rand=6, actions=&lt;Down&gt;
Want     | Got ✗   
-------------------
..ZZ.... | ...LL...
...ZZ... | ...L....
........ | ...L....
........ | ........
........ | ........
........ | ........
........ | ........
........ | ........
........ | ........
......L. | ........
....LLL. | ........

step=13, rand=6, actions=&lt;RotateRight&gt;
Want     | Got ✗   
-------------------
....Z... | ........
...ZZ... | ..LLL...
...Z.... | ....L...
........ | ........
........ | ........
........ | ........
........ | ........
........ | ........
........ | ........
......L. | ........
....LLL. | ........

step=14, rand=6, actions=&lt;Down&gt;
Want     | Got ✗   
-------------------
........ | ........
....Z... | ..LLL...
...ZZ... | ....L...
...Z.... | ........
........ | ........
........ | ........
........ | ........
........ | ........
........ | ........
......L. | ........
....LLL. | ........

step=15, rand=6, actions=&lt;Down&gt;
Want     | Got ✗   
-------------------
........ | ........
........ | ..LLL...
....Z... | ....L...
...ZZ... | ........
...Z.... | ........
........ | ........
........ | ........
........ | ........
........ | ........
......L. | ........
....LLL. | ........

step=16, rand=6, actions=&lt;Down&gt;
Want     | Got ✗   
-------------------
........ | ........
........ | ..LLL...
........ | ....L...
....Z... | ........
...ZZ... | ........
...Z.... | ........
........ | ........
........ | ........
........ | ........
......L. | ........
....LLL. | ........

step=17, rand=6, actions=&lt;Down&gt;
Want     | Got ✗   
-------------------
........ | ........
........ | ..LLL...
........ | ....L...
........ | ........
....Z... | ........
...ZZ... | ........
...Z.... | ........
........ | ........
........ | ........
......L. | ........
....LLL. | ........

step=18, rand=6, actions=&lt;Down&gt;
Want     | Got ✗   
-------------------
........ | ........
........ | ..LLL...
........ | ....L...
........ | ........
........ | ........
....Z... | ........
...ZZ... | ........
...Z.... | ........
........ | ........
......L. | ........
....LLL. | ........

step=19, rand=6, actions=&lt;Down&gt;
Want     | Got ✗   
-------------------
........ | ........
........ | ..LLL...
........ | ....L...
........ | ........
........ | ........
........ | ........
....Z... | ........
...ZZ... | ........
...Z.... | ........
......L. | ........
....LLL. | ........

step=20, rand=6, actions=&lt;Down&gt;
Want     | Got ✗   
-------------------
........ | ........
........ | ..LLL...
........ | ....L...
........ | ........
........ | ........
........ | ........
........ | ........
....Z... | ........
...ZZ... | ........
...Z..L. | ........
....LLL. | ........

step=21, rand=6, actions=&lt;Down&gt;
Want     | Got ✗   
-------------------
........ | ........
........ | ..LLL...
........ | ....L...
........ | ........
........ | ........
........ | ........
........ | ........
........ | ........
....Z... | ........
...ZZ.L. | ........
...ZLLL. | ........

step=22, rand=4, actions=&lt;Down&gt;
Want     | Got ✗   
-------------------
...SS... | ........
..SS.... | ..LLL...
........ | ....L...
........ | ........
........ | ........
........ | ........
........ | ........
........ | ........
....Z... | ........
...ZZ.L. | ........
...ZLLL. | ........

step=23, rand=4, actions=&lt;Left&gt;
Want     | Got ✗   
-------------------
..SS.... | ........
.SS..... | ..LLL...
........ | ....L...
........ | ........
........ | ........
........ | ........
........ | ........
........ | ........
....Z... | ........
...ZZ.L. | ........
...ZLLL. | ........

step=24, rand=4, actions=&lt;RotateRight&gt;
Want     | Got ✗   
-------------------
..S..... | ...L....
..SS.... | ...L....
...S.... | ..LL....
........ | ........
........ | ........
........ | ........
........ | ........
........ | ........
....Z... | ........
...ZZ.L. | ........
...ZLLL. | ........

step=25, rand=4, actions=&lt;Left&gt;
Want     | Got ✗   
-------------------
.S...... | ...L....
.SS..... | ...L....
..S..... | ..LL....
........ | ........
........ | ........
........ | ........
........ | ........
........ | ........
....Z... | ........
...ZZ.L. | ........
...ZLLL. | ........

step=26, rand=4, actions=&lt;Down&gt;
Want     | Got ✗   
-------------------
........ | ...L....
.S...... | ...L....
.SS..... | ..LL....
..S..... | ........
........ | ........
........ | ........
........ | ........
........ | ........
....Z... | ........
...ZZ.L. | ........
...ZLLL. | ........

step=27, rand=4, actions=&lt;Down&gt;
Want     | Got ✗   
-------------------
........ | ...L....
........ | ...L....
.S...... | ..LL....
.SS..... | ........
..S..... | ........
........ | ........
........ | ........
........ | ........
....Z... | ........
...ZZ.L. | ........
...ZLLL. | ........

step=28, rand=4, actions=&lt;Down&gt;
Want     | Got ✗   
-------------------
........ | ...L....
........ | ...L....
........ | ..LL....
.S...... | ........
.SS..... | ........
..S..... | ........
........ | ........
........ | ........
....Z... | ........
...ZZ.L. | ........
...ZLLL. | ........

step=29, rand=4, actions=&lt;Down&gt;
Want     | Got ✗   
-------------------
........ | ...L....
........ | ...L....
........ | ..LL....
........ | ........
.S...... | ........
.SS..... | ........
..S..... | ........
........ | ........
....Z... | ........
...ZZ.L. | ........
...ZLLL. | ........

step=30, rand=4, actions=&lt;Down&gt;
Want     | Got ✗   
-------------------
........ | ...L....
........ | ...L....
........ | ..LL....
........ | ........
........ | ........
.S...... | ........
.SS..... | ........
..S..... | ........
....Z... | ........
...ZZ.L. | ........
...ZLLL. | ........

step=31, rand=4, actions=&lt;Down&gt;
Want     | Got ✗   
-------------------
........ | ...L....
........ | ...L....
........ | ..LL....
........ | ........
........ | ........
........ | ........
.S...... | ........
.SS..... | ........
..S.Z... | ........
...ZZ.L. | ........
...ZLLL. | ........

step=32, rand=4, actions=&lt;Down&gt;
Want     | Got ✗   
-------------------
........ | ...L....
........ | ...L....
........ | ..LL....
........ | ........
........ | ........
........ | ........
........ | ........
.S...... | ........
.SS.Z... | ........
..SZZ.L. | ........
...ZLLL. | ........

step=33, rand=4, actions=&lt;Down&gt;
Want     | Got ✗   
-------------------
........ | ...L....
........ | ...L....
........ | ..LL....
........ | ........
........ | ........
........ | ........
........ | ........
........ | ........
.S..Z... | ........
.SSZZ.L. | ........
..SZLLL. | ........

step=34, rand=0, actions=&lt;Down&gt;
Want     | Got ✗   
-------------------
........ | ...L....
..IIII.. | ...L....
........ | ..LL....
........ | ........
........ | ........
........ | ........
........ | ........
........ | ........
.S..Z... | ........
.SSZZ.L. | ........
..SZLLL. | ........

step=35, rand=0, actions=&lt;RotateRight&gt;
Want     | Got ✗   
-------------------
....I... | ..L.....
....I... | ..LLL...
....I... | ........
....I... | ........
........ | ........
........ | ........
........ | ........
........ | ........
.S..Z... | ........
.SSZZ.L. | ........
..SZLLL. | ........

step=36, rand=0, actions=&lt;Left&gt;
Want     | Got ✗   
-------------------
...I.... | ..L.....
...I.... | ..LLL...
...I.... | ........
...I.... | ........
........ | ........
........ | ........
........ | ........
........ | ........
.S..Z... | ........
.SSZZ.L. | ........
..SZLLL. | ........

step=37, rand=0, actions=&lt;Left&gt;
Want     | Got ✗   
-------------------
..I..... | ..L.....
..I..... | ..LLL...
..I..... | ........
..I..... | ........
........ | ........
........ | ........
........ | ........
........ | ........
.S..Z... | ........
.SSZZ.L. | ........
..SZLLL. | ........

step=38, rand=0, actions=&lt;Left&gt;
Want     | Got ✗   
-------------------
.I...... | ..L.....
.I...... | ..LLL...
.I...... | ........
.I...... | ........
........ | ........
........ | ........
........ | ........
........ | ........
.S..Z... | ........
.SSZZ.L. | ........
..SZLLL. | ........

step=39, rand=0, actions=&lt;Left&gt;
Want     | Got ✗   
-------------------
I....... | ..L.....
I....... | ..LLL...
I....... | ........
I....... | ........
........ | ........
........ | ........
........ | ........
........ | ........
.S..Z... | ........
.SSZZ.L. | ........
..SZLLL. | ........

step=40, rand=0, actions=&lt;Left&gt;
Want     | Got ✗   
-------------------
I....... | ..L.....
I....... | ..LLL...
I....... | ........
I....... | ........
........ | ........
........ | ........
........ | ........
........ | ........
.S..Z... | ........
.SSZZ.L. | ........
..SZLLL. | ........

step=41, rand=0, actions=&lt;Down&gt;
Want     | Got ✗   
-------------------
........ | ..L.....
I....... | ..LLL...
I....... | ........
I....... | ........
I....... | ........
........ | ........
........ | ........
........ | ........
.S..Z... | ........
.SSZZ.L. | ........
..SZLLL. | ........

step=42, rand=0, actions=&lt;Down&gt;
Want     | Got ✗   
-------------------
........ | ..L.....
........ | ..LLL...
I....... | ........
I....... | ........
I....... | ........
I....... | ........
........ | ........
........ | ........
.S..Z... | ........
.SSZZ.L. | ........
..SZLLL. | ........

step=43, rand=0, actions=&lt;Down&gt;
Want     | Got ✗   
-------------------
........ | ..L.....
........ | ..LLL...
........ | ........
I....... | ........
I....... | ........
I....... | ........
I....... | ........
........ | ........
.S..Z... | ........
.SSZZ.L. | ........
..SZLLL. | ........

step=44, rand=0, actions=&lt;Down&gt;
Want     | Got ✗   
-------------------
........ | ..L.....
........ | ..LLL...
........ | ........
........ | ........
I....... | ........
I....... | ........
I....... | ........
I....... | ........
.S..Z... | ........
.SSZZ.L. | ........
..SZLLL. | ........

step=45, rand=0, actions=&lt;Down&gt;
Want     | Got ✗   
-------------------
........ | ..L.....
........ | ..LLL...
........ | ........
........ | ........
........ | ........
I....... | ........
I....... | ........
I....... | ........
IS..Z... | ........
.SSZZ.L. | ........
..SZLLL. | ........

step=46, rand=0, actions=&lt;Down&gt;
Want     | Got ✗   
-------------------
........ | ..L.....
........ | ..LLL...
........ | ........
........ | ........
........ | ........
........ | ........
I....... | ........
I....... | ........
IS..Z... | ........
ISSZZ.L. | ........
..SZLLL. | ........

step=47, rand=0, actions=&lt;Down&gt;
Want     | Got ✗   
-------------------
........ | ..L.....
........ | ..LLL...
........ | ........
........ | ........
........ | ........
........ | ........
........ | ........
I....... | ........
IS..Z... | ........
ISSZZ.L. | ........
I.SZLLL. | ........

step=48, rand=3, actions=&lt;Down&gt;
Want     | Got ✗   
-------------------
...OO... | ..L.....
...OO... | ..LLL...
........ | ........
........ | ........
........ | ........
........ | ........
........ | ........
I....... | ........
IS..Z... | ........
ISSZZ.L. | ........
I.SZLLL. | ........

step=49, rand=3, actions=&lt;Left&gt;
Want     | Got ✗   
-------------------
..OO.... | ..L.....
..OO.... | ..LLL...
........ | ........
........ | ........
........ | ........
........ | ........
........ | ........
I....... | ........
IS..Z... | ........
ISSZZ.L. | ........
I.SZLLL. | ........

step=50, rand=3, actions=&lt;Down&gt;
Want     | Got ✗   
-------------------
........ | ..L.....
..OO.... | ..LLL...
..OO.... | ........
........ | ........
........ | ........
........ | ........
........ | ........
I....... | ........
IS..Z... | ........
ISSZZ.L. | ........
I.SZLLL. | ........

step=51, rand=3, actions=&lt;Left&gt;
Want     | Got ✗   
-------------------
........ | ..L.....
.OO..... | ..LLL...
.OO..... | ........
........ | ........
........ | ........
........ | ........
........ | ........
I....... | ........
IS..Z... | ........
ISSZZ.L. | ........
I.SZLLL. | ........

step=52, rand=3, actions=&lt;Down&gt;
Want     | Got ✗   
-------------------
........ | ..L.....
........ | ..LLL...
.OO..... | ........
.OO..... | ........
........ | ........
........ | ........
........ | ........
I....... | ........
IS..Z... | ........
ISSZZ.L. | ........
I.SZLLL. | ........

step=53, rand=3, actions=&lt;Down&gt;
Want     | Got ✗   
-------------------
........ | ..L.....
........ | ..LLL...
........ | ........
.OO..... | ........
.OO..... | ........
........ | ........
........ | ........
I....... | ........
IS..Z... | ........
ISSZZ.L. | ........
I.SZLLL. | ........

step=54, rand=3, actions=&lt;Down&gt;
Want     | Got ✗   
-------------------
........ | ..L.....
........ | ..LLL...
........ | ........
........ | ........
.OO..... | ........
.OO..... | ........
........ | ........
I....... | ........
IS..Z... | ........
ISSZZ.L. | ........
I.SZLLL. | ........

step=55, rand=3, actions=&lt;Down&gt;
Want     | Got ✗   
-------------------
........ | ..L.....
........ | ..LLL...
........ | ........
........ | ........
........ | ........
.OO..... | ........
.OO..... | ........
I....... | ........
IS..Z... | ........
ISSZZ.L. | ........
I.SZLLL. | ........

step=56, rand=3, actions=&lt;Right&gt;
Want     | Got ✗   
-------------------
........ | ..L.....
........ | ..LLL...
........ | ........
........ | ........
........ | ........
..OO.... | ........
..OO.... | ........
I....... | ........
IS..Z... | ........
ISSZZ.L. | ........
I.SZLLL. | ........

step=57, rand=3, actions=&lt;Down&gt;
Want     | Got ✗   
-------------------
........ | ..L.....
........ | ..LLL...
........ | ........
........ | ........
........ | ........
........ | ........
..OO.... | ........
I.OO.... | ........
IS..Z... | ........
ISSZZ.L. | ........
I.SZLLL. | ........

step=58, rand=3, actions=&lt;Down&gt;
Want     | Got ✗   
-------------------
........ | ..L.....
........ | ..LLL...
........ | ........
........ | ........
........ | ........
........ | ........
........ | ........
I.OO.... | ........
ISOOZ... | ........
ISSZZ.L. | ........
I.SZLLL. | ........

step=59, rand=3, actions=&lt;Down&gt;
Want     | Got ✗   
-------------------
...OO... | ..L.....
...OO... | ..LLL...
........ | ........
........ | ........
........ | ........
........ | ........
........ | ........
I.OO.... | ........
ISOOZ... | ........
ISSZZ.L. | ........
I.SZLLL. | ........

step=60, rand=3, actions=&lt;Left&gt;
Want     | Got ✗   
-------------------
..OO.... | ..L.....
..OO.... | ..LLL...
........ | ........
........ | ........
........ | ........
........ | ........
........ | ........
I.OO.... | ........
ISOOZ... | ........
ISSZZ.L. | ........
I.SZLLL. | ........

step=61, rand=3, actions=&lt;Down&gt;
Want     | Got ✗   
-------------------
........ | ..L.....
..OO.... | ..LLL...
..OO.... | ........
........ | ........
........ | ........
........ | ........
........ | ........
I.OO.... | ........
ISOOZ... | ........
ISSZZ.L. | ........
I.SZLLL. | ........

step=62, rand=3, actions=&lt;Down&gt;
Want     | Got ✗   
-------------------
........ | ..L.....
........ | ..LLL...
..OO.... | ........
..OO.... | ........
........ | ........
........ | ........
........ | ........
I.OO.... | ........
ISOOZ... | ........
ISSZZ.L. | ........
I.SZLLL. | ........

step=63, rand=3, actions=&lt;Down&gt;
Want     | Got ✗   
-------------------
........ | ..L.....
........ | ..LLL...
........ | ........
..OO.... | ........
..OO.... | ........
........ | ........
........ | ........
I.OO.... | ........
ISOOZ... | ........
ISSZZ.L. | ........
I.SZLLL. | ........

step=64, rand=3, actions=&lt;Down&gt;
Want     | Got ✗   
-------------------
........ | ..L.....
........ | ..LLL...
........ | ........
........ | ........
..OO.... | ........
..OO.... | ........
........ | ........
I.OO.... | ........
ISOOZ... | ........
ISSZZ.L. | ........
I.SZLLL. | ........

step=65, rand=3, actions=&lt;Down&gt;
Want     | Got ✗   
-------------------
........ | ..L.....
........ | ..LLL...
........ | ........
........ | ........
........ | ........
..OO.... | ........
..OO.... | ........
I.OO.... | ........
ISOOZ... | ........
ISSZZ.L. | ........
I.SZLLL. | ........

step=66, rand=2, actions=&lt;Down&gt;
Want     | Got ✗   
-------------------
....L... | ..L.....
..LLL... | ..LLL...
........ | ........
........ | ........
........ | ........
..OO.... | ........
..OO.... | ........
I.OO.... | ........
ISOOZ... | ........
ISSZZ.L. | ........
I.SZLLL. | ........

step=67, rand=2, actions=&lt;RotateRight&gt;
Want     | Got ✗   
-------------------
...L.... | ...LL...
...L.... | ...L....
...LL... | ...L....
........ | ........
........ | ........
..OO.... | ........
..OO.... | ........
I.OO.... | ........
ISOOZ... | ........
ISSZZ.L. | ........
I.SZLLL. | ........

step=68, rand=2, actions=&lt;Right&gt;
Want     | Got ✗   
-------------------
....L... | ...LL...
....L... | ...L....
....LL.. | ...L....
........ | ........
........ | ........
..OO.... | ........
..OO.... | ........
I.OO.... | ........
ISOOZ... | ........
ISSZZ.L. | ........
I.SZLLL. | ........

step=69, rand=2, actions=&lt;Right&gt;
Want     | Got ✗   
-------------------
.....L.. | ...LL...
.....L.. | ...L....
.....LL. | ...L....
........ | ........
........ | ........
..OO.... | ........
..OO.... | ........
I.OO.... | ........
ISOOZ... | ........
ISSZZ.L. | ........
I.SZLLL. | ........

step=70, rand=2, actions=&lt;RotateRight&gt;
Want     | Got ✗   
-------------------
........ | ........
....LLL. | ..LLL...
....L... | ....L...
........ | ........
........ | ........
..OO.... | ........
..OO.... | ........
I.OO.... | ........
ISOOZ... | ........
ISSZZ.L. | ........
I.SZLLL. | ........

step=71, rand=2, actions=&lt;RotateRight&gt;
Want     | Got ✗   
-------------------
....LL.. | ...L....
.....L.. | ...L....
.....L.. | ..LL....
........ | ........
........ | ........
..OO.... | ........
..OO.... | ........
I.OO.... | ........
ISOOZ... | ........
ISSZZ.L. | ........
I.SZLLL. | ........

step=72, rand=2, actions=&lt;Right&gt;
Want     | Got ✗   
-------------------
.....LL. | ...L....
......L. | ...L....
......L. | ..LL....
........ | ........
........ | ........
..OO.... | ........
..OO.... | ........
I.OO.... | ........
ISOOZ... | ........
ISSZZ.L. | ........
I.SZLLL. | ........

step=73, rand=2, actions=&lt;Right&gt;
Want     | Got ✗   
-------------------
......LL | ...L....
.......L | ...L....
.......L | ..LL....
........ | ........
........ | ........
..OO.... | ........
..OO.... | ........
I.OO.... | ........
ISOOZ... | ........
ISSZZ.L. | ........
I.SZLLL. | ........

step=74, rand=2, actions=&lt;Down&gt;
Want     | Got ✗   
-------------------
........ | ...L....
......LL | ...L....
.......L | ..LL....
.......L | ........
........ | ........
..OO.... | ........
..OO.... | ........
I.OO.... | ........
ISOOZ... | ........
ISSZZ.L. | ........
I.SZLLL. | ........

step=75, rand=2, actions=&lt;Down&gt;
Want     | Got ✗   
-------------------
........ | ...L....
........ | ...L....
......LL | ..LL....
.......L | ........
.......L | ........
..OO.... | ........
..OO.... | ........
I.OO.... | ........
ISOOZ... | ........
ISSZZ.L. | ........
I.SZLLL. | ........

step=76, rand=2, actions=&lt;Down&gt;
Want     | Got ✗   
-------------------
........ | ...L....
........ | ...L....
........ | ..LL....
......LL | ........
.......L | ........
..OO...L | ........
..OO.... | ........
I.OO.... | ........
ISOOZ... | ........
ISSZZ.L. | ........
I.SZLLL. | ........

step=77, rand=2, actions=&lt;Down&gt;
Want     | Got ✗   
-------------------
........ | ...L....
........ | ...L....
........ | ..LL....
........ | ........
......LL | ........
..OO...L | ........
..OO...L | ........
I.OO.... | ........
ISOOZ... | ........
ISSZZ.L. | ........
I.SZLLL. | ........

step=78, rand=2, actions=&lt;Down&gt;
Want     | Got ✗   
-------------------
........ | ...L....
........ | ...L....
........ | ..LL....
........ | ........
........ | ........
..OO..LL | ........
..OO...L | ........
I.OO...L | ........
ISOOZ... | ........
ISSZZ.L. | ........
I.SZLLL. | ........

step=79, rand=2, actions=&lt;Down&gt;
Want     | Got ✗   
-------------------
........ | ...L....
........ | ...L....
........ | ..LL....
........ | ........
........ | ........
..OO.... | ........
..OO..LL | ........
I.OO...L | ........
ISOOZ..L | ........
ISSZZ.L. | ........
I.SZLLL. | ........

step=80, rand=2, actions=&lt;Down&gt;
Want     | Got ✗   
-------------------
........ | ...L....
........ | ...L....
........ | ..LL....
........ | ........
........ | ........
..OO.... | ........
..OO.... | ........
I.OO..LL | ........
ISOOZ..L | ........
ISSZZ.LL | ........
I.SZLLL. | ........

step=81, rand=2, actions=&lt;Down&gt;
Want     | Got ✗   
-------------------
........ | ...L....
........ | ...L....
........ | ..LL....
........ | ........
........ | ........
..OO.... | ........
..OO.... | ........
I.OO.... | ........
ISOOZ.LL | ........
ISSZZ.LL | ........
I.SZLLLL | ........

step=82, rand=5, actions=&lt;Down&gt;
Want     | Got ✗   
-------------------
...T.... | ...L....
..TTT... | ...L....
........ | ..LL....
........ | ........
........ | ........
..OO.... | ........
..OO.... | ........
I.OO.... | ........
ISOOZ.LL | ........
ISSZZ.LL | ........
I.SZLLLL | ........

step=83, rand=5, actions=&lt;Right&gt;
Want     | Got ✗   
-------------------
....T... | ...L....
...TTT.. | ...L....
........ | ..LL....
........ | ........
........ | ........
..OO.... | ........
..OO.... | ........
I.OO.... | ........
ISOOZ.LL | ........
ISSZZ.LL | ........
I.SZLLLL | ........

step=84, rand=5, actions=&lt;Right&gt;
Want     | Got ✗   
-------------------
.....T.. | ...L....
....TTT. | ...L....
........ | ..LL....
........ | ........
........ | ........
..OO.... | ........
..OO.... | ........
I.OO.... | ........
ISOOZ.LL | ........
ISSZZ.LL | ........
I.SZLLLL | ........

step=85, rand=5, actions=&lt;RotateRight&gt;
Want     | Got ✗   
-------------------
.....T.. | ..L.....
.....TT. | ..LLL...
.....T.. | ........
........ | ........
........ | ........
..OO.... | ........
..OO.... | ........
I.OO.... | ........
ISOOZ.LL | ........
ISSZZ.LL | ........
I.SZLLLL | ........

step=86, rand=5, actions=&lt;RotateRight&gt;
Want     | Got ✗   
-------------------
........ | ...LL...
....TTT. | ...L....
.....T.. | ...L....
........ | ........
........ | ........
..OO.... | ........
..OO.... | ........
I.OO.... | ........
ISOOZ.LL | ........
ISSZZ.LL | ........
I.SZLLLL | ........

step=87, rand=5, actions=&lt;Down&gt;
Want     | Got ✗   
-------------------
........ | ...LL...
........ | ...L....
....TTT. | ...L....
.....T.. | ........
........ | ........
..OO.... | ........
..OO.... | ........
I.OO.... | ........
ISOOZ.LL | ........
ISSZZ.LL | ........
I.SZLLLL | ........

step=88, rand=5, actions=&lt;Down&gt;
Want     | Got ✗   
-------------------
........ | ...LL...
........ | ...L....
........ | ...L....
....TTT. | ........
.....T.. | ........
..OO.... | ........
..OO.... | ........
I.OO.... | ........
ISOOZ.LL | ........
ISSZZ.LL | ........
I.SZLLLL | ........

step=89, rand=5, actions=&lt;Down&gt;
Want     | Got ✗   
-------------------
........ | ...LL...
........ | ...L....
........ | ...L....
........ | ........
....TTT. | ........
..OO.T.. | ........
..OO.... | ........
I.OO.... | ........
ISOOZ.LL | ........
ISSZZ.LL | ........
I.SZLLLL | ........

step=90, rand=5, actions=&lt;Down&gt;
Want     | Got ✗   
-------------------
........ | ...LL...
........ | ...L....
........ | ...L....
........ | ........
........ | ........
..OOTTT. | ........
..OO.T.. | ........
I.OO.... | ........
ISOOZ.LL | ........
ISSZZ.LL | ........
I.SZLLLL | ........

step=91, rand=5, actions=&lt;Down&gt;
Want     | Got ✗   
-------------------
........ | ...LL...
........ | ...L....
........ | ...L....
........ | ........
........ | ........
..OO.... | ........
..OOTTT. | ........
I.OO.T.. | ........
ISOOZ.LL | ........
ISSZZ.LL | ........
I.SZLLLL | ........

step=92, rand=5, actions=&lt;Down&gt;
Want     | Got ✗   
-------------------
........ | ...LL...
........ | ...L....
........ | ...L....
........ | ........
........ | ........
..OO.... | ........
..OO.... | ........
I.OOTTT. | ........
ISOOZTLL | ........
ISSZZ.LL | ........
I.SZLLLL | ........

step=93, rand=4, actions=&lt;Down&gt;
Want     | Got ✗   
-------------------
...SS... | ...LL...
..SS.... | ...L....
........ | ...L....
........ | ........
........ | ........
........ | ........
..OO.... | ........
..OO.... | ........
I.OOTTT. | ........
ISSZZ.LL | ........
I.SZLLLL | ........

step=94, rand=4, actions=&lt;Right&gt;
Want     | Got ✗   
-------------------
....SS.. | ...LL...
...SS... | ...L....
........ | ...L....
........ | ........
........ | ........
........ | ........
..OO.... | ........
..OO.... | ........
I.OOTTT. | ........
ISSZZ.LL | ........
I.SZLLLL | ........

step=95, rand=4, actions=&lt;RotateRight&gt;
Want     | Got ✗   
-------------------
....S... | ........
....SS.. | ..LLL...
.....S.. | ....L...
........ | ........
........ | ........
........ | ........
..OO.... | ........
..OO.... | ........
I.OOTTT. | ........
ISSZZ.LL | ........
I.SZLLLL | ........

step=96, rand=4, actions=&lt;Right&gt;
Want     | Got ✗   
-------------------
.....S.. | ........
.....SS. | ..LLL...
......S. | ....L...
........ | ........
........ | ........
........ | ........
..OO.... | ........
..OO.... | ........
I.OOTTT. | ........
ISSZZ.LL | ........
I.SZLLLL | ........

step=97, rand=4, actions=&lt;Right&gt;
Want     | Got ✗   
-------------------
......S. | ........
......SS | ..LLL...
.......S | ....L...
........ | ........
........ | ........
........ | ........
..OO.... | ........
..OO.... | ........
I.OOTTT. | ........
ISSZZ.LL | ........
I.SZLLLL | ........

step=98, rand=4, actions=&lt;Down&gt;
Want     | Got ✗   
-------------------
........ | ........
......S. | ..LLL...
......SS | ....L...
.......S | ........
........ | ........
........ | ........
..OO.... | ........
..OO.... | ........
I.OOTTT. | ........
ISSZZ.LL | ........
I.SZLLLL | ........

step=99, rand=4, actions=&lt;Down&gt;
Want     | Got ✗   
-------------------
........ | ........
........ | ..LLL...
......S. | ....L...
......SS | ........
.......S | ........
........ | ........
..OO.... | ........
..OO.... | ........
I.OOTTT. | ........
ISSZZ.LL | ........
I.SZLLLL | ........

step=100, rand=4, actions=&lt;Down&gt;
Want     | Got ✗   
-------------------
........ | ........
........ | ..LLL...
........ | ....L...
......S. | ........
......SS | ........
.......S | ........
..OO.... | ........
..OO.... | ........
I.OOTTT. | ........
ISSZZ.LL | ........
I.SZLLLL | ........

step=101, rand=4, actions=&lt;Down&gt;
Want     | Got ✗   
-------------------
........ | ........
........ | ..LLL...
........ | ....L...
........ | ........
......S. | ........
......SS | ........
..OO...S | ........
..OO.... | ........
I.OOTTT. | ........
ISSZZ.LL | ........
I.SZLLLL | ........

step=102, rand=4, actions=&lt;Down&gt;
Want     | Got ✗   
-------------------
........ | ........
........ | ..LLL...
........ | ....L...
........ | ........
........ | ........
......S. | ........
..OO..SS | ........
..OO...S | ........
I.OOTTT. | ........
ISSZZ.LL | ........
I.SZLLLL | ........

step=103, rand=4, actions=&lt;Down&gt;
Want     | Got ✗   
-------------------
........ | ........
........ | ..LLL...
........ | ....L...
........ | ........
........ | ........
........ | ........
..OO..S. | ........
..OO..SS | ........
I.OOTTTS | ........
ISSZZ.LL | ........
I.SZLLLL | ........

step=104, rand=5, actions=&lt;Down&gt;
Want     | Got ✗   
-------------------
...T.... | ........
..TTT... | ..LLL...
........ | ....L...
........ | ........
........ | ........
........ | ........
..OO..S. | ........
..OO..SS | ........
I.OOTTTS | ........
ISSZZ.LL | ........
I.SZLLLL | ........

step=105, rand=5, actions=&lt;Left&gt;
Want     | Got ✗   
-------------------
..T..... | ........
.TTT.... | ..LLL...
........ | ....L...
........ | ........
........ | ........
........ | ........
..OO..S. | ........
..OO..SS | ........
I.OOTTTS | ........
ISSZZ.LL | ........
I.SZLLLL | ........

step=106, rand=5, actions=&lt;RotateRight&gt;
Want     | Got ✗   
-------------------
..T..... | ...L....
..TT.... | ...L....
..T..... | ..LL....
........ | ........
........ | ........
........ | ........
..OO..S. | ........
..OO..SS | ........
I.OOTTTS | ........
ISSZZ.LL | ........
I.SZLLLL | ........

step=107, rand=5, actions=&lt;Left&gt;
Want     | Got ✗   
-------------------
.T...... | ...L....
.TT..... | ...L....
.T...... | ..LL....
........ | ........
........ | ........
........ | ........
..OO..S. | ........
..OO..SS | ........
I.OOTTTS | ........
ISSZZ.LL | ........
I.SZLLLL | ........

step=108, rand=5, actions=&lt;RotateRight&gt;
Want     | Got ✗   
-------------------
........ | ..L.....
TTT..... | ..LLL...
.T...... | ........
........ | ........
........ | ........
........ | ........
..OO..S. | ........
..OO..SS | ........
I.OOTTTS | ........
ISSZZ.LL | ........
I.SZLLLL | ........

step=109, rand=5, actions=&lt;RotateRight&gt;
Want     | Got ✗   
-------------------
.T...... | ...LL...
TT...... | ...L....
.T...... | ...L....
........ | ........
........ | ........
........ | ........
..OO..S. | ........
..OO..SS | ........
I.OOTTTS | ........
ISSZZ.LL | ........
I.SZLLLL | ........

step=110, rand=5, actions=&lt;Down&gt;
Want     | Got ✗   
-------------------
........ | ...LL...
.T...... | ...L....
TT...... | ...L....
.T...... | ........
........ | ........
........ | ........
..OO..S. | ........
..OO..SS | ........
I.OOTTTS | ........
ISSZZ.LL | ........
I.SZLLLL | ........

step=111, rand=5, actions=&lt;Down&gt;
Want     | Got ✗   
-------------------
........ | ...LL...
........ | ...L....
.T...... | ...L....
TT...... | ........
.T...... | ........
........ | ........
..OO..S. | ........
..OO..SS | ........
I.OOTTTS | ........
ISSZZ.LL | ........
I.SZLLLL | ........

step=112, rand=5, actions=&lt;Down&gt;
Want     | Got ✗   
-------------------
........ | ...LL...
........ | ...L....
........ | ...L....
.T...... | ........
TT...... | ........
.T...... | ........
..OO..S. | ........
..OO..SS | ........
I.OOTTTS | ........
ISSZZ.LL | ........
I.SZLLLL | ........

step=113, rand=5, actions=&lt;Down&gt;
Want     | Got ✗   
-------------------
........ | ...LL...
........ | ...L....
........ | ...L....
........ | ........
.T...... | ........
TT...... | ........
.TOO..S. | ........
..OO..SS | ........
I.OOTTTS | ........
ISSZZ.LL | ........
I.SZLLLL | ........

step=114, rand=5, actions=&lt;Down&gt;
Want     | Got ✗   
-------------------
........ | ...LL...
........ | ...L....
........ | ...L....
........ | ........
........ | ........
.T...... | ........
TTOO..S. | ........
.TOO..SS | ........
I.OOTTTS | ........
ISSZZ.LL | ........
I.SZLLLL | ........

step=115, rand=5, actions=&lt;Down&gt;
Want     | Got ✗   
-------------------
........ | ...LL...
........ | ...L....
........ | ...L....
........ | ........
........ | ........
........ | ........
.TOO..S. | ........
TTOO..SS | ........
ITOOTTTS | ........
ISSZZ.LL | ........
I.SZLLLL | ........

step=116, rand=4, actions=&lt;Down&gt;
Want     | Got ✗   
-------------------
...SS... | ...LL...
..SS.... | ...L....
........ | ...L....
........ | ........
........ | ........
........ | ........
........ | ........
.TOO..S. | ........
TTOO..SS | ........
ISSZZ.LL | ........
I.SZLLLL | ........

step=117, rand=4, actions=&lt;RotateRight&gt;
Want     | Got ✗   
-------------------
...S.... | ........
...SS... | ..LLL...
....S... | ....L...
........ | ........
........ | ........
........ | ........
........ | ........
.TOO..S. | ........
TTOO..SS | ........
ISSZZ.LL | ........
I.SZLLLL | ........

step=118, rand=4, actions=&lt;Right&gt;
Want     | Got ✗   
-------------------
....S... | ........
....SS.. | ..LLL...
.....S.. | ....L...
........ | ........
........ | ........
........ | ........
........ | ........
.TOO..S. | ........
TTOO..SS | ........
ISSZZ.LL | ........
I.SZLLLL | ........

step=119, rand=4, actions=&lt;Down&gt;
Want     | Got ✗   
-------------------
........ | ........
....S... | ..LLL...
....SS.. | ....L...
.....S.. | ........
........ | ........
........ | ........
........ | ........
.TOO..S. | ........
TTOO..SS | ........
ISSZZ.LL | ........
I.SZLLLL | ........

step=120, rand=4, actions=&lt;Down&gt;
Want     | Got ✗   
-------------------
........ | ........
........ | ..LLL...
....S... | ....L...
....SS.. | ........
.....S.. | ........
........ | ........
........ | ........
.TOO..S. | ........
TTOO..SS | ........
ISSZZ.LL | ........
I.SZLLLL | ........

step=121, rand=4, actions=&lt;Down&gt;
Want     | Got ✗   
-------------------
........ | ........
........ | ..LLL...
........ | ....L...
....S... | ........
....SS.. | ........
.....S.. | ........
........ | ........
.TOO..S. | ........
TTOO..SS | ........
ISSZZ.LL | ........
I.SZLLLL | ........

step=122, rand=4, actions=&lt;Down&gt;
Want     | Got ✗   
-------------------
........ | ........
........ | ..LLL...
........ | ....L...
........ | ........
....S... | ........
....SS.. | ........
.....S.. | ........
.TOO..S. | ........
TTOO..SS | ........
ISSZZ.LL | ........
I.SZLLLL | ........

step=123, rand=4, actions=&lt;Down&gt;
Want     | Got ✗   
-------------------
........ | ........
........ | ..LLL...
........ | ....L...
........ | ........
........ | ........
....S... | ........
....SS.. | ........
.TOO.SS. | ........
TTOO..SS | ........
ISSZZ.LL | ........
I.SZLLLL | ........

step=124, rand=4, actions=&lt;Down&gt;
Want     | Got ✗   
-------------------
........ | ........
........ | ..LLL...
........ | ....L...
........ | ........
........ | ........
........ | ........
....S... | ........
.TOOSSS. | ........
TTOO.SSS | ........
ISSZZ.LL | ........
I.SZLLLL | ........

step=125, rand=4, actions=&lt;Down&gt;
Want     | Got ✗   
-------------------
........ | ........
........ | ..LLL...
........ | ....L...
........ | ........
........ | ........
........ | ........
........ | ........
.TOOS.S. | ........
TTOOSSSS | ........
ISSZZSLL | ........
I.SZLLLL | ........

step=126, rand=3, actions=&lt;Down&gt;
Want     | Got ✗   
-------------------
...OO... | ........
...OO... | ..LLL...
........ | ....L...
........ | ........
........ | ........
........ | ........
........ | ........
........ | ........
........ | ........
.TOOS.S. | ........
I.SZLLLL | ........

step=127, rand=3, actions=&lt;Left&gt;
Want     | Got ✗   
-------------------
..OO.... | ........
..OO.... | ..LLL...
........ | ....L...
........ | ........
........ | ........
........ | ........
........ | ........
........ | ........
........ | ........
.TOOS.S. | ........
I.SZLLLL | ........

step=128, rand=3, actions=&lt;Left&gt;
Want     | Got ✗   
-------------------
.OO..... | ........
.OO..... | ..LLL...
........ | ....L...
........ | ........
........ | ........
........ | ........
........ | ........
........ | ........
........ | ........
.TOOS.S. | ........
I.SZLLLL | ........

step=129, rand=3, actions=&lt;Down&gt;
Want     | Got ✗   
-------------------
........ | ........
.OO..... | ..LLL...
.OO..... | ....L...
........ | ........
........ | ........
........ | ........
........ | ........
........ | ........
........ | ........
.TOOS.S. | ........
I.SZLLLL | ........

step=130, rand=3, actions=&lt;Right&gt;
Want     | Got ✗   
-------------------
........ | ........
..OO.... | ..LLL...
..OO.... | ....L...
........ | ........
........ | ........
........ | ........
........ | ........
........ | ........
........ | ........
.TOOS.S. | ........
I.SZLLLL | ........

step=131, rand=3, actions=&lt;Down&gt;
Want     | Got ✗   
-------------------
........ | ........
........ | ..LLL...
..OO.... | ....L...
..OO.... | ........
........ | ........
........ | ........
........ | ........
........ | ........
........ | ........
.TOOS.S. | ........
I.SZLLLL | ........

step=132, rand=3, actions=&lt;Down&gt;
Want     | Got ✗   
-------------------
........ | ........
........ | ..LLL...
........ | ....L...
..OO.... | ........
..OO.... | ........
........ | ........
........ | ........
........ | ........
........ | ........
.TOOS.S. | ........
I.SZLLLL | ........

step=133, rand=3, actions=&lt;Down&gt;
Want     | Got ✗   
-------------------
........ | ........
........ | ..LLL...
........ | ....L...
........ | ........
..OO.... | ........
..OO.... | ........
........ | ........
........ | ........
........ | ........
.TOOS.S. | ........
I.SZLLLL | ........

step=134, rand=3, actions=&lt;Down&gt;
Want     | Got ✗   
-------------------
........ | ........
........ | ..LLL...
........ | ....L...
........ | ........
........ | ........
..OO.... | ........
..OO.... | ........
........ | ........
........ | ........
.TOOS.S. | ........
I.SZLLLL | ........

step=135, rand=3, actions=&lt;Down&gt;
Want     | Got ✗   
-------------------
........ | ........
........ | ..LLL...
........ | ....L...
........ | ........
........ | ........
........ | ........
..OO.... | ........
..OO.... | ........
........ | ........
.TOOS.S. | ........
I.SZLLLL | ........

step=136, rand=3, actions=&lt;Down&gt;
Want     | Got ✗   
-------------------
........ | ........
........ | ..LLL...
........ | ....L...
........ | ........
........ | ........
........ | ........
........ | ........
..OO.... | ........
..OO.... | ........
.TOOS.S. | ........
I.SZLLLL | ........

step=137, rand=2, actions=&lt;Down&gt;
Want     | Got ✗   
-------------------
....L... | ........
..LLL... | ..LLL...
........ | ....L...
........ | ........
........ | ........
........ | ........
........ | ........
..OO.... | ........
..OO.... | ........
.TOOS.S. | ........
I.SZLLLL | ........

step=138, rand=2, actions=&lt;RotateRight&gt;
Want     | Got ✗   
-------------------
...L.... | ...L....
...L.... | ...L....
...LL... | ..LL....
........ | ........
........ | ........
........ | ........
........ | ........
..OO.... | ........
..OO.... | ........
.TOOS.S. | ........
I.SZLLLL | ........

step=139, rand=2, actions=&lt;RotateRight&gt;
Want     | Got ✗   
-------------------
........ | ..L.....
..LLL... | ..LLL...
..L..... | ........
........ | ........
........ | ........
........ | ........
........ | ........
..OO.... | ........
..OO.... | ........
.TOOS.S. | ........
I.SZLLLL | ........

step=140, rand=2, actions=&lt;RotateRight&gt;
Want     | Got ✗   
-------------------
..LL.... | ...LL...
...L.... | ...L....
...L.... | ...L....
........ | ........
........ | ........
........ | ........
........ | ........
..OO.... | ........
..OO.... | ........
.TOOS.S. | ........
I.SZLLLL | ........

step=141, rand=2, actions=&lt;Right&gt;
Want     | Got ✗   
-------------------
...LL... | ...LL...
....L... | ...L....
....L... | ...L....
........ | ........
........ | ........
........ | ........
........ | ........
..OO.... | ........
..OO.... | ........
.TOOS.S. | ........
I.SZLLLL | ........

step=142, rand=2, actions=&lt;Down&gt;
Want     | Got ✗   
-------------------
........ | ...LL...
...LL... | ...L....
....L... | ...L....
....L... | ........
........ | ........
........ | ........
........ | ........
..OO.... | ........
..OO.... | ........
.TOOS.S. | ........
I.SZLLLL | ........

step=143, rand=2, actions=&lt;Down&gt;
Want     | Got ✗   
-------------------
........ | ...LL...
........ | ...L....
...LL... | ...L....
....L... | ........
....L... | ........
........ | ........
........ | ........
..OO.... | ........
..OO.... | ........
.TOOS.S. | ........
I.SZLLLL | ........

step=144, rand=2, actions=&lt;Down&gt;
Want     | Got ✗   
-------------------
........ | ...LL...
........ | ...L....
........ | ...L....
...LL... | ........
....L... | ........
....L... | ........
........ | ........
..OO.... | ........
..OO.... | ........
.TOOS.S. | ........
I.SZLLLL | ........

step=145, rand=2, actions=&lt;Down&gt;
Want     | Got ✗   
-------------------
........ | ...LL...
........ | ...L....
........ | ...L....
........ | ........
...LL... | ........
....L... | ........
....L... | ........
..OO.... | ........
..OO.... | ........
.TOOS.S. | ........
I.SZLLLL | ........

step=146, rand=2, actions=&lt;Down&gt;
Want     | Got ✗   
-------------------
........ | ...LL...
........ | ...L....
........ | ...L....
........ | ........
........ | ........
...LL... | ........
....L... | ........
..OOL... | ........
..OO.... | ........
.TOOS.S. | ........
I.SZLLLL | ........

step=147, rand=2, actions=&lt;Down&gt;
Want     | Got ✗   
-------------------
........ | ...LL...
........ | ...L....
........ | ...L....
........ | ........
........ | ........
........ | ........
...LL... | ........
..OOL... | ........
..OOL... | ........
.TOOS.S. | ........
I.SZLLLL | ........

step=148, rand=1, actions=&lt;Down&gt;
Want     | Got ✗   
-------------------
..J..... | ...LL...
..JJJ... | ...L....
........ | ...L....
........ | ........
........ | ........
........ | ........
...LL... | ........
..OOL... | ........
..OOL... | ........
.TOOS.S. | ........
I.SZLLLL | ........

step=149, rand=1, actions=&lt;RotateRight&gt;
Want     | Got ✗   
-------------------
...JJ... | ........
...J.... | ..LLL...
...J.... | ....L...
........ | ........
........ | ........
........ | ........
...LL... | ........
..OOL... | ........
..OOL... | ........
.TOOS.S. | ........
I.SZLLLL | ........

step=150, rand=1, actions=&lt;Right&gt;
Want     | Got ✗   
-------------------
....JJ.. | ........
....J... | ..LLL...
....J... | ....L...
........ | ........
........ | ........
........ | ........
...LL... | ........
..OOL... | ........
..OOL... | ........
.TOOS.S. | ........
I.SZLLLL | ........

step=151, rand=1, actions=&lt;RotateRight&gt;
Want     | Got ✗   
-------------------
........ | ...L....
...JJJ.. | ...L....
.....J.. | ..LL....
........ | ........
........ | ........
........ | ........
...LL... | ........
..OOL... | ........
..OOL... | ........
.TOOS.S. | ........
I.SZLLLL | ........

step=152, rand=1, actions=&lt;Right&gt;
Want     | Got ✗   
-------------------
........ | ...L....
....JJJ. | ...L....
......J. | ..LL....
........ | ........
........ | ........
........ | ........
...LL... | ........
..OOL... | ........
..OOL... | ........
.TOOS.S. | ........
I.SZLLLL | ........

step=153, rand=1, actions=&lt;Right&gt;
Want     | Got ✗   
-------------------
........ | ...L....
.....JJJ | ...L....
.......J | ..LL....
........ | ........
........ | ........
........ | ........
...LL... | ........
..OOL... | ........
..OOL... | ........
.TOOS.S. | ........
I.SZLLLL | ........

step=154, rand=1, actions=&lt;Right&gt;
Want     | Got ✗   
-------------------
........ | ...L....
.....JJJ | ...L....
.......J | ..LL....
........ | ........
........ | ........
........ | ........
...LL... | ........
..OOL... | ........
..OOL... | ........
.TOOS.S. | ........
I.SZLLLL | ........

step=155, rand=1, actions=&lt;Down&gt;
Want     | Got ✗   
-------------------
........ | ...L....
........ | ...L....
.....JJJ | ..LL....
.......J | ........
........ | ........
........ | ........
...LL... | ........
..OOL... | ........
..OOL... | ........
.TOOS.S. | ........
I.SZLLLL | ........

step=156, rand=1, actions=&lt;Down&gt;
Want     | Got ✗   
-------------------
........ | ...L....
........ | ...L....
........ | ..LL....
.....JJJ | ........
.......J | ........
........ | ........
...LL... | ........
..OOL... | ........
..OOL... | ........
.TOOS.S. | ........
I.SZLLLL | ........

step=157, rand=1, actions=&lt;Down&gt;
Want     | Got ✗   
-------------------
........ | ...L....
........ | ...L....
........ | ..LL....
........ | ........
.....JJJ | ........
.......J | ........
...LL... | ........
..OOL... | ........
..OOL... | ........
.TOOS.S. | ........
I.SZLLLL | ........

step=158, rand=1, actions=&lt;Down&gt;
Want     | Got ✗   
-------------------
........ | ...L....
........ | ...L....
........ | ..LL....
........ | ........
........ | ........
.....JJJ | ........
...LL..J | ........
..OOL... | ........
..OOL... | ........
.TOOS.S. | ........
I.SZLLLL | ........

step=159, rand=1, actions=&lt;Down&gt;
Want     | Got ✗   
-------------------
........ | ...L....
........ | ...L....
........ | ..LL....
........ | ........
........ | ........
........ | ........
...LLJJJ | ........
..OOL..J | ........
..OOL... | ........
.TOOS.S. | ........
I.SZLLLL | ........

step=160, rand=1, actions=&lt;Down&gt;
Want     | Got ✗   
-------------------
........ | ...L....
........ | ...L....
........ | ..LL....
........ | ........
........ | ........
........ | ........
...LL... | ........
..OOLJJJ | ........
..OOL..J | ........
.TOOS.S. | ........
I.SZLLLL | ........

step=161, rand=1, actions=&lt;Down&gt;
Want     | Got ✗   
-------------------
........ | ...L....
........ | ...L....
........ | ..LL....
........ | ........
........ | ........
........ | ........
...LL... | ........
..OOL... | ........
..OOLJJJ | ........
.TOOS.SJ | ........
I.SZLLLL | ........

step=162, rand=5, actions=&lt;Down&gt;
Want     | Got ✗   
-------------------
...T.... | ...L....
..TTT... | ...L....
........ | ..LL....
........ | ........
........ | ........
........ | ........
...LL... | ........
..OOL... | ........
..OOLJJJ | ........
.TOOS.SJ | ........
I.SZLLLL | ........

step=163, rand=5, actions=&lt;Left&gt;
Want     | Got ✗   
-------------------
..T..... | ...L....
.TTT.... | ...L....
........ | ..LL....
........ | ........
........ | ........
........ | ........
...LL... | ........
..OOL... | ........
..OOLJJJ | ........
.TOOS.SJ | ........
I.SZLLLL | ........

step=164, rand=5, actions=&lt;RotateRight&gt;
Want     | Got ✗   
-------------------
..T..... | ..L.....
..TT.... | ..LLL...
..T..... | ........
........ | ........
........ | ........
........ | ........
...LL... | ........
..OOL... | ........
..OOLJJJ | ........
.TOOS.SJ | ........
I.SZLLLL | ........

step=165, rand=5, actions=&lt;Left&gt;
Want     | Got ✗   
-------------------
.T...... | ..L.....
.TT..... | ..LLL...
.T...... | ........
........ | ........
........ | ........
........ | ........
...LL... | ........
..OOL... | ........
..OOLJJJ | ........
.TOOS.SJ | ........
I.SZLLLL | ........

step=166, rand=5, actions=&lt;Left&gt;
Want     | Got ✗   
-------------------
T....... | ..L.....
TT...... | ..LLL...
T....... | ........
........ | ........
........ | ........
........ | ........
...LL... | ........
..OOL... | ........
..OOLJJJ | ........
.TOOS.SJ | ........
I.SZLLLL | ........

step=167, rand=5, actions=&lt;Down&gt;
Want     | Got ✗   
-------------------
........ | ..L.....
T....... | ..LLL...
TT...... | ........
T....... | ........
........ | ........
........ | ........
...LL... | ........
..OOL... | ........
..OOLJJJ | ........
.TOOS.SJ | ........
I.SZLLLL | ........

step=168, rand=5, actions=&lt;Down&gt;
Want     | Got ✗   
-------------------
........ | ..L.....
........ | ..LLL...
T....... | ........
TT...... | ........
T....... | ........
........ | ........
...LL... | ........
..OOL... | ........
..OOLJJJ | ........
.TOOS.SJ | ........
I.SZLLLL | ........

step=169, rand=5, actions=&lt;Down&gt;
Want     | Got ✗   
-------------------
........ | ..L.....
........ | ..LLL...
........ | ........
T....... | ........
TT...... | ........
T....... | ........
...LL... | ........
..OOL... | ........
..OOLJJJ | ........
.TOOS.SJ | ........
I.SZLLLL | ........

step=170, rand=5, actions=&lt;Down&gt;
Want     | Got ✗   
-------------------
........ | ..L.....
........ | ..LLL...
........ | ........
........ | ........
T....... | ........
TT...... | ........
T..LL... | ........
..OOL... | ........
..OOLJJJ | ........
.TOOS.SJ | ........
I.SZLLLL | ........

step=171, rand=5, actions=&lt;Down&gt;
Want     | Got ✗   
-------------------
........ | ..L.....
........ | ..LLL...
........ | ........
........ | ........
........ | ........
T....... | ........
TT.LL... | ........
T.OOL... | ........
..OOLJJJ | ........
.TOOS.SJ | ........
I.SZLLLL | ........

step=172, rand=5, actions=&lt;Down&gt;
Want     | Got ✗   
-------------------
........ | ..L.....
........ | ..LLL...
........ | ........
........ | ........
........ | ........
........ | ........
T..LL... | ........
TTOOL... | ........
T.OOLJJJ | ........
.TOOS.SJ | ........
I.SZLLLL | ........

step=173, rand=5, actions=&lt;Down&gt;
Want     | Got ✗   
-------------------
........ | ..L.....
........ | ..LLL...
........ | ........
........ | ........
........ | ........
........ | ........
...LL... | ........
T.OOL... | ........
TTOOLJJJ | ........
TTOOS.SJ | ........
I.SZLLLL | ........

step=174, rand=1, actions=&lt;Down&gt;
Want     | Got ✗   
-------------------
..J..... | ..L.....
..JJJ... | ..LLL...
........ | ........
........ | ........
........ | ........
........ | ........
........ | ........
...LL... | ........
T.OOL... | ........
TTOOS.SJ | ........
I.SZLLLL | ........

step=175, rand=1, actions=&lt;RotateRight&gt;
Want     | Got ✗   
-------------------
...JJ... | ...LL...
...J.... | ...L....
...J.... | ...L....
........ | ........
........ | ........
........ | ........
........ | ........
...LL... | ........
T.OOL... | ........
TTOOS.SJ | ........
I.SZLLLL | ........

step=176, rand=1, actions=&lt;RotateRight&gt;
Want     | Got ✗   
-------------------
........ | ........
..JJJ... | ..LLL...
....J... | ....L...
........ | ........
........ | ........
........ | ........
........ | ........
...LL... | ........
T.OOL... | ........
TTOOS.SJ | ........
I.SZLLLL | ........

step=177, rand=1, actions=&lt;RotateRight&gt;
Want     | Got ✗   
-------------------
...J.... | ...L....
...J.... | ...L....
..JJ.... | ..LL....
........ | ........
........ | ........
........ | ........
........ | ........
...LL... | ........
T.OOL... | ........
TTOOS.SJ | ........
I.SZLLLL | ........

step=178, rand=1, actions=&lt;Right&gt;
Want     | Got ✗   
-------------------
....J... | ...L....
....J... | ...L....
...JJ... | ..LL....
........ | ........
........ | ........
........ | ........
........ | ........
...LL... | ........
T.OOL... | ........
TTOOS.SJ | ........
I.SZLLLL | ........

step=179, rand=1, actions=&lt;Right&gt;
Want     | Got ✗   
-------------------
.....J.. | ...L....
.....J.. | ...L....
....JJ.. | ..LL....
........ | ........
........ | ........
........ | ........
........ | ........
...LL... | ........
T.OOL... | ........
TTOOS.SJ | ........
I.SZLLLL | ........

step=180, rand=1, actions=&lt;Right&gt;
Want     | Got ✗   
-------------------
......J. | ...L....
......J. | ...L....
.....JJ. | ..LL....
........ | ........
........ | ........
........ | ........
........ | ........
...LL... | ........
T.OOL... | ........
TTOOS.SJ | ........
I.SZLLLL | ........

step=181, rand=1, actions=&lt;Right&gt;
Want     | Got ✗   
-------------------
.......J | ...L....
.......J | ...L....
......JJ | ..LL....
........ | ........
........ | ........
........ | ........
........ | ........
...LL... | ........
T.OOL... | ........
TTOOS.SJ | ........
I.SZLLLL | ........

step=182, rand=1, actions=&lt;Down&gt;
Want     | Got ✗   
-------------------
........ | ...L....
.......J | ...L....
.......J | ..LL....
......JJ | ........
........ | ........
........ | ........
........ | ........
...LL... | ........
T.OOL... | ........
TTOOS.SJ | ........
I.SZLLLL | ........

step=183, rand=1, actions=&lt;Down&gt;
Want     | Got ✗   
-------------------
........ | ...L....
........ | ...L....
.......J | ..LL....
.......J | ........
......JJ | ........
........ | ........
........ | ........
...LL... | ........
T.OOL... | ........
TTOOS.SJ | ........
I.SZLLLL | ........

step=184, rand=1, actions=&lt;Down&gt;
Want     | Got ✗   
-------------------
........ | ...L....
........ | ...L....
........ | ..LL....
.......J | ........
.......J | ........
......JJ | ........
........ | ........
...LL... | ........
T.OOL... | ........
TTOOS.SJ | ........
I.SZLLLL | ........

step=185, rand=1, actions=&lt;Down&gt;
Want     | Got ✗   
-------------------
........ | ...L....
........ | ...L....
........ | ..LL....
........ | ........
.......J | ........
.......J | ........
......JJ | ........
...LL... | ........
T.OOL... | ........
TTOOS.SJ | ........
I.SZLLLL | ........

step=186, rand=1, actions=&lt;Down&gt;
Want     | Got ✗   
-------------------
........ | ...L....
........ | ...L....
........ | ..LL....
........ | ........
........ | ........
.......J | ........
.......J | ........
...LL.JJ | ........
T.OOL... | ........
TTOOS.SJ | ........
I.SZLLLL | ........

step=187, rand=1, actions=&lt;Down&gt;
Want     | Got ✗   
-------------------
........ | ...L....
........ | ...L....
........ | ..LL....
........ | ........
........ | ........
........ | ........
.......J | ........
...LL..J | ........
T.OOL.JJ | ........
TTOOS.SJ | ........
I.SZLLLL | ........

step=188, rand=4, actions=&lt;Down&gt;
Want     | Got ✗   
-------------------
...SS... | ...L....
..SS.... | ...L....
........ | ..LL....
........ | ........
........ | ........
........ | ........
.......J | ........
...LL..J | ........
T.OOL.JJ | ........
TTOOS.SJ | ........
I.SZLLLL | ........

step=189, rand=4, actions=&lt;RotateRight&gt;
Want     | Got ✗   
-------------------
...S.... | ..L.....
...SS... | ..LLL...
....S... | ........
........ | ........
........ | ........
........ | ........
.......J | ........
...LL..J | ........
T.OOL.JJ | ........
TTOOS.SJ | ........
I.SZLLLL | ........

step=190, rand=4, actions=&lt;Left&gt;
Want     | Got ✗   
-------------------
..S..... | ..L.....
..SS.... | ..LLL...
...S.... | ........
........ | ........
........ | ........
........ | ........
.......J | ........
...LL..J | ........
T.OOL.JJ | ........
TTOOS.SJ | ........
I.SZLLLL | ........

step=191, rand=4, actions=&lt;Left&gt;
Want     | Got ✗   
-------------------
.S...... | ..L.....
.SS..... | ..LLL...
..S..... | ........
........ | ........
........ | ........
........ | ........
.......J | ........
...LL..J | ........
T.OOL.JJ | ........
TTOOS.SJ | ........
I.SZLLLL | ........

step=192, rand=4, actions=&lt;Left&gt;
Want     | Got ✗   
-------------------
S....... | ..L.....
SS...... | ..LLL...
.S...... | ........
........ | ........
........ | ........
........ | ........
.......J | ........
...LL..J | ........
T.OOL.JJ | ........
TTOOS.SJ | ........
I.SZLLLL | ........

step=193, rand=4, actions=&lt;Down&gt;
Want     | Got ✗   
-------------------
........ | ..L.....
S....... | ..LLL...
SS...... | ........
.S...... | ........
........ | ........
........ | ........
.......J | ........
...LL..J | ........
T.OOL.JJ | ........
TTOOS.SJ | ........
I.SZLLLL | ........

step=194, rand=4, actions=&lt;Down&gt;
Want     | Got ✗   
-------------------
........ | ..L.....
........ | ..LLL...
S....... | ........
SS...... | ........
.S...... | ........
........ | ........
.......J | ........
...LL..J | ........
T.OOL.JJ | ........
TTOOS.SJ | ........
I.SZLLLL | ........

step=195, rand=4, actions=&lt;Down&gt;
Want     | Got ✗   
-------------------
........ | ..L.....
........ | ..LLL...
........ | ........
S....... | ........
SS...... | ........
.S...... | ........
.......J | ........
...LL..J | ........
T.OOL.JJ | ........
TTOOS.SJ | ........
I.SZLLLL | ........

step=196, rand=4, actions=&lt;Down&gt;
Want     | Got ✗   
-------------------
........ | ..L.....
........ | ..LLL...
........ | ........
........ | ........
S....... | ........
SS...... | ........
.S.....J | ........
...LL..J | ........
T.OOL.JJ | ........
TTOOS.SJ | ........
I.SZLLLL | ........

step=197, rand=4, actions=&lt;Down&gt;
Want     | Got ✗   
-------------------
........ | ..L.....
........ | ..LLL...
........ | ........
........ | ........
........ | ........
S....... | ........
SS.....J | ........
.S.LL..J | ........
T.OOL.JJ | ........
TTOOS.SJ | ........
I.SZLLLL | ........

step=198, rand=4, actions=&lt;Down&gt;
Want     | Got ✗   
-------------------
........ | ..L.....
........ | ..LLL...
........ | ........
........ | ........
........ | ........
........ | ........
S......J | ........
SS.LL..J | ........
TSOOL.JJ | ........
TTOOS.SJ | ........
I.SZLLLL | ........

step=199, rand=6, actions=&lt;Down&gt;
Want     | Got ✗   
-------------------
..ZZ.... | ..L.....
...ZZ... | ..LLL...
........ | ........
........ | ........
........ | ........
........ | ........
S......J | ........
SS.LL..J | ........
TSOOL.JJ | ........
TTOOS.SJ | ........
I.SZLLLL | ........

step=200, rand=6, actions=&lt;RotateRight&gt;
Want     | Got ✗   
-------------------
....Z... | ...LL...
...ZZ... | ...L....
...Z.... | ...L....
........ | ........
........ | ........
........ | ........
S......J | ........
SS.LL..J | ........
TSOOL.JJ | ........
TTOOS.SJ | ........
I.SZLLLL | ........

step=201, rand=6, actions=&lt;Left&gt;
Want     | Got ✗   
-------------------
...Z.... | ...LL...
..ZZ.... | ...L....
..Z..... | ...L....
........ | ........
........ | ........
........ | ........
S......J | ........
SS.LL..J | ........
TSOOL.JJ | ........
TTOOS.SJ | ........
I.SZLLLL | ........

step=202, rand=6, actions=&lt;Down&gt;
Want     | Got ✗   
-------------------
........ | ...LL...
...Z.... | ...L....
..ZZ.... | ...L....
..Z..... | ........
........ | ........
........ | ........
S......J | ........
SS.LL..J | ........
TSOOL.JJ | ........
TTOOS.SJ | ........
I.SZLLLL | ........

step=203, rand=6, actions=&lt;Down&gt;
Want     | Got ✗   
-------------------
........ | ...LL...
........ | ...L....
...Z.... | ...L....
..ZZ.... | ........
..Z..... | ........
........ | ........
S......J | ........
SS.LL..J | ........
TSOOL.JJ | ........
TTOOS.SJ | ........
I.SZLLLL | ........

step=204, rand=6, actions=&lt;Down&gt;
Want     | Got ✗   
-------------------
........ | ...LL...
........ | ...L....
........ | ...L....
...Z.... | ........
..ZZ.... | ........
..Z..... | ........
S......J | ........
SS.LL..J | ........
TSOOL.JJ | ........
TTOOS.SJ | ........
I.SZLLLL | ........

step=205, rand=6, actions=&lt;Down&gt;
Want     | Got ✗   
-------------------
........ | ...LL...
........ | ...L....
........ | ...L....
........ | ........
...Z.... | ........
..ZZ.... | ........
S.Z....J | ........
SS.LL..J | ........
TSOOL.JJ | ........
TTOOS.SJ | ........
I.SZLLLL | ........

step=206, rand=6, actions=&lt;Down&gt;
Want     | Got ✗   
-------------------
........ | ...LL...
........ | ...L....
........ | ...L....
........ | ........
........ | ........
...Z.... | ........
S.ZZ...J | ........
SSZLL..J | ........
TSOOL.JJ | ........
TTOOS.SJ | ........
I.SZLLLL | ........

step=207, rand=6, actions=&lt;Down&gt;
Want     | Got ✗   
-------------------
..ZZ.... | ...LL...
...ZZ... | ...L....
........ | ...L....
........ | ........
........ | ........
...Z.... | ........
S.ZZ...J | ........
SSZLL..J | ........
TSOOL.JJ | ........
TTOOS.SJ | ........
I.SZLLLL | ........

step=208, rand=6, actions=&lt;RotateRight&gt;
Want     | Got ✗   
-------------------
....Z... | ........
...ZZ... | ..LLL...
...Z.... | ....L...
........ | ........
........ | ........
...Z.... | ........
S.ZZ...J | ........
SSZLL..J | ........
TSOOL.JJ | ........
TTOOS.SJ | ........
I.SZLLLL | ........

step=209, rand=6, actions=&lt;Left&gt;
Want     | Got ✗   
-------------------
...Z.... | ........
..ZZ.... | ..LLL...
..Z..... | ....L...
........ | ........
........ | ........
...Z.... | ........
S.ZZ...J | ........
SSZLL..J | ........
TSOOL.JJ | ........
TTOOS.SJ | ........
I.SZLLLL | ........

step=210, rand=6, actions=&lt;Left&gt;
Want     | Got ✗   
-------------------
..Z..... | ........
.ZZ..... | ..LLL...
.Z...... | ....L...
........ | ........
........ | ........
...Z.... | ........
S.ZZ...J | ........
SSZLL..J | ........
TSOOL.JJ | ........
TTOOS.SJ | ........
I.SZLLLL | ........

step=211, rand=6, actions=&lt;Down&gt;
Want     | Got ✗   
-------------------
........ | ........
..Z..... | ..LLL...
.ZZ..... | ....L...
.Z...... | ........
........ | ........
...Z.... | ........
S.ZZ...J | ........
SSZLL..J | ........
TSOOL.JJ | ........
TTOOS.SJ | ........
I.SZLLLL | ........

step=212, rand=6, actions=&lt;Down&gt;
Want     | Got ✗   
-------------------
........ | ........
........ | ..LLL...
..Z..... | ....L...
.ZZ..... | ........
.Z...... | ........
...Z.... | ........
S.ZZ...J | ........
SSZLL..J | ........
TSOOL.JJ | ........
TTOOS.SJ | ........
I.SZLLLL | ........

step=213, rand=6, actions=&lt;Down&gt;
Want     | Got ✗   
-------------------
........ | ........
........ | ..LLL...
........ | ....L...
..Z..... | ........
.ZZ..... | ........
.Z.Z.... | ........
S.ZZ...J | ........
SSZLL..J | ........
TSOOL.JJ | ........
TTOOS.SJ | ........
I.SZLLLL | ........

step=214, rand=6, actions=&lt;Down&gt;
Want     | Got ✗   
-------------------
........ | ........
........ | ..LLL...
........ | ....L...
........ | ........
..Z..... | ........
.ZZZ.... | ........
SZZZ...J | ........
SSZLL..J | ........
TSOOL.JJ | ........
TTOOS.SJ | ........
I.SZLLLL | ........

step=215, rand=5, actions=&lt;Down&gt;
Want     | Got ✗   
-------------------
...T.... | ........
..TTT... | ..LLL...
........ | ....L...
........ | ........
..Z..... | ........
.ZZZ.... | ........
SZZZ...J | ........
SSZLL..J | ........
TSOOL.JJ | ........
TTOOS.SJ | ........
I.SZLLLL | ........

step=216, rand=5, actions=&lt;Right&gt;
Want     | Got ✗   
-------------------
....T... | ........
...TTT.. | ..LLL...
........ | ....L...
........ | ........
..Z..... | ........
.ZZZ.... | ........
SZZZ...J | ........
SSZLL..J | ........
TSOOL.JJ | ........
TTOOS.SJ | ........
I.SZLLLL | ........

step=217, rand=5, actions=&lt;Left&gt;
Want     | Got ✗   
-------------------
...T.... | ........
..TTT... | ..LLL...
........ | ....L...
........ | ........
..Z..... | ........
.ZZZ.... | ........
SZZZ...J | ........
SSZLL..J | ........
TSOOL.JJ | ........
TTOOS.SJ | ........
I.SZLLLL | ........

step=218, rand=5, actions=&lt;RotateRight&gt;
Want     | Got ✗   
-------------------
...T.... | ...L....
...TT... | ...L....
...T.... | ..LL....
........ | ........
..Z..... | ........
.ZZZ.... | ........
SZZZ...J | ........
SSZLL..J | ........
TSOOL.JJ | ........
TTOOS.SJ | ........
I.SZLLLL | ........

step=219, rand=5, actions=&lt;Left&gt;
Want     | Got ✗   
-------------------
..T..... | ...L....
..TT.... | ...L....
..T..... | ..LL....
........ | ........
..Z..... | ........
.ZZZ.... | ........
SZZZ...J | ........
SSZLL..J | ........
TSOOL.JJ | ........
TTOOS.SJ | ........
I.SZLLLL | ........

step=220, rand=5, actions=&lt;Left&gt;
Want     | Got ✗   
-------------------
.T...... | ...L....
.TT..... | ...L....
.T...... | ..LL....
........ | ........
..Z..... | ........
.ZZZ.... | ........
SZZZ...J | ........
SSZLL..J | ........
TSOOL.JJ | ........
TTOOS.SJ | ........
I.SZLLLL | ........

step=221, rand=5, actions=&lt;Left&gt;
Want     | Got ✗   
-------------------
T....... | ...L....
TT...... | ...L....
T....... | ..LL....
........ | ........
..Z..... | ........
.ZZZ.... | ........
SZZZ...J | ........
SSZLL..J | ........
TSOOL.JJ | ........
TTOOS.SJ | ........
I.SZLLLL | ........

step=222, rand=5, actions=&lt;Down&gt;
Want     | Got ✗   
-------------------
........ | ...L....
T....... | ...L....
TT...... | ..LL....
T....... | ........
..Z..... | ........
.ZZZ.... | ........
SZZZ...J | ........
SSZLL..J | ........
TSOOL.JJ | ........
TTOOS.SJ | ........
I.SZLLLL | ........

step=223, rand=5, actions=&lt;Down&gt;
Want     | Got ✗   
-------------------
........ | ...L....
........ | ...L....
T....... | ..LL....
TT...... | ........
T.Z..... | ........
.ZZZ.... | ........
SZZZ...J | ........
SSZLL..J | ........
TSOOL.JJ | ........
TTOOS.SJ | ........
I.SZLLLL | ........

step=224, rand=5, actions=&lt;Down&gt;
Want     | Got ✗   
-------------------
........ | ...L....
........ | ...L....
........ | ..LL....
T....... | ........
TTZ..... | ........
TZZZ.... | ........
SZZZ...J | ........
SSZLL..J | ........
TSOOL.JJ | ........
TTOOS.SJ | ........
I.SZLLLL | ........

step=225, rand=3, actions=&lt;Down&gt;
Want     | Got ✗   
-------------------
...OO... | ...L....
...OO... | ...L....
........ | ..LL....
T....... | ........
TTZ..... | ........
TZZZ.... | ........
SZZZ...J | ........
SSZLL..J | ........
TSOOL.JJ | ........
TTOOS.SJ | ........
I.SZLLLL | ........

step=226, rand=3, actions=&lt;Right&gt;
Want     | Got ✗   
-------------------
....OO.. | ...L....
....OO.. | ...L....
........ | ..LL....
T....... | ........
TTZ..... | ........
TZZZ.... | ........
SZZZ...J | ........
SSZLL..J | ........
TSOOL.JJ | ........
TTOOS.SJ | ........
I.SZLLLL | ........

step=227, rand=3, actions=&lt;Right&gt;
Want     | Got ✗   
-------------------
.....OO. | ...L....
.....OO. | ...L....
........ | ..LL....
T....... | ........
TTZ..... | ........
TZZZ.... | ........
SZZZ...J | ........
SSZLL..J | ........
TSOOL.JJ | ........
TTOOS.SJ | ........
I.SZLLLL | ........

step=228, rand=3, actions=&lt;Left&gt;
Want     | Got ✗   
-------------------
....OO.. | ...L....
....OO.. | ...L....
........ | ..LL....
T....... | ........
TTZ..... | ........
TZZZ.... | ........
SZZZ...J | ........
SSZLL..J | ........
TSOOL.JJ | ........
TTOOS.SJ | ........
I.SZLLLL | ........

step=229, rand=3, actions=&lt;Right&gt;
Want     | Got ✗   
-------------------
.....OO. | ...L....
.....OO. | ...L....
........ | ..LL....
T....... | ........
TTZ..... | ........
TZZZ.... | ........
SZZZ...J | ........
SSZLL..J | ........
TSOOL.JJ | ........
TTOOS.SJ | ........
I.SZLLLL | ........

step=230, rand=3, actions=&lt;Down&gt;
Want     | Got ✗   
-------------------
........ | ...L....
.....OO. | ...L....
.....OO. | ..LL....
T....... | ........
TTZ..... | ........
TZZZ.... | ........
SZZZ...J | ........
SSZLL..J | ........
TSOOL.JJ | ........
TTOOS.SJ | ........
I.SZLLLL | ........

step=231, rand=3, actions=&lt;Down&gt;
Want     | Got ✗   
-------------------
........ | ...L....
........ | ...L....
.....OO. | ..LL....
T....OO. | ........
TTZ..... | ........
TZZZ.... | ........
SZZZ...J | ........
SSZLL..J | ........
TSOOL.JJ | ........
TTOOS.SJ | ........
I.SZLLLL | ........

step=232, rand=3, actions=&lt;Down&gt;
Want     | Got ✗   
-------------------
........ | ...L....
........ | ...L....
........ | ..LL....
T....OO. | ........
TTZ..OO. | ........
TZZZ.... | ........
SZZZ...J | ........
SSZLL..J | ........
TSOOL.JJ | ........
TTOOS.SJ | ........
I.SZLLLL | ........

step=233, rand=3, actions=&lt;Down&gt;
Want     | Got ✗   
-------------------
........ | ...L....
........ | ...L....
........ | ..LL....
T....... | ........
TTZ..OO. | ........
TZZZ.OO. | ........
SZZZ...J | ........
SSZLL..J | ........
TSOOL.JJ | ........
TTOOS.SJ | ........
I.SZLLLL | ........

step=234, rand=3, actions=&lt;Down&gt;
Want     | Got ✗   
-------------------
........ | ...L....
........ | ...L....
........ | ..LL....
T....... | ........
TTZ..... | ........
TZZZ.OO. | ........
SZZZ.OOJ | ........
SSZLL..J | ........
TSOOL.JJ | ........
TTOOS.SJ | ........
I.SZLLLL | ........

step=235, rand=3, actions=&lt;Down&gt;
Want     | Got ✗   
-------------------
........ | ...L....
........ | ...L....
........ | ..LL....
T....... | ........
TTZ..... | ........
TZZZ.... | ........
SZZZ.OOJ | ........
SSZLLOOJ | ........
TSOOL.JJ | ........
TTOOS.SJ | ........
I.SZLLLL | ........

step=236, rand=3, actions=&lt;Right&gt;
Want     | Got ✗   
-------------------
........ | ...L....
........ | ...L....
........ | ..LL....
T....... | ........
TTZ..... | ........
TZZZ.... | ........
SZZZ.OOJ | ........
SSZLLOOJ | ........
TSOOL.JJ | ........
TTOOS.SJ | ........
I.SZLLLL | ........

step=237, rand=6, actions=&lt;Down&gt;
Want     | Got ✗   
-------------------
..ZZ.... | ...L....
...ZZ... | ...L....
........ | ..LL....
........ | ........
T....... | ........
TTZ..... | ........
TZZZ.... | ........
SZZZ.OOJ | ........
TSOOL.JJ | ........
TTOOS.SJ | ........
I.SZLLLL | ........

step=238, rand=6, actions=&lt;RotateRight&gt;
Want     | Got ✗   
-------------------
....Z... | ..L.....
...ZZ... | ..LLL...
...Z.... | ........
........ | ........
T....... | ........
TTZ..... | ........
TZZZ.... | ........
SZZZ.OOJ | ........
TSOOL.JJ | ........
TTOOS.SJ | ........
I.SZLLLL | ........

step=239, rand=6, actions=&lt;Right&gt;
Want     | Got ✗   
-------------------
.....Z.. | ..L.....
....ZZ.. | ..LLL...
....Z... | ........
........ | ........
T....... | ........
TTZ..... | ........
TZZZ.... | ........
SZZZ.OOJ | ........
TSOOL.JJ | ........
TTOOS.SJ | ........
I.SZLLLL | ........

step=240, rand=6, actions=&lt;Right&gt;
Want     | Got ✗   
-------------------
......Z. | ..L.....
.....ZZ. | ..LLL...
.....Z.. | ........
........ | ........
T....... | ........
TTZ..... | ........
TZZZ.... | ........
SZZZ.OOJ | ........
TSOOL.JJ | ........
TTOOS.SJ | ........
I.SZLLLL | ........

step=241, rand=6, actions=&lt;Left&gt;
Want     | Got ✗   
-------------------
.....Z.. | ..L.....
....ZZ.. | ..LLL...
....Z... | ........
........ | ........
T....... | ........
TTZ..... | ........
TZZZ.... | ........
SZZZ.OOJ | ........
TSOOL.JJ | ........
TTOOS.SJ | ........
I.SZLLLL | ........

step=242, rand=6, actions=&lt;Down&gt;
Want     | Got ✗   
-------------------
........ | ..L.....
.....Z.. | ..LLL...
....ZZ.. | ........
....Z... | ........
T....... | ........
TTZ..... | ........
TZZZ.... | ........
SZZZ.OOJ | ........
TSOOL.JJ | ........
TTOOS.SJ | ........
I.SZLLLL | ........

step=243, rand=6, actions=&lt;Down&gt;
Want     | Got ✗   
-------------------
........ | ..L.....
........ | ..LLL...
.....Z.. | ........
....ZZ.. | ........
T...Z... | ........
TTZ..... | ........
TZZZ.... | ........
SZZZ.OOJ | ........
TSOOL.JJ | ........
TTOOS.SJ | ........
I.SZLLLL | ........

step=244, rand=6, actions=&lt;Down&gt;
Want     | Got ✗   
-------------------
........ | ..L.....
........ | ..LLL...
........ | ........
.....Z.. | ........
T...ZZ.. | ........
TTZ.Z... | ........
TZZZ.... | ........
SZZZ.OOJ | ........
TSOOL.JJ | ........
TTOOS.SJ | ........
I.SZLLLL | ........

step=245, rand=6, actions=&lt;Down&gt;
Want     | Got ✗   
-------------------
........ | ..L.....
........ | ..LLL...
........ | ........
........ | ........
T....Z.. | ........
TTZ.ZZ.. | ........
TZZZZ... | ........
SZZZ.OOJ | ........
TSOOL.JJ | ........
TTOOS.SJ | ........
I.SZLLLL | ........

step=246, rand=6, actions=&lt;Down&gt;
Want     | Got ✗   
-------------------
........ | ..L.....
........ | ..LLL...
........ | ........
........ | ........
T....... | ........
TTZ..Z.. | ........
TZZZZZ.. | ........
SZZZZOOJ | ........
TSOOL.JJ | ........
TTOOS.SJ | ........
I.SZLLLL | ........

step=247, rand=5, actions=&lt;Down&gt;
Want     | Got ✗   
-------------------
...T.... | ..L.....
..TTT... | ..LLL...
........ | ........
........ | ........
........ | ........
T....... | ........
TTZ..Z.. | ........
TZZZZZ.. | ........
TSOOL.JJ | ........
TTOOS.SJ | ........
I.SZLLLL | ........

step=248, rand=5, actions=&lt;RotateRight&gt;
Want     | Got ✗   
-------------------
...T.... | ...LL...
...TT... | ...L....
...T.... | ...L....
........ | ........
........ | ........
T....... | ........
TTZ..Z.. | ........
TZZZZZ.. | ........
TSOOL.JJ | ........
TTOOS.SJ | ........
I.SZLLLL | ........

step=249, rand=5, actions=&lt;RotateRight&gt;
Want     | Got ✗   
-------------------
........ | ........
..TTT... | ..LLL...
...T.... | ....L...
........ | ........
........ | ........
T....... | ........
TTZ..Z.. | ........
TZZZZZ.. | ........
TSOOL.JJ | ........
TTOOS.SJ | ........
I.SZLLLL | ........

step=250, rand=5, actions=&lt;RotateRight&gt;
Want     | Got ✗   
-------------------
...T.... | ...L....
..TT.... | ...L....
...T.... | ..LL....
........ | ........
........ | ........
T....... | ........
TTZ..Z.. | ........
TZZZZZ.. | ........
TSOOL.JJ | ........
TTOOS.SJ | ........
I.SZLLLL | ........

step=251, rand=5, actions=&lt;RotateRight&gt;
Want     | Got ✗   
-------------------
...T.... | ..L.....
..TTT... | ..LLL...
........ | ........
........ | ........
........ | ........
T....... | ........
TTZ..Z.. | ........
TZZZZZ.. | ........
TSOOL.JJ | ........
TTOOS.SJ | ........
I.SZLLLL | ........

step=252, rand=5, actions=&lt;RotateRight&gt;
Want     | Got ✗   
-------------------
...T.... | ...LL...
...TT... | ...L....
...T.... | ...L....
........ | ........
........ | ........
T....... | ........
TTZ..Z.. | ........
TZZZZZ.. | ........
TSOOL.JJ | ........
TTOOS.SJ | ........
I.SZLLLL | ........

step=253, rand=5, actions=&lt;Right&gt;
Want     | Got ✗   
-------------------
....T... | ...LL...
....TT.. | ...L....
....T... | ...L....
........ | ........
........ | ........
T....... | ........
TTZ..Z.. | ........
TZZZZZ.. | ........
TSOOL.JJ | ........
TTOOS.SJ | ........
I.SZLLLL | ........

step=254, rand=5, actions=&lt;Down&gt;
Want     | Got ✗   
-------------------
........ | ...LL...
....T... | ...L....
....TT.. | ...L....
....T... | ........
........ | ........
T....... | ........
TTZ..Z.. | ........
TZZZZZ.. | ........
TSOOL.JJ | ........
TTOOS.SJ | ........
I.SZLLLL | ........

step=255, rand=5, actions=&lt;Down&gt;
Want     | Got ✗   
-------------------
........ | ...LL...
........ | ...L....
....T... | ...L....
....TT.. | ........
....T... | ........
T....... | ........
TTZ..Z.. | ........
TZZZZZ.. | ........
TSOOL.JJ | ........
TTOOS.SJ | ........
I.SZLLLL | ........

step=256, rand=5, actions=&lt;Down&gt;
Want     | Got ✗   
-------------------
........ | ...LL...
........ | ...L....
........ | ...L....
....T... | ........
....TT.. | ........
T...T... | ........
TTZ..Z.. | ........
TZZZZZ.. | ........
TSOOL.JJ | ........
TTOOS.SJ | ........
I.SZLLLL | ........

step=257, rand=5, actions=&lt;Down&gt;
Want     | Got ✗   
-------------------
........ | ...LL...
........ | ...L....
........ | ...L....
........ | ........
....T... | ........
T...TT.. | ........
TTZ.TZ.. | ........
TZZZZZ.. | ........
TSOOL.JJ | ........
TTOOS.SJ | ........
I.SZLLLL | ........

step=258, rand=5, actions=&lt;Down&gt;
Want     | Got ✗   
-------------------
...T.... | ...LL...
..TTT... | ...L....
........ | ...L....
........ | ........
....T... | ........
T...TT.. | ........
TTZ.TZ.. | ........
TZZZZZ.. | ........
TSOOL.JJ | ........
TTOOS.SJ | ........
I.SZLLLL | ........

step=259, rand=5, actions=&lt;RotateRight&gt;
Want     | Got ✗   
-------------------
...T.... | ........
...TT... | ..LLL...
...T.... | ....L...
........ | ........
....T... | ........
T...TT.. | ........
TTZ.TZ.. | ........
TZZZZZ.. | ........
TSOOL.JJ | ........
TTOOS.SJ | ........
I.SZLLLL | ........

step=260, rand=5, actions=&lt;RotateRight&gt;
Want     | Got ✗   
-------------------
........ | ...L....
..TTT... | ...L....
...T.... | ..LL....
........ | ........
....T... | ........
T...TT.. | ........
TTZ.TZ.. | ........
TZZZZZ.. | ........
TSOOL.JJ | ........
TTOOS.SJ | ........
I.SZLLLL | ........

step=261, rand=5, actions=&lt;RotateRight&gt;
Want     | Got ✗   
-------------------
...T.... | ..L.....
..TT.... | ..LLL...
...T.... | ........
........ | ........
....T... | ........
T...TT.. | ........
TTZ.TZ.. | ........
TZZZZZ.. | ........
TSOOL.JJ | ........
TTOOS.SJ | ........
I.SZLLLL | ........

step=262, rand=5, actions=&lt;Down&gt;
Want     | Got ✗   
-------------------
........ | ..L.....
...T.... | ..LLL...
..TT.... | ........
...T.... | ........
....T... | ........
T...TT.. | ........
TTZ.TZ.. | ........
TZZZZZ.. | ........
TSOOL.JJ | ........
TTOOS.SJ | ........
I.SZLLLL | ........

step=263, rand=5, actions=&lt;Down&gt;
Want     | Got ✗   
-------------------
........ | ..L.....
........ | ..LLL...
...T.... | ........
..TT.... | ........
...TT... | ........
T...TT.. | ........
TTZ.TZ.. | ........
TZZZZZ.. | ........
TSOOL.JJ | ........
TTOOS.SJ | ........
I.SZLLLL | ........

step=264, rand=5, actions=&lt;Down&gt;
Want     | Got ✗   
-------------------
........ | ..L.....
........ | ..LLL...
........ | ........
...T.... | ........
..TTT... | ........
T..TTT.. | ........
TTZ.TZ.. | ........
TZZZZZ.. | ........
TSOOL.JJ | ........
TTOOS.SJ | ........
I.SZLLLL | ........

step=265, rand=5, actions=&lt;Down&gt;
Want     | Got ✗   
-------------------
........ | ..L.....
........ | ..LLL...
........ | ........
........ | ........
...TT... | ........
T.TTTT.. | ........
TTZTTZ.. | ........
TZZZZZ.. | ........
TSOOL.JJ | ........
TTOOS.SJ | ........
I.SZLLLL | ........

step=266, rand=6, actions=&lt;Down&gt;
Want     | Got ✗   
-------------------
..ZZ.... | ..L.....
...ZZ... | ..LLL...
........ | ........
........ | ........
...TT... | ........
T.TTTT.. | ........
TTZTTZ.. | ........
TZZZZZ.. | ........
TSOOL.JJ | ........
TTOOS.SJ | ........
I.SZLLLL | ........

step=267, rand=6, actions=&lt;RotateRight&gt;
Want     | Got ✗   
-------------------
....Z... | ...LL...
...ZZ... | ...L....
...Z.... | ...L....
........ | ........
...TT... | ........
T.TTTT.. | ........
TTZTTZ.. | ........
TZZZZZ.. | ........
TSOOL.JJ | ........
TTOOS.SJ | ........
I.SZLLLL | ........

step=268, rand=6, actions=&lt;Left&gt;
Want     | Got ✗   
-------------------
...Z.... | ...LL...
..ZZ.... | ...L....
..Z..... | ...L....
........ | ........
...TT... | ........
T.TTTT.. | ........
TTZTTZ.. | ........
TZZZZZ.. | ........
TSOOL.JJ | ........
TTOOS.SJ | ........
I.SZLLLL | ........

step=269, rand=6, actions=&lt;Left&gt;
Want     | Got ✗   
-------------------
..Z..... | ...LL...
.ZZ..... | ...L....
.Z...... | ...L....
........ | ........
...TT... | ........
T.TTTT.. | ........
TTZTTZ.. | ........
TZZZZZ.. | ........
TSOOL.JJ | ........
TTOOS.SJ | ........
I.SZLLLL | ........

step=270, rand=6, actions=&lt;Down&gt;
Want     | Got ✗   
-------------------
........ | ...LL...
..Z..... | ...L....
.ZZ..... | ...L....
.Z...... | ........
...TT... | ........
T.TTTT.. | ........
TTZTTZ.. | ........
TZZZZZ.. | ........
TSOOL.JJ | ........
TTOOS.SJ | ........
I.SZLLLL | ........

step=271, rand=6, actions=&lt;Down&gt;
Want     | Got ✗   
-------------------
........ | ...LL...
........ | ...L....
..Z..... | ...L....
.ZZ..... | ........
.Z.TT... | ........
T.TTTT.. | ........
TTZTTZ.. | ........
TZZZZZ.. | ........
TSOOL.JJ | ........
TTOOS.SJ | ........
I.SZLLLL | ........

step=272, rand=6, actions=&lt;Down&gt;
Want     | Got ✗   
-------------------
........ | ...LL...
........ | ...L....
........ | ...L....
..Z..... | ........
.ZZTT... | ........
TZTTTT.. | ........
TTZTTZ.. | ........
TZZZZZ.. | ........
TSOOL.JJ | ........
TTOOS.SJ | ........
I.SZLLLL | ........

step=273, rand=0, actions=&lt;Down&gt;
Want     | Got ✗   
-------------------
........ | ...LL...
..IIII.. | ...L....
........ | ...L....
..Z..... | ........
.ZZTT... | ........
TZTTTT.. | ........
TTZTTZ.. | ........
TZZZZZ.. | ........
TSOOL.JJ | ........
TTOOS.SJ | ........
I.SZLLLL | ........

step=274, rand=0, actions=&lt;RotateRight&gt;
Want     | Got ✗   
-------------------
....I... | ........
....I... | ..LLL...
....I... | ....L...
..Z.I... | ........
.ZZTT... | ........
TZTTTT.. | ........
TTZTTZ.. | ........
TZZZZZ.. | ........
TSOOL.JJ | ........
TTOOS.SJ | ........
I.SZLLLL | ........

step=275, rand=0, actions=&lt;Right&gt;
Want     | Got ✗   
-------------------
.....I.. | ........
.....I.. | ..LLL...
.....I.. | ....L...
..Z..I.. | ........
.ZZTT... | ........
TZTTTT.. | ........
TTZTTZ.. | ........
TZZZZZ.. | ........
TSOOL.JJ | ........
TTOOS.SJ | ........
I.SZLLLL | ........

step=276, rand=0, actions=&lt;Right&gt;
Want     | Got ✗   
-------------------
......I. | ........
......I. | ..LLL...
......I. | ....L...
..Z...I. | ........
.ZZTT... | ........
TZTTTT.. | ........
TTZTTZ.. | ........
TZZZZZ.. | ........
TSOOL.JJ | ........
TTOOS.SJ | ........
I.SZLLLL | ........

step=277, rand=0, actions=&lt;Right&gt;
Want     | Got ✗   
-------------------
.......I | ........
.......I | ..LLL...
.......I | ....L...
..Z....I | ........
.ZZTT... | ........
TZTTTT.. | ........
TTZTTZ.. | ........
TZZZZZ.. | ........
TSOOL.JJ | ........
TTOOS.SJ | ........
I.SZLLLL | ........

step=278, rand=0, actions=&lt;Left&gt;
Want     | Got ✗   
-------------------
......I. | ........
......I. | ..LLL...
......I. | ....L...
..Z...I. | ........
.ZZTT... | ........
TZTTTT.. | ........
TTZTTZ.. | ........
TZZZZZ.. | ........
TSOOL.JJ | ........
TTOOS.SJ | ........
I.SZLLLL | ........

step=279, rand=0, actions=&lt;Down&gt;
Want     | Got ✗   
-------------------
........ | ........
......I. | ..LLL...
......I. | ....L...
..Z...I. | ........
.ZZTT.I. | ........
TZTTTT.. | ........
TTZTTZ.. | ........
TZZZZZ.. | ........
TSOOL.JJ | ........
TTOOS.SJ | ........
I.SZLLLL | ........

step=280, rand=0, actions=&lt;Down&gt;
Want     | Got ✗   
-------------------
........ | ........
........ | ..LLL...
......I. | ....L...
..Z...I. | ........
.ZZTT.I. | ........
TZTTTTI. | ........
TTZTTZ.. | ........
TZZZZZ.. | ........
TSOOL.JJ | ........
TTOOS.SJ | ........
I.SZLLLL | ........

step=281, rand=0, actions=&lt;Down&gt;
Want     | Got ✗   
-------------------
........ | ........
........ | ..LLL...
........ | ....L...
..Z...I. | ........
.ZZTT.I. | ........
TZTTTTI. | ........
TTZTTZI. | ........
TZZZZZ.. | ........
TSOOL.JJ | ........
TTOOS.SJ | ........
I.SZLLLL | ........

step=282, rand=0, actions=&lt;Down&gt;
Want     | Got ✗   
-------------------
........ | ........
........ | ..LLL...
........ | ....L...
..Z..... | ........
.ZZTT.I. | ........
TZTTTTI. | ........
TTZTTZI. | ........
TZZZZZI. | ........
TSOOL.JJ | ........
TTOOS.SJ | ........
I.SZLLLL | ........

step=283, rand=6, actions=&lt;Down&gt;
Want     | Got ✗   
-------------------
..ZZ.... | ........
...ZZ... | ..LLL...
........ | ....L...
..Z..... | ........
.ZZTT.I. | ........
TZTTTTI. | ........
TTZTTZI. | ........
TZZZZZI. | ........
TSOOL.JJ | ........
TTOOS.SJ | ........
I.SZLLLL | ........

step=284, rand=6, actions=&lt;Right&gt;
Want     | Got ✗   
-------------------
...ZZ... | ........
....ZZ.. | ..LLL...
........ | ....L...
..Z..... | ........
.ZZTT.I. | ........
TZTTTTI. | ........
TTZTTZI. | ........
TZZZZZI. | ........
TSOOL.JJ | ........
TTOOS.SJ | ........
I.SZLLLL | ........

step=285, rand=6, actions=&lt;Right&gt;
Want     | Got ✗   
-------------------
....ZZ.. | ........
.....ZZ. | ..LLL...
........ | ....L...
..Z..... | ........
.ZZTT.I. | ........
TZTTTTI. | ........
TTZTTZI. | ........
TZZZZZI. | ........
TSOOL.JJ | ........
TTOOS.SJ | ........
I.SZLLLL | ........

step=286, rand=6, actions=&lt;Left&gt;
Want     | Got ✗   
-------------------
...ZZ... | ........
....ZZ.. | ..LLL...
........ | ....L...
..Z..... | ........
.ZZTT.I. | ........
TZTTTTI. | ........
TTZTTZI. | ........
TZZZZZI. | ........
TSOOL.JJ | ........
TTOOS.SJ | ........
I.SZLLLL | ........

step=287, rand=6, actions=&lt;Left&gt;
Want     | Got ✗   
-------------------
..ZZ.... | ........
...ZZ... | ..LLL...
........ | ....L...
..Z..... | ........
.ZZTT.I. | ........
TZTTTTI. | ........
TTZTTZI. | ........
TZZZZZI. | ........
TSOOL.JJ | ........
TTOOS.SJ | ........
I.SZLLLL | ........

step=288, rand=6, actions=&lt;Left&gt;
Want     | Got ✗   
-------------------
.ZZ..... | ........
..ZZ.... | ..LLL...
........ | ....L...
..Z..... | ........
.ZZTT.I. | ........
TZTTTTI. | ........
TTZTTZI. | ........
TZZZZZI. | ........
TSOOL.JJ | ........
TTOOS.SJ | ........
I.SZLLLL | ........

step=289, rand=6, actions=&lt;Left&gt;
Want     | Got ✗   
-------------------
ZZ...... | ........
.ZZ..... | ..LLL...
........ | ....L...
..Z..... | ........
.ZZTT.I. | ........
TZTTTTI. | ........
TTZTTZI. | ........
TZZZZZI. | ........
TSOOL.JJ | ........
TTOOS.SJ | ........
I.SZLLLL | ........

step=290, rand=6, actions=&lt;RotateRight&gt;
Want     | Got ✗   
-------------------
..Z..... | ...L....
.ZZ..... | ...L....
.Z...... | ..LL....
..Z..... | ........
.ZZTT.I. | ........
TZTTTTI. | ........
TTZTTZI. | ........
TZZZZZI. | ........
TSOOL.JJ | ........
TTOOS.SJ | ........
I.SZLLLL | ........

step=291, rand=6, actions=&lt;Left&gt;
Want     | Got ✗   
-------------------
.Z...... | ...L....
ZZ...... | ...L....
Z....... | ..LL....
..Z..... | ........
.ZZTT.I. | ........
TZTTTTI. | ........
TTZTTZI. | ........
TZZZZZI. | ........
TSOOL.JJ | ........
TTOOS.SJ | ........
I.SZLLLL | ........

step=292, rand=6, actions=&lt;Left&gt;
Want     | Got ✗   
-------------------
.Z...... | ...L....
ZZ...... | ...L....
Z....... | ..LL....
..Z..... | ........
.ZZTT.I. | ........
TZTTTTI. | ........
TTZTTZI. | ........
TZZZZZI. | ........
TSOOL.JJ | ........
TTOOS.SJ | ........
I.SZLLLL | ........

step=293, rand=6, actions=&lt;Down&gt;
Want     | Got ✗   
-------------------
........ | ...L....
.Z...... | ...L....
ZZ...... | ..LL....
Z.Z..... | ........
.ZZTT.I. | ........
TZTTTTI. | ........
TTZTTZI. | ........
TZZZZZI. | ........
TSOOL.JJ | ........
TTOOS.SJ | ........
I.SZLLLL | ........

step=294, rand=6, actions=&lt;Down&gt;
Want     | Got ✗   
-------------------
........ | ...L....
........ | ...L....
.Z...... | ..LL....
ZZZ..... | ........
ZZZTT.I. | ........
TZTTTTI. | ........
TTZTTZI. | ........
TZZZZZI. | ........
TSOOL.JJ | ........
TTOOS.SJ | ........
I.SZLLLL | ........

step=295, rand=4, actions=&lt;Down&gt;
Want     | Got ✗   
-------------------
...SS... | ...L....
..SS.... | ...L....
.Z...... | ..LL....
ZZZ..... | ........
ZZZTT.I. | ........
TZTTTTI. | ........
TTZTTZI. | ........
TZZZZZI. | ........
TSOOL.JJ | ........
TTOOS.SJ | ........
I.SZLLLL | ........

step=296, rand=4, actions=&lt;RotateRight&gt;
Want     | Got ✗   
-------------------
...S.... | ..L.....
...SS... | ..LLL...
.Z..S... | ........
ZZZ..... | ........
ZZZTT.I. | ........
TZTTTTI. | ........
TTZTTZI. | ........
TZZZZZI. | ........
TSOOL.JJ | ........
TTOOS.SJ | ........
I.SZLLLL | ........

step=297, rand=4, actions=&lt;Right&gt;
Want     | Got ✗   
-------------------
....S... | ..L.....
....SS.. | ..LLL...
.Z...S.. | ........
ZZZ..... | ........
ZZZTT.I. | ........
TZTTTTI. | ........
TTZTTZI. | ........
TZZZZZI. | ........
TSOOL.JJ | ........
TTOOS.SJ | ........
I.SZLLLL | ........

step=298, rand=4, actions=&lt;Down&gt;
Want     | Got ✗   
-------------------
........ | ..L.....
....S... | ..LLL...
.Z..SS.. | ........
ZZZ..S.. | ........
ZZZTT.I. | ........
TZTTTTI. | ........
TTZTTZI. | ........
TZZZZZI. | ........
TSOOL.JJ | ........
TTOOS.SJ | ........
I.SZLLLL | ........

step=299, rand=4, actions=&lt;Down&gt;
Want     | Got ✗   
-------------------
........ | ..L.....
........ | ..LLL...
.Z..S... | ........
ZZZ.SS.. | ........
ZZZTTSI. | ........
TZTTTTI. | ........
TTZTTZI. | ........
TZZZZZI. | ........
TSOOL.JJ | ........
TTOOS.SJ | ........
I.SZLLLL | ........

step=300, rand=3, actions=&lt;Down&gt;
Want     | Got ✗   
-------------------
...OO... | ..L.....
...OO... | ..LLL...
.Z..S... | ........
ZZZ.SS.. | ........
ZZZTTSI. | ........
TZTTTTI. | ........
TTZTTZI. | ........
TZZZZZI. | ........
TSOOL.JJ | ........
TTOOS.SJ | ........
I.SZLLLL | ........

step=301, rand=3, actions=&lt;Right&gt;
Want     | Got ✗   
-------------------
....OO.. | ..L.....
....OO.. | ..LLL...
.Z..S... | ........
ZZZ.SS.. | ........
ZZZTTSI. | ........
TZTTTTI. | ........
TTZTTZI. | ........
TZZZZZI. | ........
TSOOL.JJ | ........
TTOOS.SJ | ........
I.SZLLLL | ........

step=302, rand=3, actions=&lt;Right&gt;
Want     | Got ✗   
-------------------
.....OO. | ..L.....
.....OO. | ..LLL...
.Z..S... | ........
ZZZ.SS.. | ........
ZZZTTSI. | ........
TZTTTTI. | ........
TTZTTZI. | ........
TZZZZZI. | ........
TSOOL.JJ | ........
TTOOS.SJ | ........
I.SZLLLL | ........

step=303, rand=3, actions=&lt;Right&gt;
Want     | Got ✗   
-------------------
......OO | ..L.....
......OO | ..LLL...
.Z..S... | ........
ZZZ.SS.. | ........
ZZZTTSI. | ........
TZTTTTI. | ........
TTZTTZI. | ........
TZZZZZI. | ........
TSOOL.JJ | ........
TTOOS.SJ | ........
I.SZLLLL | ........

step=304, rand=3, actions=&lt;Down&gt;
Want     | Got ✗   
-------------------
........ | ..L.....
......OO | ..LLL...
.Z..S.OO | ........
ZZZ.SS.. | ........
ZZZTTSI. | ........
TZTTTTI. | ........
TTZTTZI. | ........
TZZZZZI. | ........
TSOOL.JJ | ........
TTOOS.SJ | ........
I.SZLLLL | ........

step=305, rand=3, actions=&lt;Down&gt;
Want     | Got ✗   
-------------------
........ | ..L.....
........ | ..LLL...
.Z..S.OO | ........
ZZZ.SSOO | ........
ZZZTTSI. | ........
TZTTTTI. | ........
TTZTTZI. | ........
TZZZZZI. | ........
TSOOL.JJ | ........
TTOOS.SJ | ........
I.SZLLLL | ........

step=306, rand=3, actions=&lt;Down&gt;
Want     | Got ✗   
-------------------
...OO... | ..L.....
...OO... | ..LLL...
.Z..S.OO | ........
ZZZ.SSOO | ........
ZZZTTSI. | ........
TZTTTTI. | ........
TTZTTZI. | ........
TZZZZZI. | ........
TSOOL.JJ | ........
TTOOS.SJ | ........
I.SZLLLL | ........

step=307, rand=3, actions=&lt;Left&gt;
Want     | Got ✗   
-------------------
..OO.... | ..L.....
..OO.... | ..LLL...
.Z..S.OO | ........
ZZZ.SSOO | ........
ZZZTTSI. | ........
TZTTTTI. | ........
TTZTTZI. | ........
TZZZZZI. | ........
TSOOL.JJ | ........
TTOOS.SJ | ........
I.SZLLLL | ........

step=308, rand=3, actions=&lt;Left&gt;
Want     | Got ✗   
-------------------
.OO..... | ..L.....
.OO..... | ..LLL...
.Z..S.OO | ........
ZZZ.SSOO | ........
ZZZTTSI. | ........
TZTTTTI. | ........
TTZTTZI. | ........
TZZZZZI. | ........
TSOOL.JJ | ........
TTOOS.SJ | ........
I.SZLLLL | ........

step=309, rand=3, actions=&lt;Right&gt;
Want     | Got ✗   
-------------------
..OO.... | ..L.....
..OO.... | ..LLL...
.Z..S.OO | ........
ZZZ.SSOO | ........
ZZZTTSI. | ........
TZTTTTI. | ........
TTZTTZI. | ........
TZZZZZI. | ........
TSOOL.JJ | ........
TTOOS.SJ | ........
I.SZLLLL | ........

step=310, rand=3, actions=&lt;Down&gt;
Want     | Got ✗   
-------------------
........ | ..L.....
..OO.... | ..LLL...
.ZOOS.OO | ........
ZZZ.SSOO | ........
ZZZTTSI. | ........
TZTTTTI. | ........
TTZTTZI. | ........
TZZZZZI. | ........
TSOOL.JJ | ........
TTOOS.SJ | ........
I.SZLLLL | ........

step=311, rand=1, actions=&lt;Down&gt;
Want              | Got ✗   
----------------------------
GameOverDisplay() | ..L.....
                  | ..LLL...
                  | ........
                  | ........
                  | ........
                  | ........
                  | ........
                  | ........
                  | ........
                  | ........
                  | ........


	at org.scalatest.Assertions.newAssertionFailedException(Assertions.scala:530)
	at org.scalatest.Assertions.newAssertionFailedException$(Assertions.scala:529)
	at org.scalatest.FunSuite.newAssertionFailedException(FunSuite.scala:1560)
	at org.scalatest.Assertions$AssertionsHelper.macroAssert(Assertions.scala:503)
	at generic.GameTestSuite.checkGame(GameTestSuite.scala:298)
	at tetris.TetrisTestSuiteBase.checkGame(TetrisTestSuiteBase.scala:103)
	at tetris.FullGameTests.$anonfun$new$2(FullGameTests.scala:5744)
	at scala.runtime.java8.JFunction0$mcV$sp.apply(JFunction0$mcV$sp.scala:18)
	at infrastructure.TestBase.$anonfun$test$1(TestBase.scala:36)
	at org.scalatest.OutcomeOf.outcomeOf(OutcomeOf.scala:85)
	at org.scalatest.OutcomeOf.outcomeOf$(OutcomeOf.scala:83)
	at org.scalatest.OutcomeOf$.outcomeOf(OutcomeOf.scala:104)
	at org.scalatest.Transformer.apply(Transformer.scala:22)
	at org.scalatest.Transformer.apply(Transformer.scala:20)
	at org.scalatest.FunSuiteLike$$anon$1.apply(FunSuiteLike.scala:186)
	at org.scalatest.TestSuite.withFixture(TestSuite.scala:196)
	at org.scalatest.TestSuite.withFixture$(TestSuite.scala:195)
	at infrastructure.TestBase.org$scalatest$concurrent$TimeLimitedTests$$super$withFixture(TestBase.scala:9)
	at org.scalatest.concurrent.TimeLimitedTests.$anonfun$withFixture$3(TimeLimitedTests.scala:154)
	at org.scalatest.enablers.Timed$$anon$1.timeoutAfter(Timed.scala:127)
	at org.scalatest.concurrent.TimeLimits.failAfterImpl(TimeLimits.scala:239)
	at org.scalatest.concurrent.TimeLimits.failAfterImpl$(TimeLimits.scala:233)
	at org.scalatest.concurrent.TimeLimits$.failAfterImpl(TimeLimits.scala:305)
	at org.scalatest.concurrent.TimeLimitedTests.withFixture(TimeLimitedTests.scala:153)
	at org.scalatest.concurrent.TimeLimitedTests.withFixture$(TimeLimitedTests.scala:150)
	at infrastructure.TestBase.withFixture(TestBase.scala:9)
	at org.scalatest.FunSuiteLike.invokeWithFixture$1(FunSuiteLike.scala:184)
	at org.scalatest.FunSuiteLike.$anonfun$runTest$1(FunSuiteLike.scala:196)
	at org.scalatest.SuperEngine.runTestImpl(Engine.scala:286)
	at org.scalatest.FunSuiteLike.runTest(FunSuiteLike.scala:196)
	at org.scalatest.FunSuiteLike.runTest$(FunSuiteLike.scala:178)
	at org.scalatest.FunSuite.runTest(FunSuite.scala:1560)
	at org.scalatest.FunSuiteLike.$anonfun$runTests$1(FunSuiteLike.scala:229)
	at org.scalatest.SuperEngine.$anonfun$runTestsInBranch$1(Engine.scala:393)
	at scala.collection.immutable.List.foreach(List.scala:333)
	at org.scalatest.SuperEngine.traverseSubNodes$1(Engine.scala:381)
	at org.scalatest.SuperEngine.runTestsInBranch(Engine.scala:376)
	at org.scalatest.SuperEngine.runTestsImpl(Engine.scala:458)
	at org.scalatest.FunSuiteLike.runTests(FunSuiteLike.scala:229)
	at org.scalatest.FunSuiteLike.runTests$(FunSuiteLike.scala:228)
	at org.scalatest.FunSuite.runTests(FunSuite.scala:1560)
	at org.scalatest.Suite.run(Suite.scala:1124)
	at org.scalatest.Suite.run$(Suite.scala:1106)
	at org.scalatest.FunSuite.org$scalatest$FunSuiteLike$$super$run(FunSuite.scala:1560)
	at org.scalatest.FunSuiteLike.$anonfun$run$1(FunSuiteLike.scala:233)
	at org.scalatest.SuperEngine.runImpl(Engine.scala:518)
	at org.scalatest.FunSuiteLike.run(FunSuiteLike.scala:233)
	at org.scalatest.FunSuiteLike.run$(FunSuiteLike.scala:232)
	at infrastructure.TestBase.run(TestBase.scala:26)
	at org.scalatest.Suite.callExecuteOnSuite$1(Suite.scala:1187)
	at org.scalatest.Suite.$anonfun$runNestedSuites$1(Suite.scala:1234)
	at scala.collection.ArrayOps$.foreach$extension(ArrayOps.scala:1323)
	at org.scalatest.Suite.runNestedSuites(Suite.scala:1232)
	at org.scalatest.Suite.runNestedSuites$(Suite.scala:1166)
	at org.scalatest.Suites.runNestedSuites(Suites.scala:56)
	at org.scalatest.Suite.run(Suite.scala:1121)
	at org.scalatest.Suite.run$(Suite.scala:1106)
	at tetris.TetrisTestSuitesBase.runDirect(TetrisTestSuitesBase.scala:20)
	at tetris.TetrisTestSuitesBase.runWithScoreCounter(TetrisTestSuitesBase.scala:14)
	at tetris.TetrisTestSuite3.run(TetrisTestSuite3.scala:25)
	at org.scalatestplus.junit.JUnitRunner.run(JUnitRunner.scala:99)
	at org.junit.runner.JUnitCore.run(JUnitCore.java:137)
	at org.junit.runner.JUnitCore.run(JUnitCore.java:115)
	at org.junit.vintage.engine.execution.RunnerExecutor.execute(RunnerExecutor.java:43)
	at java.util.stream.ForEachOps$ForEachOp$OfRef.accept(ForEachOps.java:183)
	at java.util.stream.ReferencePipeline$3$1.accept(ReferencePipeline.java:193)
	at java.util.Iterator.forEachRemaining(Iterator.java:116)
	at java.util.Spliterators$IteratorSpliterator.forEachRemaining(Spliterators.java:1801)
	at java.util.stream.AbstractPipeline.copyInto(AbstractPipeline.java:482)
	at java.util.stream.AbstractPipeline.wrapAndCopyInto(AbstractPipeline.java:472)
	at java.util.stream.ForEachOps$ForEachOp.evaluateSequential(ForEachOps.java:150)
	at java.util.stream.ForEachOps$ForEachOp$OfRef.evaluateSequential(ForEachOps.java:173)
	at java.util.stream.AbstractPipeline.evaluate(AbstractPipeline.java:234)
	at java.util.stream.ReferencePipeline.forEach(ReferencePipeline.java:485)
	at org.junit.vintage.engine.VintageTestEngine.executeAllChildren(VintageTestEngine.java:82)
	at org.junit.vintage.engine.VintageTestEngine.execute(VintageTestEngine.java:73)
	at org.junit.platform.launcher.core.DefaultLauncher.execute(DefaultLauncher.java:220)
	at org.junit.platform.launcher.core.DefaultLauncher.lambda$execute$6(DefaultLauncher.java:188)
	at org.junit.platform.launcher.core.DefaultLauncher.withInterceptedStreams(DefaultLauncher.java:202)
	at org.junit.platform.launcher.core.DefaultLauncher.execute(DefaultLauncher.java:181)
	at org.junit.platform.launcher.core.DefaultLauncher.execute(DefaultLauncher.java:128)
	at org.gradle.api.internal.tasks.testing.junitplatform.JUnitPlatformTestClassProcessor$CollectAllTestClassesExecutor.processAllTestClasses(JUnitPlatformTestClassProcessor.java:102)
	at org.gradle.api.internal.tasks.testing.junitplatform.JUnitPlatformTestClassProcessor$CollectAllTestClassesExecutor.access$000(JUnitPlatformTestClassProcessor.java:82)
	at org.gradle.api.internal.tasks.testing.junitplatform.JUnitPlatformTestClassProcessor.stop(JUnitPlatformTestClassProcessor.java:78)
	at org.gradle.api.internal.tasks.testing.SuiteTestClassProcessor.stop(SuiteTestClassProcessor.java:61)
	at sun.reflect.NativeMethodAccessorImpl.invoke0(Native Method)
	at sun.reflect.NativeMethodAccessorImpl.invoke(NativeMethodAccessorImpl.java:62)
	at sun.reflect.DelegatingMethodAccessorImpl.invoke(DelegatingMethodAccessorImpl.java:43)
	at java.lang.reflect.Method.invoke(Method.java:498)
	at org.gradle.internal.dispatch.ReflectionDispatch.dispatch(ReflectionDispatch.java:35)
	at org.gradle.internal.dispatch.ReflectionDispatch.dispatch(ReflectionDispatch.java:24)
	at org.gradle.internal.dispatch.ContextClassLoaderDispatch.dispatch(ContextClassLoaderDispatch.java:32)
	at org.gradle.internal.dispatch.ProxyDispatchAdapter$DispatchingInvocationHandler.invoke(ProxyDispatchAdapter.java:93)
	at com.sun.proxy.$Proxy2.stop(Unknown Source)
	at org.gradle.api.internal.tasks.testing.worker.TestWorker.stop(TestWorker.java:132)
	at sun.reflect.NativeMethodAccessorImpl.invoke0(Native Method)
	at sun.reflect.NativeMethodAccessorImpl.invoke(NativeMethodAccessorImpl.java:62)
	at sun.reflect.DelegatingMethodAccessorImpl.invoke(DelegatingMethodAccessorImpl.java:43)
	at java.lang.reflect.Method.invoke(Method.java:498)
	at org.gradle.internal.dispatch.ReflectionDispatch.dispatch(ReflectionDispatch.java:35)
	at org.gradle.internal.dispatch.ReflectionDispatch.dispatch(ReflectionDispatch.java:24)
	at org.gradle.internal.remote.internal.hub.MessageHubBackedObjectConnection$DispatchWrapper.dispatch(MessageHubBackedObjectConnection.java:175)
	at org.gradle.internal.remote.internal.hub.MessageHubBackedObjectConnection$DispatchWrapper.dispatch(MessageHubBackedObjectConnection.java:157)
	at org.gradle.internal.remote.internal.hub.MessageHub$Handler.run(MessageHub.java:404)
	at org.gradle.internal.concurrent.ExecutorPolicy$CatchAndRecordFailures.onExecute(ExecutorPolicy.java:63)
	at org.gradle.internal.concurrent.ManagedExecutorImpl$1.run(ManagedExecutorImpl.java:46)
	at java.util.concurrent.ThreadPoolExecutor.runWorker(ThreadPoolExecutor.java:1149)
	at java.util.concurrent.ThreadPoolExecutor$Worker.run(ThreadPoolExecutor.java:624)
	at org.gradle.internal.concurrent.ThreadFactoryImpl$ManagedThreadRunnable.run(ThreadFactoryImpl.java:55)
	at java.lang.Thread.run(Thread.java:748)
</failure>
  </testcase>
  <testcase name="testGame6x10" classname="tetris.FullGameTests" time="0.012">
    <failure message="org.scalatest.exceptions.TestFailedException: didPass was false&#10;--------------------------------------------------------------------------------&#10;This is what went wrong:&#10;&#10;step=0, rand=1, actions=&lt;&gt;&#10;Want   | Got ✓ &#10;---------------&#10;.J.... | .J....&#10;.JJJ.. | .JJJ..&#10;...... | ......&#10;...... | ......&#10;...... | ......&#10;...... | ......&#10;...... | ......&#10;...... | ......&#10;...... | ......&#10;...... | ......&#10;&#10;step=1, rand=1, actions=&lt;RotateRight&gt;&#10;Want   | Got ✓ &#10;---------------&#10;..JJ.. | ..JJ..&#10;..J... | ..J...&#10;..J... | ..J...&#10;...... | ......&#10;...... | ......&#10;...... | ......&#10;...... | ......&#10;...... | ......&#10;...... | ......&#10;...... | ......&#10;&#10;step=2, rand=1, actions=&lt;RotateRight&gt;&#10;Want   | Got ✓ &#10;---------------&#10;...... | ......&#10;.JJJ.. | .JJJ..&#10;...J.. | ...J..&#10;...... | ......&#10;...... | ......&#10;...... | ......&#10;...... | ......&#10;...... | ......&#10;...... | ......&#10;...... | ......&#10;&#10;step=3, rand=1, actions=&lt;RotateRight&gt;&#10;Want   | Got ✓ &#10;---------------&#10;..J... | ..J...&#10;..J... | ..J...&#10;.JJ... | .JJ...&#10;...... | ......&#10;...... | ......&#10;...... | ......&#10;...... | ......&#10;...... | ......&#10;...... | ......&#10;...... | ......&#10;&#10;step=4, rand=1, actions=&lt;Right&gt;&#10;Want   | Got ✗ &#10;---------------&#10;...J.. | ..J...&#10;...J.. | ..J...&#10;..JJ.. | .JJ...&#10;...... | ......&#10;...... | ......&#10;...... | ......&#10;...... | ......&#10;...... | ......&#10;...... | ......&#10;...... | ......&#10;&#10;step=5, rand=1, actions=&lt;Right&gt;&#10;Want   | Got ✗ &#10;---------------&#10;....J. | ..J...&#10;....J. | ..J...&#10;...JJ. | .JJ...&#10;...... | ......&#10;...... | ......&#10;...... | ......&#10;...... | ......&#10;...... | ......&#10;...... | ......&#10;...... | ......&#10;&#10;step=6, rand=1, actions=&lt;Down&gt;&#10;Want   | Got ✗ &#10;---------------&#10;...... | ..J...&#10;....J. | ..J...&#10;....J. | .JJ...&#10;...JJ. | ......&#10;...... | ......&#10;...... | ......&#10;...... | ......&#10;...... | ......&#10;...... | ......&#10;...... | ......&#10;&#10;step=7, rand=1, actions=&lt;Down&gt;&#10;Want   | Got ✗ &#10;---------------&#10;...... | ..J...&#10;...... | ..J...&#10;....J. | .JJ...&#10;....J. | ......&#10;...JJ. | ......&#10;...... | ......&#10;...... | ......&#10;...... | ......&#10;...... | ......&#10;...... | ......&#10;&#10;step=8, rand=1, actions=&lt;Down&gt;&#10;Want   | Got ✗ &#10;---------------&#10;...... | ..J...&#10;...... | ..J...&#10;...... | .JJ...&#10;....J. | ......&#10;....J. | ......&#10;...JJ. | ......&#10;...... | ......&#10;...... | ......&#10;...... | ......&#10;...... | ......&#10;&#10;step=9, rand=1, actions=&lt;Down&gt;&#10;Want   | Got ✗ &#10;---------------&#10;...... | ..J...&#10;...... | ..J...&#10;...... | .JJ...&#10;...... | ......&#10;....J. | ......&#10;....J. | ......&#10;...JJ. | ......&#10;...... | ......&#10;...... | ......&#10;...... | ......&#10;&#10;step=10, rand=1, actions=&lt;Down&gt;&#10;Want   | Got ✗ &#10;---------------&#10;...... | ..J...&#10;...... | ..J...&#10;...... | .JJ...&#10;...... | ......&#10;...... | ......&#10;....J. | ......&#10;....J. | ......&#10;...JJ. | ......&#10;...... | ......&#10;...... | ......&#10;&#10;step=11, rand=1, actions=&lt;Down&gt;&#10;Want   | Got ✗ &#10;---------------&#10;...... | ..J...&#10;...... | ..J...&#10;...... | .JJ...&#10;...... | ......&#10;...... | ......&#10;...... | ......&#10;....J. | ......&#10;....J. | ......&#10;...JJ. | ......&#10;...... | ......&#10;&#10;step=12, rand=1, actions=&lt;Down&gt;&#10;Want   | Got ✗ &#10;---------------&#10;...... | ..J...&#10;...... | ..J...&#10;...... | .JJ...&#10;...... | ......&#10;...... | ......&#10;...... | ......&#10;...... | ......&#10;....J. | ......&#10;....J. | ......&#10;...JJ. | ......&#10;&#10;step=13, rand=4, actions=&lt;Down&gt;&#10;Want   | Got ✗ &#10;---------------&#10;..SS.. | ..J...&#10;.SS... | ..J...&#10;...... | .JJ...&#10;...... | ......&#10;...... | ......&#10;...... | ......&#10;...... | ......&#10;....J. | ......&#10;....J. | ......&#10;...JJ. | ......&#10;&#10;step=14, rand=4, actions=&lt;Right&gt;&#10;Want   | Got ✗ &#10;---------------&#10;...SS. | ..J...&#10;..SS.. | ..J...&#10;...... | .JJ...&#10;...... | ......&#10;...... | ......&#10;...... | ......&#10;...... | ......&#10;....J. | ......&#10;....J. | ......&#10;...JJ. | ......&#10;&#10;step=15, rand=4, actions=&lt;Down&gt;&#10;Want   | Got ✗ &#10;---------------&#10;...... | ..J...&#10;...SS. | ..J...&#10;..SS.. | .JJ...&#10;...... | ......&#10;...... | ......&#10;...... | ......&#10;...... | ......&#10;....J. | ......&#10;....J. | ......&#10;...JJ. | ......&#10;&#10;step=16, rand=4, actions=&lt;Down&gt;&#10;Want   | Got ✗ &#10;---------------&#10;...... | ..J...&#10;...... | ..J...&#10;...SS. | .JJ...&#10;..SS.. | ......&#10;...... | ......&#10;...... | ......&#10;...... | ......&#10;....J. | ......&#10;....J. | ......&#10;...JJ. | ......&#10;&#10;step=17, rand=4, actions=&lt;Down&gt;&#10;Want   | Got ✗ &#10;---------------&#10;...... | ..J...&#10;...... | ..J...&#10;...... | .JJ...&#10;...SS. | ......&#10;..SS.. | ......&#10;...... | ......&#10;...... | ......&#10;....J. | ......&#10;....J. | ......&#10;...JJ. | ......&#10;&#10;step=18, rand=4, actions=&lt;Left&gt;&#10;Want   | Got ✗ &#10;---------------&#10;...... | ..J...&#10;...... | ..J...&#10;...... | .JJ...&#10;..SS.. | ......&#10;.SS... | ......&#10;...... | ......&#10;...... | ......&#10;....J. | ......&#10;....J. | ......&#10;...JJ. | ......&#10;&#10;step=19, rand=4, actions=&lt;Down&gt;&#10;Want   | Got ✗ &#10;---------------&#10;...... | ..J...&#10;...... | ..J...&#10;...... | .JJ...&#10;...... | ......&#10;..SS.. | ......&#10;.SS... | ......&#10;...... | ......&#10;....J. | ......&#10;....J. | ......&#10;...JJ. | ......&#10;&#10;step=20, rand=4, actions=&lt;Down&gt;&#10;Want   | Got ✗ &#10;---------------&#10;...... | ..J...&#10;...... | ..J...&#10;...... | .JJ...&#10;...... | ......&#10;...... | ......&#10;..SS.. | ......&#10;.SS... | ......&#10;....J. | ......&#10;....J. | ......&#10;...JJ. | ......&#10;&#10;step=21, rand=4, actions=&lt;Down&gt;&#10;Want   | Got ✗ &#10;---------------&#10;...... | ..J...&#10;...... | ..J...&#10;...... | .JJ...&#10;...... | ......&#10;...... | ......&#10;...... | ......&#10;..SS.. | ......&#10;.SS.J. | ......&#10;....J. | ......&#10;...JJ. | ......&#10;&#10;step=22, rand=4, actions=&lt;Down&gt;&#10;Want   | Got ✗ &#10;---------------&#10;...... | ..J...&#10;...... | ..J...&#10;...... | .JJ...&#10;...... | ......&#10;...... | ......&#10;...... | ......&#10;...... | ......&#10;..SSJ. | ......&#10;.SS.J. | ......&#10;...JJ. | ......&#10;&#10;step=23, rand=4, actions=&lt;Down&gt;&#10;Want   | Got ✗ &#10;---------------&#10;...... | ..J...&#10;...... | ..J...&#10;...... | .JJ...&#10;...... | ......&#10;...... | ......&#10;...... | ......&#10;...... | ......&#10;....J. | ......&#10;..SSJ. | ......&#10;.SSJJ. | ......&#10;&#10;step=24, rand=4, actions=&lt;RotateRight&gt;&#10;Want   | Got ✗ &#10;---------------&#10;...... | .J....&#10;...... | .JJJ..&#10;...... | ......&#10;...... | ......&#10;...... | ......&#10;...... | ......&#10;...... | ......&#10;....J. | ......&#10;..SSJ. | ......&#10;.SSJJ. | ......&#10;&#10;step=25, rand=1, actions=&lt;Down&gt;&#10;Want   | Got ✗ &#10;---------------&#10;.J.... | .J....&#10;.JJJ.. | .JJJ..&#10;...... | ......&#10;...... | ......&#10;...... | ......&#10;...... | ......&#10;...... | ......&#10;....J. | ......&#10;..SSJ. | ......&#10;.SSJJ. | ......&#10;&#10;step=26, rand=1, actions=&lt;RotateRight&gt;&#10;Want   | Got ✗ &#10;---------------&#10;..JJ.. | ..JJ..&#10;..J... | ..J...&#10;..J... | ..J...&#10;...... | ......&#10;...... | ......&#10;...... | ......&#10;...... | ......&#10;....J. | ......&#10;..SSJ. | ......&#10;.SSJJ. | ......&#10;&#10;step=27, rand=1, actions=&lt;RotateRight&gt;&#10;Want   | Got ✗ &#10;---------------&#10;...... | ......&#10;.JJJ.. | .JJJ..&#10;...J.. | ...J..&#10;...... | ......&#10;...... | ......&#10;...... | ......&#10;...... | ......&#10;....J. | ......&#10;..SSJ. | ......&#10;.SSJJ. | ......&#10;&#10;step=28, rand=1, actions=&lt;RotateRight&gt;&#10;Want   | Got ✗ &#10;---------------&#10;..J... | ..J...&#10;..J... | ..J...&#10;.JJ... | .JJ...&#10;...... | ......&#10;...... | ......&#10;...... | ......&#10;...... | ......&#10;....J. | ......&#10;..SSJ. | ......&#10;.SSJJ. | ......&#10;&#10;step=29, rand=1, actions=&lt;Right&gt;&#10;Want   | Got ✗ &#10;---------------&#10;...J.. | ..J...&#10;...J.. | ..J...&#10;..JJ.. | .JJ...&#10;...... | ......&#10;...... | ......&#10;...... | ......&#10;...... | ......&#10;....J. | ......&#10;..SSJ. | ......&#10;.SSJJ. | ......&#10;&#10;step=30, rand=1, actions=&lt;Down&gt;&#10;Want   | Got ✗ &#10;---------------&#10;...... | ..J...&#10;...J.. | ..J...&#10;...J.. | .JJ...&#10;..JJ.. | ......&#10;...... | ......&#10;...... | ......&#10;...... | ......&#10;....J. | ......&#10;..SSJ. | ......&#10;.SSJJ. | ......&#10;&#10;step=31, rand=1, actions=&lt;Down&gt;&#10;Want   | Got ✗ &#10;---------------&#10;...... | ..J...&#10;...... | ..J...&#10;...J.. | .JJ...&#10;...J.. | ......&#10;..JJ.. | ......&#10;...... | ......&#10;...... | ......&#10;....J. | ......&#10;..SSJ. | ......&#10;.SSJJ. | ......&#10;&#10;step=32, rand=1, actions=&lt;Down&gt;&#10;Want   | Got ✗ &#10;---------------&#10;...... | ..J...&#10;...... | ..J...&#10;...... | .JJ...&#10;...J.. | ......&#10;...J.. | ......&#10;..JJ.. | ......&#10;...... | ......&#10;....J. | ......&#10;..SSJ. | ......&#10;.SSJJ. | ......&#10;&#10;step=33, rand=1, actions=&lt;Down&gt;&#10;Want   | Got ✗ &#10;---------------&#10;...... | ..J...&#10;...... | ..J...&#10;...... | .JJ...&#10;...... | ......&#10;...J.. | ......&#10;...J.. | ......&#10;..JJ.. | ......&#10;....J. | ......&#10;..SSJ. | ......&#10;.SSJJ. | ......&#10;&#10;step=34, rand=1, actions=&lt;Down&gt;&#10;Want   | Got ✗ &#10;---------------&#10;...... | ..J...&#10;...... | ..J...&#10;...... | .JJ...&#10;...... | ......&#10;...... | ......&#10;...J.. | ......&#10;...J.. | ......&#10;..JJJ. | ......&#10;..SSJ. | ......&#10;.SSJJ. | ......&#10;&#10;step=35, rand=1, actions=&lt;Down&gt;&#10;Want   | Got ✗ &#10;---------------&#10;.J.... | ..J...&#10;.JJJ.. | ..J...&#10;...... | .JJ...&#10;...... | ......&#10;...... | ......&#10;...J.. | ......&#10;...J.. | ......&#10;..JJJ. | ......&#10;..SSJ. | ......&#10;.SSJJ. | ......&#10;&#10;step=36, rand=1, actions=&lt;RotateRight&gt;&#10;Want   | Got ✗ &#10;---------------&#10;..JJ.. | .J....&#10;..J... | .JJJ..&#10;..J... | ......&#10;...... | ......&#10;...... | ......&#10;...J.. | ......&#10;...J.. | ......&#10;..JJJ. | ......&#10;..SSJ. | ......&#10;.SSJJ. | ......&#10;&#10;step=37, rand=1, actions=&lt;Down&gt;&#10;Want   | Got ✗ &#10;---------------&#10;...... | .J....&#10;..JJ.. | .JJJ..&#10;..J... | ......&#10;..J... | ......&#10;...... | ......&#10;...J.. | ......&#10;...J.. | ......&#10;..JJJ. | ......&#10;..SSJ. | ......&#10;.SSJJ. | ......&#10;&#10;step=38, rand=1, actions=&lt;Down&gt;&#10;Want   | Got ✗ &#10;---------------&#10;...... | .J....&#10;...... | .JJJ..&#10;..JJ.. | ......&#10;..J... | ......&#10;..J... | ......&#10;...J.. | ......&#10;...J.. | ......&#10;..JJJ. | ......&#10;..SSJ. | ......&#10;.SSJJ. | ......&#10;&#10;step=39, rand=1, actions=&lt;Down&gt;&#10;Want   | Got ✗ &#10;---------------&#10;...... | .J....&#10;...... | .JJJ..&#10;...... | ......&#10;..JJ.. | ......&#10;..J... | ......&#10;..JJ.. | ......&#10;...J.. | ......&#10;..JJJ. | ......&#10;..SSJ. | ......&#10;.SSJJ. | ......&#10;&#10;step=40, rand=1, actions=&lt;Down&gt;&#10;Want   | Got ✗ &#10;---------------&#10;...... | .J....&#10;...... | .JJJ..&#10;...... | ......&#10;...... | ......&#10;..JJ.. | ......&#10;..JJ.. | ......&#10;..JJ.. | ......&#10;..JJJ. | ......&#10;..SSJ. | ......&#10;.SSJJ. | ......&#10;&#10;step=41, rand=5, actions=&lt;Down&gt;&#10;Want   | Got ✗ &#10;---------------&#10;..T... | .J....&#10;.TTT.. | .JJJ..&#10;...... | ......&#10;...... | ......&#10;..JJ.. | ......&#10;..JJ.. | ......&#10;..JJ.. | ......&#10;..JJJ. | ......&#10;..SSJ. | ......&#10;.SSJJ. | ......&#10;&#10;step=42, rand=5, actions=&lt;RotateRight&gt;&#10;Want   | Got ✗ &#10;---------------&#10;..T... | ..JJ..&#10;..TT.. | ..J...&#10;..T... | ..J...&#10;...... | ......&#10;..JJ.. | ......&#10;..JJ.. | ......&#10;..JJ.. | ......&#10;..JJJ. | ......&#10;..SSJ. | ......&#10;.SSJJ. | ......&#10;&#10;step=43, rand=5, actions=&lt;Left&gt;&#10;Want   | Got ✗ &#10;---------------&#10;.T.... | ..JJ..&#10;.TT... | ..J...&#10;.T.... | ..J...&#10;...... | ......&#10;..JJ.. | ......&#10;..JJ.. | ......&#10;..JJ.. | ......&#10;..JJJ. | ......&#10;..SSJ. | ......&#10;.SSJJ. | ......&#10;&#10;step=44, rand=5, actions=&lt;Left&gt;&#10;Want   | Got ✗ &#10;---------------&#10;T..... | ..JJ..&#10;TT.... | ..J...&#10;T..... | ..J...&#10;...... | ......&#10;..JJ.. | ......&#10;..JJ.. | ......&#10;..JJ.. | ......&#10;..JJJ. | ......&#10;..SSJ. | ......&#10;.SSJJ. | ......&#10;&#10;step=45, rand=5, actions=&lt;Down&gt;&#10;Want   | Got ✗ &#10;---------------&#10;...... | ..JJ..&#10;T..... | ..J...&#10;TT.... | ..J...&#10;T..... | ......&#10;..JJ.. | ......&#10;..JJ.. | ......&#10;..JJ.. | ......&#10;..JJJ. | ......&#10;..SSJ. | ......&#10;.SSJJ. | ......&#10;&#10;step=46, rand=5, actions=&lt;Down&gt;&#10;Want   | Got ✗ &#10;---------------&#10;...... | ..JJ..&#10;...... | ..J...&#10;T..... | ..J...&#10;TT.... | ......&#10;T.JJ.. | ......&#10;..JJ.. | ......&#10;..JJ.. | ......&#10;..JJJ. | ......&#10;..SSJ. | ......&#10;.SSJJ. | ......&#10;&#10;step=47, rand=5, actions=&lt;Down&gt;&#10;Want   | Got ✗ &#10;---------------&#10;...... | ..JJ..&#10;...... | ..J...&#10;...... | ..J...&#10;T..... | ......&#10;TTJJ.. | ......&#10;T.JJ.. | ......&#10;..JJ.. | ......&#10;..JJJ. | ......&#10;..SSJ. | ......&#10;.SSJJ. | ......&#10;&#10;step=48, rand=5, actions=&lt;Down&gt;&#10;Want   | Got ✗ &#10;---------------&#10;...... | ..JJ..&#10;...... | ..J...&#10;...... | ..J...&#10;...... | ......&#10;T.JJ.. | ......&#10;TTJJ.. | ......&#10;T.JJ.. | ......&#10;..JJJ. | ......&#10;..SSJ. | ......&#10;.SSJJ. | ......&#10;&#10;step=49, rand=5, actions=&lt;Down&gt;&#10;Want   | Got ✗ &#10;---------------&#10;...... | ..JJ..&#10;...... | ..J...&#10;...... | ..J...&#10;...... | ......&#10;..JJ.. | ......&#10;T.JJ.. | ......&#10;TTJJ.. | ......&#10;T.JJJ. | ......&#10;..SSJ. | ......&#10;.SSJJ. | ......&#10;&#10;step=50, rand=5, actions=&lt;Down&gt;&#10;Want   | Got ✗ &#10;---------------&#10;...... | ..JJ..&#10;...... | ..J...&#10;...... | ..J...&#10;...... | ......&#10;..JJ.. | ......&#10;..JJ.. | ......&#10;T.JJ.. | ......&#10;TTJJJ. | ......&#10;T.SSJ. | ......&#10;.SSJJ. | ......&#10;&#10;step=51, rand=5, actions=&lt;Down&gt;&#10;Want   | Got ✗ &#10;---------------&#10;...... | ..JJ..&#10;...... | ..J...&#10;...... | ..J...&#10;...... | ......&#10;..JJ.. | ......&#10;..JJ.. | ......&#10;..JJ.. | ......&#10;T.JJJ. | ......&#10;TTSSJ. | ......&#10;TSSJJ. | ......&#10;&#10;step=52, rand=5, actions=&lt;Left&gt;&#10;Want   | Got ✗ &#10;---------------&#10;...... | ..JJ..&#10;...... | ..J...&#10;...... | ..J...&#10;...... | ......&#10;..JJ.. | ......&#10;..JJ.. | ......&#10;..JJ.. | ......&#10;T.JJJ. | ......&#10;TTSSJ. | ......&#10;TSSJJ. | ......&#10;&#10;step=53, rand=3, actions=&lt;Down&gt;&#10;Want   | Got ✗ &#10;---------------&#10;..OO.. | ..JJ..&#10;..OO.. | ..J...&#10;...... | ..J...&#10;...... | ......&#10;..JJ.. | ......&#10;..JJ.. | ......&#10;..JJ.. | ......&#10;T.JJJ. | ......&#10;TTSSJ. | ......&#10;TSSJJ. | ......&#10;&#10;step=54, rand=3, actions=&lt;Left&gt;&#10;Want   | Got ✗ &#10;---------------&#10;.OO... | ..JJ..&#10;.OO... | ..J...&#10;...... | ..J...&#10;...... | ......&#10;..JJ.. | ......&#10;..JJ.. | ......&#10;..JJ.. | ......&#10;T.JJJ. | ......&#10;TTSSJ. | ......&#10;TSSJJ. | ......&#10;&#10;step=55, rand=3, actions=&lt;Left&gt;&#10;Want   | Got ✗ &#10;---------------&#10;OO.... | ..JJ..&#10;OO.... | ..J...&#10;...... | ..J...&#10;...... | ......&#10;..JJ.. | ......&#10;..JJ.. | ......&#10;..JJ.. | ......&#10;T.JJJ. | ......&#10;TTSSJ. | ......&#10;TSSJJ. | ......&#10;&#10;step=56, rand=3, actions=&lt;Down&gt;&#10;Want   | Got ✗ &#10;---------------&#10;...... | ..JJ..&#10;OO.... | ..J...&#10;OO.... | ..J...&#10;...... | ......&#10;..JJ.. | ......&#10;..JJ.. | ......&#10;..JJ.. | ......&#10;T.JJJ. | ......&#10;TTSSJ. | ......&#10;TSSJJ. | ......&#10;&#10;step=57, rand=3, actions=&lt;Down&gt;&#10;Want   | Got ✗ &#10;---------------&#10;...... | ..JJ..&#10;...... | ..J...&#10;OO.... | ..J...&#10;OO.... | ......&#10;..JJ.. | ......&#10;..JJ.. | ......&#10;..JJ.. | ......&#10;T.JJJ. | ......&#10;TTSSJ. | ......&#10;TSSJJ. | ......&#10;&#10;step=58, rand=3, actions=&lt;Down&gt;&#10;Want   | Got ✗ &#10;---------------&#10;...... | ..JJ..&#10;...... | ..J...&#10;...... | ..J...&#10;OO.... | ......&#10;OOJJ.. | ......&#10;..JJ.. | ......&#10;..JJ.. | ......&#10;T.JJJ. | ......&#10;TTSSJ. | ......&#10;TSSJJ. | ......&#10;&#10;step=59, rand=3, actions=&lt;Down&gt;&#10;Want   | Got ✗ &#10;---------------&#10;...... | ..JJ..&#10;...... | ..J...&#10;...... | ..J...&#10;...... | ......&#10;OOJJ.. | ......&#10;OOJJ.. | ......&#10;..JJ.. | ......&#10;T.JJJ. | ......&#10;TTSSJ. | ......&#10;TSSJJ. | ......&#10;&#10;step=60, rand=3, actions=&lt;Down&gt;&#10;Want   | Got ✗ &#10;---------------&#10;...... | ..JJ..&#10;...... | ..J...&#10;...... | ..J...&#10;...... | ......&#10;..JJ.. | ......&#10;OOJJ.. | ......&#10;OOJJ.. | ......&#10;T.JJJ. | ......&#10;TTSSJ. | ......&#10;TSSJJ. | ......&#10;&#10;step=61, rand=1, actions=&lt;Down&gt;&#10;Want   | Got ✗ &#10;---------------&#10;.J.... | ..JJ..&#10;.JJJ.. | ..J...&#10;...... | ..J...&#10;...... | ......&#10;..JJ.. | ......&#10;OOJJ.. | ......&#10;OOJJ.. | ......&#10;T.JJJ. | ......&#10;TTSSJ. | ......&#10;TSSJJ. | ......&#10;&#10;step=62, rand=1, actions=&lt;RotateRight&gt;&#10;Want   | Got ✗ &#10;---------------&#10;..JJ.. | ......&#10;..J... | .JJJ..&#10;..J... | ...J..&#10;...... | ......&#10;..JJ.. | ......&#10;OOJJ.. | ......&#10;OOJJ.. | ......&#10;T.JJJ. | ......&#10;TTSSJ. | ......&#10;TSSJJ. | ......&#10;&#10;step=63, rand=1, actions=&lt;RotateRight&gt;&#10;Want   | Got ✗ &#10;---------------&#10;...... | ..J...&#10;.JJJ.. | ..J...&#10;...J.. | .JJ...&#10;...... | ......&#10;..JJ.. | ......&#10;OOJJ.. | ......&#10;OOJJ.. | ......&#10;T.JJJ. | ......&#10;TTSSJ. | ......&#10;TSSJJ. | ......&#10;&#10;step=64, rand=1, actions=&lt;RotateRight&gt;&#10;Want   | Got ✗ &#10;---------------&#10;..J... | .J....&#10;..J... | .JJJ..&#10;.JJ... | ......&#10;...... | ......&#10;..JJ.. | ......&#10;OOJJ.. | ......&#10;OOJJ.. | ......&#10;T.JJJ. | ......&#10;TTSSJ. | ......&#10;TSSJJ. | ......&#10;&#10;step=65, rand=1, actions=&lt;Left&gt;&#10;Want   | Got ✗ &#10;---------------&#10;.J.... | .J....&#10;.J.... | .JJJ..&#10;JJ.... | ......&#10;...... | ......&#10;..JJ.. | ......&#10;OOJJ.. | ......&#10;OOJJ.. | ......&#10;T.JJJ. | ......&#10;TTSSJ. | ......&#10;TSSJJ. | ......&#10;&#10;step=66, rand=1, actions=&lt;Down&gt;&#10;Want   | Got ✗ &#10;---------------&#10;...... | .J....&#10;.J.... | .JJJ..&#10;.J.... | ......&#10;JJ.... | ......&#10;..JJ.. | ......&#10;OOJJ.. | ......&#10;OOJJ.. | ......&#10;T.JJJ. | ......&#10;TTSSJ. | ......&#10;TSSJJ. | ......&#10;&#10;step=67, rand=1, actions=&lt;Down&gt;&#10;Want   | Got ✗ &#10;---------------&#10;...... | .J....&#10;...... | .JJJ..&#10;.J.... | ......&#10;.J.... | ......&#10;JJJJ.. | ......&#10;OOJJ.. | ......&#10;OOJJ.. | ......&#10;T.JJJ. | ......&#10;TTSSJ. | ......&#10;TSSJJ. | ......&#10;&#10;step=68, rand=1, actions=&lt;Down&gt;&#10;Want   | Got ✗ &#10;---------------&#10;.J.... | .J....&#10;.JJJ.. | .JJJ..&#10;.J.... | ......&#10;.J.... | ......&#10;JJJJ.. | ......&#10;OOJJ.. | ......&#10;OOJJ.. | ......&#10;T.JJJ. | ......&#10;TTSSJ. | ......&#10;TSSJJ. | ......&#10;&#10;step=69, rand=1, actions=&lt;RotateRight&gt;&#10;Want   | Got ✗ &#10;---------------&#10;..JJ.. | ..JJ..&#10;..J... | ..J...&#10;.JJ... | ..J...&#10;.J.... | ......&#10;JJJJ.. | ......&#10;OOJJ.. | ......&#10;OOJJ.. | ......&#10;T.JJJ. | ......&#10;TTSSJ. | ......&#10;TSSJJ. | ......&#10;&#10;step=70, rand=1, actions=&lt;RotateRight&gt;&#10;Want   | Got ✗ &#10;---------------&#10;...... | ......&#10;.JJJ.. | .JJJ..&#10;.J.J.. | ...J..&#10;.J.... | ......&#10;JJJJ.. | ......&#10;OOJJ.. | ......&#10;OOJJ.. | ......&#10;T.JJJ. | ......&#10;TTSSJ. | ......&#10;TSSJJ. | ......&#10;&#10;step=71, rand=1, actions=&lt;RotateRight&gt;&#10;Want   | Got ✗ &#10;---------------&#10;...... | ..J...&#10;.JJJ.. | ..J...&#10;.J.J.. | .JJ...&#10;.J.... | ......&#10;JJJJ.. | ......&#10;OOJJ.. | ......&#10;OOJJ.. | ......&#10;T.JJJ. | ......&#10;TTSSJ. | ......&#10;TSSJJ. | ......&#10;&#10;step=72, rand=1, actions=&lt;Right&gt;&#10;Want   | Got ✗ &#10;---------------&#10;...... | ..J...&#10;..JJJ. | ..J...&#10;.J..J. | .JJ...&#10;.J.... | ......&#10;JJJJ.. | ......&#10;OOJJ.. | ......&#10;OOJJ.. | ......&#10;T.JJJ. | ......&#10;TTSSJ. | ......&#10;TSSJJ. | ......&#10;&#10;step=73, rand=1, actions=&lt;RotateRight&gt;&#10;Want   | Got ✗ &#10;---------------&#10;...J.. | .J....&#10;...J.. | .JJJ..&#10;.JJJ.. | ......&#10;.J.... | ......&#10;JJJJ.. | ......&#10;OOJJ.. | ......&#10;OOJJ.. | ......&#10;T.JJJ. | ......&#10;TTSSJ. | ......&#10;TSSJJ. | ......&#10;&#10;step=74, rand=1, actions=&lt;Right&gt;&#10;Want   | Got ✗ &#10;---------------&#10;....J. | .J....&#10;....J. | .JJJ..&#10;.J.JJ. | ......&#10;.J.... | ......&#10;JJJJ.. | ......&#10;OOJJ.. | ......&#10;OOJJ.. | ......&#10;T.JJJ. | ......&#10;TTSSJ. | ......&#10;TSSJJ. | ......&#10;&#10;step=75, rand=1, actions=&lt;Right&gt;&#10;Want   | Got ✗ &#10;---------------&#10;.....J | .J....&#10;.....J | .JJJ..&#10;.J..JJ | ......&#10;.J.... | ......&#10;JJJJ.. | ......&#10;OOJJ.. | ......&#10;OOJJ.. | ......&#10;T.JJJ. | ......&#10;TTSSJ. | ......&#10;TSSJJ. | ......&#10;&#10;step=76, rand=1, actions=&lt;Down&gt;&#10;Want   | Got ✗ &#10;---------------&#10;...... | .J....&#10;.....J | .JJJ..&#10;.J...J | ......&#10;.J..JJ | ......&#10;JJJJ.. | ......&#10;OOJJ.. | ......&#10;OOJJ.. | ......&#10;T.JJJ. | ......&#10;TTSSJ. | ......&#10;TSSJJ. | ......&#10;&#10;step=77, rand=1, actions=&lt;Down&gt;&#10;Want   | Got ✗ &#10;---------------&#10;...... | .J....&#10;...... | .JJJ..&#10;.J...J | ......&#10;.J...J | ......&#10;JJJJJJ | ......&#10;OOJJ.. | ......&#10;OOJJ.. | ......&#10;T.JJJ. | ......&#10;TTSSJ. | ......&#10;TSSJJ. | ......&#10;&#10;step=78, rand=1, actions=&lt;Down&gt;&#10;Want   | Got ✗ &#10;---------------&#10;...... | .J....&#10;...... | .JJJ..&#10;.J.... | ......&#10;.J...J | ......&#10;JJJJ.J | ......&#10;OOJJJJ | ......&#10;OOJJ.. | ......&#10;T.JJJ. | ......&#10;TTSSJ. | ......&#10;TSSJJ. | ......&#10;&#10;step=79, rand=1, actions=&lt;Down&gt;&#10;Want   | Got ✗ &#10;---------------&#10;...... | .J....&#10;...... | .JJJ..&#10;.J.... | ......&#10;.J.... | ......&#10;JJJJ.J | ......&#10;OOJJ.J | ......&#10;OOJJJJ | ......&#10;T.JJJ. | ......&#10;TTSSJ. | ......&#10;TSSJJ. | ......&#10;&#10;step=80, rand=5, actions=&lt;Down&gt;&#10;Want   | Got ✗ &#10;---------------&#10;..T... | .J....&#10;.TTT.. | .JJJ..&#10;...... | ......&#10;.J.... | ......&#10;.J.... | ......&#10;JJJJ.J | ......&#10;OOJJ.J | ......&#10;T.JJJ. | ......&#10;TTSSJ. | ......&#10;TSSJJ. | ......&#10;&#10;step=81, rand=5, actions=&lt;Right&gt;&#10;Want   | Got ✗ &#10;---------------&#10;...T.. | .J....&#10;..TTT. | .JJJ..&#10;...... | ......&#10;.J.... | ......&#10;.J.... | ......&#10;JJJJ.J | ......&#10;OOJJ.J | ......&#10;T.JJJ. | ......&#10;TTSSJ. | ......&#10;TSSJJ. | ......&#10;&#10;step=82, rand=5, actions=&lt;RotateRight&gt;&#10;Want   | Got ✗ &#10;---------------&#10;...T.. | ..JJ..&#10;...TT. | ..J...&#10;...T.. | ..J...&#10;.J.... | ......&#10;.J.... | ......&#10;JJJJ.J | ......&#10;OOJJ.J | ......&#10;T.JJJ. | ......&#10;TTSSJ. | ......&#10;TSSJJ. | ......&#10;&#10;step=83, rand=5, actions=&lt;RotateRight&gt;&#10;Want   | Got ✗ &#10;---------------&#10;...... | ......&#10;..TTT. | .JJJ..&#10;...T.. | ...J..&#10;.J.... | ......&#10;.J.... | ......&#10;JJJJ.J | ......&#10;OOJJ.J | ......&#10;T.JJJ. | ......&#10;TTSSJ. | ......&#10;TSSJJ. | ......&#10;&#10;step=84, rand=5, actions=&lt;Right&gt;&#10;Want   | Got ✗ &#10;---------------&#10;...... | ......&#10;...TTT | .JJJ..&#10;....T. | ...J..&#10;.J.... | ......&#10;.J.... | ......&#10;JJJJ.J | ......&#10;OOJJ.J | ......&#10;T.JJJ. | ......&#10;TTSSJ. | ......&#10;TSSJJ. | ......&#10;&#10;step=85, rand=5, actions=&lt;Down&gt;&#10;Want   | Got ✗ &#10;---------------&#10;...... | ......&#10;...... | .JJJ..&#10;...TTT | ...J..&#10;.J..T. | ......&#10;.J.... | ......&#10;JJJJ.J | ......&#10;OOJJ.J | ......&#10;T.JJJ. | ......&#10;TTSSJ. | ......&#10;TSSJJ. | ......&#10;&#10;step=86, rand=5, actions=&lt;Down&gt;&#10;Want   | Got ✗ &#10;---------------&#10;...... | ......&#10;...... | .JJJ..&#10;...... | ...J..&#10;.J.TTT | ......&#10;.J..T. | ......&#10;JJJJ.J | ......&#10;OOJJ.J | ......&#10;T.JJJ. | ......&#10;TTSSJ. | ......&#10;TSSJJ. | ......&#10;&#10;step=87, rand=5, actions=&lt;Down&gt;&#10;Want   | Got ✗ &#10;---------------&#10;...... | ......&#10;...... | .JJJ..&#10;...... | ...J..&#10;.J.... | ......&#10;.J.TTT | ......&#10;JJJJTJ | ......&#10;OOJJ.J | ......&#10;T.JJJ. | ......&#10;TTSSJ. | ......&#10;TSSJJ. | ......&#10;&#10;step=88, rand=3, actions=&lt;Down&gt;&#10;Want   | Got ✗ &#10;---------------&#10;..OO.. | ......&#10;..OO.. | .JJJ..&#10;...... | ...J..&#10;...... | ......&#10;.J.... | ......&#10;.J.TTT | ......&#10;OOJJ.J | ......&#10;T.JJJ. | ......&#10;TTSSJ. | ......&#10;TSSJJ. | ......&#10;&#10;step=89, rand=3, actions=&lt;Right&gt;&#10;Want   | Got ✗ &#10;---------------&#10;...OO. | ......&#10;...OO. | .JJJ..&#10;...... | ...J..&#10;...... | ......&#10;.J.... | ......&#10;.J.TTT | ......&#10;OOJJ.J | ......&#10;T.JJJ. | ......&#10;TTSSJ. | ......&#10;TSSJJ. | ......&#10;&#10;step=90, rand=3, actions=&lt;Right&gt;&#10;Want   | Got ✗ &#10;---------------&#10;....OO | ......&#10;....OO | .JJJ..&#10;...... | ...J..&#10;...... | ......&#10;.J.... | ......&#10;.J.TTT | ......&#10;OOJJ.J | ......&#10;T.JJJ. | ......&#10;TTSSJ. | ......&#10;TSSJJ. | ......&#10;&#10;step=91, rand=3, actions=&lt;Left&gt;&#10;Want   | Got ✗ &#10;---------------&#10;...OO. | ......&#10;...OO. | .JJJ..&#10;...... | ...J..&#10;...... | ......&#10;.J.... | ......&#10;.J.TTT | ......&#10;OOJJ.J | ......&#10;T.JJJ. | ......&#10;TTSSJ. | ......&#10;TSSJJ. | ......&#10;&#10;step=92, rand=3, actions=&lt;Down&gt;&#10;Want   | Got ✗ &#10;---------------&#10;...... | ......&#10;...OO. | .JJJ..&#10;...OO. | ...J..&#10;...... | ......&#10;.J.... | ......&#10;.J.TTT | ......&#10;OOJJ.J | ......&#10;T.JJJ. | ......&#10;TTSSJ. | ......&#10;TSSJJ. | ......&#10;&#10;step=93, rand=3, actions=&lt;Right&gt;&#10;Want   | Got ✗ &#10;---------------&#10;...... | ......&#10;....OO | .JJJ..&#10;....OO | ...J..&#10;...... | ......&#10;.J.... | ......&#10;.J.TTT | ......&#10;OOJJ.J | ......&#10;T.JJJ. | ......&#10;TTSSJ. | ......&#10;TSSJJ. | ......&#10;&#10;step=94, rand=3, actions=&lt;Down&gt;&#10;Want   | Got ✗ &#10;---------------&#10;...... | ......&#10;...... | .JJJ..&#10;....OO | ...J..&#10;....OO | ......&#10;.J.... | ......&#10;.J.TTT | ......&#10;OOJJ.J | ......&#10;T.JJJ. | ......&#10;TTSSJ. | ......&#10;TSSJJ. | ......&#10;&#10;step=95, rand=3, actions=&lt;Down&gt;&#10;Want   | Got ✗ &#10;---------------&#10;...... | ......&#10;...... | .JJJ..&#10;...... | ...J..&#10;....OO | ......&#10;.J..OO | ......&#10;.J.TTT | ......&#10;OOJJ.J | ......&#10;T.JJJ. | ......&#10;TTSSJ. | ......&#10;TSSJJ. | ......&#10;&#10;step=96, rand=4, actions=&lt;Down&gt;&#10;Want   | Got ✗ &#10;---------------&#10;..SS.. | ......&#10;.SS... | .JJJ..&#10;...... | ...J..&#10;....OO | ......&#10;.J..OO | ......&#10;.J.TTT | ......&#10;OOJJ.J | ......&#10;T.JJJ. | ......&#10;TTSSJ. | ......&#10;TSSJJ. | ......&#10;&#10;step=97, rand=4, actions=&lt;RotateRight&gt;&#10;Want   | Got ✗ &#10;---------------&#10;..S... | ..J...&#10;..SS.. | ..J...&#10;...S.. | .JJ...&#10;....OO | ......&#10;.J..OO | ......&#10;.J.TTT | ......&#10;OOJJ.J | ......&#10;T.JJJ. | ......&#10;TTSSJ. | ......&#10;TSSJJ. | ......&#10;&#10;step=98, rand=4, actions=&lt;Left&gt;&#10;Want   | Got ✗ &#10;---------------&#10;.S.... | ..J...&#10;.SS... | ..J...&#10;..S... | .JJ...&#10;....OO | ......&#10;.J..OO | ......&#10;.J.TTT | ......&#10;OOJJ.J | ......&#10;T.JJJ. | ......&#10;TTSSJ. | ......&#10;TSSJJ. | ......&#10;&#10;step=99, rand=4, actions=&lt;Down&gt;&#10;Want   | Got ✗ &#10;---------------&#10;...... | ..J...&#10;.S.... | ..J...&#10;.SS... | .JJ...&#10;..S.OO | ......&#10;.J..OO | ......&#10;.J.TTT | ......&#10;OOJJ.J | ......&#10;T.JJJ. | ......&#10;TTSSJ. | ......&#10;TSSJJ. | ......&#10;&#10;step=100, rand=4, actions=&lt;Down&gt;&#10;Want   | Got ✗ &#10;---------------&#10;...... | ..J...&#10;...... | ..J...&#10;.S.... | .JJ...&#10;.SS.OO | ......&#10;.JS.OO | ......&#10;.J.TTT | ......&#10;OOJJ.J | ......&#10;T.JJJ. | ......&#10;TTSSJ. | ......&#10;TSSJJ. | ......&#10;&#10;step=101, rand=1, actions=&lt;Down&gt;&#10;Want   | Got ✗ &#10;---------------&#10;.J.... | ..J...&#10;.JJJ.. | ..J...&#10;.S.... | .JJ...&#10;.SS.OO | ......&#10;.JS.OO | ......&#10;.J.TTT | ......&#10;OOJJ.J | ......&#10;T.JJJ. | ......&#10;TTSSJ. | ......&#10;TSSJJ. | ......&#10;&#10;step=102, rand=1, actions=&lt;Right&gt;&#10;Want   | Got ✗ &#10;---------------&#10;..J... | ..J...&#10;..JJJ. | ..J...&#10;.S.... | .JJ...&#10;.SS.OO | ......&#10;.JS.OO | ......&#10;.J.TTT | ......&#10;OOJJ.J | ......&#10;T.JJJ. | ......&#10;TTSSJ. | ......&#10;TSSJJ. | ......&#10;&#10;step=103, rand=1, actions=&lt;RotateRight&gt;&#10;Want   | Got ✗ &#10;---------------&#10;...JJ. | .J....&#10;...J.. | .JJJ..&#10;.S.J.. | ......&#10;.SS.OO | ......&#10;.JS.OO | ......&#10;.J.TTT | ......&#10;OOJJ.J | ......&#10;T.JJJ. | ......&#10;TTSSJ. | ......&#10;TSSJJ. | ......&#10;&#10;step=104, rand=1, actions=&lt;Down&gt;&#10;Want   | Got ✗ &#10;---------------&#10;...... | .J....&#10;...JJ. | .JJJ..&#10;.S.J.. | ......&#10;.SSJOO | ......&#10;.JS.OO | ......&#10;.J.TTT | ......&#10;OOJJ.J | ......&#10;T.JJJ. | ......&#10;TTSSJ. | ......&#10;TSSJJ. | ......&#10;&#10;step=105, rand=1, actions=&lt;Down&gt;&#10;Want   | Got ✗ &#10;---------------&#10;...... | .J....&#10;...... | .JJJ..&#10;.S.JJ. | ......&#10;.SSJOO | ......&#10;.JSJOO | ......&#10;.J.TTT | ......&#10;OOJJ.J | ......&#10;T.JJJ. | ......&#10;TTSSJ. | ......&#10;TSSJJ. | ......&#10;&#10;step=106, rand=3, actions=&lt;Down&gt;&#10;Want   | Got ✗ &#10;---------------&#10;..OO.. | .J....&#10;..OO.. | .JJJ..&#10;.S.JJ. | ......&#10;.SSJOO | ......&#10;.JSJOO | ......&#10;.J.TTT | ......&#10;OOJJ.J | ......&#10;T.JJJ. | ......&#10;TTSSJ. | ......&#10;TSSJJ. | ......&#10;&#10;step=107, rand=3, actions=&lt;Right&gt;&#10;Want   | Got ✗ &#10;---------------&#10;...OO. | .J....&#10;...OO. | .JJJ..&#10;.S.JJ. | ......&#10;.SSJOO | ......&#10;.JSJOO | ......&#10;.J.TTT | ......&#10;OOJJ.J | ......&#10;T.JJJ. | ......&#10;TTSSJ. | ......&#10;TSSJJ. | ......&#10;&#10;step=108, rand=3, actions=&lt;Right&gt;&#10;Want   | Got ✗ &#10;---------------&#10;....OO | .J....&#10;....OO | .JJJ..&#10;.S.JJ. | ......&#10;.SSJOO | ......&#10;.JSJOO | ......&#10;.J.TTT | ......&#10;OOJJ.J | ......&#10;T.JJJ. | ......&#10;TTSSJ. | ......&#10;TSSJJ. | ......&#10;&#10;step=109, rand=3, actions=&lt;Right&gt;&#10;Want   | Got ✗ &#10;---------------&#10;....OO | .J....&#10;....OO | .JJJ..&#10;.S.JJ. | ......&#10;.SSJOO | ......&#10;.JSJOO | ......&#10;.J.TTT | ......&#10;OOJJ.J | ......&#10;T.JJJ. | ......&#10;TTSSJ. | ......&#10;TSSJJ. | ......&#10;&#10;step=110, rand=3, actions=&lt;Down&gt;&#10;Want   | Got ✗ &#10;---------------&#10;..OOOO | .J....&#10;..OOOO | .JJJ..&#10;.S.JJ. | ......&#10;.SSJOO | ......&#10;.JSJOO | ......&#10;.J.TTT | ......&#10;OOJJ.J | ......&#10;T.JJJ. | ......&#10;TTSSJ. | ......&#10;TSSJJ. | ......&#10;&#10;step=111, rand=3, actions=&lt;Left&gt;&#10;Want   | Got ✗ &#10;---------------&#10;.OO.OO | .J....&#10;.OO.OO | .JJJ..&#10;.S.JJ. | ......&#10;.SSJOO | ......&#10;.JSJOO | ......&#10;.J.TTT | ......&#10;OOJJ.J | ......&#10;T.JJJ. | ......&#10;TTSSJ. | ......&#10;TSSJJ. | ......&#10;&#10;step=112, rand=3, actions=&lt;Left&gt;&#10;Want   | Got ✗ &#10;---------------&#10;OO..OO | .J....&#10;OO..OO | .JJJ..&#10;.S.JJ. | ......&#10;.SSJOO | ......&#10;.JSJOO | ......&#10;.J.TTT | ......&#10;OOJJ.J | ......&#10;T.JJJ. | ......&#10;TTSSJ. | ......&#10;TSSJJ. | ......&#10;&#10;step=113, rand=3, actions=&lt;Left&gt;&#10;Want   | Got ✗ &#10;---------------&#10;OO..OO | .J....&#10;OO..OO | .JJJ..&#10;.S.JJ. | ......&#10;.SSJOO | ......&#10;.JSJOO | ......&#10;.J.TTT | ......&#10;OOJJ.J | ......&#10;T.JJJ. | ......&#10;TTSSJ. | ......&#10;TSSJJ. | ......&#10;&#10;step=114, rand=5, actions=&lt;Down&gt;&#10;Want              | Got ✗ &#10;--------------------------&#10;GameOverDisplay() | .J....&#10;                  | .JJJ..&#10;                  | ......&#10;                  | ......&#10;                  | ......&#10;                  | ......&#10;                  | ......&#10;                  | ......&#10;                  | ......&#10;                  | ......&#10;&#10;" type="org.scalatest.exceptions.TestFailedException">org.scalatest.exceptions.TestFailedException: didPass was false
--------------------------------------------------------------------------------
This is what went wrong:

step=0, rand=1, actions=&lt;&gt;
Want   | Got ✓ 
---------------
.J.... | .J....
.JJJ.. | .JJJ..
...... | ......
...... | ......
...... | ......
...... | ......
...... | ......
...... | ......
...... | ......
...... | ......

step=1, rand=1, actions=&lt;RotateRight&gt;
Want   | Got ✓ 
---------------
..JJ.. | ..JJ..
..J... | ..J...
..J... | ..J...
...... | ......
...... | ......
...... | ......
...... | ......
...... | ......
...... | ......
...... | ......

step=2, rand=1, actions=&lt;RotateRight&gt;
Want   | Got ✓ 
---------------
...... | ......
.JJJ.. | .JJJ..
...J.. | ...J..
...... | ......
...... | ......
...... | ......
...... | ......
...... | ......
...... | ......
...... | ......

step=3, rand=1, actions=&lt;RotateRight&gt;
Want   | Got ✓ 
---------------
..J... | ..J...
..J... | ..J...
.JJ... | .JJ...
...... | ......
...... | ......
...... | ......
...... | ......
...... | ......
...... | ......
...... | ......

step=4, rand=1, actions=&lt;Right&gt;
Want   | Got ✗ 
---------------
...J.. | ..J...
...J.. | ..J...
..JJ.. | .JJ...
...... | ......
...... | ......
...... | ......
...... | ......
...... | ......
...... | ......
...... | ......

step=5, rand=1, actions=&lt;Right&gt;
Want   | Got ✗ 
---------------
....J. | ..J...
....J. | ..J...
...JJ. | .JJ...
...... | ......
...... | ......
...... | ......
...... | ......
...... | ......
...... | ......
...... | ......

step=6, rand=1, actions=&lt;Down&gt;
Want   | Got ✗ 
---------------
...... | ..J...
....J. | ..J...
....J. | .JJ...
...JJ. | ......
...... | ......
...... | ......
...... | ......
...... | ......
...... | ......
...... | ......

step=7, rand=1, actions=&lt;Down&gt;
Want   | Got ✗ 
---------------
...... | ..J...
...... | ..J...
....J. | .JJ...
....J. | ......
...JJ. | ......
...... | ......
...... | ......
...... | ......
...... | ......
...... | ......

step=8, rand=1, actions=&lt;Down&gt;
Want   | Got ✗ 
---------------
...... | ..J...
...... | ..J...
...... | .JJ...
....J. | ......
....J. | ......
...JJ. | ......
...... | ......
...... | ......
...... | ......
...... | ......

step=9, rand=1, actions=&lt;Down&gt;
Want   | Got ✗ 
---------------
...... | ..J...
...... | ..J...
...... | .JJ...
...... | ......
....J. | ......
....J. | ......
...JJ. | ......
...... | ......
...... | ......
...... | ......

step=10, rand=1, actions=&lt;Down&gt;
Want   | Got ✗ 
---------------
...... | ..J...
...... | ..J...
...... | .JJ...
...... | ......
...... | ......
....J. | ......
....J. | ......
...JJ. | ......
...... | ......
...... | ......

step=11, rand=1, actions=&lt;Down&gt;
Want   | Got ✗ 
---------------
...... | ..J...
...... | ..J...
...... | .JJ...
...... | ......
...... | ......
...... | ......
....J. | ......
....J. | ......
...JJ. | ......
...... | ......

step=12, rand=1, actions=&lt;Down&gt;
Want   | Got ✗ 
---------------
...... | ..J...
...... | ..J...
...... | .JJ...
...... | ......
...... | ......
...... | ......
...... | ......
....J. | ......
....J. | ......
...JJ. | ......

step=13, rand=4, actions=&lt;Down&gt;
Want   | Got ✗ 
---------------
..SS.. | ..J...
.SS... | ..J...
...... | .JJ...
...... | ......
...... | ......
...... | ......
...... | ......
....J. | ......
....J. | ......
...JJ. | ......

step=14, rand=4, actions=&lt;Right&gt;
Want   | Got ✗ 
---------------
...SS. | ..J...
..SS.. | ..J...
...... | .JJ...
...... | ......
...... | ......
...... | ......
...... | ......
....J. | ......
....J. | ......
...JJ. | ......

step=15, rand=4, actions=&lt;Down&gt;
Want   | Got ✗ 
---------------
...... | ..J...
...SS. | ..J...
..SS.. | .JJ...
...... | ......
...... | ......
...... | ......
...... | ......
....J. | ......
....J. | ......
...JJ. | ......

step=16, rand=4, actions=&lt;Down&gt;
Want   | Got ✗ 
---------------
...... | ..J...
...... | ..J...
...SS. | .JJ...
..SS.. | ......
...... | ......
...... | ......
...... | ......
....J. | ......
....J. | ......
...JJ. | ......

step=17, rand=4, actions=&lt;Down&gt;
Want   | Got ✗ 
---------------
...... | ..J...
...... | ..J...
...... | .JJ...
...SS. | ......
..SS.. | ......
...... | ......
...... | ......
....J. | ......
....J. | ......
...JJ. | ......

step=18, rand=4, actions=&lt;Left&gt;
Want   | Got ✗ 
---------------
...... | ..J...
...... | ..J...
...... | .JJ...
..SS.. | ......
.SS... | ......
...... | ......
...... | ......
....J. | ......
....J. | ......
...JJ. | ......

step=19, rand=4, actions=&lt;Down&gt;
Want   | Got ✗ 
---------------
...... | ..J...
...... | ..J...
...... | .JJ...
...... | ......
..SS.. | ......
.SS... | ......
...... | ......
....J. | ......
....J. | ......
...JJ. | ......

step=20, rand=4, actions=&lt;Down&gt;
Want   | Got ✗ 
---------------
...... | ..J...
...... | ..J...
...... | .JJ...
...... | ......
...... | ......
..SS.. | ......
.SS... | ......
....J. | ......
....J. | ......
...JJ. | ......

step=21, rand=4, actions=&lt;Down&gt;
Want   | Got ✗ 
---------------
...... | ..J...
...... | ..J...
...... | .JJ...
...... | ......
...... | ......
...... | ......
..SS.. | ......
.SS.J. | ......
....J. | ......
...JJ. | ......

step=22, rand=4, actions=&lt;Down&gt;
Want   | Got ✗ 
---------------
...... | ..J...
...... | ..J...
...... | .JJ...
...... | ......
...... | ......
...... | ......
...... | ......
..SSJ. | ......
.SS.J. | ......
...JJ. | ......

step=23, rand=4, actions=&lt;Down&gt;
Want   | Got ✗ 
---------------
...... | ..J...
...... | ..J...
...... | .JJ...
...... | ......
...... | ......
...... | ......
...... | ......
....J. | ......
..SSJ. | ......
.SSJJ. | ......

step=24, rand=4, actions=&lt;RotateRight&gt;
Want   | Got ✗ 
---------------
...... | .J....
...... | .JJJ..
...... | ......
...... | ......
...... | ......
...... | ......
...... | ......
....J. | ......
..SSJ. | ......
.SSJJ. | ......

step=25, rand=1, actions=&lt;Down&gt;
Want   | Got ✗ 
---------------
.J.... | .J....
.JJJ.. | .JJJ..
...... | ......
...... | ......
...... | ......
...... | ......
...... | ......
....J. | ......
..SSJ. | ......
.SSJJ. | ......

step=26, rand=1, actions=&lt;RotateRight&gt;
Want   | Got ✗ 
---------------
..JJ.. | ..JJ..
..J... | ..J...
..J... | ..J...
...... | ......
...... | ......
...... | ......
...... | ......
....J. | ......
..SSJ. | ......
.SSJJ. | ......

step=27, rand=1, actions=&lt;RotateRight&gt;
Want   | Got ✗ 
---------------
...... | ......
.JJJ.. | .JJJ..
...J.. | ...J..
...... | ......
...... | ......
...... | ......
...... | ......
....J. | ......
..SSJ. | ......
.SSJJ. | ......

step=28, rand=1, actions=&lt;RotateRight&gt;
Want   | Got ✗ 
---------------
..J... | ..J...
..J... | ..J...
.JJ... | .JJ...
...... | ......
...... | ......
...... | ......
...... | ......
....J. | ......
..SSJ. | ......
.SSJJ. | ......

step=29, rand=1, actions=&lt;Right&gt;
Want   | Got ✗ 
---------------
...J.. | ..J...
...J.. | ..J...
..JJ.. | .JJ...
...... | ......
...... | ......
...... | ......
...... | ......
....J. | ......
..SSJ. | ......
.SSJJ. | ......

step=30, rand=1, actions=&lt;Down&gt;
Want   | Got ✗ 
---------------
...... | ..J...
...J.. | ..J...
...J.. | .JJ...
..JJ.. | ......
...... | ......
...... | ......
...... | ......
....J. | ......
..SSJ. | ......
.SSJJ. | ......

step=31, rand=1, actions=&lt;Down&gt;
Want   | Got ✗ 
---------------
...... | ..J...
...... | ..J...
...J.. | .JJ...
...J.. | ......
..JJ.. | ......
...... | ......
...... | ......
....J. | ......
..SSJ. | ......
.SSJJ. | ......

step=32, rand=1, actions=&lt;Down&gt;
Want   | Got ✗ 
---------------
...... | ..J...
...... | ..J...
...... | .JJ...
...J.. | ......
...J.. | ......
..JJ.. | ......
...... | ......
....J. | ......
..SSJ. | ......
.SSJJ. | ......

step=33, rand=1, actions=&lt;Down&gt;
Want   | Got ✗ 
---------------
...... | ..J...
...... | ..J...
...... | .JJ...
...... | ......
...J.. | ......
...J.. | ......
..JJ.. | ......
....J. | ......
..SSJ. | ......
.SSJJ. | ......

step=34, rand=1, actions=&lt;Down&gt;
Want   | Got ✗ 
---------------
...... | ..J...
...... | ..J...
...... | .JJ...
...... | ......
...... | ......
...J.. | ......
...J.. | ......
..JJJ. | ......
..SSJ. | ......
.SSJJ. | ......

step=35, rand=1, actions=&lt;Down&gt;
Want   | Got ✗ 
---------------
.J.... | ..J...
.JJJ.. | ..J...
...... | .JJ...
...... | ......
...... | ......
...J.. | ......
...J.. | ......
..JJJ. | ......
..SSJ. | ......
.SSJJ. | ......

step=36, rand=1, actions=&lt;RotateRight&gt;
Want   | Got ✗ 
---------------
..JJ.. | .J....
..J... | .JJJ..
..J... | ......
...... | ......
...... | ......
...J.. | ......
...J.. | ......
..JJJ. | ......
..SSJ. | ......
.SSJJ. | ......

step=37, rand=1, actions=&lt;Down&gt;
Want   | Got ✗ 
---------------
...... | .J....
..JJ.. | .JJJ..
..J... | ......
..J... | ......
...... | ......
...J.. | ......
...J.. | ......
..JJJ. | ......
..SSJ. | ......
.SSJJ. | ......

step=38, rand=1, actions=&lt;Down&gt;
Want   | Got ✗ 
---------------
...... | .J....
...... | .JJJ..
..JJ.. | ......
..J... | ......
..J... | ......
...J.. | ......
...J.. | ......
..JJJ. | ......
..SSJ. | ......
.SSJJ. | ......

step=39, rand=1, actions=&lt;Down&gt;
Want   | Got ✗ 
---------------
...... | .J....
...... | .JJJ..
...... | ......
..JJ.. | ......
..J... | ......
..JJ.. | ......
...J.. | ......
..JJJ. | ......
..SSJ. | ......
.SSJJ. | ......

step=40, rand=1, actions=&lt;Down&gt;
Want   | Got ✗ 
---------------
...... | .J....
...... | .JJJ..
...... | ......
...... | ......
..JJ.. | ......
..JJ.. | ......
..JJ.. | ......
..JJJ. | ......
..SSJ. | ......
.SSJJ. | ......

step=41, rand=5, actions=&lt;Down&gt;
Want   | Got ✗ 
---------------
..T... | .J....
.TTT.. | .JJJ..
...... | ......
...... | ......
..JJ.. | ......
..JJ.. | ......
..JJ.. | ......
..JJJ. | ......
..SSJ. | ......
.SSJJ. | ......

step=42, rand=5, actions=&lt;RotateRight&gt;
Want   | Got ✗ 
---------------
..T... | ..JJ..
..TT.. | ..J...
..T... | ..J...
...... | ......
..JJ.. | ......
..JJ.. | ......
..JJ.. | ......
..JJJ. | ......
..SSJ. | ......
.SSJJ. | ......

step=43, rand=5, actions=&lt;Left&gt;
Want   | Got ✗ 
---------------
.T.... | ..JJ..
.TT... | ..J...
.T.... | ..J...
...... | ......
..JJ.. | ......
..JJ.. | ......
..JJ.. | ......
..JJJ. | ......
..SSJ. | ......
.SSJJ. | ......

step=44, rand=5, actions=&lt;Left&gt;
Want   | Got ✗ 
---------------
T..... | ..JJ..
TT.... | ..J...
T..... | ..J...
...... | ......
..JJ.. | ......
..JJ.. | ......
..JJ.. | ......
..JJJ. | ......
..SSJ. | ......
.SSJJ. | ......

step=45, rand=5, actions=&lt;Down&gt;
Want   | Got ✗ 
---------------
...... | ..JJ..
T..... | ..J...
TT.... | ..J...
T..... | ......
..JJ.. | ......
..JJ.. | ......
..JJ.. | ......
..JJJ. | ......
..SSJ. | ......
.SSJJ. | ......

step=46, rand=5, actions=&lt;Down&gt;
Want   | Got ✗ 
---------------
...... | ..JJ..
...... | ..J...
T..... | ..J...
TT.... | ......
T.JJ.. | ......
..JJ.. | ......
..JJ.. | ......
..JJJ. | ......
..SSJ. | ......
.SSJJ. | ......

step=47, rand=5, actions=&lt;Down&gt;
Want   | Got ✗ 
---------------
...... | ..JJ..
...... | ..J...
...... | ..J...
T..... | ......
TTJJ.. | ......
T.JJ.. | ......
..JJ.. | ......
..JJJ. | ......
..SSJ. | ......
.SSJJ. | ......

step=48, rand=5, actions=&lt;Down&gt;
Want   | Got ✗ 
---------------
...... | ..JJ..
...... | ..J...
...... | ..J...
...... | ......
T.JJ.. | ......
TTJJ.. | ......
T.JJ.. | ......
..JJJ. | ......
..SSJ. | ......
.SSJJ. | ......

step=49, rand=5, actions=&lt;Down&gt;
Want   | Got ✗ 
---------------
...... | ..JJ..
...... | ..J...
...... | ..J...
...... | ......
..JJ.. | ......
T.JJ.. | ......
TTJJ.. | ......
T.JJJ. | ......
..SSJ. | ......
.SSJJ. | ......

step=50, rand=5, actions=&lt;Down&gt;
Want   | Got ✗ 
---------------
...... | ..JJ..
...... | ..J...
...... | ..J...
...... | ......
..JJ.. | ......
..JJ.. | ......
T.JJ.. | ......
TTJJJ. | ......
T.SSJ. | ......
.SSJJ. | ......

step=51, rand=5, actions=&lt;Down&gt;
Want   | Got ✗ 
---------------
...... | ..JJ..
...... | ..J...
...... | ..J...
...... | ......
..JJ.. | ......
..JJ.. | ......
..JJ.. | ......
T.JJJ. | ......
TTSSJ. | ......
TSSJJ. | ......

step=52, rand=5, actions=&lt;Left&gt;
Want   | Got ✗ 
---------------
...... | ..JJ..
...... | ..J...
...... | ..J...
...... | ......
..JJ.. | ......
..JJ.. | ......
..JJ.. | ......
T.JJJ. | ......
TTSSJ. | ......
TSSJJ. | ......

step=53, rand=3, actions=&lt;Down&gt;
Want   | Got ✗ 
---------------
..OO.. | ..JJ..
..OO.. | ..J...
...... | ..J...
...... | ......
..JJ.. | ......
..JJ.. | ......
..JJ.. | ......
T.JJJ. | ......
TTSSJ. | ......
TSSJJ. | ......

step=54, rand=3, actions=&lt;Left&gt;
Want   | Got ✗ 
---------------
.OO... | ..JJ..
.OO... | ..J...
...... | ..J...
...... | ......
..JJ.. | ......
..JJ.. | ......
..JJ.. | ......
T.JJJ. | ......
TTSSJ. | ......
TSSJJ. | ......

step=55, rand=3, actions=&lt;Left&gt;
Want   | Got ✗ 
---------------
OO.... | ..JJ..
OO.... | ..J...
...... | ..J...
...... | ......
..JJ.. | ......
..JJ.. | ......
..JJ.. | ......
T.JJJ. | ......
TTSSJ. | ......
TSSJJ. | ......

step=56, rand=3, actions=&lt;Down&gt;
Want   | Got ✗ 
---------------
...... | ..JJ..
OO.... | ..J...
OO.... | ..J...
...... | ......
..JJ.. | ......
..JJ.. | ......
..JJ.. | ......
T.JJJ. | ......
TTSSJ. | ......
TSSJJ. | ......

step=57, rand=3, actions=&lt;Down&gt;
Want   | Got ✗ 
---------------
...... | ..JJ..
...... | ..J...
OO.... | ..J...
OO.... | ......
..JJ.. | ......
..JJ.. | ......
..JJ.. | ......
T.JJJ. | ......
TTSSJ. | ......
TSSJJ. | ......

step=58, rand=3, actions=&lt;Down&gt;
Want   | Got ✗ 
---------------
...... | ..JJ..
...... | ..J...
...... | ..J...
OO.... | ......
OOJJ.. | ......
..JJ.. | ......
..JJ.. | ......
T.JJJ. | ......
TTSSJ. | ......
TSSJJ. | ......

step=59, rand=3, actions=&lt;Down&gt;
Want   | Got ✗ 
---------------
...... | ..JJ..
...... | ..J...
...... | ..J...
...... | ......
OOJJ.. | ......
OOJJ.. | ......
..JJ.. | ......
T.JJJ. | ......
TTSSJ. | ......
TSSJJ. | ......

step=60, rand=3, actions=&lt;Down&gt;
Want   | Got ✗ 
---------------
...... | ..JJ..
...... | ..J...
...... | ..J...
...... | ......
..JJ.. | ......
OOJJ.. | ......
OOJJ.. | ......
T.JJJ. | ......
TTSSJ. | ......
TSSJJ. | ......

step=61, rand=1, actions=&lt;Down&gt;
Want   | Got ✗ 
---------------
.J.... | ..JJ..
.JJJ.. | ..J...
...... | ..J...
...... | ......
..JJ.. | ......
OOJJ.. | ......
OOJJ.. | ......
T.JJJ. | ......
TTSSJ. | ......
TSSJJ. | ......

step=62, rand=1, actions=&lt;RotateRight&gt;
Want   | Got ✗ 
---------------
..JJ.. | ......
..J... | .JJJ..
..J... | ...J..
...... | ......
..JJ.. | ......
OOJJ.. | ......
OOJJ.. | ......
T.JJJ. | ......
TTSSJ. | ......
TSSJJ. | ......

step=63, rand=1, actions=&lt;RotateRight&gt;
Want   | Got ✗ 
---------------
...... | ..J...
.JJJ.. | ..J...
...J.. | .JJ...
...... | ......
..JJ.. | ......
OOJJ.. | ......
OOJJ.. | ......
T.JJJ. | ......
TTSSJ. | ......
TSSJJ. | ......

step=64, rand=1, actions=&lt;RotateRight&gt;
Want   | Got ✗ 
---------------
..J... | .J....
..J... | .JJJ..
.JJ... | ......
...... | ......
..JJ.. | ......
OOJJ.. | ......
OOJJ.. | ......
T.JJJ. | ......
TTSSJ. | ......
TSSJJ. | ......

step=65, rand=1, actions=&lt;Left&gt;
Want   | Got ✗ 
---------------
.J.... | .J....
.J.... | .JJJ..
JJ.... | ......
...... | ......
..JJ.. | ......
OOJJ.. | ......
OOJJ.. | ......
T.JJJ. | ......
TTSSJ. | ......
TSSJJ. | ......

step=66, rand=1, actions=&lt;Down&gt;
Want   | Got ✗ 
---------------
...... | .J....
.J.... | .JJJ..
.J.... | ......
JJ.... | ......
..JJ.. | ......
OOJJ.. | ......
OOJJ.. | ......
T.JJJ. | ......
TTSSJ. | ......
TSSJJ. | ......

step=67, rand=1, actions=&lt;Down&gt;
Want   | Got ✗ 
---------------
...... | .J....
...... | .JJJ..
.J.... | ......
.J.... | ......
JJJJ.. | ......
OOJJ.. | ......
OOJJ.. | ......
T.JJJ. | ......
TTSSJ. | ......
TSSJJ. | ......

step=68, rand=1, actions=&lt;Down&gt;
Want   | Got ✗ 
---------------
.J.... | .J....
.JJJ.. | .JJJ..
.J.... | ......
.J.... | ......
JJJJ.. | ......
OOJJ.. | ......
OOJJ.. | ......
T.JJJ. | ......
TTSSJ. | ......
TSSJJ. | ......

step=69, rand=1, actions=&lt;RotateRight&gt;
Want   | Got ✗ 
---------------
..JJ.. | ..JJ..
..J... | ..J...
.JJ... | ..J...
.J.... | ......
JJJJ.. | ......
OOJJ.. | ......
OOJJ.. | ......
T.JJJ. | ......
TTSSJ. | ......
TSSJJ. | ......

step=70, rand=1, actions=&lt;RotateRight&gt;
Want   | Got ✗ 
---------------
...... | ......
.JJJ.. | .JJJ..
.J.J.. | ...J..
.J.... | ......
JJJJ.. | ......
OOJJ.. | ......
OOJJ.. | ......
T.JJJ. | ......
TTSSJ. | ......
TSSJJ. | ......

step=71, rand=1, actions=&lt;RotateRight&gt;
Want   | Got ✗ 
---------------
...... | ..J...
.JJJ.. | ..J...
.J.J.. | .JJ...
.J.... | ......
JJJJ.. | ......
OOJJ.. | ......
OOJJ.. | ......
T.JJJ. | ......
TTSSJ. | ......
TSSJJ. | ......

step=72, rand=1, actions=&lt;Right&gt;
Want   | Got ✗ 
---------------
...... | ..J...
..JJJ. | ..J...
.J..J. | .JJ...
.J.... | ......
JJJJ.. | ......
OOJJ.. | ......
OOJJ.. | ......
T.JJJ. | ......
TTSSJ. | ......
TSSJJ. | ......

step=73, rand=1, actions=&lt;RotateRight&gt;
Want   | Got ✗ 
---------------
...J.. | .J....
...J.. | .JJJ..
.JJJ.. | ......
.J.... | ......
JJJJ.. | ......
OOJJ.. | ......
OOJJ.. | ......
T.JJJ. | ......
TTSSJ. | ......
TSSJJ. | ......

step=74, rand=1, actions=&lt;Right&gt;
Want   | Got ✗ 
---------------
....J. | .J....
....J. | .JJJ..
.J.JJ. | ......
.J.... | ......
JJJJ.. | ......
OOJJ.. | ......
OOJJ.. | ......
T.JJJ. | ......
TTSSJ. | ......
TSSJJ. | ......

step=75, rand=1, actions=&lt;Right&gt;
Want   | Got ✗ 
---------------
.....J | .J....
.....J | .JJJ..
.J..JJ | ......
.J.... | ......
JJJJ.. | ......
OOJJ.. | ......
OOJJ.. | ......
T.JJJ. | ......
TTSSJ. | ......
TSSJJ. | ......

step=76, rand=1, actions=&lt;Down&gt;
Want   | Got ✗ 
---------------
...... | .J....
.....J | .JJJ..
.J...J | ......
.J..JJ | ......
JJJJ.. | ......
OOJJ.. | ......
OOJJ.. | ......
T.JJJ. | ......
TTSSJ. | ......
TSSJJ. | ......

step=77, rand=1, actions=&lt;Down&gt;
Want   | Got ✗ 
---------------
...... | .J....
...... | .JJJ..
.J...J | ......
.J...J | ......
JJJJJJ | ......
OOJJ.. | ......
OOJJ.. | ......
T.JJJ. | ......
TTSSJ. | ......
TSSJJ. | ......

step=78, rand=1, actions=&lt;Down&gt;
Want   | Got ✗ 
---------------
...... | .J....
...... | .JJJ..
.J.... | ......
.J...J | ......
JJJJ.J | ......
OOJJJJ | ......
OOJJ.. | ......
T.JJJ. | ......
TTSSJ. | ......
TSSJJ. | ......

step=79, rand=1, actions=&lt;Down&gt;
Want   | Got ✗ 
---------------
...... | .J....
...... | .JJJ..
.J.... | ......
.J.... | ......
JJJJ.J | ......
OOJJ.J | ......
OOJJJJ | ......
T.JJJ. | ......
TTSSJ. | ......
TSSJJ. | ......

step=80, rand=5, actions=&lt;Down&gt;
Want   | Got ✗ 
---------------
..T... | .J....
.TTT.. | .JJJ..
...... | ......
.J.... | ......
.J.... | ......
JJJJ.J | ......
OOJJ.J | ......
T.JJJ. | ......
TTSSJ. | ......
TSSJJ. | ......

step=81, rand=5, actions=&lt;Right&gt;
Want   | Got ✗ 
---------------
...T.. | .J....
..TTT. | .JJJ..
...... | ......
.J.... | ......
.J.... | ......
JJJJ.J | ......
OOJJ.J | ......
T.JJJ. | ......
TTSSJ. | ......
TSSJJ. | ......

step=82, rand=5, actions=&lt;RotateRight&gt;
Want   | Got ✗ 
---------------
...T.. | ..JJ..
...TT. | ..J...
...T.. | ..J...
.J.... | ......
.J.... | ......
JJJJ.J | ......
OOJJ.J | ......
T.JJJ. | ......
TTSSJ. | ......
TSSJJ. | ......

step=83, rand=5, actions=&lt;RotateRight&gt;
Want   | Got ✗ 
---------------
...... | ......
..TTT. | .JJJ..
...T.. | ...J..
.J.... | ......
.J.... | ......
JJJJ.J | ......
OOJJ.J | ......
T.JJJ. | ......
TTSSJ. | ......
TSSJJ. | ......

step=84, rand=5, actions=&lt;Right&gt;
Want   | Got ✗ 
---------------
...... | ......
...TTT | .JJJ..
....T. | ...J..
.J.... | ......
.J.... | ......
JJJJ.J | ......
OOJJ.J | ......
T.JJJ. | ......
TTSSJ. | ......
TSSJJ. | ......

step=85, rand=5, actions=&lt;Down&gt;
Want   | Got ✗ 
---------------
...... | ......
...... | .JJJ..
...TTT | ...J..
.J..T. | ......
.J.... | ......
JJJJ.J | ......
OOJJ.J | ......
T.JJJ. | ......
TTSSJ. | ......
TSSJJ. | ......

step=86, rand=5, actions=&lt;Down&gt;
Want   | Got ✗ 
---------------
...... | ......
...... | .JJJ..
...... | ...J..
.J.TTT | ......
.J..T. | ......
JJJJ.J | ......
OOJJ.J | ......
T.JJJ. | ......
TTSSJ. | ......
TSSJJ. | ......

step=87, rand=5, actions=&lt;Down&gt;
Want   | Got ✗ 
---------------
...... | ......
...... | .JJJ..
...... | ...J..
.J.... | ......
.J.TTT | ......
JJJJTJ | ......
OOJJ.J | ......
T.JJJ. | ......
TTSSJ. | ......
TSSJJ. | ......

step=88, rand=3, actions=&lt;Down&gt;
Want   | Got ✗ 
---------------
..OO.. | ......
..OO.. | .JJJ..
...... | ...J..
...... | ......
.J.... | ......
.J.TTT | ......
OOJJ.J | ......
T.JJJ. | ......
TTSSJ. | ......
TSSJJ. | ......

step=89, rand=3, actions=&lt;Right&gt;
Want   | Got ✗ 
---------------
...OO. | ......
...OO. | .JJJ..
...... | ...J..
...... | ......
.J.... | ......
.J.TTT | ......
OOJJ.J | ......
T.JJJ. | ......
TTSSJ. | ......
TSSJJ. | ......

step=90, rand=3, actions=&lt;Right&gt;
Want   | Got ✗ 
---------------
....OO | ......
....OO | .JJJ..
...... | ...J..
...... | ......
.J.... | ......
.J.TTT | ......
OOJJ.J | ......
T.JJJ. | ......
TTSSJ. | ......
TSSJJ. | ......

step=91, rand=3, actions=&lt;Left&gt;
Want   | Got ✗ 
---------------
...OO. | ......
...OO. | .JJJ..
...... | ...J..
...... | ......
.J.... | ......
.J.TTT | ......
OOJJ.J | ......
T.JJJ. | ......
TTSSJ. | ......
TSSJJ. | ......

step=92, rand=3, actions=&lt;Down&gt;
Want   | Got ✗ 
---------------
...... | ......
...OO. | .JJJ..
...OO. | ...J..
...... | ......
.J.... | ......
.J.TTT | ......
OOJJ.J | ......
T.JJJ. | ......
TTSSJ. | ......
TSSJJ. | ......

step=93, rand=3, actions=&lt;Right&gt;
Want   | Got ✗ 
---------------
...... | ......
....OO | .JJJ..
....OO | ...J..
...... | ......
.J.... | ......
.J.TTT | ......
OOJJ.J | ......
T.JJJ. | ......
TTSSJ. | ......
TSSJJ. | ......

step=94, rand=3, actions=&lt;Down&gt;
Want   | Got ✗ 
---------------
...... | ......
...... | .JJJ..
....OO | ...J..
....OO | ......
.J.... | ......
.J.TTT | ......
OOJJ.J | ......
T.JJJ. | ......
TTSSJ. | ......
TSSJJ. | ......

step=95, rand=3, actions=&lt;Down&gt;
Want   | Got ✗ 
---------------
...... | ......
...... | .JJJ..
...... | ...J..
....OO | ......
.J..OO | ......
.J.TTT | ......
OOJJ.J | ......
T.JJJ. | ......
TTSSJ. | ......
TSSJJ. | ......

step=96, rand=4, actions=&lt;Down&gt;
Want   | Got ✗ 
---------------
..SS.. | ......
.SS... | .JJJ..
...... | ...J..
....OO | ......
.J..OO | ......
.J.TTT | ......
OOJJ.J | ......
T.JJJ. | ......
TTSSJ. | ......
TSSJJ. | ......

step=97, rand=4, actions=&lt;RotateRight&gt;
Want   | Got ✗ 
---------------
..S... | ..J...
..SS.. | ..J...
...S.. | .JJ...
....OO | ......
.J..OO | ......
.J.TTT | ......
OOJJ.J | ......
T.JJJ. | ......
TTSSJ. | ......
TSSJJ. | ......

step=98, rand=4, actions=&lt;Left&gt;
Want   | Got ✗ 
---------------
.S.... | ..J...
.SS... | ..J...
..S... | .JJ...
....OO | ......
.J..OO | ......
.J.TTT | ......
OOJJ.J | ......
T.JJJ. | ......
TTSSJ. | ......
TSSJJ. | ......

step=99, rand=4, actions=&lt;Down&gt;
Want   | Got ✗ 
---------------
...... | ..J...
.S.... | ..J...
.SS... | .JJ...
..S.OO | ......
.J..OO | ......
.J.TTT | ......
OOJJ.J | ......
T.JJJ. | ......
TTSSJ. | ......
TSSJJ. | ......

step=100, rand=4, actions=&lt;Down&gt;
Want   | Got ✗ 
---------------
...... | ..J...
...... | ..J...
.S.... | .JJ...
.SS.OO | ......
.JS.OO | ......
.J.TTT | ......
OOJJ.J | ......
T.JJJ. | ......
TTSSJ. | ......
TSSJJ. | ......

step=101, rand=1, actions=&lt;Down&gt;
Want   | Got ✗ 
---------------
.J.... | ..J...
.JJJ.. | ..J...
.S.... | .JJ...
.SS.OO | ......
.JS.OO | ......
.J.TTT | ......
OOJJ.J | ......
T.JJJ. | ......
TTSSJ. | ......
TSSJJ. | ......

step=102, rand=1, actions=&lt;Right&gt;
Want   | Got ✗ 
---------------
..J... | ..J...
..JJJ. | ..J...
.S.... | .JJ...
.SS.OO | ......
.JS.OO | ......
.J.TTT | ......
OOJJ.J | ......
T.JJJ. | ......
TTSSJ. | ......
TSSJJ. | ......

step=103, rand=1, actions=&lt;RotateRight&gt;
Want   | Got ✗ 
---------------
...JJ. | .J....
...J.. | .JJJ..
.S.J.. | ......
.SS.OO | ......
.JS.OO | ......
.J.TTT | ......
OOJJ.J | ......
T.JJJ. | ......
TTSSJ. | ......
TSSJJ. | ......

step=104, rand=1, actions=&lt;Down&gt;
Want   | Got ✗ 
---------------
...... | .J....
...JJ. | .JJJ..
.S.J.. | ......
.SSJOO | ......
.JS.OO | ......
.J.TTT | ......
OOJJ.J | ......
T.JJJ. | ......
TTSSJ. | ......
TSSJJ. | ......

step=105, rand=1, actions=&lt;Down&gt;
Want   | Got ✗ 
---------------
...... | .J....
...... | .JJJ..
.S.JJ. | ......
.SSJOO | ......
.JSJOO | ......
.J.TTT | ......
OOJJ.J | ......
T.JJJ. | ......
TTSSJ. | ......
TSSJJ. | ......

step=106, rand=3, actions=&lt;Down&gt;
Want   | Got ✗ 
---------------
..OO.. | .J....
..OO.. | .JJJ..
.S.JJ. | ......
.SSJOO | ......
.JSJOO | ......
.J.TTT | ......
OOJJ.J | ......
T.JJJ. | ......
TTSSJ. | ......
TSSJJ. | ......

step=107, rand=3, actions=&lt;Right&gt;
Want   | Got ✗ 
---------------
...OO. | .J....
...OO. | .JJJ..
.S.JJ. | ......
.SSJOO | ......
.JSJOO | ......
.J.TTT | ......
OOJJ.J | ......
T.JJJ. | ......
TTSSJ. | ......
TSSJJ. | ......

step=108, rand=3, actions=&lt;Right&gt;
Want   | Got ✗ 
---------------
....OO | .J....
....OO | .JJJ..
.S.JJ. | ......
.SSJOO | ......
.JSJOO | ......
.J.TTT | ......
OOJJ.J | ......
T.JJJ. | ......
TTSSJ. | ......
TSSJJ. | ......

step=109, rand=3, actions=&lt;Right&gt;
Want   | Got ✗ 
---------------
....OO | .J....
....OO | .JJJ..
.S.JJ. | ......
.SSJOO | ......
.JSJOO | ......
.J.TTT | ......
OOJJ.J | ......
T.JJJ. | ......
TTSSJ. | ......
TSSJJ. | ......

step=110, rand=3, actions=&lt;Down&gt;
Want   | Got ✗ 
---------------
..OOOO | .J....
..OOOO | .JJJ..
.S.JJ. | ......
.SSJOO | ......
.JSJOO | ......
.J.TTT | ......
OOJJ.J | ......
T.JJJ. | ......
TTSSJ. | ......
TSSJJ. | ......

step=111, rand=3, actions=&lt;Left&gt;
Want   | Got ✗ 
---------------
.OO.OO | .J....
.OO.OO | .JJJ..
.S.JJ. | ......
.SSJOO | ......
.JSJOO | ......
.J.TTT | ......
OOJJ.J | ......
T.JJJ. | ......
TTSSJ. | ......
TSSJJ. | ......

step=112, rand=3, actions=&lt;Left&gt;
Want   | Got ✗ 
---------------
OO..OO | .J....
OO..OO | .JJJ..
.S.JJ. | ......
.SSJOO | ......
.JSJOO | ......
.J.TTT | ......
OOJJ.J | ......
T.JJJ. | ......
TTSSJ. | ......
TSSJJ. | ......

step=113, rand=3, actions=&lt;Left&gt;
Want   | Got ✗ 
---------------
OO..OO | .J....
OO..OO | .JJJ..
.S.JJ. | ......
.SSJOO | ......
.JSJOO | ......
.J.TTT | ......
OOJJ.J | ......
T.JJJ. | ......
TTSSJ. | ......
TSSJJ. | ......

step=114, rand=5, actions=&lt;Down&gt;
Want              | Got ✗ 
--------------------------
GameOverDisplay() | .J....
                  | .JJJ..
                  | ......
                  | ......
                  | ......
                  | ......
                  | ......
                  | ......
                  | ......
                  | ......


	at org.scalatest.Assertions.newAssertionFailedException(Assertions.scala:530)
	at org.scalatest.Assertions.newAssertionFailedException$(Assertions.scala:529)
	at org.scalatest.FunSuite.newAssertionFailedException(FunSuite.scala:1560)
	at org.scalatest.Assertions$AssertionsHelper.macroAssert(Assertions.scala:503)
	at generic.GameTestSuite.checkGame(GameTestSuite.scala:298)
	at tetris.TetrisTestSuiteBase.checkGame(TetrisTestSuiteBase.scala:103)
	at tetris.FullGameTests.$anonfun$new$3(FullGameTests.scala:5748)
	at scala.runtime.java8.JFunction0$mcV$sp.apply(JFunction0$mcV$sp.scala:18)
	at infrastructure.TestBase.$anonfun$test$1(TestBase.scala:36)
	at org.scalatest.OutcomeOf.outcomeOf(OutcomeOf.scala:85)
	at org.scalatest.OutcomeOf.outcomeOf$(OutcomeOf.scala:83)
	at org.scalatest.OutcomeOf$.outcomeOf(OutcomeOf.scala:104)
	at org.scalatest.Transformer.apply(Transformer.scala:22)
	at org.scalatest.Transformer.apply(Transformer.scala:20)
	at org.scalatest.FunSuiteLike$$anon$1.apply(FunSuiteLike.scala:186)
	at org.scalatest.TestSuite.withFixture(TestSuite.scala:196)
	at org.scalatest.TestSuite.withFixture$(TestSuite.scala:195)
	at infrastructure.TestBase.org$scalatest$concurrent$TimeLimitedTests$$super$withFixture(TestBase.scala:9)
	at org.scalatest.concurrent.TimeLimitedTests.$anonfun$withFixture$3(TimeLimitedTests.scala:154)
	at org.scalatest.enablers.Timed$$anon$1.timeoutAfter(Timed.scala:127)
	at org.scalatest.concurrent.TimeLimits.failAfterImpl(TimeLimits.scala:239)
	at org.scalatest.concurrent.TimeLimits.failAfterImpl$(TimeLimits.scala:233)
	at org.scalatest.concurrent.TimeLimits$.failAfterImpl(TimeLimits.scala:305)
	at org.scalatest.concurrent.TimeLimitedTests.withFixture(TimeLimitedTests.scala:153)
	at org.scalatest.concurrent.TimeLimitedTests.withFixture$(TimeLimitedTests.scala:150)
	at infrastructure.TestBase.withFixture(TestBase.scala:9)
	at org.scalatest.FunSuiteLike.invokeWithFixture$1(FunSuiteLike.scala:184)
	at org.scalatest.FunSuiteLike.$anonfun$runTest$1(FunSuiteLike.scala:196)
	at org.scalatest.SuperEngine.runTestImpl(Engine.scala:286)
	at org.scalatest.FunSuiteLike.runTest(FunSuiteLike.scala:196)
	at org.scalatest.FunSuiteLike.runTest$(FunSuiteLike.scala:178)
	at org.scalatest.FunSuite.runTest(FunSuite.scala:1560)
	at org.scalatest.FunSuiteLike.$anonfun$runTests$1(FunSuiteLike.scala:229)
	at org.scalatest.SuperEngine.$anonfun$runTestsInBranch$1(Engine.scala:393)
	at scala.collection.immutable.List.foreach(List.scala:333)
	at org.scalatest.SuperEngine.traverseSubNodes$1(Engine.scala:381)
	at org.scalatest.SuperEngine.runTestsInBranch(Engine.scala:376)
	at org.scalatest.SuperEngine.runTestsImpl(Engine.scala:458)
	at org.scalatest.FunSuiteLike.runTests(FunSuiteLike.scala:229)
	at org.scalatest.FunSuiteLike.runTests$(FunSuiteLike.scala:228)
	at org.scalatest.FunSuite.runTests(FunSuite.scala:1560)
	at org.scalatest.Suite.run(Suite.scala:1124)
	at org.scalatest.Suite.run$(Suite.scala:1106)
	at org.scalatest.FunSuite.org$scalatest$FunSuiteLike$$super$run(FunSuite.scala:1560)
	at org.scalatest.FunSuiteLike.$anonfun$run$1(FunSuiteLike.scala:233)
	at org.scalatest.SuperEngine.runImpl(Engine.scala:518)
	at org.scalatest.FunSuiteLike.run(FunSuiteLike.scala:233)
	at org.scalatest.FunSuiteLike.run$(FunSuiteLike.scala:232)
	at infrastructure.TestBase.run(TestBase.scala:26)
	at org.scalatest.Suite.callExecuteOnSuite$1(Suite.scala:1187)
	at org.scalatest.Suite.$anonfun$runNestedSuites$1(Suite.scala:1234)
	at scala.collection.ArrayOps$.foreach$extension(ArrayOps.scala:1323)
	at org.scalatest.Suite.runNestedSuites(Suite.scala:1232)
	at org.scalatest.Suite.runNestedSuites$(Suite.scala:1166)
	at org.scalatest.Suites.runNestedSuites(Suites.scala:56)
	at org.scalatest.Suite.run(Suite.scala:1121)
	at org.scalatest.Suite.run$(Suite.scala:1106)
	at tetris.TetrisTestSuitesBase.runDirect(TetrisTestSuitesBase.scala:20)
	at tetris.TetrisTestSuitesBase.runWithScoreCounter(TetrisTestSuitesBase.scala:14)
	at tetris.TetrisTestSuite3.run(TetrisTestSuite3.scala:25)
	at org.scalatestplus.junit.JUnitRunner.run(JUnitRunner.scala:99)
	at org.junit.runner.JUnitCore.run(JUnitCore.java:137)
	at org.junit.runner.JUnitCore.run(JUnitCore.java:115)
	at org.junit.vintage.engine.execution.RunnerExecutor.execute(RunnerExecutor.java:43)
	at java.util.stream.ForEachOps$ForEachOp$OfRef.accept(ForEachOps.java:183)
	at java.util.stream.ReferencePipeline$3$1.accept(ReferencePipeline.java:193)
	at java.util.Iterator.forEachRemaining(Iterator.java:116)
	at java.util.Spliterators$IteratorSpliterator.forEachRemaining(Spliterators.java:1801)
	at java.util.stream.AbstractPipeline.copyInto(AbstractPipeline.java:482)
	at java.util.stream.AbstractPipeline.wrapAndCopyInto(AbstractPipeline.java:472)
	at java.util.stream.ForEachOps$ForEachOp.evaluateSequential(ForEachOps.java:150)
	at java.util.stream.ForEachOps$ForEachOp$OfRef.evaluateSequential(ForEachOps.java:173)
	at java.util.stream.AbstractPipeline.evaluate(AbstractPipeline.java:234)
	at java.util.stream.ReferencePipeline.forEach(ReferencePipeline.java:485)
	at org.junit.vintage.engine.VintageTestEngine.executeAllChildren(VintageTestEngine.java:82)
	at org.junit.vintage.engine.VintageTestEngine.execute(VintageTestEngine.java:73)
	at org.junit.platform.launcher.core.DefaultLauncher.execute(DefaultLauncher.java:220)
	at org.junit.platform.launcher.core.DefaultLauncher.lambda$execute$6(DefaultLauncher.java:188)
	at org.junit.platform.launcher.core.DefaultLauncher.withInterceptedStreams(DefaultLauncher.java:202)
	at org.junit.platform.launcher.core.DefaultLauncher.execute(DefaultLauncher.java:181)
	at org.junit.platform.launcher.core.DefaultLauncher.execute(DefaultLauncher.java:128)
	at org.gradle.api.internal.tasks.testing.junitplatform.JUnitPlatformTestClassProcessor$CollectAllTestClassesExecutor.processAllTestClasses(JUnitPlatformTestClassProcessor.java:102)
	at org.gradle.api.internal.tasks.testing.junitplatform.JUnitPlatformTestClassProcessor$CollectAllTestClassesExecutor.access$000(JUnitPlatformTestClassProcessor.java:82)
	at org.gradle.api.internal.tasks.testing.junitplatform.JUnitPlatformTestClassProcessor.stop(JUnitPlatformTestClassProcessor.java:78)
	at org.gradle.api.internal.tasks.testing.SuiteTestClassProcessor.stop(SuiteTestClassProcessor.java:61)
	at sun.reflect.NativeMethodAccessorImpl.invoke0(Native Method)
	at sun.reflect.NativeMethodAccessorImpl.invoke(NativeMethodAccessorImpl.java:62)
	at sun.reflect.DelegatingMethodAccessorImpl.invoke(DelegatingMethodAccessorImpl.java:43)
	at java.lang.reflect.Method.invoke(Method.java:498)
	at org.gradle.internal.dispatch.ReflectionDispatch.dispatch(ReflectionDispatch.java:35)
	at org.gradle.internal.dispatch.ReflectionDispatch.dispatch(ReflectionDispatch.java:24)
	at org.gradle.internal.dispatch.ContextClassLoaderDispatch.dispatch(ContextClassLoaderDispatch.java:32)
	at org.gradle.internal.dispatch.ProxyDispatchAdapter$DispatchingInvocationHandler.invoke(ProxyDispatchAdapter.java:93)
	at com.sun.proxy.$Proxy2.stop(Unknown Source)
	at org.gradle.api.internal.tasks.testing.worker.TestWorker.stop(TestWorker.java:132)
	at sun.reflect.NativeMethodAccessorImpl.invoke0(Native Method)
	at sun.reflect.NativeMethodAccessorImpl.invoke(NativeMethodAccessorImpl.java:62)
	at sun.reflect.DelegatingMethodAccessorImpl.invoke(DelegatingMethodAccessorImpl.java:43)
	at java.lang.reflect.Method.invoke(Method.java:498)
	at org.gradle.internal.dispatch.ReflectionDispatch.dispatch(ReflectionDispatch.java:35)
	at org.gradle.internal.dispatch.ReflectionDispatch.dispatch(ReflectionDispatch.java:24)
	at org.gradle.internal.remote.internal.hub.MessageHubBackedObjectConnection$DispatchWrapper.dispatch(MessageHubBackedObjectConnection.java:175)
	at org.gradle.internal.remote.internal.hub.MessageHubBackedObjectConnection$DispatchWrapper.dispatch(MessageHubBackedObjectConnection.java:157)
	at org.gradle.internal.remote.internal.hub.MessageHub$Handler.run(MessageHub.java:404)
	at org.gradle.internal.concurrent.ExecutorPolicy$CatchAndRecordFailures.onExecute(ExecutorPolicy.java:63)
	at org.gradle.internal.concurrent.ManagedExecutorImpl$1.run(ManagedExecutorImpl.java:46)
	at java.util.concurrent.ThreadPoolExecutor.runWorker(ThreadPoolExecutor.java:1149)
	at java.util.concurrent.ThreadPoolExecutor$Worker.run(ThreadPoolExecutor.java:624)
	at org.gradle.internal.concurrent.ThreadFactoryImpl$ManagedThreadRunnable.run(ThreadFactoryImpl.java:55)
	at java.lang.Thread.run(Thread.java:748)
</failure>
  </testcase>
  <testcase name="testInterleave5x9and8x11" classname="tetris.FullGameTests" time="0.005">
    <failure message="org.scalatest.exceptions.TestFailedException: didPass was false&#10; Hint: It should be possible to “run” multiple games simultaneously, i.e., it should not be a problem to have multiple instances of TetrisLogic which act independently. To test this, we perform “interleave tests”: we instantiate two TetrisLogic objects with different board sizes and alternate between performing a step on one and a step on the other. If all is correct, the two games should progress exactly as they would if they were the only snake games being run. If this is not true, then there is likely some global state through which one game influences the other.   Hence if you fail this test but you passed the other full game test, then you have some global state. Running two instances of TetrisLogic/and alternately doing steps between them results in some interference.   " type="org.scalatest.exceptions.TestFailedException">org.scalatest.exceptions.TestFailedException: didPass was false
 Hint: It should be possible to “run” multiple games simultaneously, i.e., it should not be a problem to have multiple instances of TetrisLogic which act independently. To test this, we perform “interleave tests”: we instantiate two TetrisLogic objects with different board sizes and alternate between performing a step on one and a step on the other. If all is correct, the two games should progress exactly as they would if they were the only snake games being run. If this is not true, then there is likely some global state through which one game influences the other.   Hence if you fail this test but you passed the other full game test, then you have some global state. Running two instances of TetrisLogic/and alternately doing steps between them results in some interference.   
	at org.scalatest.Assertions.newAssertionFailedException(Assertions.scala:530)
	at org.scalatest.Assertions.newAssertionFailedException$(Assertions.scala:529)
	at org.scalatest.FunSuite.newAssertionFailedException(FunSuite.scala:1560)
	at org.scalatest.Assertions$AssertionsHelper.macroAssert(Assertions.scala:503)
	at generic.GameTestSuite.checkInterleave(GameTestSuite.scala:303)
	at tetris.TetrisTestSuiteBase.checkInterleave(TetrisTestSuiteBase.scala:109)
	at tetris.FullGameTests.$anonfun$new$4(FullGameTests.scala:5752)
	at scala.runtime.java8.JFunction0$mcV$sp.apply(JFunction0$mcV$sp.scala:18)
	at infrastructure.TestBase.$anonfun$test$1(TestBase.scala:36)
	at org.scalatest.OutcomeOf.outcomeOf(OutcomeOf.scala:85)
	at org.scalatest.OutcomeOf.outcomeOf$(OutcomeOf.scala:83)
	at org.scalatest.OutcomeOf$.outcomeOf(OutcomeOf.scala:104)
	at org.scalatest.Transformer.apply(Transformer.scala:22)
	at org.scalatest.Transformer.apply(Transformer.scala:20)
	at org.scalatest.FunSuiteLike$$anon$1.apply(FunSuiteLike.scala:186)
	at org.scalatest.TestSuite.withFixture(TestSuite.scala:196)
	at org.scalatest.TestSuite.withFixture$(TestSuite.scala:195)
	at infrastructure.TestBase.org$scalatest$concurrent$TimeLimitedTests$$super$withFixture(TestBase.scala:9)
	at org.scalatest.concurrent.TimeLimitedTests.$anonfun$withFixture$3(TimeLimitedTests.scala:154)
	at org.scalatest.enablers.Timed$$anon$1.timeoutAfter(Timed.scala:127)
	at org.scalatest.concurrent.TimeLimits.failAfterImpl(TimeLimits.scala:239)
	at org.scalatest.concurrent.TimeLimits.failAfterImpl$(TimeLimits.scala:233)
	at org.scalatest.concurrent.TimeLimits$.failAfterImpl(TimeLimits.scala:305)
	at org.scalatest.concurrent.TimeLimitedTests.withFixture(TimeLimitedTests.scala:153)
	at org.scalatest.concurrent.TimeLimitedTests.withFixture$(TimeLimitedTests.scala:150)
	at infrastructure.TestBase.withFixture(TestBase.scala:9)
	at org.scalatest.FunSuiteLike.invokeWithFixture$1(FunSuiteLike.scala:184)
	at org.scalatest.FunSuiteLike.$anonfun$runTest$1(FunSuiteLike.scala:196)
	at org.scalatest.SuperEngine.runTestImpl(Engine.scala:286)
	at org.scalatest.FunSuiteLike.runTest(FunSuiteLike.scala:196)
	at org.scalatest.FunSuiteLike.runTest$(FunSuiteLike.scala:178)
	at org.scalatest.FunSuite.runTest(FunSuite.scala:1560)
	at org.scalatest.FunSuiteLike.$anonfun$runTests$1(FunSuiteLike.scala:229)
	at org.scalatest.SuperEngine.$anonfun$runTestsInBranch$1(Engine.scala:393)
	at scala.collection.immutable.List.foreach(List.scala:333)
	at org.scalatest.SuperEngine.traverseSubNodes$1(Engine.scala:381)
	at org.scalatest.SuperEngine.runTestsInBranch(Engine.scala:376)
	at org.scalatest.SuperEngine.runTestsImpl(Engine.scala:458)
	at org.scalatest.FunSuiteLike.runTests(FunSuiteLike.scala:229)
	at org.scalatest.FunSuiteLike.runTests$(FunSuiteLike.scala:228)
	at org.scalatest.FunSuite.runTests(FunSuite.scala:1560)
	at org.scalatest.Suite.run(Suite.scala:1124)
	at org.scalatest.Suite.run$(Suite.scala:1106)
	at org.scalatest.FunSuite.org$scalatest$FunSuiteLike$$super$run(FunSuite.scala:1560)
	at org.scalatest.FunSuiteLike.$anonfun$run$1(FunSuiteLike.scala:233)
	at org.scalatest.SuperEngine.runImpl(Engine.scala:518)
	at org.scalatest.FunSuiteLike.run(FunSuiteLike.scala:233)
	at org.scalatest.FunSuiteLike.run$(FunSuiteLike.scala:232)
	at infrastructure.TestBase.run(TestBase.scala:26)
	at org.scalatest.Suite.callExecuteOnSuite$1(Suite.scala:1187)
	at org.scalatest.Suite.$anonfun$runNestedSuites$1(Suite.scala:1234)
	at scala.collection.ArrayOps$.foreach$extension(ArrayOps.scala:1323)
	at org.scalatest.Suite.runNestedSuites(Suite.scala:1232)
	at org.scalatest.Suite.runNestedSuites$(Suite.scala:1166)
	at org.scalatest.Suites.runNestedSuites(Suites.scala:56)
	at org.scalatest.Suite.run(Suite.scala:1121)
	at org.scalatest.Suite.run$(Suite.scala:1106)
	at tetris.TetrisTestSuitesBase.runDirect(TetrisTestSuitesBase.scala:20)
	at tetris.TetrisTestSuitesBase.runWithScoreCounter(TetrisTestSuitesBase.scala:14)
	at tetris.TetrisTestSuite3.run(TetrisTestSuite3.scala:25)
	at org.scalatestplus.junit.JUnitRunner.run(JUnitRunner.scala:99)
	at org.junit.runner.JUnitCore.run(JUnitCore.java:137)
	at org.junit.runner.JUnitCore.run(JUnitCore.java:115)
	at org.junit.vintage.engine.execution.RunnerExecutor.execute(RunnerExecutor.java:43)
	at java.util.stream.ForEachOps$ForEachOp$OfRef.accept(ForEachOps.java:183)
	at java.util.stream.ReferencePipeline$3$1.accept(ReferencePipeline.java:193)
	at java.util.Iterator.forEachRemaining(Iterator.java:116)
	at java.util.Spliterators$IteratorSpliterator.forEachRemaining(Spliterators.java:1801)
	at java.util.stream.AbstractPipeline.copyInto(AbstractPipeline.java:482)
	at java.util.stream.AbstractPipeline.wrapAndCopyInto(AbstractPipeline.java:472)
	at java.util.stream.ForEachOps$ForEachOp.evaluateSequential(ForEachOps.java:150)
	at java.util.stream.ForEachOps$ForEachOp$OfRef.evaluateSequential(ForEachOps.java:173)
	at java.util.stream.AbstractPipeline.evaluate(AbstractPipeline.java:234)
	at java.util.stream.ReferencePipeline.forEach(ReferencePipeline.java:485)
	at org.junit.vintage.engine.VintageTestEngine.executeAllChildren(VintageTestEngine.java:82)
	at org.junit.vintage.engine.VintageTestEngine.execute(VintageTestEngine.java:73)
	at org.junit.platform.launcher.core.DefaultLauncher.execute(DefaultLauncher.java:220)
	at org.junit.platform.launcher.core.DefaultLauncher.lambda$execute$6(DefaultLauncher.java:188)
	at org.junit.platform.launcher.core.DefaultLauncher.withInterceptedStreams(DefaultLauncher.java:202)
	at org.junit.platform.launcher.core.DefaultLauncher.execute(DefaultLauncher.java:181)
	at org.junit.platform.launcher.core.DefaultLauncher.execute(DefaultLauncher.java:128)
	at org.gradle.api.internal.tasks.testing.junitplatform.JUnitPlatformTestClassProcessor$CollectAllTestClassesExecutor.processAllTestClasses(JUnitPlatformTestClassProcessor.java:102)
	at org.gradle.api.internal.tasks.testing.junitplatform.JUnitPlatformTestClassProcessor$CollectAllTestClassesExecutor.access$000(JUnitPlatformTestClassProcessor.java:82)
	at org.gradle.api.internal.tasks.testing.junitplatform.JUnitPlatformTestClassProcessor.stop(JUnitPlatformTestClassProcessor.java:78)
	at org.gradle.api.internal.tasks.testing.SuiteTestClassProcessor.stop(SuiteTestClassProcessor.java:61)
	at sun.reflect.NativeMethodAccessorImpl.invoke0(Native Method)
	at sun.reflect.NativeMethodAccessorImpl.invoke(NativeMethodAccessorImpl.java:62)
	at sun.reflect.DelegatingMethodAccessorImpl.invoke(DelegatingMethodAccessorImpl.java:43)
	at java.lang.reflect.Method.invoke(Method.java:498)
	at org.gradle.internal.dispatch.ReflectionDispatch.dispatch(ReflectionDispatch.java:35)
	at org.gradle.internal.dispatch.ReflectionDispatch.dispatch(ReflectionDispatch.java:24)
	at org.gradle.internal.dispatch.ContextClassLoaderDispatch.dispatch(ContextClassLoaderDispatch.java:32)
	at org.gradle.internal.dispatch.ProxyDispatchAdapter$DispatchingInvocationHandler.invoke(ProxyDispatchAdapter.java:93)
	at com.sun.proxy.$Proxy2.stop(Unknown Source)
	at org.gradle.api.internal.tasks.testing.worker.TestWorker.stop(TestWorker.java:132)
	at sun.reflect.NativeMethodAccessorImpl.invoke0(Native Method)
	at sun.reflect.NativeMethodAccessorImpl.invoke(NativeMethodAccessorImpl.java:62)
	at sun.reflect.DelegatingMethodAccessorImpl.invoke(DelegatingMethodAccessorImpl.java:43)
	at java.lang.reflect.Method.invoke(Method.java:498)
	at org.gradle.internal.dispatch.ReflectionDispatch.dispatch(ReflectionDispatch.java:35)
	at org.gradle.internal.dispatch.ReflectionDispatch.dispatch(ReflectionDispatch.java:24)
	at org.gradle.internal.remote.internal.hub.MessageHubBackedObjectConnection$DispatchWrapper.dispatch(MessageHubBackedObjectConnection.java:175)
	at org.gradle.internal.remote.internal.hub.MessageHubBackedObjectConnection$DispatchWrapper.dispatch(MessageHubBackedObjectConnection.java:157)
	at org.gradle.internal.remote.internal.hub.MessageHub$Handler.run(MessageHub.java:404)
	at org.gradle.internal.concurrent.ExecutorPolicy$CatchAndRecordFailures.onExecute(ExecutorPolicy.java:63)
	at org.gradle.internal.concurrent.ManagedExecutorImpl$1.run(ManagedExecutorImpl.java:46)
	at java.util.concurrent.ThreadPoolExecutor.runWorker(ThreadPoolExecutor.java:1149)
	at java.util.concurrent.ThreadPoolExecutor$Worker.run(ThreadPoolExecutor.java:624)
	at org.gradle.internal.concurrent.ThreadFactoryImpl$ManagedThreadRunnable.run(ThreadFactoryImpl.java:55)
	at java.lang.Thread.run(Thread.java:748)
</failure>
  </testcase>
  <testcase name="testInterleave8x11and6x10" classname="tetris.FullGameTests" time="0.001">
    <failure message="org.scalatest.exceptions.TestFailedException: didPass was false&#10; Hint: It should be possible to “run” multiple games simultaneously, i.e., it should not be a problem to have multiple instances of TetrisLogic which act independently. To test this, we perform “interleave tests”: we instantiate two TetrisLogic objects with different board sizes and alternate between performing a step on one and a step on the other. If all is correct, the two games should progress exactly as they would if they were the only snake games being run. If this is not true, then there is likely some global state through which one game influences the other.   Hence if you fail this test but you passed the other full game test, then you have some global state. Running two instances of TetrisLogic/and alternately doing steps between them results in some interference.   " type="org.scalatest.exceptions.TestFailedException">org.scalatest.exceptions.TestFailedException: didPass was false
 Hint: It should be possible to “run” multiple games simultaneously, i.e., it should not be a problem to have multiple instances of TetrisLogic which act independently. To test this, we perform “interleave tests”: we instantiate two TetrisLogic objects with different board sizes and alternate between performing a step on one and a step on the other. If all is correct, the two games should progress exactly as they would if they were the only snake games being run. If this is not true, then there is likely some global state through which one game influences the other.   Hence if you fail this test but you passed the other full game test, then you have some global state. Running two instances of TetrisLogic/and alternately doing steps between them results in some interference.   
	at org.scalatest.Assertions.newAssertionFailedException(Assertions.scala:530)
	at org.scalatest.Assertions.newAssertionFailedException$(Assertions.scala:529)
	at org.scalatest.FunSuite.newAssertionFailedException(FunSuite.scala:1560)
	at org.scalatest.Assertions$AssertionsHelper.macroAssert(Assertions.scala:503)
	at generic.GameTestSuite.checkInterleave(GameTestSuite.scala:303)
	at tetris.TetrisTestSuiteBase.checkInterleave(TetrisTestSuiteBase.scala:109)
	at tetris.FullGameTests.$anonfun$new$5(FullGameTests.scala:5757)
	at scala.runtime.java8.JFunction0$mcV$sp.apply(JFunction0$mcV$sp.scala:18)
	at infrastructure.TestBase.$anonfun$test$1(TestBase.scala:36)
	at org.scalatest.OutcomeOf.outcomeOf(OutcomeOf.scala:85)
	at org.scalatest.OutcomeOf.outcomeOf$(OutcomeOf.scala:83)
	at org.scalatest.OutcomeOf$.outcomeOf(OutcomeOf.scala:104)
	at org.scalatest.Transformer.apply(Transformer.scala:22)
	at org.scalatest.Transformer.apply(Transformer.scala:20)
	at org.scalatest.FunSuiteLike$$anon$1.apply(FunSuiteLike.scala:186)
	at org.scalatest.TestSuite.withFixture(TestSuite.scala:196)
	at org.scalatest.TestSuite.withFixture$(TestSuite.scala:195)
	at infrastructure.TestBase.org$scalatest$concurrent$TimeLimitedTests$$super$withFixture(TestBase.scala:9)
	at org.scalatest.concurrent.TimeLimitedTests.$anonfun$withFixture$3(TimeLimitedTests.scala:154)
	at org.scalatest.enablers.Timed$$anon$1.timeoutAfter(Timed.scala:127)
	at org.scalatest.concurrent.TimeLimits.failAfterImpl(TimeLimits.scala:239)
	at org.scalatest.concurrent.TimeLimits.failAfterImpl$(TimeLimits.scala:233)
	at org.scalatest.concurrent.TimeLimits$.failAfterImpl(TimeLimits.scala:305)
	at org.scalatest.concurrent.TimeLimitedTests.withFixture(TimeLimitedTests.scala:153)
	at org.scalatest.concurrent.TimeLimitedTests.withFixture$(TimeLimitedTests.scala:150)
	at infrastructure.TestBase.withFixture(TestBase.scala:9)
	at org.scalatest.FunSuiteLike.invokeWithFixture$1(FunSuiteLike.scala:184)
	at org.scalatest.FunSuiteLike.$anonfun$runTest$1(FunSuiteLike.scala:196)
	at org.scalatest.SuperEngine.runTestImpl(Engine.scala:286)
	at org.scalatest.FunSuiteLike.runTest(FunSuiteLike.scala:196)
	at org.scalatest.FunSuiteLike.runTest$(FunSuiteLike.scala:178)
	at org.scalatest.FunSuite.runTest(FunSuite.scala:1560)
	at org.scalatest.FunSuiteLike.$anonfun$runTests$1(FunSuiteLike.scala:229)
	at org.scalatest.SuperEngine.$anonfun$runTestsInBranch$1(Engine.scala:393)
	at scala.collection.immutable.List.foreach(List.scala:333)
	at org.scalatest.SuperEngine.traverseSubNodes$1(Engine.scala:381)
	at org.scalatest.SuperEngine.runTestsInBranch(Engine.scala:376)
	at org.scalatest.SuperEngine.runTestsImpl(Engine.scala:458)
	at org.scalatest.FunSuiteLike.runTests(FunSuiteLike.scala:229)
	at org.scalatest.FunSuiteLike.runTests$(FunSuiteLike.scala:228)
	at org.scalatest.FunSuite.runTests(FunSuite.scala:1560)
	at org.scalatest.Suite.run(Suite.scala:1124)
	at org.scalatest.Suite.run$(Suite.scala:1106)
	at org.scalatest.FunSuite.org$scalatest$FunSuiteLike$$super$run(FunSuite.scala:1560)
	at org.scalatest.FunSuiteLike.$anonfun$run$1(FunSuiteLike.scala:233)
	at org.scalatest.SuperEngine.runImpl(Engine.scala:518)
	at org.scalatest.FunSuiteLike.run(FunSuiteLike.scala:233)
	at org.scalatest.FunSuiteLike.run$(FunSuiteLike.scala:232)
	at infrastructure.TestBase.run(TestBase.scala:26)
	at org.scalatest.Suite.callExecuteOnSuite$1(Suite.scala:1187)
	at org.scalatest.Suite.$anonfun$runNestedSuites$1(Suite.scala:1234)
	at scala.collection.ArrayOps$.foreach$extension(ArrayOps.scala:1323)
	at org.scalatest.Suite.runNestedSuites(Suite.scala:1232)
	at org.scalatest.Suite.runNestedSuites$(Suite.scala:1166)
	at org.scalatest.Suites.runNestedSuites(Suites.scala:56)
	at org.scalatest.Suite.run(Suite.scala:1121)
	at org.scalatest.Suite.run$(Suite.scala:1106)
	at tetris.TetrisTestSuitesBase.runDirect(TetrisTestSuitesBase.scala:20)
	at tetris.TetrisTestSuitesBase.runWithScoreCounter(TetrisTestSuitesBase.scala:14)
	at tetris.TetrisTestSuite3.run(TetrisTestSuite3.scala:25)
	at org.scalatestplus.junit.JUnitRunner.run(JUnitRunner.scala:99)
	at org.junit.runner.JUnitCore.run(JUnitCore.java:137)
	at org.junit.runner.JUnitCore.run(JUnitCore.java:115)
	at org.junit.vintage.engine.execution.RunnerExecutor.execute(RunnerExecutor.java:43)
	at java.util.stream.ForEachOps$ForEachOp$OfRef.accept(ForEachOps.java:183)
	at java.util.stream.ReferencePipeline$3$1.accept(ReferencePipeline.java:193)
	at java.util.Iterator.forEachRemaining(Iterator.java:116)
	at java.util.Spliterators$IteratorSpliterator.forEachRemaining(Spliterators.java:1801)
	at java.util.stream.AbstractPipeline.copyInto(AbstractPipeline.java:482)
	at java.util.stream.AbstractPipeline.wrapAndCopyInto(AbstractPipeline.java:472)
	at java.util.stream.ForEachOps$ForEachOp.evaluateSequential(ForEachOps.java:150)
	at java.util.stream.ForEachOps$ForEachOp$OfRef.evaluateSequential(ForEachOps.java:173)
	at java.util.stream.AbstractPipeline.evaluate(AbstractPipeline.java:234)
	at java.util.stream.ReferencePipeline.forEach(ReferencePipeline.java:485)
	at org.junit.vintage.engine.VintageTestEngine.executeAllChildren(VintageTestEngine.java:82)
	at org.junit.vintage.engine.VintageTestEngine.execute(VintageTestEngine.java:73)
	at org.junit.platform.launcher.core.DefaultLauncher.execute(DefaultLauncher.java:220)
	at org.junit.platform.launcher.core.DefaultLauncher.lambda$execute$6(DefaultLauncher.java:188)
	at org.junit.platform.launcher.core.DefaultLauncher.withInterceptedStreams(DefaultLauncher.java:202)
	at org.junit.platform.launcher.core.DefaultLauncher.execute(DefaultLauncher.java:181)
	at org.junit.platform.launcher.core.DefaultLauncher.execute(DefaultLauncher.java:128)
	at org.gradle.api.internal.tasks.testing.junitplatform.JUnitPlatformTestClassProcessor$CollectAllTestClassesExecutor.processAllTestClasses(JUnitPlatformTestClassProcessor.java:102)
	at org.gradle.api.internal.tasks.testing.junitplatform.JUnitPlatformTestClassProcessor$CollectAllTestClassesExecutor.access$000(JUnitPlatformTestClassProcessor.java:82)
	at org.gradle.api.internal.tasks.testing.junitplatform.JUnitPlatformTestClassProcessor.stop(JUnitPlatformTestClassProcessor.java:78)
	at org.gradle.api.internal.tasks.testing.SuiteTestClassProcessor.stop(SuiteTestClassProcessor.java:61)
	at sun.reflect.NativeMethodAccessorImpl.invoke0(Native Method)
	at sun.reflect.NativeMethodAccessorImpl.invoke(NativeMethodAccessorImpl.java:62)
	at sun.reflect.DelegatingMethodAccessorImpl.invoke(DelegatingMethodAccessorImpl.java:43)
	at java.lang.reflect.Method.invoke(Method.java:498)
	at org.gradle.internal.dispatch.ReflectionDispatch.dispatch(ReflectionDispatch.java:35)
	at org.gradle.internal.dispatch.ReflectionDispatch.dispatch(ReflectionDispatch.java:24)
	at org.gradle.internal.dispatch.ContextClassLoaderDispatch.dispatch(ContextClassLoaderDispatch.java:32)
	at org.gradle.internal.dispatch.ProxyDispatchAdapter$DispatchingInvocationHandler.invoke(ProxyDispatchAdapter.java:93)
	at com.sun.proxy.$Proxy2.stop(Unknown Source)
	at org.gradle.api.internal.tasks.testing.worker.TestWorker.stop(TestWorker.java:132)
	at sun.reflect.NativeMethodAccessorImpl.invoke0(Native Method)
	at sun.reflect.NativeMethodAccessorImpl.invoke(NativeMethodAccessorImpl.java:62)
	at sun.reflect.DelegatingMethodAccessorImpl.invoke(DelegatingMethodAccessorImpl.java:43)
	at java.lang.reflect.Method.invoke(Method.java:498)
	at org.gradle.internal.dispatch.ReflectionDispatch.dispatch(ReflectionDispatch.java:35)
	at org.gradle.internal.dispatch.ReflectionDispatch.dispatch(ReflectionDispatch.java:24)
	at org.gradle.internal.remote.internal.hub.MessageHubBackedObjectConnection$DispatchWrapper.dispatch(MessageHubBackedObjectConnection.java:175)
	at org.gradle.internal.remote.internal.hub.MessageHubBackedObjectConnection$DispatchWrapper.dispatch(MessageHubBackedObjectConnection.java:157)
	at org.gradle.internal.remote.internal.hub.MessageHub$Handler.run(MessageHub.java:404)
	at org.gradle.internal.concurrent.ExecutorPolicy$CatchAndRecordFailures.onExecute(ExecutorPolicy.java:63)
	at org.gradle.internal.concurrent.ManagedExecutorImpl$1.run(ManagedExecutorImpl.java:46)
	at java.util.concurrent.ThreadPoolExecutor.runWorker(ThreadPoolExecutor.java:1149)
	at java.util.concurrent.ThreadPoolExecutor$Worker.run(ThreadPoolExecutor.java:624)
	at org.gradle.internal.concurrent.ThreadFactoryImpl$ManagedThreadRunnable.run(ThreadFactoryImpl.java:55)
	at java.lang.Thread.run(Thread.java:748)
</failure>
  </testcase>
  <system-out><![CDATA[initialBoard: List(List(Empty, Empty, Empty, Empty, Empty), List(Empty, Empty, Empty, Empty, Empty), List(Empty, Empty, Empty, Empty, Empty), List(Empty, Empty, Empty, Empty, Empty), List(Empty, Empty, Empty, Empty, Empty), List(Empty, Empty, Empty, Empty, Empty), List(Empty, Empty, Empty, Empty, Empty), List(Empty, Empty, Empty, Empty, Empty), List(Empty, Empty, Empty, Empty, Empty))
initialBoard: List(List(Empty, Empty, Empty, Empty, Empty, Empty, Empty, Empty), List(Empty, Empty, Empty, Empty, Empty, Empty, Empty, Empty), List(Empty, Empty, Empty, Empty, Empty, Empty, Empty, Empty), List(Empty, Empty, Empty, Empty, Empty, Empty, Empty, Empty), List(Empty, Empty, Empty, Empty, Empty, Empty, Empty, Empty), List(Empty, Empty, Empty, Empty, Empty, Empty, Empty, Empty), List(Empty, Empty, Empty, Empty, Empty, Empty, Empty, Empty), List(Empty, Empty, Empty, Empty, Empty, Empty, Empty, Empty), List(Empty, Empty, Empty, Empty, Empty, Empty, Empty, Empty), List(Empty, Empty, Empty, Empty, Empty, Empty, Empty, Empty), List(Empty, Empty, Empty, Empty, Empty, Empty, Empty, Empty))
initialBoard: List(List(Empty, Empty, Empty, Empty, Empty, Empty), List(Empty, Empty, Empty, Empty, Empty, Empty), List(Empty, Empty, Empty, Empty, Empty, Empty), List(Empty, Empty, Empty, Empty, Empty, Empty), List(Empty, Empty, Empty, Empty, Empty, Empty), List(Empty, Empty, Empty, Empty, Empty, Empty), List(Empty, Empty, Empty, Empty, Empty, Empty), List(Empty, Empty, Empty, Empty, Empty, Empty), List(Empty, Empty, Empty, Empty, Empty, Empty), List(Empty, Empty, Empty, Empty, Empty, Empty))
initialBoard: List(List(Empty, Empty, Empty, Empty, Empty), List(Empty, Empty, Empty, Empty, Empty), List(Empty, Empty, Empty, Empty, Empty), List(Empty, Empty, Empty, Empty, Empty), List(Empty, Empty, Empty, Empty, Empty), List(Empty, Empty, Empty, Empty, Empty), List(Empty, Empty, Empty, Empty, Empty), List(Empty, Empty, Empty, Empty, Empty), List(Empty, Empty, Empty, Empty, Empty))
initialBoard: List(List(Empty, Empty, Empty, Empty, Empty, Empty, Empty, Empty), List(Empty, Empty, Empty, Empty, Empty, Empty, Empty, Empty), List(Empty, Empty, Empty, Empty, Empty, Empty, Empty, Empty), List(Empty, Empty, Empty, Empty, Empty, Empty, Empty, Empty), List(Empty, Empty, Empty, Empty, Empty, Empty, Empty, Empty), List(Empty, Empty, Empty, Empty, Empty, Empty, Empty, Empty), List(Empty, Empty, Empty, Empty, Empty, Empty, Empty, Empty), List(Empty, Empty, Empty, Empty, Empty, Empty, Empty, Empty), List(Empty, Empty, Empty, Empty, Empty, Empty, Empty, Empty), List(Empty, Empty, Empty, Empty, Empty, Empty, Empty, Empty), List(Empty, Empty, Empty, Empty, Empty, Empty, Empty, Empty))
initialBoard: List(List(Empty, Empty, Empty, Empty, Empty, Empty, Empty, Empty), List(Empty, Empty, Empty, Empty, Empty, Empty, Empty, Empty), List(Empty, Empty, Empty, Empty, Empty, Empty, Empty, Empty), List(Empty, Empty, Empty, Empty, Empty, Empty, Empty, Empty), List(Empty, Empty, Empty, Empty, Empty, Empty, Empty, Empty), List(Empty, Empty, Empty, Empty, Empty, Empty, Empty, Empty), List(Empty, Empty, Empty, Empty, Empty, Empty, Empty, Empty), List(Empty, Empty, Empty, Empty, Empty, Empty, Empty, Empty), List(Empty, Empty, Empty, Empty, Empty, Empty, Empty, Empty), List(Empty, Empty, Empty, Empty, Empty, Empty, Empty, Empty), List(Empty, Empty, Empty, Empty, Empty, Empty, Empty, Empty))
initialBoard: List(List(Empty, Empty, Empty, Empty, Empty, Empty), List(Empty, Empty, Empty, Empty, Empty, Empty), List(Empty, Empty, Empty, Empty, Empty, Empty), List(Empty, Empty, Empty, Empty, Empty, Empty), List(Empty, Empty, Empty, Empty, Empty, Empty), List(Empty, Empty, Empty, Empty, Empty, Empty), List(Empty, Empty, Empty, Empty, Empty, Empty), List(Empty, Empty, Empty, Empty, Empty, Empty), List(Empty, Empty, Empty, Empty, Empty, Empty), List(Empty, Empty, Empty, Empty, Empty, Empty))
You got 11/44 points!
Your base grade for the tetris exercise will be : 1.38
]]></system-out>
  <system-err><![CDATA[]]></system-err>
</testsuite>
