<?xml version="1.0" encoding="UTF-8"?>
<testsuite name="tetris.PlacementTests" tests="9" skipped="0" failures="0" errors="0" timestamp="2021-10-03T21:57:41" hostname="davemeister" time="0.099">
  <properties/>
  <testcase name="testPlacementI" classname="tetris.PlacementTests" time="0.083"/>
  <testcase name="testPlacementIEven" classname="tetris.PlacementTests" time="0.002"/>
  <testcase name="testPlacementJ" classname="tetris.PlacementTests" time="0.001"/>
  <testcase name="testPlacementL" classname="tetris.PlacementTests" time="0.001"/>
  <testcase name="testPlacementO" classname="tetris.PlacementTests" time="0.002"/>
  <testcase name="testPlacementOEven" classname="tetris.PlacementTests" time="0.001"/>
  <testcase name="testPlacementS" classname="tetris.PlacementTests" time="0.001"/>
  <testcase name="testPlacementT" classname="tetris.PlacementTests" time="0.002"/>
  <testcase name="testPlacementZ" classname="tetris.PlacementTests" time="0.001"/>
  <system-out><![CDATA[]]></system-out>
  <system-err><![CDATA[]]></system-err>
</testsuite>
