<?xml version="1.0" encoding="UTF-8"?>
<testsuite name="tetris.MovementTests" tests="2" skipped="0" failures="0" errors="0" timestamp="2021-10-03T21:57:41" hostname="davemeister" time="0.012">
  <properties/>
  <testcase name="testMovement" classname="tetris.MovementTests" time="0.006"/>
  <testcase name="testMovement2" classname="tetris.MovementTests" time="0.005"/>
  <system-out><![CDATA[]]></system-out>
  <system-err><![CDATA[]]></system-err>
</testsuite>
