<?xml version="1.0" encoding="UTF-8"?>
<testsuite name="tetris.SpawnTests" tests="2" skipped="0" failures="0" errors="0" timestamp="2021-10-03T21:57:41" hostname="davemeister" time="0.004">
  <properties/>
  <testcase name="testSpawn" classname="tetris.SpawnTests" time="0.001"/>
  <testcase name="testSpawn2" classname="tetris.SpawnTests" time="0.002"/>
  <system-out><![CDATA[]]></system-out>
  <system-err><![CDATA[]]></system-err>
</testsuite>
