<?xml version="1.0" encoding="UTF-8"?>
<testsuite name="tetris.BlockedTests" tests="6" skipped="0" failures="0" errors="0" timestamp="2021-10-03T21:57:41" hostname="davemeister" time="0.011">
  <properties/>
  <testcase name="testMoveOutLeft" classname="tetris.BlockedTests" time="0.002"/>
  <testcase name="testMoveOutRight" classname="tetris.BlockedTests" time="0.002"/>
  <testcase name="testBlockedByBlocksLeft" classname="tetris.BlockedTests" time="0.001"/>
  <testcase name="testBlockedByBlocksRight" classname="tetris.BlockedTests" time="0.001"/>
  <testcase name="testBlockedByBlocksRotateLeft" classname="tetris.BlockedTests" time="0.001"/>
  <testcase name="testBlockedByBlocksRotateRight" classname="tetris.BlockedTests" time="0.001"/>
  <system-out><![CDATA[]]></system-out>
  <system-err><![CDATA[]]></system-err>
</testsuite>
