<?xml version="1.0" encoding="UTF-8"?>
<testsuite name="tetris.DropTests" tests="1" skipped="0" failures="0" errors="0" timestamp="2021-10-03T21:57:41" hostname="davemeister" time="0.011">
  <properties/>
  <testcase name="testDrop" classname="tetris.DropTests" time="0.011"/>
  <system-out><![CDATA[]]></system-out>
  <system-err><![CDATA[]]></system-err>
</testsuite>
